#
# A fatal error has been detected by the Java Runtime Environment:
#
#  SIGBUS (0xa) at pc=0x000000010a83d4f0, pid=11179, tid=28427
#
# JRE version: Java(TM) SE Runtime Environment (17.0.3.1+2) (build 17.0.3.1+2-LTS-6)
# Java VM: Java HotSpot(TM) 64-Bit Server VM (17.0.3.1+2-LTS-6, mixed mode, sharing, tiered, compressed oops, compressed class ptrs, g1 gc, bsd-aarch64)
# Problematic frame:
# v  ~StubRoutines::SafeFetchN
#
# No core dump will be written. Core dumps have been disabled. To enable core dumping, try "ulimit -c unlimited" before starting Java again
#
# If you would like to submit a bug report, please visit:
#   https://bugreport.java.com/bugreport/crash.jsp
# The crash happened outside the Java Virtual Machine in native code.
# See problematic frame for where to report the bug.
#

---------------  S U M M A R Y ------------

Command Line: -javaagent:/Applications/IntelliJ IDEA CE.app/Contents/lib/idea_rt.jar=59197:/Applications/IntelliJ IDEA CE.app/Contents/bin -Dfile.encoding=UTF-8 --module-path=/Users/napakamolpintaprom/.m2/repository/org/openjfx/javafx-controls/17.0.1/javafx-controls-17.0.1-mac-aarch64.jar:/Users/napakamolpintaprom/.m2/repository/org/openjfx/javafx-graphics/17.0.1/javafx-graphics-17.0.1-mac-aarch64.jar:/Users/napakamolpintaprom/.m2/repository/org/openjfx/javafx-base/17.0.1/javafx-base-17.0.1-mac-aarch64.jar:/Users/napakamolpintaprom/Desktop/tangmo/project211-dingtwo/target/classes:/Users/napakamolpintaprom/.m2/repository/org/openjfx/javafx-fxml/17.0.1/javafx-fxml-17.0.1-mac-aarch64.jar -Djdk.module.main=cs.ku cs.ku/ku.cs.ProjectApplication

Host: "MacBookAir10,1" arm64 1 MHz, 8 cores, 8G, Darwin 21.6.0, macOS 12.6 (21G115)
Time: Sat Oct 15 01:25:10 2022 +07 elapsed time: 5.052261 seconds (0d 0h 0m 5s)

---------------  T H R E A D  ---------------

Current thread (0x0000000140976c00):  JavaThread "InvokeLaterDispatcher" daemon [_thread_in_native, id=28427, stack(0x0000000171920000,0x0000000171b23000)]

Stack: [0x0000000171920000,0x0000000171b23000],  sp=0x0000000171b227b0,  free space=2057k
Native frames: (J=compiled Java code, j=interpreted, Vv=VM code, C=native code)
v  ~StubRoutines::SafeFetchN
V  [libjvm.dylib+0x7a3f04]  _ZN10OopStorage7releaseEPKP7oopDesc+0x20
V  [libjvm.dylib+0x4b93a0]  jni_DeleteGlobalRef+0xc4
C  [libglass.dylib+0xab08]  -[GlassRunnable dealloc]+0x34
C  [Foundation+0x852b8]  -[_NSThreadPerformInfo dealloc]+0x30
C  [Foundation+0x51824]  -[NSObject(NSThreadPerformAdditions) performSelectorOnMainThread:withObject:waitUntilDone:]+0x88
C  0x4f1700010a8458ac
j  com.sun.glass.ui.mac.MacApplication.submitForLaterInvocation(Ljava/lang/Runnable;)V+2 javafx.graphics
j  com.sun.glass.ui.InvokeLaterDispatcher.run()V+82 javafx.graphics
v  ~StubRoutines::call_stub
V  [libjvm.dylib+0x4609f8]  _ZN9JavaCalls11call_helperEP9JavaValueRK12methodHandleP17JavaCallArgumentsP10JavaThread+0x38c
V  [libjvm.dylib+0x45fa14]  _ZN9JavaCalls12call_virtualEP9JavaValueP5KlassP6SymbolS5_P17JavaCallArgumentsP10JavaThread+0x11c
V  [libjvm.dylib+0x45fae0]  _ZN9JavaCalls12call_virtualEP9JavaValue6HandleP5KlassP6SymbolS6_P10JavaThread+0x64
V  [libjvm.dylib+0x513360]  _ZL12thread_entryP10JavaThreadS0_+0xc4
V  [libjvm.dylib+0x904598]  _ZN10JavaThread17thread_main_innerEv+0x134
V  [libjvm.dylib+0x902ec0]  _ZN6Thread8call_runEv+0x128
V  [libjvm.dylib+0x7aaac4]  _ZL19thread_native_entryP6Thread+0x158
C  [libsystem_pthread.dylib+0x726c]  _pthread_start+0x94

Java frames: (J=compiled Java code, j=interpreted, Vv=VM code)
j  com.sun.glass.ui.mac.MacApplication._submitForLaterInvocation(Ljava/lang/Runnable;)V+0 javafx.graphics
j  com.sun.glass.ui.mac.MacApplication.submitForLaterInvocation(Ljava/lang/Runnable;)V+2 javafx.graphics
j  com.sun.glass.ui.InvokeLaterDispatcher.run()V+82 javafx.graphics
v  ~StubRoutines::call_stub

siginfo: si_signo: 10 (SIGBUS), si_code: 1 (BUS_ADRALN), si_addr: 0x000000010a83d4f0

Register to memory mapping:

 x0=0x0000000128808188 is a global jni handle
 x1=0x0 is NULL
 x2=0x0000000785ef87e8 is an oop: com.sun.glass.ui.InvokeLaterDispatcher$Future 
{0x0000000785ef87e8} - klass: 'com/sun/glass/ui/InvokeLaterDispatcher$Future'
 - ---- fields (total size 3 words):
 - private 'done' 'Z' @12  true
 - private final 'runnable' 'Ljava/lang/Runnable;' @16  a 'com/sun/javafx/application/PlatformImpl$$Lambda$92+0x0000000800c81d88'{0x0000000785c2d560} (f0b85aac)
 - final synthetic 'this$0' 'Lcom/sun/glass/ui/InvokeLaterDispatcher;' @20  a 'com/sun/glass/ui/InvokeLaterDispatcher'{0x0000000786815708} (f0d02ae1)
 x3=0x0 is NULL
 x4=0x00000000000130a8 is an unknown value
 x5=0x0 is NULL
 x6=0x0 is NULL
 x7=0x0 is NULL
 x8=0x000000010a83d4ec is at begin+0 in a stub
StubRoutines::SafeFetchN [0x000000010a83d4ec, 0x000000010a83d4f8] (12 bytes)
 x9=0x0 is NULL
x10=0x2010000030300000 is an unknown value
x11=0x0000000000000007 is an unknown value
x12=0x0000000000000005 is an unknown value
x13=0x00006000006b99c0 points into unknown readable memory: 0x900600011fce69e8 | e8 69 ce 1f 01 00 06 90
x14=0x00000c0000000000 is an unknown value
x15=0x000000011fd21f98: OBJC_CLASS_$_GlassRunnable+0 in /Users/napakamolpintaprom/.openjfx/cache/17.0.1/libglass.dylib at 0x000000011fcdc000
x16=0x00000001ad78f0fc: pthread_getspecific+0 in /usr/lib/system/libsystem_pthread.dylib at 0x00000001ad78d000
x17=0x00006000003b2ae0 points into unknown readable memory: 0xfffffffffffffffe | fe ff ff ff ff ff ff ff
x18=0x0 is NULL
x19=0x00006000003b8230 points into unknown readable memory: 0x0000600002ab8280 | 80 82 ab 02 00 60 00 00
x20=0x0000000128807f80 points into unknown readable memory: 0x0000000102b813a9 | a9 13 b8 02 01 00 00 00
x21=0x0000000128808188 is a global jni handle
x22=0x0000000140976c00 is a thread
x23=0x0000000000000001 is an unknown value
x24=0x0000000128808140 is a global jni handle
x25=0x0000000102cf1628: _ZN12StubRoutines17_safefetchN_entryE+0 in /Library/Java/JavaVirtualMachines/jdk-17.0.3.1.jdk/Contents/Home/lib/server/libjvm.dylib at 0x0000000102158000
x26=0x0000000129d188a8 is pointing into metadata
x27=0x0 is NULL
x28=0x0000000140976c00 is a thread


Registers:
 x0=0x0000000128808188  x1=0x0000000000000000  x2=0x0000000785ef87e8  x3=0x0000000000000000
 x4=0x00000000000130a8  x5=0x0000000000000000  x6=0x0000000000000000  x7=0x0000000000000000
 x8=0x000000010a83d4ec  x9=0x0000000000000000 x10=0x2010000030300000 x11=0x0000000000000007
x12=0x0000000000000005 x13=0x00006000006b99c0 x14=0x00000c0000000000 x15=0x000000011fd21f98
x16=0x00000001ad78f0fc x17=0x00006000003b2ae0 x18=0x0000000000000000 x19=0x00006000003b8230
x20=0x0000000128807f80 x21=0x0000000128808188 x22=0x0000000140976c00 x23=0x0000000000000001
x24=0x0000000128808140 x25=0x0000000102cf1628 x26=0x0000000129d188a8 x27=0x0000000000000000
x28=0x0000000140976c00  fp=0x0000000171b227f0  lr=0x00000001028facd4  sp=0x0000000171b227b0
pc=0x000000010a83d4f0 cpsr=0x0000000060001000
Top of Stack: (sp=0x0000000171b227b0)
0x0000000171b227b0:   0000000129d188a8 0000000000000001
0x0000000171b227c0:   0000000171b229a8 0000600002ad42d0
0x0000000171b227d0:   0000000000000000 0000000128808170
0x0000000171b227e0:   0000000128808170 00006000003b8230
0x0000000171b227f0:   0000000171b22830 00000001028fbf04
0x0000000171b22800:   0000000000000001 0000000128808170
0x0000000171b22810:   0000000000000000 0000000128808170
0x0000000171b22820:   0000000000000001 000000014018a000
0x0000000171b22830:   0000000171b22860 00000001026113a0
0x0000000171b22840:   0000600002ad4320 00000001f7ad1909
0x0000000171b22850:   0000000000000000 0000600002ad4320
0x0000000171b22860:   0000000171b22890 000000011fce6b08
0x0000000171b22870:   47e4623ba7710060 0000000000000000
0x0000000171b22880:   0000000000000000 0000600003dcac80
0x0000000171b22890:   0000000171b228d0 00000001ae7652b8
0x0000000171b228a0:   0000000171b229a8 0000600002ad42d0
0x0000000171b228b0:   0000600002ad4320 47e4623ba7710060
0x0000000171b228c0:   0000000000000000 0000000000000000
0x0000000171b228d0:   0000000171b22910 ea5b8001ae731824
0x0000000171b228e0:   0000000171b229a8 000000010a8447c0
0x0000000171b228f0:   0000000000000000 0000000102cf8fe8
0x0000000171b22900:   0000000171b22920 000000010a843730
0x0000000171b22910:   0000000171b22980 4f1700010a8458ac
0x0000000171b22920:   0000000000000000 0000000780004b00
0x0000000171b22930:   0000000171b22930 0000000000000000
0x0000000171b22940:   0000000171b229a8 0000000129d188a8
0x0000000171b22950:   00000007866716c0 0000000000000000
0x0000000171b22960:   0000000000000000 0000000129cf7d98
0x0000000171b22970:   0000000000000000 0000000171b22980
0x0000000171b22980:   0000000171b22a00 000000010a841fc8
0x0000000171b22990:   0000000000000000 0000000000000000
0x0000000171b229a0:   0000000785ef87e8 0000000786671738 

Instructions: (pc=0x000000010a83d4f0)
0x000000010a83d3f0:   f2a05969 f2c00029 6d425935 1e640886
0x000000010a83d400:   0c402d31 1e6408c7 1f5654d0 1e6c1017
0x000000010a83d410:   1f5050d0 1f504cd0 1f5048d0 1e650af6
0x000000010a83d420:   1f50d8f6 1f5694d6 1f5158f6 1e762880
0x000000010a83d430:   36000501 1e614000 14000026 2e251ca5
0x000000010a83d440:   d29c3009 f2a05969 f2c00029 6d425d36
0x000000010a83d450:   1e600806 0c402d32 1f5758c7 1e6c101a
0x000000010a83d460:   1f4754c7 1e650805 1f4750c7 d2866668
0x000000010a83d470:   f2a7fa68 1f474cc7 1e6608c0 1f4748c7
0x000000010a83d480:   1e6e1019 eb08007f 540000ac 1f479400
0x000000010a83d490:   1f460340 1e603b20 1400000e d2a7fd29
0x000000010a83d4a0:   eb09007f 540000ac 51480069 d3607d29
0x000000010a83d4b0:   9e670121 14000002 1e6a5001 1f679417
0x000000010a83d4c0:   1f668742 1e613b23 1e773857 1e773860
0x000000010a83d4d0:   a8c17ff3 910003bf a8c17bfd d65f03c0
0x000000010a83d4e0:   b9400001 aa0103e0 d65f03c0 f9400001
0x000000010a83d4f0:   aa0103e0 d65f03c0 00000000 00000000
0x000000010a83d500:   00000000 00000000 00000000 00000000
0x000000010a83d510:   00000000 00000000 00000000 00000000
0x000000010a83d520:   00000000 00000000 00000000 00000000
0x000000010a83d530:   00000000 00000000 00000000 00000000
0x000000010a83d540:   00000000 00000000 00000000 00000000
0x000000010a83d550:   00000000 00000000 00000000 00000000
0x000000010a83d560:   00000000 00000000 00000000 00000000
0x000000010a83d570:   00000000 00000000 00000000 00000000
0x000000010a83d580:   00000000 00000000 00000000 00000000
0x000000010a83d590:   00000000 00000000 00000000 00000000
0x000000010a83d5a0:   00000000 00000000 00000000 00000000
0x000000010a83d5b0:   00000000 00000000 00000000 00000000
0x000000010a83d5c0:   00000000 00000000 00000000 00000000
0x000000010a83d5d0:   00000000 00000000 00000000 00000000
0x000000010a83d5e0:   00000000 00000000 00000000 00000000 


Stack slot to memory mapping:
stack at sp + 0 slots: 0x0000000129d188a8 is pointing into metadata
stack at sp + 1 slots: 0x0000000000000001 is an unknown value
stack at sp + 2 slots: 0x0000000171b229a8 is pointing into the stack for thread: 0x0000000140976c00
stack at sp + 3 slots: 0x0000600002ad42d0 points into unknown readable memory: 0x01000002061f2031 | 31 20 1f 06 02 00 00 01
stack at sp + 4 slots: 0x0 is NULL
stack at sp + 5 slots: 0x0000000128808170 is a global jni handle
stack at sp + 6 slots: 0x0000000128808170 is a global jni handle
stack at sp + 7 slots: 0x00006000003b8230 points into unknown readable memory: 0x0000600002ab8280 | 80 82 ab 02 00 60 00 00

StubRoutines::SafeFetchN [0x000000010a83d4ec, 0x000000010a83d4f8] (12 bytes)
[MachCode]
  0x000000010a83d4ec: 0100 40f9 | e003 01aa | c003 5fd6 
[/MachCode]

---------------  P R O C E S S  ---------------

Threads class SMR info:
_java_thread_list=0x000060000286c1c0, length=20, elements={
0x0000000128008a00, 0x000000012907a200, 0x000000012907ca00, 0x000000012803b000,
0x000000012907d000, 0x0000000140020200, 0x0000000140020800, 0x000000012803d800,
0x0000000128045e00, 0x000000012907d600, 0x000000014081e400, 0x0000000140813200,
0x000000014001d200, 0x0000000140976c00, 0x000000014018a000, 0x00000001281c2a00,
0x00000001281c3600, 0x0000000129155000, 0x00000001409d9a00, 0x000000014022b400
}

Java Threads: ( => current thread )
  0x0000000128008a00 JavaThread "main" [_thread_blocked, id=10243, stack(0x000000016ef18000,0x000000016f11b000)]
  0x000000012907a200 JavaThread "Reference Handler" daemon [_thread_blocked, id=16131, stack(0x000000016fd6c000,0x000000016ff6f000)]
  0x000000012907ca00 JavaThread "Finalizer" daemon [_thread_blocked, id=15107, stack(0x000000016ff78000,0x000000017017b000)]
  0x000000012803b000 JavaThread "Signal Dispatcher" daemon [_thread_blocked, id=22787, stack(0x000000017029c000,0x000000017049f000)]
  0x000000012907d000 JavaThread "Service Thread" daemon [_thread_blocked, id=42243, stack(0x00000001704a8000,0x00000001706ab000)]
  0x0000000140020200 JavaThread "Monitor Deflation Thread" daemon [_thread_blocked, id=41987, stack(0x00000001706b4000,0x00000001708b7000)]
  0x0000000140020800 JavaThread "C2 CompilerThread0" daemon [_thread_blocked, id=23555, stack(0x00000001708c0000,0x0000000170ac3000)]
  0x000000012803d800 JavaThread "C1 CompilerThread0" daemon [_thread_blocked, id=41475, stack(0x0000000170acc000,0x0000000170ccf000)]
  0x0000000128045e00 JavaThread "Sweeper thread" daemon [_thread_blocked, id=41219, stack(0x0000000170cd8000,0x0000000170edb000)]
  0x000000012907d600 JavaThread "Common-Cleaner" daemon [_thread_blocked, id=40707, stack(0x0000000170ee4000,0x00000001710e7000)]
  0x000000014081e400 JavaThread "Monitor Ctrl-Break" daemon [_thread_in_native, id=24323, stack(0x00000001710f0000,0x00000001712f3000)]
  0x0000000140813200 JavaThread "Notification Thread" daemon [_thread_blocked, id=39939, stack(0x00000001712fc000,0x00000001714ff000)]
  0x000000014001d200 JavaThread "QuantumRenderer-0" daemon [_thread_blocked, id=39683, stack(0x0000000171714000,0x0000000171917000)]
=>0x0000000140976c00 JavaThread "InvokeLaterDispatcher" daemon [_thread_in_native, id=28427, stack(0x0000000171920000,0x0000000171b23000)]
  0x000000014018a000 JavaThread "JavaFX Application Thread" [_thread_in_native, id=259, stack(0x000000016e690000,0x000000016ee8c000)]
  0x00000001281c2a00 JavaThread "JavaFX-Launcher" [_thread_blocked, id=78599, stack(0x0000000171dc4000,0x0000000171fc7000)]
  0x00000001281c3600 JavaThread "PulseTimer-CVDisplayLink thread" daemon [_thread_in_native, id=51463, stack(0x0000000171b2c000,0x0000000171baf000)]
  0x0000000129155000 JavaThread "Prism Font Disposer" daemon [_thread_blocked, id=73735, stack(0x0000000172a0c000,0x0000000172c0f000)]
  0x00000001409d9a00 JavaThread "Cleaner-0" daemon [_thread_blocked, id=63751, stack(0x0000000172ca4000,0x0000000172ea7000)]
  0x000000014022b400 JavaThread "Attach Listener" daemon [_thread_blocked, id=57099, stack(0x0000000172eb0000,0x00000001730b3000)]

Other Threads:
  0x000000013ff07410 VMThread "VM Thread" [stack: 0x000000016fb60000,0x000000016fd63000] [id=14083]
  0x000000013ff0a6b0 WatcherThread [stack: 0x0000000171508000,0x000000017170b000] [id=24835]
  0x0000000128806530 GCTaskThread "GC Thread#0" [stack: 0x000000016f124000,0x000000016f327000] [id=19971]
  0x000000012e4047a0 GCTaskThread "GC Thread#1" [stack: 0x0000000171fd0000,0x00000001721d3000] [id=76547]
  0x000000011fe2e0c0 GCTaskThread "GC Thread#2" [stack: 0x00000001721dc000,0x00000001723df000] [id=76035]
  0x000000011fe2e370 GCTaskThread "GC Thread#3" [stack: 0x00000001723e8000,0x00000001725eb000] [id=56323]
  0x000000013ff1dc30 GCTaskThread "GC Thread#4" [stack: 0x00000001725f4000,0x00000001727f7000] [id=75523]
  0x000000011fe2ebe0 GCTaskThread "GC Thread#5" [stack: 0x0000000172800000,0x0000000172a03000] [id=56835]
  0x0000000128806be0 ConcurrentGCThread "G1 Main Marker" [stack: 0x000000016f330000,0x000000016f533000] [id=19715]
  0x000000011fe04080 ConcurrentGCThread "G1 Conc#0" [stack: 0x000000016f53c000,0x000000016f73f000] [id=18691]
  0x000000011fe05f20 ConcurrentGCThread "G1 Refine#0" [stack: 0x000000016f748000,0x000000016f94b000] [id=17923]
  0x00000001288075a0 ConcurrentGCThread "G1 Service" [stack: 0x000000016f954000,0x000000016fb57000] [id=12803]

Threads with active compile tasks:

VM state: not at safepoint (normal execution)

VM Mutex/Monitor currently owned by a thread: None

Heap address: 0x0000000780000000, size: 2048 MB, Compressed Oops mode: Zero based, Oop shift amount: 3

CDS archive(s) mapped at: [0x0000000800000000-0x0000000800bd8000-0x0000000800bd8000), size 12419072, SharedBaseAddress: 0x0000000800000000, ArchiveRelocationMode: 0.
Compressed class space mapped at: 0x0000000800c00000-0x0000000840c00000, reserved size: 1073741824
Narrow klass base: 0x0000000800000000, Narrow klass shift: 0, Narrow klass range: 0x100000000

GC Precious Log:
 CPUs: 8 total, 8 available
 Memory: 8192M
 Large Page Support: Disabled
 NUMA Support: Disabled
 Compressed Oops: Enabled (Zero based)
 Heap Region Size: 1M
 Heap Min Capacity: 8M
 Heap Initial Capacity: 128M
 Heap Max Capacity: 2G
 Pre-touch: Disabled
 Parallel Workers: 8
 Concurrent Workers: 2
 Concurrent Refinement Workers: 8
 Periodic GC: Disabled

Heap:
 garbage-first heap   total 133120K, used 63231K [0x0000000780000000, 0x0000000800000000)
  region size 1024K, 36 young (36864K), 3 survivors (3072K)
 Metaspace       used 15463K, committed 15680K, reserved 1064960K
  class space    used 2239K, committed 2368K, reserved 1048576K

Heap Regions: E=young(eden), S=young(survivor), O=old, HS=humongous(starts), HC=humongous(continues), CS=collection set, F=free, OA=open archive, CA=closed archive, TAMS=top-at-mark-start (previous, next)
|   0|0x0000000780000000, 0x00000007800c7e00, 0x0000000780100000| 78%| O|  |TAMS 0x0000000780000000, 0x0000000780000000| Untracked 
|   1|0x0000000780100000, 0x0000000780200000, 0x0000000780200000|100%|HS|  |TAMS 0x0000000780100000, 0x0000000780100000| Complete 
|   2|0x0000000780200000, 0x0000000780300000, 0x0000000780300000|100%|HS|  |TAMS 0x0000000780200000, 0x0000000780200000| Complete 
|   3|0x0000000780300000, 0x0000000780400000, 0x0000000780400000|100%|HC|  |TAMS 0x0000000780300000, 0x0000000780300000| Complete 
|   4|0x0000000780400000, 0x0000000780500000, 0x0000000780500000|100%|HC|  |TAMS 0x0000000780400000, 0x0000000780400000| Complete 
|   5|0x0000000780500000, 0x0000000780600000, 0x0000000780600000|100%|HC|  |TAMS 0x0000000780500000, 0x0000000780500000| Complete 
|   6|0x0000000780600000, 0x0000000780700000, 0x0000000780700000|100%|HC|  |TAMS 0x0000000780600000, 0x0000000780600000| Complete 
|   7|0x0000000780700000, 0x0000000780800000, 0x0000000780800000|100%|HC|  |TAMS 0x0000000780700000, 0x0000000780700000| Complete 
|   8|0x0000000780800000, 0x0000000780900000, 0x0000000780900000|100%|HC|  |TAMS 0x0000000780800000, 0x0000000780800000| Complete 
|   9|0x0000000780900000, 0x0000000780a00000, 0x0000000780a00000|100%|HC|  |TAMS 0x0000000780900000, 0x0000000780900000| Complete 
|  10|0x0000000780a00000, 0x0000000780b00000, 0x0000000780b00000|100%|HC|  |TAMS 0x0000000780a00000, 0x0000000780a00000| Complete 
|  11|0x0000000780b00000, 0x0000000780c00000, 0x0000000780c00000|100%|HC|  |TAMS 0x0000000780b00000, 0x0000000780b00000| Complete 
|  12|0x0000000780c00000, 0x0000000780d00000, 0x0000000780d00000|100%|HC|  |TAMS 0x0000000780c00000, 0x0000000780c00000| Complete 
|  13|0x0000000780d00000, 0x0000000780e00000, 0x0000000780e00000|100%|HC|  |TAMS 0x0000000780d00000, 0x0000000780d00000| Complete 
|  14|0x0000000780e00000, 0x0000000780f00000, 0x0000000780f00000|100%|HC|  |TAMS 0x0000000780e00000, 0x0000000780e00000| Complete 
|  15|0x0000000780f00000, 0x0000000781000000, 0x0000000781000000|100%|HC|  |TAMS 0x0000000780f00000, 0x0000000780f00000| Complete 
|  16|0x0000000781000000, 0x0000000781100000, 0x0000000781100000|100%|HC|  |TAMS 0x0000000781000000, 0x0000000781000000| Complete 
|  17|0x0000000781100000, 0x0000000781200000, 0x0000000781200000|100%|HC|  |TAMS 0x0000000781100000, 0x0000000781100000| Complete 
|  18|0x0000000781200000, 0x0000000781300000, 0x0000000781300000|100%|HC|  |TAMS 0x0000000781200000, 0x0000000781200000| Complete 
|  19|0x0000000781300000, 0x0000000781400000, 0x0000000781400000|100%|HC|  |TAMS 0x0000000781300000, 0x0000000781300000| Complete 
|  20|0x0000000781400000, 0x0000000781500000, 0x0000000781500000|100%|HC|  |TAMS 0x0000000781400000, 0x0000000781400000| Complete 
|  21|0x0000000781500000, 0x0000000781600000, 0x0000000781600000|100%|HC|  |TAMS 0x0000000781500000, 0x0000000781500000| Complete 
|  22|0x0000000781600000, 0x0000000781700000, 0x0000000781700000|100%|HC|  |TAMS 0x0000000781600000, 0x0000000781600000| Complete 
|  23|0x0000000781700000, 0x0000000781800000, 0x0000000781800000|100%|HC|  |TAMS 0x0000000781700000, 0x0000000781700000| Complete 
|  24|0x0000000781800000, 0x0000000781900000, 0x0000000781900000|100%|HS|  |TAMS 0x0000000781800000, 0x0000000781800000| Complete 
|  25|0x0000000781900000, 0x0000000781a00000, 0x0000000781a00000|100%|HC|  |TAMS 0x0000000781900000, 0x0000000781900000| Complete 
|  26|0x0000000781a00000, 0x0000000781a00000, 0x0000000781b00000|  0%| F|  |TAMS 0x0000000781a00000, 0x0000000781a00000| Untracked 
|  27|0x0000000781b00000, 0x0000000781b00000, 0x0000000781c00000|  0%| F|  |TAMS 0x0000000781b00000, 0x0000000781b00000| Untracked 
|  28|0x0000000781c00000, 0x0000000781c00000, 0x0000000781d00000|  0%| F|  |TAMS 0x0000000781c00000, 0x0000000781c00000| Untracked 
|  29|0x0000000781d00000, 0x0000000781d00000, 0x0000000781e00000|  0%| F|  |TAMS 0x0000000781d00000, 0x0000000781d00000| Untracked 
|  30|0x0000000781e00000, 0x0000000781e00000, 0x0000000781f00000|  0%| F|  |TAMS 0x0000000781e00000, 0x0000000781e00000| Untracked 
|  31|0x0000000781f00000, 0x0000000781f00000, 0x0000000782000000|  0%| F|  |TAMS 0x0000000781f00000, 0x0000000781f00000| Untracked 
|  32|0x0000000782000000, 0x0000000782000000, 0x0000000782100000|  0%| F|  |TAMS 0x0000000782000000, 0x0000000782000000| Untracked 
|  33|0x0000000782100000, 0x0000000782100000, 0x0000000782200000|  0%| F|  |TAMS 0x0000000782100000, 0x0000000782100000| Untracked 
|  34|0x0000000782200000, 0x0000000782200000, 0x0000000782300000|  0%| F|  |TAMS 0x0000000782200000, 0x0000000782200000| Untracked 
|  35|0x0000000782300000, 0x0000000782300000, 0x0000000782400000|  0%| F|  |TAMS 0x0000000782300000, 0x0000000782300000| Untracked 
|  36|0x0000000782400000, 0x0000000782400000, 0x0000000782500000|  0%| F|  |TAMS 0x0000000782400000, 0x0000000782400000| Untracked 
|  37|0x0000000782500000, 0x0000000782500000, 0x0000000782600000|  0%| F|  |TAMS 0x0000000782500000, 0x0000000782500000| Untracked 
|  38|0x0000000782600000, 0x0000000782600000, 0x0000000782700000|  0%| F|  |TAMS 0x0000000782600000, 0x0000000782600000| Untracked 
|  39|0x0000000782700000, 0x0000000782700000, 0x0000000782800000|  0%| F|  |TAMS 0x0000000782700000, 0x0000000782700000| Untracked 
|  40|0x0000000782800000, 0x0000000782800000, 0x0000000782900000|  0%| F|  |TAMS 0x0000000782800000, 0x0000000782800000| Untracked 
|  41|0x0000000782900000, 0x0000000782900000, 0x0000000782a00000|  0%| F|  |TAMS 0x0000000782900000, 0x0000000782900000| Untracked 
|  42|0x0000000782a00000, 0x0000000782a00000, 0x0000000782b00000|  0%| F|  |TAMS 0x0000000782a00000, 0x0000000782a00000| Untracked 
|  43|0x0000000782b00000, 0x0000000782b00000, 0x0000000782c00000|  0%| F|  |TAMS 0x0000000782b00000, 0x0000000782b00000| Untracked 
|  44|0x0000000782c00000, 0x0000000782c00000, 0x0000000782d00000|  0%| F|  |TAMS 0x0000000782c00000, 0x0000000782c00000| Untracked 
|  45|0x0000000782d00000, 0x0000000782d00000, 0x0000000782e00000|  0%| F|  |TAMS 0x0000000782d00000, 0x0000000782d00000| Untracked 
|  46|0x0000000782e00000, 0x0000000782e00000, 0x0000000782f00000|  0%| F|  |TAMS 0x0000000782e00000, 0x0000000782e00000| Untracked 
|  47|0x0000000782f00000, 0x0000000782f00000, 0x0000000783000000|  0%| F|  |TAMS 0x0000000782f00000, 0x0000000782f00000| Untracked 
|  48|0x0000000783000000, 0x0000000783000000, 0x0000000783100000|  0%| F|  |TAMS 0x0000000783000000, 0x0000000783000000| Untracked 
|  49|0x0000000783100000, 0x0000000783100000, 0x0000000783200000|  0%| F|  |TAMS 0x0000000783100000, 0x0000000783100000| Untracked 
|  50|0x0000000783200000, 0x0000000783200000, 0x0000000783300000|  0%| F|  |TAMS 0x0000000783200000, 0x0000000783200000| Untracked 
|  51|0x0000000783300000, 0x0000000783300000, 0x0000000783400000|  0%| F|  |TAMS 0x0000000783300000, 0x0000000783300000| Untracked 
|  52|0x0000000783400000, 0x0000000783400000, 0x0000000783500000|  0%| F|  |TAMS 0x0000000783400000, 0x0000000783400000| Untracked 
|  53|0x0000000783500000, 0x0000000783500000, 0x0000000783600000|  0%| F|  |TAMS 0x0000000783500000, 0x0000000783500000| Untracked 
|  54|0x0000000783600000, 0x0000000783600000, 0x0000000783700000|  0%| F|  |TAMS 0x0000000783600000, 0x0000000783600000| Untracked 
|  55|0x0000000783700000, 0x0000000783700000, 0x0000000783800000|  0%| F|  |TAMS 0x0000000783700000, 0x0000000783700000| Untracked 
|  56|0x0000000783800000, 0x0000000783800000, 0x0000000783900000|  0%| F|  |TAMS 0x0000000783800000, 0x0000000783800000| Untracked 
|  57|0x0000000783900000, 0x0000000783900000, 0x0000000783a00000|  0%| F|  |TAMS 0x0000000783900000, 0x0000000783900000| Untracked 
|  58|0x0000000783a00000, 0x0000000783a00000, 0x0000000783b00000|  0%| F|  |TAMS 0x0000000783a00000, 0x0000000783a00000| Untracked 
|  59|0x0000000783b00000, 0x0000000783b00000, 0x0000000783c00000|  0%| F|  |TAMS 0x0000000783b00000, 0x0000000783b00000| Untracked 
|  60|0x0000000783c00000, 0x0000000783c00000, 0x0000000783d00000|  0%| F|  |TAMS 0x0000000783c00000, 0x0000000783c00000| Untracked 
|  61|0x0000000783d00000, 0x0000000783d00000, 0x0000000783e00000|  0%| F|  |TAMS 0x0000000783d00000, 0x0000000783d00000| Untracked 
|  62|0x0000000783e00000, 0x0000000783e00000, 0x0000000783f00000|  0%| F|  |TAMS 0x0000000783e00000, 0x0000000783e00000| Untracked 
|  63|0x0000000783f00000, 0x0000000783f00000, 0x0000000784000000|  0%| F|  |TAMS 0x0000000783f00000, 0x0000000783f00000| Untracked 
|  64|0x0000000784000000, 0x0000000784000000, 0x0000000784100000|  0%| F|  |TAMS 0x0000000784000000, 0x0000000784000000| Untracked 
|  65|0x0000000784100000, 0x0000000784100000, 0x0000000784200000|  0%| F|  |TAMS 0x0000000784100000, 0x0000000784100000| Untracked 
|  66|0x0000000784200000, 0x0000000784200000, 0x0000000784300000|  0%| F|  |TAMS 0x0000000784200000, 0x0000000784200000| Untracked 
|  67|0x0000000784300000, 0x0000000784300000, 0x0000000784400000|  0%| F|  |TAMS 0x0000000784300000, 0x0000000784300000| Untracked 
|  68|0x0000000784400000, 0x0000000784400000, 0x0000000784500000|  0%| F|  |TAMS 0x0000000784400000, 0x0000000784400000| Untracked 
|  69|0x0000000784500000, 0x0000000784500000, 0x0000000784600000|  0%| F|  |TAMS 0x0000000784500000, 0x0000000784500000| Untracked 
|  70|0x0000000784600000, 0x0000000784600000, 0x0000000784700000|  0%| F|  |TAMS 0x0000000784600000, 0x0000000784600000| Untracked 
|  71|0x0000000784700000, 0x0000000784700000, 0x0000000784800000|  0%| F|  |TAMS 0x0000000784700000, 0x0000000784700000| Untracked 
|  72|0x0000000784800000, 0x0000000784800000, 0x0000000784900000|  0%| F|  |TAMS 0x0000000784800000, 0x0000000784800000| Untracked 
|  73|0x0000000784900000, 0x0000000784900000, 0x0000000784a00000|  0%| F|  |TAMS 0x0000000784900000, 0x0000000784900000| Untracked 
|  74|0x0000000784a00000, 0x0000000784a00000, 0x0000000784b00000|  0%| F|  |TAMS 0x0000000784a00000, 0x0000000784a00000| Untracked 
|  75|0x0000000784b00000, 0x0000000784b00000, 0x0000000784c00000|  0%| F|  |TAMS 0x0000000784b00000, 0x0000000784b00000| Untracked 
|  76|0x0000000784c00000, 0x0000000784c00000, 0x0000000784d00000|  0%| F|  |TAMS 0x0000000784c00000, 0x0000000784c00000| Untracked 
|  77|0x0000000784d00000, 0x0000000784d00000, 0x0000000784e00000|  0%| F|  |TAMS 0x0000000784d00000, 0x0000000784d00000| Untracked 
|  78|0x0000000784e00000, 0x0000000784e00000, 0x0000000784f00000|  0%| F|  |TAMS 0x0000000784e00000, 0x0000000784e00000| Untracked 
|  79|0x0000000784f00000, 0x0000000784f00000, 0x0000000785000000|  0%| F|  |TAMS 0x0000000784f00000, 0x0000000784f00000| Untracked 
|  80|0x0000000785000000, 0x0000000785000000, 0x0000000785100000|  0%| F|  |TAMS 0x0000000785000000, 0x0000000785000000| Untracked 
|  81|0x0000000785100000, 0x0000000785100000, 0x0000000785200000|  0%| F|  |TAMS 0x0000000785100000, 0x0000000785100000| Untracked 
|  82|0x0000000785200000, 0x0000000785200000, 0x0000000785300000|  0%| F|  |TAMS 0x0000000785200000, 0x0000000785200000| Untracked 
|  83|0x0000000785300000, 0x0000000785300000, 0x0000000785400000|  0%| F|  |TAMS 0x0000000785300000, 0x0000000785300000| Untracked 
|  84|0x0000000785400000, 0x0000000785400000, 0x0000000785500000|  0%| F|  |TAMS 0x0000000785400000, 0x0000000785400000| Untracked 
|  85|0x0000000785500000, 0x0000000785500000, 0x0000000785600000|  0%| F|  |TAMS 0x0000000785500000, 0x0000000785500000| Untracked 
|  86|0x0000000785600000, 0x0000000785600000, 0x0000000785700000|  0%| F|  |TAMS 0x0000000785600000, 0x0000000785600000| Untracked 
|  87|0x0000000785700000, 0x0000000785700000, 0x0000000785800000|  0%| F|  |TAMS 0x0000000785700000, 0x0000000785700000| Untracked 
|  88|0x0000000785800000, 0x0000000785800000, 0x0000000785900000|  0%| F|  |TAMS 0x0000000785800000, 0x0000000785800000| Untracked 
|  89|0x0000000785900000, 0x0000000785900000, 0x0000000785a00000|  0%| F|  |TAMS 0x0000000785900000, 0x0000000785900000| Untracked 
|  90|0x0000000785a00000, 0x0000000785a00000, 0x0000000785b00000|  0%| F|  |TAMS 0x0000000785a00000, 0x0000000785a00000| Untracked 
|  91|0x0000000785b00000, 0x0000000785b00000, 0x0000000785c00000|  0%| F|  |TAMS 0x0000000785b00000, 0x0000000785b00000| Untracked 
|  92|0x0000000785c00000, 0x0000000785c80800, 0x0000000785d00000| 50%| E|  |TAMS 0x0000000785c00000, 0x0000000785c00000| Complete 
|  93|0x0000000785d00000, 0x0000000785e00000, 0x0000000785e00000|100%| E|CS|TAMS 0x0000000785d00000, 0x0000000785d00000| Complete 
|  94|0x0000000785e00000, 0x0000000785f00000, 0x0000000785f00000|100%| E|CS|TAMS 0x0000000785e00000, 0x0000000785e00000| Complete 
|  95|0x0000000785f00000, 0x0000000786000000, 0x0000000786000000|100%| E|CS|TAMS 0x0000000785f00000, 0x0000000785f00000| Complete 
|  96|0x0000000786000000, 0x0000000786100000, 0x0000000786100000|100%| E|CS|TAMS 0x0000000786000000, 0x0000000786000000| Complete 
|  97|0x0000000786100000, 0x0000000786200000, 0x0000000786200000|100%| E|CS|TAMS 0x0000000786100000, 0x0000000786100000| Complete 
|  98|0x0000000786200000, 0x0000000786300000, 0x0000000786300000|100%| E|CS|TAMS 0x0000000786200000, 0x0000000786200000| Complete 
|  99|0x0000000786300000, 0x0000000786400000, 0x0000000786400000|100%| E|CS|TAMS 0x0000000786300000, 0x0000000786300000| Complete 
| 100|0x0000000786400000, 0x0000000786500000, 0x0000000786500000|100%| E|CS|TAMS 0x0000000786400000, 0x0000000786400000| Complete 
| 101|0x0000000786500000, 0x0000000786600000, 0x0000000786600000|100%| E|CS|TAMS 0x0000000786500000, 0x0000000786500000| Complete 
| 102|0x0000000786600000, 0x0000000786700000, 0x0000000786700000|100%| S|CS|TAMS 0x0000000786600000, 0x0000000786600000| Complete 
| 103|0x0000000786700000, 0x0000000786800000, 0x0000000786800000|100%| S|CS|TAMS 0x0000000786700000, 0x0000000786700000| Complete 
| 104|0x0000000786800000, 0x0000000786900000, 0x0000000786900000|100%| S|CS|TAMS 0x0000000786800000, 0x0000000786800000| Complete 
| 105|0x0000000786900000, 0x0000000786a00000, 0x0000000786a00000|100%| E|CS|TAMS 0x0000000786900000, 0x0000000786900000| Complete 
| 106|0x0000000786a00000, 0x0000000786b00000, 0x0000000786b00000|100%| E|CS|TAMS 0x0000000786a00000, 0x0000000786a00000| Complete 
| 107|0x0000000786b00000, 0x0000000786c00000, 0x0000000786c00000|100%| E|CS|TAMS 0x0000000786b00000, 0x0000000786b00000| Complete 
| 108|0x0000000786c00000, 0x0000000786d00000, 0x0000000786d00000|100%| E|CS|TAMS 0x0000000786c00000, 0x0000000786c00000| Complete 
| 109|0x0000000786d00000, 0x0000000786e00000, 0x0000000786e00000|100%| E|CS|TAMS 0x0000000786d00000, 0x0000000786d00000| Complete 
| 110|0x0000000786e00000, 0x0000000786f00000, 0x0000000786f00000|100%| E|CS|TAMS 0x0000000786e00000, 0x0000000786e00000| Complete 
| 111|0x0000000786f00000, 0x0000000787000000, 0x0000000787000000|100%| E|CS|TAMS 0x0000000786f00000, 0x0000000786f00000| Complete 
| 112|0x0000000787000000, 0x0000000787100000, 0x0000000787100000|100%| E|CS|TAMS 0x0000000787000000, 0x0000000787000000| Complete 
| 113|0x0000000787100000, 0x0000000787200000, 0x0000000787200000|100%| E|CS|TAMS 0x0000000787100000, 0x0000000787100000| Complete 
| 114|0x0000000787200000, 0x0000000787300000, 0x0000000787300000|100%| E|CS|TAMS 0x0000000787200000, 0x0000000787200000| Complete 
| 115|0x0000000787300000, 0x0000000787400000, 0x0000000787400000|100%| E|CS|TAMS 0x0000000787300000, 0x0000000787300000| Complete 
| 116|0x0000000787400000, 0x0000000787500000, 0x0000000787500000|100%| E|CS|TAMS 0x0000000787400000, 0x0000000787400000| Complete 
| 117|0x0000000787500000, 0x0000000787600000, 0x0000000787600000|100%| E|CS|TAMS 0x0000000787500000, 0x0000000787500000| Complete 
| 118|0x0000000787600000, 0x0000000787700000, 0x0000000787700000|100%| E|CS|TAMS 0x0000000787600000, 0x0000000787600000| Complete 
| 119|0x0000000787700000, 0x0000000787800000, 0x0000000787800000|100%| E|CS|TAMS 0x0000000787700000, 0x0000000787700000| Complete 
| 120|0x0000000787800000, 0x0000000787900000, 0x0000000787900000|100%| E|CS|TAMS 0x0000000787800000, 0x0000000787800000| Complete 
| 121|0x0000000787900000, 0x0000000787a00000, 0x0000000787a00000|100%| E|CS|TAMS 0x0000000787900000, 0x0000000787900000| Complete 
| 122|0x0000000787a00000, 0x0000000787b00000, 0x0000000787b00000|100%| E|CS|TAMS 0x0000000787a00000, 0x0000000787a00000| Complete 
| 123|0x0000000787b00000, 0x0000000787c00000, 0x0000000787c00000|100%| E|CS|TAMS 0x0000000787b00000, 0x0000000787b00000| Complete 
| 124|0x0000000787c00000, 0x0000000787d00000, 0x0000000787d00000|100%| E|CS|TAMS 0x0000000787c00000, 0x0000000787c00000| Complete 
| 125|0x0000000787d00000, 0x0000000787e00000, 0x0000000787e00000|100%| E|CS|TAMS 0x0000000787d00000, 0x0000000787d00000| Complete 
| 126|0x0000000787e00000, 0x0000000787f00000, 0x0000000787f00000|100%| E|CS|TAMS 0x0000000787e00000, 0x0000000787e00000| Complete 
| 127|0x0000000787f00000, 0x0000000788000000, 0x0000000788000000|100%| E|CS|TAMS 0x0000000787f00000, 0x0000000787f00000| Complete 
|2046|0x00000007ffe00000, 0x00000007ffe78000, 0x00000007fff00000| 46%|OA|  |TAMS 0x00000007ffe00000, 0x00000007ffe00000| Untracked 
|2047|0x00000007fff00000, 0x00000007fff80000, 0x0000000800000000| 50%|CA|  |TAMS 0x00000007fff00000, 0x00000007fff00000| Untracked 

Card table byte_map: [0x0000000101870000,0x0000000101c70000] _byte_map_base: 0x00000000fdc70000

Marking Bits (Prev, Next): (CMBitMap*) 0x0000000128029c10, (CMBitMap*) 0x0000000128029c50
 Prev Bits: [0x000000011983c000, 0x000000011b83c000)
 Next Bits: [0x000000011b83c000, 0x000000011d83c000)

Polling page: 0x00000001010f8000

Metaspace:

Usage:
  Non-class:     12.91 MB used.
      Class:      2.19 MB used.
       Both:     15.10 MB used.

Virtual space:
  Non-class space:       16.00 MB reserved,      13.00 MB ( 81%) committed,  2 nodes.
      Class space:        1.00 GB reserved,       2.31 MB ( <1%) committed,  1 nodes.
             Both:        1.02 GB reserved,      15.31 MB (  1%) committed. 

Chunk freelists:
   Non-Class:  2.28 MB
       Class:  1.72 MB
        Both:  4.00 MB

MaxMetaspaceSize: unlimited
CompressedClassSpaceSize: 1.00 GB
Initial GC threshold: 21.00 MB
Current GC threshold: 21.00 MB
CDS: on
MetaspaceReclaimPolicy: balanced
 - commit_granule_bytes: 65536.
 - commit_granule_words: 8192.
 - virtual_space_node_default_size: 1048576.
 - enlarge_chunks_in_place: 1.
 - new_chunks_are_fully_committed: 0.
 - uncommit_free_chunks: 1.
 - use_allocation_guard: 0.
 - handle_deallocations: 1.


Internal statistics:

num_allocs_failed_limit: 0.
num_arena_births: 174.
num_arena_deaths: 0.
num_vsnodes_births: 3.
num_vsnodes_deaths: 0.
num_space_committed: 245.
num_space_uncommitted: 0.
num_chunks_returned_to_freelist: 0.
num_chunks_taken_from_freelist: 657.
num_chunk_merges: 0.
num_chunk_splits: 449.
num_chunks_enlarged: 359.
num_purges: 0.
num_inconsistent_stats: 0.

CodeHeap 'non-profiled nmethods': size=120032Kb used=751Kb max_used=751Kb free=119280Kb
 bounds [0x0000000112304000, 0x0000000112574000, 0x000000011983c000]
CodeHeap 'profiled nmethods': size=120016Kb used=4343Kb max_used=4343Kb free=115672Kb
 bounds [0x000000010add0000, 0x000000010b210000, 0x0000000112304000]
CodeHeap 'non-nmethods': size=5712Kb used=1373Kb max_used=1403Kb free=4339Kb
 bounds [0x000000010a83c000, 0x000000010aaac000, 0x000000010add0000]
 total_blobs=3057 nmethods=2292 adapters=681
 compilation: enabled
              stopped_count=0, restarted_count=0
 full_count=0

Compilation events (20 events):
Event: 4.986 Thread 0x000000012803d800 nmethod 2355 0x000000010b1fed90 code [0x000000010b1fefc0, 0x000000010b1ff5f8]
Event: 4.992 Thread 0x000000012803d800 2358       3       javafx.scene.Scene$TargetWrapper::set (11 bytes)
Event: 4.992 Thread 0x000000012803d800 nmethod 2358 0x000000010b1ff910 code [0x000000010b1ffac0, 0x000000010b1ffca8]
Event: 4.993 Thread 0x0000000140020800 nmethod 2356 0x00000001123bcf90 code [0x00000001123bd140, 0x00000001123bd620]
Event: 5.008 Thread 0x000000012803d800 2359       1       com.sun.glass.ui.Screen::getX (5 bytes)
Event: 5.008 Thread 0x000000012803d800 nmethod 2359 0x00000001123bd790 code [0x00000001123bd900, 0x00000001123bd9e8]
Event: 5.008 Thread 0x000000012803d800 2360       1       com.sun.glass.ui.Screen::getY (5 bytes)
Event: 5.008 Thread 0x000000012803d800 nmethod 2360 0x00000001123bda90 code [0x00000001123bdc00, 0x00000001123bdce8]
Event: 5.026 Thread 0x000000012803d800 2361       1       com.sun.glass.ui.Screen::getPlatformX (5 bytes)
Event: 5.026 Thread 0x000000012803d800 nmethod 2361 0x00000001123bdd90 code [0x00000001123bdf00, 0x00000001123bdfe8]
Event: 5.026 Thread 0x000000012803d800 2362       1       com.sun.glass.ui.Screen::getPlatformY (5 bytes)
Event: 5.026 Thread 0x000000012803d800 nmethod 2362 0x00000001123be090 code [0x00000001123be200, 0x00000001123be2e8]
Event: 5.032 Thread 0x000000012803d800 2363       1       javafx.scene.input.MouseEvent::getPickResult (5 bytes)
Event: 5.033 Thread 0x000000012803d800 nmethod 2363 0x00000001123be390 code [0x00000001123be500, 0x00000001123be5e8]
Event: 5.050 Thread 0x000000012803d800 2364       3       java.lang.Enum::compareTo (44 bytes)
Event: 5.050 Thread 0x0000000140020800 2369       4       java.util.Collections$UnmodifiableList::get (11 bytes)
Event: 5.050 Thread 0x000000012803d800 nmethod 2364 0x000000010b1ffd90 code [0x000000010b1fffc0, 0x000000010b200538]
Event: 5.050 Thread 0x000000012803d800 2366       3       javafx.css.SizeUnits$9::pixels (2 bytes)
Event: 5.050 Thread 0x000000012803d800 nmethod 2366 0x000000010b200790 code [0x000000010b200940, 0x000000010b200a68]
Event: 5.050 Thread 0x000000012803d800 2367       3       java.lang.String::indexOf (64 bytes)

GC Heap History (2 events):
Event: 0.462 GC heap before
{Heap before GC invocations=0 (full 0):
 garbage-first heap   total 133120K, used 23520K [0x0000000780000000, 0x0000000800000000)
  region size 1024K, 23 young (23552K), 0 survivors (0K)
 Metaspace       used 7499K, committed 7680K, reserved 1056768K
  class space    used 919K, committed 1024K, reserved 1048576K
}
Event: 0.464 GC heap after
{Heap after GC invocations=1 (full 0):
 garbage-first heap   total 133120K, used 4863K [0x0000000780000000, 0x0000000800000000)
  region size 1024K, 3 young (3072K), 3 survivors (3072K)
 Metaspace       used 7499K, committed 7680K, reserved 1056768K
  class space    used 919K, committed 1024K, reserved 1048576K
}

Deoptimization events (20 events):
Event: 1.602 Thread 0x000000014001d200 DEOPT PACKING pc=0x000000010b117738 sp=0x00000001719154d0
Event: 1.602 Thread 0x000000014001d200 DEOPT UNPACKING pc=0x000000010a87ab7c sp=0x0000000171915130 mode 0
Event: 1.602 Thread 0x000000014001d200 DEOPT PACKING pc=0x000000010b11764c sp=0x00000001719154d0
Event: 1.602 Thread 0x000000014001d200 DEOPT UNPACKING pc=0x000000010a87ab7c sp=0x0000000171915130 mode 0
Event: 1.603 Thread 0x000000014001d200 DEOPT PACKING pc=0x000000010b117738 sp=0x00000001719154d0
Event: 1.603 Thread 0x000000014001d200 DEOPT UNPACKING pc=0x000000010a87ab7c sp=0x0000000171915130 mode 0
Event: 1.603 Thread 0x000000014001d200 DEOPT PACKING pc=0x000000010b117738 sp=0x00000001719154d0
Event: 1.603 Thread 0x000000014001d200 DEOPT UNPACKING pc=0x000000010a87ab7c sp=0x0000000171915130 mode 0
Event: 4.188 Thread 0x000000014018a000 Uncommon trap: trap_request=0xffffff45 fr.pc=0x000000011237301c relative=0x000000000000031c
Event: 4.188 Thread 0x000000014018a000 Uncommon trap: reason=unstable_if action=reinterpret pc=0x000000011237301c method=java.lang.AbstractStringBuilder.append(C)Ljava/lang/AbstractStringBuilder; @ 21 c2
Event: 4.188 Thread 0x000000014018a000 DEOPT PACKING pc=0x000000011237301c sp=0x000000016ee86250
Event: 4.188 Thread 0x000000014018a000 DEOPT UNPACKING pc=0x000000010a87ad1c sp=0x000000016ee861a0 mode 2
Event: 4.188 Thread 0x000000014018a000 Uncommon trap: trap_request=0xffffff45 fr.pc=0x000000011238c1dc relative=0x00000000000002dc
Event: 4.188 Thread 0x000000014018a000 Uncommon trap: reason=unstable_if action=reinterpret pc=0x000000011238c1dc method=java.lang.AbstractStringBuilder.isLatin1()Z @ 10 c2
Event: 4.188 Thread 0x000000014018a000 DEOPT PACKING pc=0x000000011238c1dc sp=0x000000016ee86260
Event: 4.188 Thread 0x000000014018a000 DEOPT UNPACKING pc=0x000000010a87ad1c sp=0x000000016ee861c0 mode 2
Event: 4.378 Thread 0x000000014018a000 Uncommon trap: trap_request=0xffffff45 fr.pc=0x0000000112377aa4 relative=0x0000000000000324
Event: 4.378 Thread 0x000000014018a000 Uncommon trap: reason=unstable_if action=reinterpret pc=0x0000000112377aa4 method=java.lang.AbstractStringBuilder.append(C)Ljava/lang/AbstractStringBuilder; @ 21 c2
Event: 4.378 Thread 0x000000014018a000 DEOPT PACKING pc=0x0000000112377aa4 sp=0x000000016ee86260
Event: 4.378 Thread 0x000000014018a000 DEOPT UNPACKING pc=0x000000010a87ad1c sp=0x000000016ee86220 mode 2

Classes unloaded (0 events):
No events

Classes redefined (0 events):
No events

Internal exceptions (20 events):
Event: 0.460 Thread 0x000000014018a000 Exception <a 'java/lang/NoSuchMethodError'{0x00000007869d6080}: 'java.lang.Object java.lang.invoke.DirectMethodHandle$Holder.invokeSpecial(java.lang.Object, java.lang.Object, java.lang.Object, int, java.lang.Object)'> (0x00000007869d6080) 
thrown [open/src/hotspot/share/interpreter/linkResolver.cpp, line 766]
Event: 0.507 Thread 0x000000014018a000 Exception <a 'java/lang/NoSuchMethodError'{0x0000000787abda90}: 'void java.lang.invoke.DirectMethodHandle$Holder.invokeStaticInit(java.lang.Object, java.lang.Object)'> (0x0000000787abda90) 
thrown [open/src/hotspot/share/interpreter/linkResolver.cpp, line 766]
Event: 0.510 Thread 0x000000014018a000 Exception <a 'java/lang/NoSuchMethodError'{0x00000007879404b8}: 'void java.lang.invoke.DirectMethodHandle$Holder.invokeSpecial(java.lang.Object, java.lang.Object, java.lang.Object, java.lang.Object, java.lang.Object)'> (0x00000007879404b8) 
thrown [open/src/hotspot/share/interpreter/linkResolver.cpp, line 766]
Event: 0.527 Thread 0x000000014018a000 Exception <a 'sun/nio/fs/UnixException'{0x00000007878a6b50}> (0x00000007878a6b50) 
thrown [open/src/hotspot/share/prims/jni.cpp, line 516]
Event: 0.612 Thread 0x000000014018a000 Exception <a 'java/io/FileNotFoundException'{0x000000078777e140}> (0x000000078777e140) 
thrown [open/src/hotspot/share/prims/jni.cpp, line 516]
Event: 0.624 Thread 0x000000014018a000 Exception <a 'java/io/FileNotFoundException'{0x00000007877fe638}> (0x00000007877fe638) 
thrown [open/src/hotspot/share/prims/jni.cpp, line 516]
Event: 0.716 Thread 0x000000014018a000 Implicit null exception at 0x000000011235af94 to 0x000000011235b324
Event: 0.716 Thread 0x000000014018a000 Implicit null exception at 0x0000000112356fd4 to 0x0000000112357320
Event: 0.782 Thread 0x000000014018a000 Exception <a 'java/lang/ClassNotFoundException'{0x0000000786eb1c48}: com/sun/javafx/scene/control/skin/resources/controls> (0x0000000786eb1c48) 
thrown [open/src/hotspot/share/prims/jni.cpp, line 535]
Event: 0.783 Thread 0x000000014018a000 Exception <a 'java/lang/ClassNotFoundException'{0x0000000786ebfbe8}: com/sun/javafx/scene/control/skin/resources/controls_en> (0x0000000786ebfbe8) 
thrown [open/src/hotspot/share/prims/jni.cpp, line 535]
Event: 0.783 Thread 0x000000014018a000 Exception <a 'java/lang/ClassNotFoundException'{0x0000000786ec0b80}: com/sun/javafx/scene/control/skin/resources/controls_en_TH> (0x0000000786ec0b80) 
thrown [open/src/hotspot/share/prims/jni.cpp, line 535]
Event: 0.797 Thread 0x000000014018a000 Exception <a 'java/lang/NoSuchMethodError'{0x0000000786c6ee18}: 'void java.lang.invoke.DirectMethodHandle$Holder.invokeSpecial(java.lang.Object, java.lang.Object, java.lang.Object, java.lang.Object, java.lang.Object, java.lang.Object)'> (0x0000000786c6ee18) 
thrown [open/src/hotspot/share/interpreter/linkResolver.cpp, line 766]
Event: 0.820 Thread 0x000000014018a000 Exception <a 'java/lang/NoSuchMethodError'{0x000000078652ca88}: 'java.lang.Object java.lang.invoke.DirectMethodHandle$Holder.invokeInterface(java.lang.Object, java.lang.Object, java.lang.Object)'> (0x000000078652ca88) 
thrown [open/src/hotspot/share/interpreter/linkResolver.cpp, line 766]
Event: 0.820 Thread 0x000000014018a000 Exception <a 'java/lang/IncompatibleClassChangeError'{0x0000000786530410}: Found class java.lang.Object, but interface was expected> (0x0000000786530410) 
thrown [open/src/hotspot/share/interpreter/linkResolver.cpp, line 833]
Event: 0.868 Thread 0x000000014018a000 Exception <a 'java/lang/NoSuchMethodError'{0x0000000786386268}: 'java.lang.Object java.lang.invoke.DirectMethodHandle$Holder.newInvokeSpecial(java.lang.Object, java.lang.Object, int)'> (0x0000000786386268) 
thrown [open/src/hotspot/share/interpreter/linkResolver.cpp, line 766]
Event: 0.920 Thread 0x000000014018a000 Exception <a 'java/lang/NoSuchMethodError'{0x00000007863dee88}: 'long java.lang.invoke.DirectMethodHandle$Holder.invokeStatic(java.lang.Object, java.lang.Object, java.lang.Object)'> (0x00000007863dee88) 
thrown [open/src/hotspot/share/interpreter/linkResolver.cpp, line 766]
Event: 0.920 Thread 0x000000014018a000 Exception <a 'java/lang/NoSuchMethodError'{0x00000007863e2630}: 'long java.lang.invoke.DirectMethodHandle$Holder.invokeStaticInit(java.lang.Object, java.lang.Object, java.lang.Object)'> (0x00000007863e2630) 
thrown [open/src/hotspot/share/interpreter/linkResolver.cpp, line 766]
Event: 0.921 Thread 0x000000014001d200 Exception <a 'java/lang/NoSuchMethodError'{0x00000007862cd870}: 'int java.lang.invoke.DirectMethodHandle$Holder.invokeStaticInit(java.lang.Object, java.lang.Object)'> (0x00000007862cd870) 
thrown [open/src/hotspot/share/interpreter/linkResolver.cpp, line 766]
Event: 0.921 Thread 0x000000014018a000 Exception <a 'java/lang/NoSuchMethodError'{0x00000007863fa238}: 'java.lang.Object java.lang.invoke.DirectMethodHandle$Holder.newInvokeSpecial(java.lang.Object, java.lang.Object, long)'> (0x00000007863fa238) 
thrown [open/src/hotspot/share/interpreter/linkResolver.cpp, line 766]
Event: 0.921 Thread 0x000000014018a000 Exception <a 'java/lang/NoSuchMethodError'{0x00000007863fdb00}: 'java.lang.Object java.lang.invoke.Invokers$Holder.linkToTargetMethod(java.lang.Object, long, java.lang.Object)'> (0x00000007863fdb00) 
thrown [open/src/hotspot/share/interpreter/linkResolver.cpp, line 766]

VM Operations (20 events):
Event: 0.452 Executing VM operation: HandshakeAllThreads
Event: 0.452 Executing VM operation: HandshakeAllThreads done
Event: 0.459 Executing VM operation: ICBufferFull
Event: 0.459 Executing VM operation: ICBufferFull done
Event: 0.462 Executing VM operation: G1CollectForAllocation
Event: 0.464 Executing VM operation: G1CollectForAllocation done
Event: 0.485 Executing VM operation: HandshakeAllThreads
Event: 0.485 Executing VM operation: HandshakeAllThreads done
Event: 0.606 Executing VM operation: ICBufferFull
Event: 0.606 Executing VM operation: ICBufferFull done
Event: 0.807 Executing VM operation: ICBufferFull
Event: 0.807 Executing VM operation: ICBufferFull done
Event: 1.583 Executing VM operation: ICBufferFull
Event: 1.583 Executing VM operation: ICBufferFull done
Event: 2.588 Executing VM operation: Cleanup
Event: 2.588 Executing VM operation: Cleanup done
Event: 3.593 Executing VM operation: Cleanup
Event: 3.594 Executing VM operation: Cleanup done
Event: 4.599 Executing VM operation: Cleanup
Event: 4.599 Executing VM operation: Cleanup done

Events (20 events):
Event: 1.443 loading class sun/util/resources/cldr/TimeZoneNames
Event: 1.443 loading class sun/util/resources/TimeZoneNamesBundle
Event: 1.443 loading class sun/util/resources/OpenListResourceBundle
Event: 1.443 loading class sun/util/resources/OpenListResourceBundle done
Event: 1.443 loading class sun/util/resources/TimeZoneNamesBundle done
Event: 1.443 loading class sun/util/resources/cldr/TimeZoneNames done
Event: 1.443 loading class sun/util/resources/cldr/TimeZoneNames_en
Event: 1.444 loading class sun/util/resources/cldr/TimeZoneNames_en done
Event: 1.444 loading class sun/util/resources/cldr/TimeZoneNames_en_US
Event: 1.444 loading class sun/util/resources/cldr/TimeZoneNames_en_US done
Event: 1.444 loading class sun/util/resources/TimeZoneNames
Event: 1.445 loading class sun/util/resources/TimeZoneNames done
Event: 1.445 loading class sun/util/resources/TimeZoneNames_en
Event: 1.445 loading class sun/util/resources/TimeZoneNames_en done
Event: 1.571 loading class java/util/EnumMap$Values
Event: 1.571 loading class java/util/EnumMap$Values done
Event: 1.571 loading class java/util/EnumMap$ValueIterator
Event: 1.571 loading class java/util/EnumMap$EnumMapIterator
Event: 1.571 loading class java/util/EnumMap$EnumMapIterator done
Event: 1.571 loading class java/util/EnumMap$ValueIterator done


Dynamic libraries:
0x00000001010a8000 	/Library/Java/JavaVirtualMachines/jdk-17.0.3.1.jdk/Contents/Home/lib/libjli.dylib
0x00000001b8242000 	/usr/lib/libz.1.dylib
0x00000001b82f9000 	/usr/lib/libSystem.B.dylib
0x00000001b82f3000 	/usr/lib/system/libcache.dylib
0x00000001b82b1000 	/usr/lib/system/libcommonCrypto.dylib
0x00000001b82da000 	/usr/lib/system/libcompiler_rt.dylib
0x00000001b82d1000 	/usr/lib/system/libcopyfile.dylib
0x00000001ad517000 	/usr/lib/system/libcorecrypto.dylib
0x00000001ad5cc000 	/usr/lib/system/libdispatch.dylib
0x00000001ad79a000 	/usr/lib/system/libdyld.dylib
0x00000001b82e9000 	/usr/lib/system/libkeymgr.dylib
0x00000001b828c000 	/usr/lib/system/libmacho.dylib
0x00000001b797c000 	/usr/lib/system/libquarantine.dylib
0x00000001b82e6000 	/usr/lib/system/libremovefile.dylib
0x00000001b2912000 	/usr/lib/system/libsystem_asl.dylib
0x00000001ad4b9000 	/usr/lib/system/libsystem_blocks.dylib
0x00000001ad654000 	/usr/lib/system/libsystem_c.dylib
0x00000001b82de000 	/usr/lib/system/libsystem_collections.dylib
0x00000001b6e11000 	/usr/lib/system/libsystem_configuration.dylib
0x00000001b606a000 	/usr/lib/system/libsystem_containermanager.dylib
0x00000001b7fe9000 	/usr/lib/system/libsystem_coreservices.dylib
0x00000001afecb000 	/usr/lib/system/libsystem_darwin.dylib
0x00000001b82ea000 	/usr/lib/system/libsystem_dnssd.dylib
0x00000001ad651000 	/usr/lib/system/libsystem_featureflags.dylib
0x00000001ad7af000 	/usr/lib/system/libsystem_info.dylib
0x00000001b8254000 	/usr/lib/system/libsystem_m.dylib
0x00000001ad5a1000 	/usr/lib/system/libsystem_malloc.dylib
0x00000001b28a0000 	/usr/lib/system/libsystem_networkextension.dylib
0x00000001b0324000 	/usr/lib/system/libsystem_notify.dylib
0x00000001be64d000 	/usr/lib/system/libsystem_product_info_filter.dylib
0x00000001b6e16000 	/usr/lib/system/libsystem_sandbox.dylib
0x00000001b82e3000 	/usr/lib/system/libsystem_secinit.dylib
0x00000001ad755000 	/usr/lib/system/libsystem_kernel.dylib
0x00000001ad7a7000 	/usr/lib/system/libsystem_platform.dylib
0x00000001ad78d000 	/usr/lib/system/libsystem_pthread.dylib
0x00000001b4076000 	/usr/lib/system/libsystem_symptoms.dylib
0x00000001ad4fd000 	/usr/lib/system/libsystem_trace.dylib
0x00000001b82be000 	/usr/lib/system/libunwind.dylib
0x00000001ad4bb000 	/usr/lib/system/libxpc.dylib
0x00000001ad73d000 	/usr/lib/libc++abi.dylib
0x00000001ad613000 	/usr/lib/libobjc.A.dylib
0x00000001b82c9000 	/usr/lib/liboah.dylib
0x00000001ad6d6000 	/usr/lib/libc++.1.dylib
0x00000001c417c000 	/System/Library/Frameworks/Cocoa.framework/Versions/A/Cocoa
0x00000001b0385000 	/System/Library/Frameworks/AppKit.framework/Versions/C/AppKit
0x00000001b389c000 	/System/Library/Frameworks/CoreData.framework/Versions/A/CoreData
0x00000001ae6e0000 	/System/Library/Frameworks/Foundation.framework/Versions/C/Foundation
0x00000001b123e000 	/System/Library/PrivateFrameworks/UIFoundation.framework/Versions/A/UIFoundation
0x00000001be347000 	/System/Library/PrivateFrameworks/RemoteViewServices.framework/Versions/A/RemoteViewServices
0x00000001b67b8000 	/System/Library/PrivateFrameworks/XCTTargetBootstrap.framework/Versions/A/XCTTargetBootstrap
0x00000001ba03b000 	/System/Library/PrivateFrameworks/InternationalSupport.framework/Versions/A/InternationalSupport
0x00000001ba0c4000 	/System/Library/PrivateFrameworks/UserActivity.framework/Versions/A/UserActivity
0x00000001b9530000 	/usr/lib/libspindump.dylib
0x00000001b14af000 	/System/Library/Frameworks/UniformTypeIdentifiers.framework/Versions/A/UniformTypeIdentifiers
0x00000001b4d00000 	/usr/lib/libapp_launch_measurement.dylib
0x00000001b4228000 	/System/Library/PrivateFrameworks/CoreAnalytics.framework/Versions/A/CoreAnalytics
0x00000001b4d03000 	/System/Library/PrivateFrameworks/CoreAutoLayout.framework/Versions/A/CoreAutoLayout
0x00000001b60a7000 	/System/Library/Frameworks/Metal.framework/Versions/A/Metal
0x00000001b6e21000 	/usr/lib/liblangid.dylib
0x00000001b67bd000 	/System/Library/PrivateFrameworks/CoreSVG.framework/Versions/A/CoreSVG
0x00000001b2946000 	/System/Library/PrivateFrameworks/SkyLight.framework/Versions/A/SkyLight
0x00000001b2d22000 	/System/Library/Frameworks/CoreGraphics.framework/Versions/A/CoreGraphics
0x00000001bea13000 	/System/Library/Frameworks/Accelerate.framework/Versions/A/Accelerate
0x00000001b8fa7000 	/System/Library/PrivateFrameworks/IconServices.framework/Versions/A/IconServices
0x00000001b6089000 	/System/Library/Frameworks/IOSurface.framework/Versions/A/IOSurface
0x00000001b4259000 	/usr/lib/libDiagnosticMessagesClient.dylib
0x00000001c1f19000 	/System/Library/Frameworks/ApplicationServices.framework/Versions/A/ApplicationServices
0x00000001b67a0000 	/System/Library/PrivateFrameworks/DFRFoundation.framework/Versions/A/DFRFoundation
0x00000001afc15000 	/usr/lib/libicucore.A.dylib
0x00000001baee9000 	/System/Library/Frameworks/AudioToolbox.framework/Versions/A/AudioToolbox
0x00000001ba047000 	/System/Library/PrivateFrameworks/DataDetectorsCore.framework/Versions/A/DataDetectorsCore
0x00000001d0a65000 	/System/Library/PrivateFrameworks/TextInput.framework/Versions/A/TextInput
0x00000001b28bb000 	/usr/lib/libMobileGestalt.dylib
0x00000001b646c000 	/System/Library/Frameworks/Carbon.framework/Versions/A/Frameworks/HIToolbox.framework/Versions/A/HIToolbox
0x00000001b46d9000 	/System/Library/Frameworks/QuartzCore.framework/Versions/A/QuartzCore
0x00000001af896000 	/System/Library/Frameworks/Security.framework/Versions/A/Security
0x00000001be387000 	/System/Library/Frameworks/Carbon.framework/Versions/A/Frameworks/SpeechRecognition.framework/Versions/A/SpeechRecognition
0x00000001b4a55000 	/System/Library/PrivateFrameworks/CoreUI.framework/Versions/A/CoreUI
0x00000001af172000 	/System/Library/Frameworks/CoreAudio.framework/Versions/A/CoreAudio
0x00000001b434d000 	/System/Library/Frameworks/DiskArbitration.framework/Versions/A/DiskArbitration
0x00000001b993a000 	/System/Library/PrivateFrameworks/MultitouchSupport.framework/Versions/A/MultitouchSupport
0x00000001b28b9000 	/usr/lib/libenergytrace.dylib
0x00000001b024d000 	/System/Library/Frameworks/IOKit.framework/Versions/A/IOKit
0x00000001be776000 	/System/Library/Frameworks/CoreServices.framework/Versions/A/CoreServices
0x00000001b4c90000 	/System/Library/PrivateFrameworks/PerformanceAnalysis.framework/Versions/A/PerformanceAnalysis
0x000000020ef0f000 	/System/Library/Frameworks/OpenGL.framework/Versions/A/OpenGL
0x00000001b7894000 	/System/Library/PrivateFrameworks/MobileKeyBag.framework/Versions/A/MobileKeyBag
0x00000001b3330000 	/System/Library/Frameworks/ColorSync.framework/Versions/A/ColorSync
0x00000001ad7dc000 	/System/Library/Frameworks/CoreFoundation.framework/Versions/A/CoreFoundation
0x00000001b6a3d000 	/System/Library/Frameworks/CoreImage.framework/Versions/A/CoreImage
0x00000001aef96000 	/System/Library/Frameworks/CoreText.framework/Versions/A/CoreText
0x00000001b67ed000 	/System/Library/Frameworks/ImageIO.framework/Versions/A/ImageIO
0x00000001b82ff000 	/System/Library/PrivateFrameworks/SoftLinking.framework/Versions/A/SoftLinking
0x00000001b4d4e000 	/usr/lib/libxml2.2.dylib
0x00000001b8598000 	/usr/lib/libcompression.dylib
0x00000001b9f97000 	/System/Library/PrivateFrameworks/TextureIO.framework/Versions/A/TextureIO
0x00000001b8cc0000 	/usr/lib/libate.dylib
0x00000001b8b85000 	/usr/lib/liblzma.5.dylib
0x00000001ae3d3000 	/System/Library/Frameworks/SystemConfiguration.framework/Versions/A/SystemConfiguration
0x00000001b82fb000 	/usr/lib/libfakelink.dylib
0x00000001b23eb000 	/System/Library/Frameworks/CFNetwork.framework/Versions/A/CFNetwork
0x00000001b8441000 	/usr/lib/libarchive.2.dylib
0x00000001b6e1d000 	/System/Library/PrivateFrameworks/AppleSystemInfo.framework/Versions/A/AppleSystemInfo
0x00000001b79a7000 	/usr/lib/libbsm.0.dylib
0x00000001b1958000 	/usr/lib/libnetwork.dylib
0x00000001b8295000 	/usr/lib/system/libkxld.dylib
0x00000001b75c1000 	/System/Library/PrivateFrameworks/IOMobileFramebuffer.framework/Versions/A/IOMobileFramebuffer
0x000000022d2fe000 	/usr/lib/libCoreEntitlements.dylib
0x00000001b7fcb000 	/System/Library/PrivateFrameworks/AppleFSCompression.framework/Versions/A/AppleFSCompression
0x00000001b798f000 	/usr/lib/libcoretls.dylib
0x00000001b8b9e000 	/usr/lib/libcoretls_cfhelpers.dylib
0x00000001b8593000 	/usr/lib/libpam.2.dylib
0x00000001b3c8c000 	/usr/lib/libsqlite3.dylib
0x00000001b8c07000 	/usr/lib/libxar.1.dylib
0x00000001b7fdc000 	/usr/lib/libbz2.1.0.dylib
0x00000001b8300000 	/usr/lib/libpcap.A.dylib
0x00000001b406d000 	/usr/lib/libdns_services.dylib
0x00000001b8566000 	/usr/lib/libapple_nghttp2.dylib
0x00000001b833d000 	/usr/lib/libiconv.2.dylib
0x00000001b828b000 	/usr/lib/libcharset.1.dylib
0x00000001b4ccc000 	/System/Library/Frameworks/CoreServices.framework/Versions/A/Frameworks/FSEvents.framework/Versions/A/FSEvents
0x00000001afed6000 	/System/Library/Frameworks/CoreServices.framework/Versions/A/Frameworks/CarbonCore.framework/Versions/A/CarbonCore
0x00000001b42ad000 	/System/Library/Frameworks/CoreServices.framework/Versions/A/Frameworks/Metadata.framework/Versions/A/Metadata
0x00000001b7fef000 	/System/Library/Frameworks/CoreServices.framework/Versions/A/Frameworks/OSServices.framework/Versions/A/OSServices
0x00000001b84c7000 	/System/Library/Frameworks/CoreServices.framework/Versions/A/Frameworks/SearchKit.framework/Versions/A/SearchKit
0x00000001b3ffb000 	/System/Library/Frameworks/CoreServices.framework/Versions/A/Frameworks/AE.framework/Versions/A/AE
0x00000001add23000 	/System/Library/Frameworks/CoreServices.framework/Versions/A/Frameworks/LaunchServices.framework/Versions/A/LaunchServices
0x00000001b8b2e000 	/System/Library/Frameworks/CoreServices.framework/Versions/A/Frameworks/DictionaryServices.framework/Versions/A/DictionaryServices
0x00000001b4cd9000 	/System/Library/Frameworks/CoreServices.framework/Versions/A/Frameworks/SharedFileList.framework/Versions/A/SharedFileList
0x00000001b797f000 	/usr/lib/libCheckFix.dylib
0x00000001b292a000 	/System/Library/PrivateFrameworks/TCC.framework/Versions/A/TCC
0x00000001b6e23000 	/System/Library/PrivateFrameworks/CoreNLP.framework/Versions/A/CoreNLP
0x00000001b425c000 	/System/Library/PrivateFrameworks/MetadataUtilities.framework/Versions/A/MetadataUtilities
0x00000001ae48d000 	/usr/lib/libmecabra.dylib
0x00000001b79b8000 	/usr/lib/libmecab.dylib
0x00000001ae459000 	/usr/lib/libCRFSuite.dylib
0x00000001b7a15000 	/usr/lib/libgermantok.dylib
0x00000001b853f000 	/usr/lib/libThaiTokenizer.dylib
0x00000001b4355000 	/System/Library/Frameworks/Accelerate.framework/Versions/A/Frameworks/vImage.framework/Versions/A/vImage
0x00000001be74d000 	/System/Library/Frameworks/Accelerate.framework/Versions/A/Frameworks/vecLib.framework/Versions/A/vecLib
0x00000001b8c4c000 	/System/Library/Frameworks/Accelerate.framework/Versions/A/Frameworks/vecLib.framework/Versions/A/libvMisc.dylib
0x00000001b74c8000 	/System/Library/Frameworks/Accelerate.framework/Versions/A/Frameworks/vecLib.framework/Versions/A/libvDSP.dylib
0x00000001ae0ae000 	/System/Library/Frameworks/Accelerate.framework/Versions/A/Frameworks/vecLib.framework/Versions/A/libBLAS.dylib
0x00000001b8669000 	/System/Library/Frameworks/Accelerate.framework/Versions/A/Frameworks/vecLib.framework/Versions/A/libLAPACK.dylib
0x00000001b7a18000 	/System/Library/Frameworks/Accelerate.framework/Versions/A/Frameworks/vecLib.framework/Versions/A/libLinearAlgebra.dylib
0x00000001b857e000 	/System/Library/Frameworks/Accelerate.framework/Versions/A/Frameworks/vecLib.framework/Versions/A/libSparseBLAS.dylib
0x00000001b8664000 	/System/Library/Frameworks/Accelerate.framework/Versions/A/Frameworks/vecLib.framework/Versions/A/libQuadrature.dylib
0x00000001b6f1c000 	/System/Library/Frameworks/Accelerate.framework/Versions/A/Frameworks/vecLib.framework/Versions/A/libBNNS.dylib
0x00000001ae36c000 	/System/Library/Frameworks/Accelerate.framework/Versions/A/Frameworks/vecLib.framework/Versions/A/libSparse.dylib
0x00000001b6f14000 	/System/Library/PrivateFrameworks/LinguisticData.framework/Versions/A/LinguisticData
0x00000001ae324000 	/System/Library/PrivateFrameworks/Lexicon.framework/Versions/A/Lexicon
0x00000001b8c44000 	/usr/lib/libChineseTokenizer.dylib
0x00000001aead2000 	/System/Library/PrivateFrameworks/LanguageModeling.framework/Versions/A/LanguageModeling
0x00000001b8541000 	/System/Library/PrivateFrameworks/AppleSauce.framework/Versions/A/AppleSauce
0x00000001b75ae000 	/System/Library/PrivateFrameworks/CoreEmoji.framework/Versions/A/CoreEmoji
0x00000001b842f000 	/usr/lib/libcmph.dylib
0x00000001b4cac000 	/System/Library/Frameworks/OpenDirectory.framework/Versions/A/Frameworks/CFOpenDirectory.framework/Versions/A/CFOpenDirectory
0x00000001b4c9c000 	/System/Library/Frameworks/OpenDirectory.framework/Versions/A/OpenDirectory
0x00000001b8ba0000 	/System/Library/PrivateFrameworks/APFS.framework/Versions/A/APFS
0x00000001b78cf000 	/System/Library/Frameworks/SecurityFoundation.framework/Versions/A/SecurityFoundation
0x00000001b8c16000 	/usr/lib/libutil.dylib
0x00000001b020f000 	/System/Library/PrivateFrameworks/CoreServicesStore.framework/Versions/A/CoreServicesStore
0x00000001b8c1a000 	/usr/lib/libxslt.1.dylib
0x00000001b7963000 	/System/Library/PrivateFrameworks/BackgroundTaskManagement.framework/Versions/A/BackgroundTaskManagement
0x00000001b9eb8000 	/System/Library/Frameworks/ImageIO.framework/Versions/A/Resources/libRadiance.dylib
0x00000001b9ec1000 	/System/Library/Frameworks/ImageIO.framework/Versions/A/Resources/libJPEG.dylib
0x00000001b9e12000 	/System/Library/Frameworks/ImageIO.framework/Versions/A/Resources/libPng.dylib
0x00000001b9e34000 	/System/Library/Frameworks/ImageIO.framework/Versions/A/Resources/libTIFF.dylib
0x00000001b9f1c000 	/System/Library/Frameworks/ImageIO.framework/Versions/A/Resources/libGIF.dylib
0x00000001b984a000 	/System/Library/Frameworks/ImageIO.framework/Versions/A/Resources/libJP2.dylib
0x00000001b8f6c000 	/usr/lib/libexpat.1.dylib
0x00000001b9805000 	/System/Library/PrivateFrameworks/AppleJPEG.framework/Versions/A/AppleJPEG
0x00000001b6328000 	/System/Library/PrivateFrameworks/FontServices.framework/libFontParser.dylib
0x00000001b3fa0000 	/System/Library/PrivateFrameworks/RunningBoardServices.framework/Versions/A/RunningBoardServices
0x00000001c4853000 	/System/Library/PrivateFrameworks/IOSurfaceAccelerator.framework/Versions/A/IOSurfaceAccelerator
0x00000001b9936000 	/System/Library/PrivateFrameworks/WatchdogClient.framework/Versions/A/WatchdogClient
0x00000001aebd2000 	/System/Library/Frameworks/CoreDisplay.framework/Versions/A/CoreDisplay
0x00000001b6212000 	/System/Library/Frameworks/CoreMedia.framework/Versions/A/CoreMedia
0x00000001b609d000 	/System/Library/PrivateFrameworks/IOAccelerator.framework/Versions/A/IOAccelerator
0x00000001b4e3c000 	/System/Library/Frameworks/CoreVideo.framework/Versions/A/CoreVideo
0x00000001b8591000 	/System/Library/Frameworks/MetalPerformanceShaders.framework/Versions/A/MetalPerformanceShaders
0x00000001b9975000 	/System/Library/Frameworks/VideoToolbox.framework/Versions/A/VideoToolbox
0x00000001b3ee4000 	/System/Library/PrivateFrameworks/BaseBoard.framework/Versions/A/BaseBoard
0x00000001b3c72000 	/System/Library/PrivateFrameworks/ProtocolBuffer.framework/Versions/A/ProtocolBuffer
0x00000001b9eb3000 	/System/Library/PrivateFrameworks/GPUWrangler.framework/Versions/A/GPUWrangler
0x00000001b9e93000 	/System/Library/PrivateFrameworks/IOPresentment.framework/Versions/A/IOPresentment
0x00000001b9ebb000 	/System/Library/PrivateFrameworks/DSExternalDisplay.framework/Versions/A/DSExternalDisplay
0x000000020ef02000 	/System/Library/Frameworks/OpenGL.framework/Versions/A/Libraries/libCoreFSCache.dylib
0x0000000219dcc000 	/System/Library/PrivateFrameworks/GPUCompiler.framework/Versions/31001/Libraries/libGPUCompilerUtils.dylib
0x00000001b9f21000 	/System/Library/PrivateFrameworks/CMCaptureCore.framework/Versions/A/CMCaptureCore
0x00000001b951d000 	/System/Library/PrivateFrameworks/AppServerSupport.framework/Versions/A/AppServerSupport
0x00000001bb7a7000 	/System/Library/PrivateFrameworks/perfdata.framework/Versions/A/perfdata
0x00000001aecf2000 	/System/Library/PrivateFrameworks/AudioToolboxCore.framework/Versions/A/AudioToolboxCore
0x00000001b61eb000 	/System/Library/PrivateFrameworks/caulk.framework/Versions/A/caulk
0x00000001bb09c000 	/usr/lib/libAudioStatistics.dylib
0x00000001cd0b8000 	/System/Library/PrivateFrameworks/SystemPolicy.framework/Versions/A/SystemPolicy
0x00000001bb308000 	/usr/lib/libSMC.dylib
0x00000001c405a000 	/System/Library/Frameworks/CoreMIDI.framework/Versions/A/CoreMIDI
0x00000001b9de0000 	/usr/lib/libAudioToolboxUtility.dylib
0x00000001c921b000 	/System/Library/PrivateFrameworks/OSAServicesClient.framework/Versions/A/OSAServicesClient
0x00000001bb7b4000 	/usr/lib/libperfcheck.dylib
0x00000001cdbd7000 	/usr/lib/libmis.dylib
0x000000020ef64000 	/System/Library/Frameworks/OpenGL.framework/Versions/A/Libraries/libGLU.dylib
0x000000020ef23000 	/System/Library/Frameworks/OpenGL.framework/Versions/A/Libraries/libGFXShared.dylib
0x000000020f110000 	/System/Library/Frameworks/OpenGL.framework/Versions/A/Libraries/libGL.dylib
0x000000020ef2c000 	/System/Library/Frameworks/OpenGL.framework/Versions/A/Libraries/libGLImage.dylib
0x000000020ef20000 	/System/Library/Frameworks/OpenGL.framework/Versions/A/Libraries/libCVMSPluginSupport.dylib
0x000000020ef09000 	/System/Library/Frameworks/OpenGL.framework/Versions/A/Libraries/libCoreVMClient.dylib
0x00000001b6d9d000 	/System/Library/Frameworks/MetalPerformanceShaders.framework/Versions/A/Frameworks/MPSCore.framework/Versions/A/MPSCore
0x00000001b7f3e000 	/System/Library/Frameworks/MetalPerformanceShaders.framework/Versions/A/Frameworks/MPSImage.framework/Versions/A/MPSImage
0x00000001b7a2d000 	/System/Library/Frameworks/MetalPerformanceShaders.framework/Versions/A/Frameworks/MPSNeuralNetwork.framework/Versions/A/MPSNeuralNetwork
0x00000001b7e66000 	/System/Library/Frameworks/MetalPerformanceShaders.framework/Versions/A/Frameworks/MPSMatrix.framework/Versions/A/MPSMatrix
0x00000001b7c3f000 	/System/Library/Frameworks/MetalPerformanceShaders.framework/Versions/A/Frameworks/MPSRayIntersector.framework/Versions/A/MPSRayIntersector
0x00000001b7e97000 	/System/Library/Frameworks/MetalPerformanceShaders.framework/Versions/A/Frameworks/MPSNDArray.framework/Versions/A/MPSNDArray
0x0000000211a0b000 	/System/Library/Frameworks/MetalPerformanceShaders.framework/Versions/A/Frameworks/MPSFunctions.framework/Versions/A/MPSFunctions
0x00000001adf84000 	/System/Library/PrivateFrameworks/MetalTools.framework/Versions/A/MetalTools
0x00000001b6e1b000 	/System/Library/PrivateFrameworks/AggregateDictionary.framework/Versions/A/AggregateDictionary
0x00000001b8d51000 	/usr/lib/libIOReport.dylib
0x00000001c3073000 	/System/Library/PrivateFrameworks/ASEProcessing.framework/Versions/A/ASEProcessing
0x00000001b90c6000 	/System/Library/PrivateFrameworks/FaceCore.framework/Versions/A/FaceCore
0x00000001b90b8000 	/System/Library/PrivateFrameworks/GraphVisualizer.framework/Versions/A/GraphVisualizer
0x0000000219ce3000 	/System/Library/PrivateFrameworks/FontServices.framework/Versions/A/FontServices
0x00000001b94d9000 	/System/Library/PrivateFrameworks/OTSVG.framework/Versions/A/OTSVG
0x00000001b4a05000 	/System/Library/Frameworks/ApplicationServices.framework/Versions/A/Frameworks/ATS.framework/Versions/A/Resources/libFontRegistry.dylib
0x00000001b9526000 	/System/Library/PrivateFrameworks/FontServices.framework/libhvf.dylib
0x0000000219ce4000 	/System/Library/PrivateFrameworks/FontServices.framework/libXTFontStaticRegistryData.dylib
0x000000020f2b1000 	/System/Library/Frameworks/OpenCL.framework/Versions/A/OpenCL
0x00000001b8f20000 	/System/Library/PrivateFrameworks/AppleVA.framework/Versions/A/AppleVA
0x00000001bb0c4000 	/System/Library/Frameworks/ApplicationServices.framework/Versions/A/Frameworks/ATS.framework/Versions/A/ATS
0x00000001b342f000 	/System/Library/Frameworks/ApplicationServices.framework/Versions/A/Frameworks/HIServices.framework/Versions/A/HIServices
0x00000001b9f2b000 	/System/Library/Frameworks/ApplicationServices.framework/Versions/A/Frameworks/PrintCore.framework/Versions/A/PrintCore
0x00000001bb45b000 	/System/Library/Frameworks/ApplicationServices.framework/Versions/A/Frameworks/QD.framework/Versions/A/QD
0x00000001bb453000 	/System/Library/Frameworks/ApplicationServices.framework/Versions/A/Frameworks/ColorSyncLegacy.framework/Versions/A/ColorSyncLegacy
0x00000001bb0b0000 	/System/Library/Frameworks/ApplicationServices.framework/Versions/A/Frameworks/SpeechSynthesis.framework/Versions/A/SpeechSynthesis
0x00000001b9eec000 	/System/Library/Frameworks/ApplicationServices.framework/Versions/A/Frameworks/ATSUI.framework/Versions/A/ATSUI
0x00000001bb3e8000 	/usr/lib/libcups.2.dylib
0x00000001bb7c2000 	/System/Library/Frameworks/Kerberos.framework/Versions/A/Kerberos
0x00000001bb7d3000 	/System/Library/Frameworks/GSS.framework/Versions/A/GSS
0x00000001bb134000 	/usr/lib/libresolv.9.dylib
0x00000001b9535000 	/System/Library/PrivateFrameworks/Heimdal.framework/Versions/A/Heimdal
0x00000001c22a9000 	/System/Library/Frameworks/Kerberos.framework/Versions/A/Libraries/libHeimdalProxy.dylib
0x00000001b407f000 	/System/Library/Frameworks/Network.framework/Versions/A/Network
0x00000001b8f87000 	/usr/lib/libheimdal-asn1.dylib
0x00000001bb823000 	/System/Library/PrivateFrameworks/CommonAuth.framework/Versions/A/CommonAuth
0x00000001bb02a000 	/System/Library/PrivateFrameworks/AudioSession.framework/Versions/A/AudioSession
0x00000001b9019000 	/System/Library/PrivateFrameworks/MediaExperience.framework/Versions/A/MediaExperience
0x00000001baeaf000 	/System/Library/PrivateFrameworks/AudioSession.framework/libSessionUtility.dylib
0x00000001bb467000 	/System/Library/PrivateFrameworks/AudioResourceArbitration.framework/Versions/A/AudioResourceArbitration
0x00000001bf62a000 	/System/Library/PrivateFrameworks/PowerLog.framework/Versions/A/PowerLog
0x00000001b8f91000 	/System/Library/PrivateFrameworks/IconFoundation.framework/Versions/A/IconFoundation
0x00000001be373000 	/System/Library/PrivateFrameworks/SpeechRecognitionCore.framework/Versions/A/SpeechRecognitionCore
0x0000000102158000 	/Library/Java/JavaVirtualMachines/jdk-17.0.3.1.jdk/Contents/Home/lib/server/libjvm.dylib
0x000000010110c000 	/Library/Java/JavaVirtualMachines/jdk-17.0.3.1.jdk/Contents/Home/lib/libjimage.dylib
0x0000000101138000 	/Library/Java/JavaVirtualMachines/jdk-17.0.3.1.jdk/Contents/Home/lib/libinstrument.dylib
0x0000000101264000 	/Library/Java/JavaVirtualMachines/jdk-17.0.3.1.jdk/Contents/Home/lib/libjava.dylib
0x00000001020f8000 	/Library/Java/JavaVirtualMachines/jdk-17.0.3.1.jdk/Contents/Home/lib/libnio.dylib
0x000000011f83c000 	/Library/Java/JavaVirtualMachines/jdk-17.0.3.1.jdk/Contents/Home/lib/libnet.dylib
0x00000001020d8000 	/Library/Java/JavaVirtualMachines/jdk-17.0.3.1.jdk/Contents/Home/lib/libzip.dylib
0x0000000102118000 	/Users/napakamolpintaprom/.openjfx/cache/17.0.1/libprism_es2.dylib
0x00000001b01d2000 	/System/Library/PrivateFrameworks/CoreServicesInternal.framework/Versions/A/CoreServicesInternal
0x000000020f11a000 	/System/Library/Frameworks/OpenGL.framework/Versions/A/Resources/GLEngine.bundle/GLEngine
0x000000020efa2000 	/System/Library/Frameworks/OpenGL.framework/Versions/A/Libraries/libGLProgrammability.dylib
0x000000011fc40000 	/System/Library/Extensions/AppleMetalOpenGLRenderer.bundle/Contents/MacOS/AppleMetalOpenGLRenderer
0x000000020f289000 	/System/Library/Frameworks/OpenGL.framework/Versions/A/Resources/GLRendererFloat.bundle/GLRendererFloat
0x000000020f389000 	/System/Library/Extensions/AGXMetal13_3.bundle/Contents/MacOS/AGXMetal13_3
0x00000001cdbf3000 	/System/Library/PrivateFrameworks/GPURawCounter.framework/Versions/A/GPURawCounter
0x00000001c8384000 	/System/Library/PrivateFrameworks/IOGPU.framework/Versions/A/IOGPU
0x000000011fcdc000 	/Users/napakamolpintaprom/.openjfx/cache/17.0.1/libglass.dylib
0x00000001bf882000 	/System/Library/Frameworks/FileProvider.framework/Versions/A/FileProvider
0x00000001b3e4c000 	/System/Library/Frameworks/Accounts.framework/Versions/A/Accounts
0x00000001bfa06000 	/System/Library/PrivateFrameworks/GenerationalStorage.framework/Versions/A/GenerationalStorage
0x00000001c05c9000 	/System/Library/PrivateFrameworks/CoreSymbolication.framework/Versions/A/CoreSymbolication
0x00000001bf61e000 	/System/Library/PrivateFrameworks/SymptomDiagnosticReporter.framework/Versions/A/SymptomDiagnosticReporter
0x00000001b14c3000 	/System/Library/PrivateFrameworks/DesktopServicesPriv.framework/Versions/A/DesktopServicesPriv
0x00000001b0334000 	/usr/lib/libsandbox.1.dylib
0x00000001b4eca000 	/System/Library/PrivateFrameworks/UserManagement.framework/Versions/A/UserManagement
0x00000001c0586000 	/System/Library/PrivateFrameworks/DebugSymbols.framework/Versions/A/DebugSymbols
0x00000001bb446000 	/System/Library/PrivateFrameworks/NetAuth.framework/Versions/A/NetAuth
0x00000001bc364000 	/System/Library/PrivateFrameworks/Sharing.framework/Versions/A/Sharing
0x00000001b4e9a000 	/System/Library/PrivateFrameworks/login.framework/Versions/A/Frameworks/loginsupport.framework/Versions/A/loginsupport
0x00000001c17bd000 	/System/Library/PrivateFrameworks/Apple80211.framework/Versions/A/Apple80211
0x00000001b8022000 	/System/Library/PrivateFrameworks/AuthKit.framework/Versions/A/AuthKit
0x00000001b76aa000 	/System/Library/PrivateFrameworks/CoreUtils.framework/Versions/A/CoreUtils
0x00000001b75cd000 	/System/Library/Frameworks/CoreWLAN.framework/Versions/A/CoreWLAN
0x00000001bc4d4000 	/System/Library/Frameworks/IOBluetooth.framework/Versions/A/IOBluetooth
0x00000001c181d000 	/System/Library/PrivateFrameworks/CoreWiFi.framework/Versions/A/CoreWiFi
0x00000001c0166000 	/System/Library/PrivateFrameworks/FrontBoardServices.framework/Versions/A/FrontBoardServices
0x00000001c01fe000 	/System/Library/PrivateFrameworks/BoardServices.framework/Versions/A/BoardServices
0x00000001b78bd000 	/System/Library/PrivateFrameworks/AssertionServices.framework/Versions/A/AssertionServices
0x00000001c199a000 	/System/Library/PrivateFrameworks/BackBoardServices.framework/Versions/A/BackBoardServices
0x00000001bb8ba000 	/System/Library/PrivateFrameworks/CorePhoneNumbers.framework/Versions/A/CorePhoneNumbers
0x00000001bb161000 	/System/Library/PrivateFrameworks/MultiverseSupport.framework/Versions/A/MultiverseSupport
0x00000001c1c1c000 	/System/Library/PrivateFrameworks/RemoteServiceDiscovery.framework/Versions/A/RemoteServiceDiscovery
0x00000001bf74e000 	/System/Library/PrivateFrameworks/DiskManagement.framework/Versions/A/DiskManagement
0x00000001bf651000 	/System/Library/PrivateFrameworks/AppleIDAuthSupport.framework/Versions/A/AppleIDAuthSupport
0x0000000214248000 	/System/Library/PrivateFrameworks/AAAFoundation.framework/Versions/A/AAAFoundation
0x00000001bb899000 	/System/Library/PrivateFrameworks/KeychainCircle.framework/Versions/A/KeychainCircle
0x00000001c1c2c000 	/System/Library/PrivateFrameworks/RemoteXPC.framework/Versions/A/RemoteXPC
0x00000001bf71a000 	/System/Library/PrivateFrameworks/MediaKit.framework/Versions/A/MediaKit
0x00000001bf65e000 	/System/Library/Frameworks/DiscRecording.framework/Versions/A/DiscRecording
0x00000001b8e9c000 	/usr/lib/libCoreStorage.dylib
0x00000001c1c98000 	/usr/lib/libcsfde.dylib
0x00000001bc5a9000 	/System/Library/PrivateFrameworks/ProtectedCloudStorage.framework/Versions/A/ProtectedCloudStorage
0x00000001c1c90000 	/System/Library/PrivateFrameworks/EFILogin.framework/Versions/A/EFILogin
0x00000001bfa2d000 	/System/Library/PrivateFrameworks/OctagonTrust.framework/Versions/A/OctagonTrust
0x0000000218e6a000 	/System/Library/PrivateFrameworks/CoreUtilsExtras.framework/Versions/A/CoreUtilsExtras
0x00000001bf583000 	/System/Library/Frameworks/CoreBluetooth.framework/Versions/A/CoreBluetooth
0x00000001c232e000 	/System/Library/Frameworks/AudioUnit.framework/Versions/A/AudioUnit
0x00000001b8e94000 	/usr/lib/libMatch.1.dylib
0x00000001d20db000 	/System/Library/Frameworks/Accelerate.framework/Versions/A/Frameworks/vImage.framework/Versions/A/Libraries/libCGInterfaces.dylib
0x000000012bf8c000 	/usr/lib/libobjc-trampolines.dylib
0x00000001b4b94000 	/System/Library/PrivateFrameworks/ViewBridge.framework/Versions/A/ViewBridge
0x00000001b8d5a000 	/System/Library/PrivateFrameworks/CrashReporterSupport.framework/Versions/A/CrashReporterSupport
0x00000001d9b92000 	/System/Library/PrivateFrameworks/OSAnalytics.framework/Versions/A/OSAnalytics
0x00000001e4eff000 	/System/Library/PrivateFrameworks/Symbolication.framework/Versions/A/Symbolication
0x00000001cdbb4000 	/System/Library/PrivateFrameworks/MallocStackLogging.framework/Versions/A/MallocStackLogging
0x000000012e698000 	/Users/napakamolpintaprom/.openjfx/cache/17.0.1/libjavafx_font.dylib
0x000000012fd80000 	/Users/napakamolpintaprom/.openjfx/cache/17.0.1/libjavafx_iio.dylib
0x00000001b95f8000 	/System/Library/PrivateFrameworks/login.framework/Versions/A/login
0x000000022d45b000 	/usr/lib/libRosetta.dylib
0x00000001bea9c000 	/System/Library/PrivateFrameworks/SystemAdministration.framework/Versions/A/SystemAdministration
0x00000001ba132000 	/System/Library/Frameworks/MediaToolbox.framework/Versions/A/MediaToolbox
0x00000001be33b000 	/System/Library/Frameworks/DirectoryService.framework/Versions/A/DirectoryService
0x00000001c1b24000 	/System/Library/PrivateFrameworks/DiskImages.framework/Versions/A/DiskImages
0x00000001b796e000 	/System/Library/Frameworks/ServiceManagement.framework/Versions/A/ServiceManagement
0x00000001c1d0e000 	/System/Library/PrivateFrameworks/LoginUIKit.framework/Versions/A/Frameworks/LoginUICore.framework/Versions/A/LoginUICore
0x00000001b97ae000 	/usr/lib/libodfde.dylib
0x00000001bf84e000 	/System/Library/PrivateFrameworks/CoreAVCHD.framework/Versions/A/CoreAVCHD
0x00000001bea5e000 	/System/Library/Frameworks/MediaAccessibility.framework/Versions/A/MediaAccessibility
0x00000001bf84a000 	/System/Library/PrivateFrameworks/Mangrove.framework/Versions/A/Mangrove
0x00000001bea6b000 	/System/Library/PrivateFrameworks/AlgosScoreFramework.framework/Versions/A/AlgosScoreFramework
0x0000000215f4d000 	/System/Library/PrivateFrameworks/CMPhoto.framework/Versions/A/CMPhoto
0x00000001bf83e000 	/System/Library/PrivateFrameworks/CoreAUC.framework/Versions/A/CoreAUC
0x00000001c1ca4000 	/usr/lib/libcurl.4.dylib
0x000000022d803000 	/usr/lib/libcrypto.46.dylib
0x000000022dcac000 	/usr/lib/libssl.48.dylib
0x00000001c19ba000 	/System/Library/Frameworks/LDAP.framework/Versions/A/LDAP
0x00000001c19f6000 	/System/Library/PrivateFrameworks/TrustEvaluationAgent.framework/Versions/A/TrustEvaluationAgent
0x00000001bb14d000 	/usr/lib/libsasl2.2.dylib
0x00000001bea91000 	/System/Library/PrivateFrameworks/CoreDaemon.framework/Versions/B/CoreDaemon
0x00000001bea8b000 	/System/Library/PrivateFrameworks/AppleSRP.framework/Versions/A/AppleSRP


VM Arguments:
jvm_args: -javaagent:/Applications/IntelliJ IDEA CE.app/Contents/lib/idea_rt.jar=59197:/Applications/IntelliJ IDEA CE.app/Contents/bin -Dfile.encoding=UTF-8 --module-path=/Users/napakamolpintaprom/.m2/repository/org/openjfx/javafx-controls/17.0.1/javafx-controls-17.0.1-mac-aarch64.jar:/Users/napakamolpintaprom/.m2/repository/org/openjfx/javafx-graphics/17.0.1/javafx-graphics-17.0.1-mac-aarch64.jar:/Users/napakamolpintaprom/.m2/repository/org/openjfx/javafx-base/17.0.1/javafx-base-17.0.1-mac-aarch64.jar:/Users/napakamolpintaprom/Desktop/tangmo/project211-dingtwo/target/classes:/Users/napakamolpintaprom/.m2/repository/org/openjfx/javafx-fxml/17.0.1/javafx-fxml-17.0.1-mac-aarch64.jar -Djdk.module.main=cs.ku 
java_command: cs.ku/ku.cs.ProjectApplication
java_class_path (initial): /Users/napakamolpintaprom/.m2/repository/org/openjfx/javafx-controls/17.0.1/javafx-controls-17.0.1.jar:/Users/napakamolpintaprom/.m2/repository/org/openjfx/javafx-graphics/17.0.1/javafx-graphics-17.0.1.jar:/Users/napakamolpintaprom/.m2/repository/org/openjfx/javafx-base/17.0.1/javafx-base-17.0.1.jar:/Users/napakamolpintaprom/.m2/repository/org/openjfx/javafx-fxml/17.0.1/javafx-fxml-17.0.1.jar
Launcher Type: SUN_STANDARD

[Global flags]
     intx CICompilerCount                          = 4                                         {product} {ergonomic}
     uint ConcGCThreads                            = 2                                         {product} {ergonomic}
     uint G1ConcRefinementThreads                  = 8                                         {product} {ergonomic}
   size_t G1HeapRegionSize                         = 1048576                                   {product} {ergonomic}
    uintx GCDrainStackTargetSize                   = 64                                        {product} {ergonomic}
   size_t InitialHeapSize                          = 134217728                                 {product} {ergonomic}
   size_t MarkStackSize                            = 4194304                                   {product} {ergonomic}
   size_t MaxHeapSize                              = 2147483648                                {product} {ergonomic}
   size_t MaxNewSize                               = 1287651328                                {product} {ergonomic}
   size_t MinHeapDeltaBytes                        = 1048576                                   {product} {ergonomic}
   size_t MinHeapSize                              = 8388608                                   {product} {ergonomic}
    uintx NonNMethodCodeHeapSize                   = 5839564                                {pd product} {ergonomic}
    uintx NonProfiledCodeHeapSize                  = 122909338                              {pd product} {ergonomic}
    uintx ProfiledCodeHeapSize                     = 122909338                              {pd product} {ergonomic}
    uintx ReservedCodeCacheSize                    = 251658240                              {pd product} {ergonomic}
     bool SegmentedCodeCache                       = true                                      {product} {ergonomic}
   size_t SoftMaxHeapSize                          = 2147483648                             {manageable} {ergonomic}
     bool UseCompressedClassPointers               = true                           {product lp64_product} {ergonomic}
     bool UseCompressedOops                        = true                           {product lp64_product} {ergonomic}
     bool UseG1GC                                  = true                                      {product} {ergonomic}
     bool UseNUMA                                  = false                                     {product} {ergonomic}
     bool UseNUMAInterleaving                      = false                                     {product} {ergonomic}

Logging:
Log output configuration:
 #0: stdout all=warning uptime,level,tags
 #1: stderr all=off uptime,level,tags

Environment Variables:
PATH=/opt/homebrew/bin:/Library/Frameworks/Python.framework/Versions/3.9/bin:/usr/local/bin:/usr/bin:/bin:/usr/sbin:/sbin:/Applications/VMware Fusion Tech Preview.app/Contents/Public
SHELL=/bin/zsh
LC_CTYPE=en_US.UTF-8

Signal Handlers:
   SIGSEGV: _ZL13crash_handleriP9__siginfoPv in libjvm.dylib, mask=11100110000111110111111111111111, flags=SA_RESTART|SA_SIGINFO
    SIGBUS: _ZL13crash_handleriP9__siginfoPv in libjvm.dylib, mask=11100110000111110111111111111111, flags=SA_RESTART|SA_SIGINFO
    SIGFPE: _ZL13crash_handleriP9__siginfoPv in libjvm.dylib, mask=11100110000111110111111111111111, flags=SA_RESTART|SA_SIGINFO
   SIGPIPE: _ZL17javaSignalHandleriP9__siginfoPv in libjvm.dylib, mask=11100110000111110111111111111111, flags=SA_RESTART|SA_SIGINFO
   SIGXFSZ: _ZL17javaSignalHandleriP9__siginfoPv in libjvm.dylib, mask=11100110000111110111111111111111, flags=SA_RESTART|SA_SIGINFO
    SIGILL: _ZL13crash_handleriP9__siginfoPv in libjvm.dylib, mask=11100110000111110111111111111111, flags=SA_RESTART|SA_SIGINFO
   SIGUSR2: _ZL10SR_handleriP9__siginfoP17__darwin_ucontext in libjvm.dylib, mask=00100000000000000000000000000000, flags=SA_RESTART|SA_SIGINFO
    SIGHUP: _ZL11UserHandleriPvS_ in libjvm.dylib, mask=11100110000111110111111111111111, flags=SA_RESTART|SA_SIGINFO
    SIGINT: _ZL11UserHandleriPvS_ in libjvm.dylib, mask=11100110000111110111111111111111, flags=SA_RESTART|SA_SIGINFO
   SIGTERM: _ZL11UserHandleriPvS_ in libjvm.dylib, mask=11100110000111110111111111111111, flags=SA_RESTART|SA_SIGINFO
   SIGQUIT: _ZL11UserHandleriPvS_ in libjvm.dylib, mask=11100110000111110111111111111111, flags=SA_RESTART|SA_SIGINFO
   SIGTRAP: _ZL13crash_handleriP9__siginfoPv in libjvm.dylib, mask=11100110000111110111111111111111, flags=SA_RESTART|SA_SIGINFO


---------------  S Y S T E M  ---------------

OS:
uname: Darwin 21.6.0 Darwin Kernel Version 21.6.0: Mon Aug 22 20:20:05 PDT 2022; root:xnu-8020.140.49~2/RELEASE_ARM64_T8101 arm64
OS uptime: 3 days 14:29 hours
rlimit (soft/hard): STACK 8176k/65520k , CORE 0k/infinity , NPROC 1333/2000 , NOFILE 10240/infinity , AS infinity/infinity , CPU infinity/infinity , DATA infinity/infinity , FSIZE infinity/infinity , MEMLOCK infinity/infinity , RSS infinity/infinity
load average: 1.71 1.79 1.81

CPU: total 8 (initial active 8) 0x61:0x0:0x1b588bb3:0, fp, simd, crc, lse

Memory: 16k page, physical 8388608k(86880k free), swap 2097152k(1568640k free)

vm_info: Java HotSpot(TM) 64-Bit Server VM (17.0.3.1+2-LTS-6) for bsd-aarch64 JRE (17.0.3.1+2-LTS-6), built on Apr 25 2022 20:48:14 by "mach5one" with clang Apple LLVM 12.0.0 (clang-1200.0.32.29)

END.
