#
# A fatal error has been detected by the Java Runtime Environment:
#
#  SIGBUS (0xa) at pc=0x000000010c1854f0, pid=51262, tid=33295
#
# JRE version: Java(TM) SE Runtime Environment (17.0.3.1+2) (build 17.0.3.1+2-LTS-6)
# Java VM: Java HotSpot(TM) 64-Bit Server VM (17.0.3.1+2-LTS-6, mixed mode, sharing, tiered, compressed oops, compressed class ptrs, g1 gc, bsd-aarch64)
# Problematic frame:
# v  ~StubRoutines::SafeFetchN
#
# No core dump will be written. Core dumps have been disabled. To enable core dumping, try "ulimit -c unlimited" before starting Java again
#
# If you would like to submit a bug report, please visit:
#   https://bugreport.java.com/bugreport/crash.jsp
# The crash happened outside the Java Virtual Machine in native code.
# See problematic frame for where to report the bug.
#

---------------  S U M M A R Y ------------

Command Line: -javaagent:/Applications/IntelliJ IDEA CE.app/Contents/lib/idea_rt.jar=62310:/Applications/IntelliJ IDEA CE.app/Contents/bin -Dfile.encoding=UTF-8 --module-path=/Users/napakamolpintaprom/.m2/repository/org/openjfx/javafx-graphics/17.0.1/javafx-graphics-17.0.1-mac-aarch64.jar:/Users/napakamolpintaprom/Desktop/project211-dingtwo/target/classes:/Users/napakamolpintaprom/.m2/repository/org/openjfx/javafx-controls/17.0.1/javafx-controls-17.0.1-mac-aarch64.jar:/Users/napakamolpintaprom/.m2/repository/org/openjfx/javafx-base/17.0.1/javafx-base-17.0.1-mac-aarch64.jar:/Users/napakamolpintaprom/.m2/repository/org/openjfx/javafx-fxml/17.0.1/javafx-fxml-17.0.1-mac-aarch64.jar -Djdk.module.main=cs.ku cs.ku/ku.cs.ProjectApplication

Host: "MacBookAir10,1" arm64 1 MHz, 8 cores, 8G, Darwin 21.1.0, macOS 12.0.1 (21A559)
Time: Sun Sep 25 21:23:40 2022 +07 elapsed time: 0.287551 seconds (0d 0h 0m 0s)

---------------  T H R E A D  ---------------

Current thread (0x000000014f282200):  JavaThread "InvokeLaterDispatcher" daemon [_thread_in_native, id=33295, stack(0x000000016ff1c000,0x000000017011f000)]

Stack: [0x000000016ff1c000,0x000000017011f000],  sp=0x000000017011e7b0,  free space=2057k
Native frames: (J=compiled Java code, j=interpreted, Vv=VM code, C=native code)
v  ~StubRoutines::SafeFetchN
V  [libjvm.dylib+0x7a3f04]  _ZN10OopStorage7releaseEPKP7oopDesc+0x20
V  [libjvm.dylib+0x4b93a0]  jni_DeleteGlobalRef+0xc4
C  [libglass.dylib+0xab08]  -[GlassRunnable dealloc]+0x34
C  [Foundation+0x85e0c]  -[_NSThreadPerformInfo dealloc]+0x30
C  [Foundation+0x525e8]  -[NSObject(NSThreadPerformAdditions) performSelectorOnMainThread:withObject:waitUntilDone:]+0x88
C  0x734780010c18d8ac
j  com.sun.glass.ui.mac.MacApplication.submitForLaterInvocation(Ljava/lang/Runnable;)V+2 javafx.graphics
j  com.sun.glass.ui.InvokeLaterDispatcher.run()V+82 javafx.graphics
v  ~StubRoutines::call_stub
V  [libjvm.dylib+0x4609f8]  _ZN9JavaCalls11call_helperEP9JavaValueRK12methodHandleP17JavaCallArgumentsP10JavaThread+0x38c
V  [libjvm.dylib+0x45fa14]  _ZN9JavaCalls12call_virtualEP9JavaValueP5KlassP6SymbolS5_P17JavaCallArgumentsP10JavaThread+0x11c
V  [libjvm.dylib+0x45fae0]  _ZN9JavaCalls12call_virtualEP9JavaValue6HandleP5KlassP6SymbolS6_P10JavaThread+0x64
V  [libjvm.dylib+0x513360]  _ZL12thread_entryP10JavaThreadS0_+0xc4
V  [libjvm.dylib+0x904598]  _ZN10JavaThread17thread_main_innerEv+0x134
V  [libjvm.dylib+0x902ec0]  _ZN6Thread8call_runEv+0x128
V  [libjvm.dylib+0x7aaac4]  _ZL19thread_native_entryP6Thread+0x158
C  [libsystem_pthread.dylib+0x74ec]  _pthread_start+0x94

Java frames: (J=compiled Java code, j=interpreted, Vv=VM code)
j  com.sun.glass.ui.mac.MacApplication._submitForLaterInvocation(Ljava/lang/Runnable;)V+0 javafx.graphics
j  com.sun.glass.ui.mac.MacApplication.submitForLaterInvocation(Ljava/lang/Runnable;)V+2 javafx.graphics
j  com.sun.glass.ui.InvokeLaterDispatcher.run()V+82 javafx.graphics
v  ~StubRoutines::call_stub

siginfo: si_signo: 10 (SIGBUS), si_code: 1 (BUS_ADRALN), si_addr: 0x000000010c1854f0

Register to memory mapping:

 x0=0x000000014e0076c8 points into unknown readable memory: 0x0000000000000000 | 00 00 00 00 00 00 00 00
 x1=0x0 is NULL
 x2=0x000000078757fd08 is an oop: com.sun.glass.ui.InvokeLaterDispatcher$Future 
{0x000000078757fd08} - klass: 'com/sun/glass/ui/InvokeLaterDispatcher$Future'
 - ---- fields (total size 3 words):
 - private 'done' 'Z' @12  true
 - private final 'runnable' 'Ljava/lang/Runnable;' @16  a 'com/sun/javafx/application/PlatformImpl$$Lambda$92+0x0000000800c85910'{0x00000007871201b8} (f0e24037)
 - final synthetic 'this$0' 'Lcom/sun/glass/ui/InvokeLaterDispatcher;' @20  a 'com/sun/glass/ui/InvokeLaterDispatcher'{0x0000000787529998} (f0ea5333)
 x3=0x0 is NULL
 x4=0x00000000000130a8 is an unknown value
 x5=0x0 is NULL
 x6=0x0 is NULL
 x7=0x0 is NULL
 x8=0x000000010c1854ec is at begin+0 in a stub
StubRoutines::SafeFetchN [0x000000010c1854ec, 0x000000010c1854f8] (12 bytes)
 x9=0x0 is NULL
x10=0x2010000030300000 is an unknown value
x11=0x0000000000000007 is an unknown value
x12=0x0 is NULL
x13=0x00006000039f8570 points into unknown readable memory: 0x0000000000000000 | 00 00 00 00 00 00 00 00
x14=0x0000000000000001 is an unknown value
x15=0x0000000123a59f98: OBJC_CLASS_$_GlassRunnable+0 in /Users/napakamolpintaprom/.openjfx/cache/17.0.1/libglass.dylib at 0x0000000123a14000
x16=0x000000018892c340: pthread_getspecific+0 in /usr/lib/system/libsystem_pthread.dylib at 0x000000018892a000
x17=0x0000600003ce9f10 points into unknown readable memory: 0xfffffffffffffffe | fe ff ff ff ff ff ff ff
x18=0x0 is NULL
x19=0x0000600003ce8230 points into unknown readable memory: 0x00006000015f01f0 | f0 01 5f 01 00 60 00 00
x20=0x000000014e0074c0 points into unknown readable memory: 0x00000007874c8bc8 | c8 8b 4c 87 07 00 00 00
x21=0x000000014e0076c8 points into unknown readable memory: 0x0000000000000000 | 00 00 00 00 00 00 00 00
x22=0x000000014f282200 is a thread
x23=0x0000000000000001 is an unknown value
x24=0x000000014e007680 is a global jni handle
x25=0x0000000104639628: _ZN12StubRoutines17_safefetchN_entryE+0 in /Library/Java/JavaVirtualMachines/jdk-17.0.3.1.jdk/Contents/Home/lib/server/libjvm.dylib at 0x0000000103aa0000
x26=0x00000001219185e8 is pointing into metadata
x27=0x0 is NULL
x28=0x000000014f282200 is a thread


Registers:
 x0=0x000000014e0076c8  x1=0x0000000000000000  x2=0x000000078757fd08  x3=0x0000000000000000
 x4=0x00000000000130a8  x5=0x0000000000000000  x6=0x0000000000000000  x7=0x0000000000000000
 x8=0x000000010c1854ec  x9=0x0000000000000000 x10=0x2010000030300000 x11=0x0000000000000007
x12=0x0000000000000000 x13=0x00006000039f8570 x14=0x0000000000000001 x15=0x0000000123a59f98
x16=0x000000018892c340 x17=0x0000600003ce9f10 x18=0x0000000000000000 x19=0x0000600003ce8230
x20=0x000000014e0074c0 x21=0x000000014e0076c8 x22=0x000000014f282200 x23=0x0000000000000001
x24=0x000000014e007680 x25=0x0000000104639628 x26=0x00000001219185e8 x27=0x0000000000000000
x28=0x000000014f282200  fp=0x000000017011e7f0  lr=0x0000000104242cd4  sp=0x000000017011e7b0
pc=0x000000010c1854f0 cpsr=0x0000000060001000
Top of Stack: (sp=0x000000017011e7b0)
0x000000017011e7b0:   00000001219185e8 0000000000000001
0x000000017011e7c0:   000000017011e9a8 00006000015b5d90
0x000000017011e7d0:   0000000000000000 000000014e0076b0
0x000000017011e7e0:   000000014e0076b0 0000600003ce8230
0x000000017011e7f0:   000000017011e830 0000000104243f04
0x000000017011e800:   0000000000000001 000000014e0076b0
0x000000017011e810:   0000000000000000 000000014e0076b0
0x000000017011e820:   0000000000000001 000000014f282800
0x000000017011e830:   000000017011e860 0000000103f593a0
0x000000017011e840:   00006000015b5dc0 00000001d2b599f4
0x000000017011e850:   0000000000000000 00006000015b5dc0
0x000000017011e860:   000000017011e890 0000000123a1eb08
0x000000017011e870:   45b6ee6d111b0003 0000000000000000
0x000000017011e880:   0000000000000000 00006000002ba980
0x000000017011e890:   000000017011e8d0 00000001898f4e0c
0x000000017011e8a0:   000000017011e9a8 00006000015b5d90
0x000000017011e8b0:   00006000015b5dc0 45b6ee6d111b0003
0x000000017011e8c0:   0000000000000000 0000000000000000
0x000000017011e8d0:   000000017011e910 33178001898c15e8
0x000000017011e8e0:   000000017011e9a8 000000010c18c7c0
0x000000017011e8f0:   0000000000000000 0000000104640fe8
0x000000017011e900:   000000017011e920 000000010c18b730
0x000000017011e910:   000000017011e980 734780010c18d8ac
0x000000017011e920:   000000017011e920 000000080098d01d
0x000000017011e930:   000000017011e930 0000000000000000
0x000000017011e940:   000000017011e9a8 00000001219185e8
0x000000017011e950:   00000007876a5e70 0000000000000000
0x000000017011e960:   0000000000000000 00000001218f7138
0x000000017011e970:   0000000000000000 000000017011e980
0x000000017011e980:   000000017011ea00 000000010c189fc8
0x000000017011e990:   0000000000000000 0000000000000000
0x000000017011e9a0:   000000078757fd08 00000007875234b0 

Instructions: (pc=0x000000010c1854f0)
0x000000010c1853f0:   f2a08c09 f2c00029 6d425935 1e640886
0x000000010c185400:   0c402d31 1e6408c7 1f5654d0 1e6c1017
0x000000010c185410:   1f5050d0 1f504cd0 1f5048d0 1e650af6
0x000000010c185420:   1f50d8f6 1f5694d6 1f5158f6 1e762880
0x000000010c185430:   36000501 1e614000 14000026 2e251ca5
0x000000010c185440:   d28c3009 f2a08c09 f2c00029 6d425d36
0x000000010c185450:   1e600806 0c402d32 1f5758c7 1e6c101a
0x000000010c185460:   1f4754c7 1e650805 1f4750c7 d2866668
0x000000010c185470:   f2a7fa68 1f474cc7 1e6608c0 1f4748c7
0x000000010c185480:   1e6e1019 eb08007f 540000ac 1f479400
0x000000010c185490:   1f460340 1e603b20 1400000e d2a7fd29
0x000000010c1854a0:   eb09007f 540000ac 51480069 d3607d29
0x000000010c1854b0:   9e670121 14000002 1e6a5001 1f679417
0x000000010c1854c0:   1f668742 1e613b23 1e773857 1e773860
0x000000010c1854d0:   a8c17ff3 910003bf a8c17bfd d65f03c0
0x000000010c1854e0:   b9400001 aa0103e0 d65f03c0 f9400001
0x000000010c1854f0:   aa0103e0 d65f03c0 00000000 00000000
0x000000010c185500:   00000000 00000000 00000000 00000000
0x000000010c185510:   00000000 00000000 00000000 00000000
0x000000010c185520:   00000000 00000000 00000000 00000000
0x000000010c185530:   00000000 00000000 00000000 00000000
0x000000010c185540:   00000000 00000000 00000000 00000000
0x000000010c185550:   00000000 00000000 00000000 00000000
0x000000010c185560:   00000000 00000000 00000000 00000000
0x000000010c185570:   00000000 00000000 00000000 00000000
0x000000010c185580:   00000000 00000000 00000000 00000000
0x000000010c185590:   00000000 00000000 00000000 00000000
0x000000010c1855a0:   00000000 00000000 00000000 00000000
0x000000010c1855b0:   00000000 00000000 00000000 00000000
0x000000010c1855c0:   00000000 00000000 00000000 00000000
0x000000010c1855d0:   00000000 00000000 00000000 00000000
0x000000010c1855e0:   00000000 00000000 00000000 00000000 


Stack slot to memory mapping:
stack at sp + 0 slots: 0x00000001219185e8 is pointing into metadata
stack at sp + 1 slots: 0x0000000000000001 is an unknown value
stack at sp + 2 slots: 0x000000017011e9a8 is pointing into the stack for thread: 0x000000014f282200
stack at sp + 3 slots: 0x00006000015b5d90 points into unknown readable memory: 0x01000001e160e081 | 81 e0 60 e1 01 00 00 01
stack at sp + 4 slots: 0x0 is NULL
stack at sp + 5 slots: 0x000000014e0076b0 is a global jni handle
stack at sp + 6 slots: 0x000000014e0076b0 is a global jni handle
stack at sp + 7 slots: 0x0000600003ce8230 points into unknown readable memory: 0x00006000015f01f0 | f0 01 5f 01 00 60 00 00

StubRoutines::SafeFetchN [0x000000010c1854ec, 0x000000010c1854f8] (12 bytes)
[MachCode]
  0x000000010c1854ec: 0100 40f9 | e003 01aa | c003 5fd6 
[/MachCode]

---------------  P R O C E S S  ---------------

Threads class SMR info:
_java_thread_list=0x00006000017b57a0, length=17, elements={
0x000000014f008a00, 0x000000014d88f200, 0x000000014d80d600, 0x000000014f030a00,
0x000000014f02c600, 0x000000014d891a00, 0x000000014f02cc00, 0x000000014f02d200,
0x000000012d80ae00, 0x000000014f02d800, 0x000000014f119c00, 0x000000014e81d800,
0x000000014f122200, 0x000000014f282200, 0x000000014f282800, 0x000000014f2a6400,
0x000000014f2a2800
}

Java Threads: ( => current thread )
  0x000000014f008a00 JavaThread "main" [_thread_blocked, id=6147, stack(0x000000016d514000,0x000000016d717000)]
  0x000000014d88f200 JavaThread "Reference Handler" daemon [_thread_blocked, id=15363, stack(0x000000016e368000,0x000000016e56b000)]
  0x000000014d80d600 JavaThread "Finalizer" daemon [_thread_blocked, id=15619, stack(0x000000016e574000,0x000000016e777000)]
  0x000000014f030a00 JavaThread "Signal Dispatcher" daemon [_thread_blocked, id=22531, stack(0x000000016e898000,0x000000016ea9b000)]
  0x000000014f02c600 JavaThread "Service Thread" daemon [_thread_blocked, id=41987, stack(0x000000016eaa4000,0x000000016eca7000)]
  0x000000014d891a00 JavaThread "Monitor Deflation Thread" daemon [_thread_blocked, id=41475, stack(0x000000016ecb0000,0x000000016eeb3000)]
  0x000000014f02cc00 JavaThread "C2 CompilerThread0" daemon [_thread_blocked, id=23043, stack(0x000000016eebc000,0x000000016f0bf000)]
  0x000000014f02d200 JavaThread "C1 CompilerThread0" daemon [_thread_blocked, id=23555, stack(0x000000016f0c8000,0x000000016f2cb000)]
  0x000000012d80ae00 JavaThread "Sweeper thread" daemon [_thread_blocked, id=40707, stack(0x000000016f2d4000,0x000000016f4d7000)]
  0x000000014f02d800 JavaThread "Common-Cleaner" daemon [_thread_blocked, id=40195, stack(0x000000016f4e0000,0x000000016f6e3000)]
  0x000000014f119c00 JavaThread "Monitor Ctrl-Break" daemon [_thread_in_native, id=39683, stack(0x000000016f6ec000,0x000000016f8ef000)]
  0x000000014e81d800 JavaThread "Notification Thread" daemon [_thread_blocked, id=39171, stack(0x000000016f8f8000,0x000000016fafb000)]
  0x000000014f122200 JavaThread "QuantumRenderer-0" daemon [_thread_blocked, id=38659, stack(0x000000016fd10000,0x000000016ff13000)]
=>0x000000014f282200 JavaThread "InvokeLaterDispatcher" daemon [_thread_in_native, id=33295, stack(0x000000016ff1c000,0x000000017011f000)]
  0x000000014f282800 JavaThread "JavaFX Application Thread" [_thread_in_vm, id=259, stack(0x000000016cc8c000,0x000000016d488000)]
  0x000000014f2a6400 JavaThread "PulseTimer-CVDisplayLink thread" daemon [_thread_in_native, id=52995, stack(0x0000000170128000,0x00000001701ab000)]
  0x000000014f2a2800 JavaThread "JavaFX-Launcher" [_thread_blocked, id=76547, stack(0x00000001703c0000,0x00000001705c3000)]

Other Threads:
  0x000000014d7082b0 VMThread "VM Thread" [stack: 0x000000016e15c000,0x000000016e35f000] [id=17155]
  0x000000014d70a4d0 WatcherThread [stack: 0x000000016fb04000,0x000000016fd07000] [id=23811]
  0x000000014e0065b0 GCTaskThread "GC Thread#0" [stack: 0x000000016d720000,0x000000016d923000] [id=12547]
  0x000000014d606a00 ConcurrentGCThread "G1 Main Marker" [stack: 0x000000016d92c000,0x000000016db2f000] [id=12803]
  0x000000014d607280 ConcurrentGCThread "G1 Conc#0" [stack: 0x000000016db38000,0x000000016dd3b000] [id=19715]
  0x000000014d608fb0 ConcurrentGCThread "G1 Refine#0" [stack: 0x000000016dd44000,0x000000016df47000] [id=14083]
  0x000000014d704830 ConcurrentGCThread "G1 Service" [stack: 0x000000016df50000,0x000000016e153000] [id=18947]

Threads with active compile tasks:

VM state: not at safepoint (normal execution)

VM Mutex/Monitor currently owned by a thread: None

Heap address: 0x0000000780000000, size: 2048 MB, Compressed Oops mode: Zero based, Oop shift amount: 3

CDS archive(s) mapped at: [0x0000000800000000-0x0000000800bd8000-0x0000000800bd8000), size 12419072, SharedBaseAddress: 0x0000000800000000, ArchiveRelocationMode: 0.
Compressed class space mapped at: 0x0000000800c00000-0x0000000840c00000, reserved size: 1073741824
Narrow klass base: 0x0000000800000000, Narrow klass shift: 0, Narrow klass range: 0x100000000

GC Precious Log:
 CPUs: 8 total, 8 available
 Memory: 8192M
 Large Page Support: Disabled
 NUMA Support: Disabled
 Compressed Oops: Enabled (Zero based)
 Heap Region Size: 1M
 Heap Min Capacity: 8M
 Heap Initial Capacity: 128M
 Heap Max Capacity: 2G
 Pre-touch: Disabled
 Parallel Workers: 8
 Concurrent Workers: 2
 Concurrent Refinement Workers: 8
 Periodic GC: Disabled

Heap:
 garbage-first heap   total 133120K, used 14304K [0x0000000780000000, 0x0000000800000000)
  region size 1024K, 15 young (15360K), 0 survivors (0K)
 Metaspace       used 4314K, committed 4544K, reserved 1056768K
  class space    used 483K, committed 576K, reserved 1048576K

Heap Regions: E=young(eden), S=young(survivor), O=old, HS=humongous(starts), HC=humongous(continues), CS=collection set, F=free, OA=open archive, CA=closed archive, TAMS=top-at-mark-start (previous, next)
|   0|0x0000000780000000, 0x0000000780000000, 0x0000000780100000|  0%| F|  |TAMS 0x0000000780000000, 0x0000000780000000| Untracked 
|   1|0x0000000780100000, 0x0000000780100000, 0x0000000780200000|  0%| F|  |TAMS 0x0000000780100000, 0x0000000780100000| Untracked 
|   2|0x0000000780200000, 0x0000000780200000, 0x0000000780300000|  0%| F|  |TAMS 0x0000000780200000, 0x0000000780200000| Untracked 
|   3|0x0000000780300000, 0x0000000780300000, 0x0000000780400000|  0%| F|  |TAMS 0x0000000780300000, 0x0000000780300000| Untracked 
|   4|0x0000000780400000, 0x0000000780400000, 0x0000000780500000|  0%| F|  |TAMS 0x0000000780400000, 0x0000000780400000| Untracked 
|   5|0x0000000780500000, 0x0000000780500000, 0x0000000780600000|  0%| F|  |TAMS 0x0000000780500000, 0x0000000780500000| Untracked 
|   6|0x0000000780600000, 0x0000000780600000, 0x0000000780700000|  0%| F|  |TAMS 0x0000000780600000, 0x0000000780600000| Untracked 
|   7|0x0000000780700000, 0x0000000780700000, 0x0000000780800000|  0%| F|  |TAMS 0x0000000780700000, 0x0000000780700000| Untracked 
|   8|0x0000000780800000, 0x0000000780800000, 0x0000000780900000|  0%| F|  |TAMS 0x0000000780800000, 0x0000000780800000| Untracked 
|   9|0x0000000780900000, 0x0000000780900000, 0x0000000780a00000|  0%| F|  |TAMS 0x0000000780900000, 0x0000000780900000| Untracked 
|  10|0x0000000780a00000, 0x0000000780a00000, 0x0000000780b00000|  0%| F|  |TAMS 0x0000000780a00000, 0x0000000780a00000| Untracked 
|  11|0x0000000780b00000, 0x0000000780b00000, 0x0000000780c00000|  0%| F|  |TAMS 0x0000000780b00000, 0x0000000780b00000| Untracked 
|  12|0x0000000780c00000, 0x0000000780c00000, 0x0000000780d00000|  0%| F|  |TAMS 0x0000000780c00000, 0x0000000780c00000| Untracked 
|  13|0x0000000780d00000, 0x0000000780d00000, 0x0000000780e00000|  0%| F|  |TAMS 0x0000000780d00000, 0x0000000780d00000| Untracked 
|  14|0x0000000780e00000, 0x0000000780e00000, 0x0000000780f00000|  0%| F|  |TAMS 0x0000000780e00000, 0x0000000780e00000| Untracked 
|  15|0x0000000780f00000, 0x0000000780f00000, 0x0000000781000000|  0%| F|  |TAMS 0x0000000780f00000, 0x0000000780f00000| Untracked 
|  16|0x0000000781000000, 0x0000000781000000, 0x0000000781100000|  0%| F|  |TAMS 0x0000000781000000, 0x0000000781000000| Untracked 
|  17|0x0000000781100000, 0x0000000781100000, 0x0000000781200000|  0%| F|  |TAMS 0x0000000781100000, 0x0000000781100000| Untracked 
|  18|0x0000000781200000, 0x0000000781200000, 0x0000000781300000|  0%| F|  |TAMS 0x0000000781200000, 0x0000000781200000| Untracked 
|  19|0x0000000781300000, 0x0000000781300000, 0x0000000781400000|  0%| F|  |TAMS 0x0000000781300000, 0x0000000781300000| Untracked 
|  20|0x0000000781400000, 0x0000000781400000, 0x0000000781500000|  0%| F|  |TAMS 0x0000000781400000, 0x0000000781400000| Untracked 
|  21|0x0000000781500000, 0x0000000781500000, 0x0000000781600000|  0%| F|  |TAMS 0x0000000781500000, 0x0000000781500000| Untracked 
|  22|0x0000000781600000, 0x0000000781600000, 0x0000000781700000|  0%| F|  |TAMS 0x0000000781600000, 0x0000000781600000| Untracked 
|  23|0x0000000781700000, 0x0000000781700000, 0x0000000781800000|  0%| F|  |TAMS 0x0000000781700000, 0x0000000781700000| Untracked 
|  24|0x0000000781800000, 0x0000000781800000, 0x0000000781900000|  0%| F|  |TAMS 0x0000000781800000, 0x0000000781800000| Untracked 
|  25|0x0000000781900000, 0x0000000781900000, 0x0000000781a00000|  0%| F|  |TAMS 0x0000000781900000, 0x0000000781900000| Untracked 
|  26|0x0000000781a00000, 0x0000000781a00000, 0x0000000781b00000|  0%| F|  |TAMS 0x0000000781a00000, 0x0000000781a00000| Untracked 
|  27|0x0000000781b00000, 0x0000000781b00000, 0x0000000781c00000|  0%| F|  |TAMS 0x0000000781b00000, 0x0000000781b00000| Untracked 
|  28|0x0000000781c00000, 0x0000000781c00000, 0x0000000781d00000|  0%| F|  |TAMS 0x0000000781c00000, 0x0000000781c00000| Untracked 
|  29|0x0000000781d00000, 0x0000000781d00000, 0x0000000781e00000|  0%| F|  |TAMS 0x0000000781d00000, 0x0000000781d00000| Untracked 
|  30|0x0000000781e00000, 0x0000000781e00000, 0x0000000781f00000|  0%| F|  |TAMS 0x0000000781e00000, 0x0000000781e00000| Untracked 
|  31|0x0000000781f00000, 0x0000000781f00000, 0x0000000782000000|  0%| F|  |TAMS 0x0000000781f00000, 0x0000000781f00000| Untracked 
|  32|0x0000000782000000, 0x0000000782000000, 0x0000000782100000|  0%| F|  |TAMS 0x0000000782000000, 0x0000000782000000| Untracked 
|  33|0x0000000782100000, 0x0000000782100000, 0x0000000782200000|  0%| F|  |TAMS 0x0000000782100000, 0x0000000782100000| Untracked 
|  34|0x0000000782200000, 0x0000000782200000, 0x0000000782300000|  0%| F|  |TAMS 0x0000000782200000, 0x0000000782200000| Untracked 
|  35|0x0000000782300000, 0x0000000782300000, 0x0000000782400000|  0%| F|  |TAMS 0x0000000782300000, 0x0000000782300000| Untracked 
|  36|0x0000000782400000, 0x0000000782400000, 0x0000000782500000|  0%| F|  |TAMS 0x0000000782400000, 0x0000000782400000| Untracked 
|  37|0x0000000782500000, 0x0000000782500000, 0x0000000782600000|  0%| F|  |TAMS 0x0000000782500000, 0x0000000782500000| Untracked 
|  38|0x0000000782600000, 0x0000000782600000, 0x0000000782700000|  0%| F|  |TAMS 0x0000000782600000, 0x0000000782600000| Untracked 
|  39|0x0000000782700000, 0x0000000782700000, 0x0000000782800000|  0%| F|  |TAMS 0x0000000782700000, 0x0000000782700000| Untracked 
|  40|0x0000000782800000, 0x0000000782800000, 0x0000000782900000|  0%| F|  |TAMS 0x0000000782800000, 0x0000000782800000| Untracked 
|  41|0x0000000782900000, 0x0000000782900000, 0x0000000782a00000|  0%| F|  |TAMS 0x0000000782900000, 0x0000000782900000| Untracked 
|  42|0x0000000782a00000, 0x0000000782a00000, 0x0000000782b00000|  0%| F|  |TAMS 0x0000000782a00000, 0x0000000782a00000| Untracked 
|  43|0x0000000782b00000, 0x0000000782b00000, 0x0000000782c00000|  0%| F|  |TAMS 0x0000000782b00000, 0x0000000782b00000| Untracked 
|  44|0x0000000782c00000, 0x0000000782c00000, 0x0000000782d00000|  0%| F|  |TAMS 0x0000000782c00000, 0x0000000782c00000| Untracked 
|  45|0x0000000782d00000, 0x0000000782d00000, 0x0000000782e00000|  0%| F|  |TAMS 0x0000000782d00000, 0x0000000782d00000| Untracked 
|  46|0x0000000782e00000, 0x0000000782e00000, 0x0000000782f00000|  0%| F|  |TAMS 0x0000000782e00000, 0x0000000782e00000| Untracked 
|  47|0x0000000782f00000, 0x0000000782f00000, 0x0000000783000000|  0%| F|  |TAMS 0x0000000782f00000, 0x0000000782f00000| Untracked 
|  48|0x0000000783000000, 0x0000000783000000, 0x0000000783100000|  0%| F|  |TAMS 0x0000000783000000, 0x0000000783000000| Untracked 
|  49|0x0000000783100000, 0x0000000783100000, 0x0000000783200000|  0%| F|  |TAMS 0x0000000783100000, 0x0000000783100000| Untracked 
|  50|0x0000000783200000, 0x0000000783200000, 0x0000000783300000|  0%| F|  |TAMS 0x0000000783200000, 0x0000000783200000| Untracked 
|  51|0x0000000783300000, 0x0000000783300000, 0x0000000783400000|  0%| F|  |TAMS 0x0000000783300000, 0x0000000783300000| Untracked 
|  52|0x0000000783400000, 0x0000000783400000, 0x0000000783500000|  0%| F|  |TAMS 0x0000000783400000, 0x0000000783400000| Untracked 
|  53|0x0000000783500000, 0x0000000783500000, 0x0000000783600000|  0%| F|  |TAMS 0x0000000783500000, 0x0000000783500000| Untracked 
|  54|0x0000000783600000, 0x0000000783600000, 0x0000000783700000|  0%| F|  |TAMS 0x0000000783600000, 0x0000000783600000| Untracked 
|  55|0x0000000783700000, 0x0000000783700000, 0x0000000783800000|  0%| F|  |TAMS 0x0000000783700000, 0x0000000783700000| Untracked 
|  56|0x0000000783800000, 0x0000000783800000, 0x0000000783900000|  0%| F|  |TAMS 0x0000000783800000, 0x0000000783800000| Untracked 
|  57|0x0000000783900000, 0x0000000783900000, 0x0000000783a00000|  0%| F|  |TAMS 0x0000000783900000, 0x0000000783900000| Untracked 
|  58|0x0000000783a00000, 0x0000000783a00000, 0x0000000783b00000|  0%| F|  |TAMS 0x0000000783a00000, 0x0000000783a00000| Untracked 
|  59|0x0000000783b00000, 0x0000000783b00000, 0x0000000783c00000|  0%| F|  |TAMS 0x0000000783b00000, 0x0000000783b00000| Untracked 
|  60|0x0000000783c00000, 0x0000000783c00000, 0x0000000783d00000|  0%| F|  |TAMS 0x0000000783c00000, 0x0000000783c00000| Untracked 
|  61|0x0000000783d00000, 0x0000000783d00000, 0x0000000783e00000|  0%| F|  |TAMS 0x0000000783d00000, 0x0000000783d00000| Untracked 
|  62|0x0000000783e00000, 0x0000000783e00000, 0x0000000783f00000|  0%| F|  |TAMS 0x0000000783e00000, 0x0000000783e00000| Untracked 
|  63|0x0000000783f00000, 0x0000000783f00000, 0x0000000784000000|  0%| F|  |TAMS 0x0000000783f00000, 0x0000000783f00000| Untracked 
|  64|0x0000000784000000, 0x0000000784000000, 0x0000000784100000|  0%| F|  |TAMS 0x0000000784000000, 0x0000000784000000| Untracked 
|  65|0x0000000784100000, 0x0000000784100000, 0x0000000784200000|  0%| F|  |TAMS 0x0000000784100000, 0x0000000784100000| Untracked 
|  66|0x0000000784200000, 0x0000000784200000, 0x0000000784300000|  0%| F|  |TAMS 0x0000000784200000, 0x0000000784200000| Untracked 
|  67|0x0000000784300000, 0x0000000784300000, 0x0000000784400000|  0%| F|  |TAMS 0x0000000784300000, 0x0000000784300000| Untracked 
|  68|0x0000000784400000, 0x0000000784400000, 0x0000000784500000|  0%| F|  |TAMS 0x0000000784400000, 0x0000000784400000| Untracked 
|  69|0x0000000784500000, 0x0000000784500000, 0x0000000784600000|  0%| F|  |TAMS 0x0000000784500000, 0x0000000784500000| Untracked 
|  70|0x0000000784600000, 0x0000000784600000, 0x0000000784700000|  0%| F|  |TAMS 0x0000000784600000, 0x0000000784600000| Untracked 
|  71|0x0000000784700000, 0x0000000784700000, 0x0000000784800000|  0%| F|  |TAMS 0x0000000784700000, 0x0000000784700000| Untracked 
|  72|0x0000000784800000, 0x0000000784800000, 0x0000000784900000|  0%| F|  |TAMS 0x0000000784800000, 0x0000000784800000| Untracked 
|  73|0x0000000784900000, 0x0000000784900000, 0x0000000784a00000|  0%| F|  |TAMS 0x0000000784900000, 0x0000000784900000| Untracked 
|  74|0x0000000784a00000, 0x0000000784a00000, 0x0000000784b00000|  0%| F|  |TAMS 0x0000000784a00000, 0x0000000784a00000| Untracked 
|  75|0x0000000784b00000, 0x0000000784b00000, 0x0000000784c00000|  0%| F|  |TAMS 0x0000000784b00000, 0x0000000784b00000| Untracked 
|  76|0x0000000784c00000, 0x0000000784c00000, 0x0000000784d00000|  0%| F|  |TAMS 0x0000000784c00000, 0x0000000784c00000| Untracked 
|  77|0x0000000784d00000, 0x0000000784d00000, 0x0000000784e00000|  0%| F|  |TAMS 0x0000000784d00000, 0x0000000784d00000| Untracked 
|  78|0x0000000784e00000, 0x0000000784e00000, 0x0000000784f00000|  0%| F|  |TAMS 0x0000000784e00000, 0x0000000784e00000| Untracked 
|  79|0x0000000784f00000, 0x0000000784f00000, 0x0000000785000000|  0%| F|  |TAMS 0x0000000784f00000, 0x0000000784f00000| Untracked 
|  80|0x0000000785000000, 0x0000000785000000, 0x0000000785100000|  0%| F|  |TAMS 0x0000000785000000, 0x0000000785000000| Untracked 
|  81|0x0000000785100000, 0x0000000785100000, 0x0000000785200000|  0%| F|  |TAMS 0x0000000785100000, 0x0000000785100000| Untracked 
|  82|0x0000000785200000, 0x0000000785200000, 0x0000000785300000|  0%| F|  |TAMS 0x0000000785200000, 0x0000000785200000| Untracked 
|  83|0x0000000785300000, 0x0000000785300000, 0x0000000785400000|  0%| F|  |TAMS 0x0000000785300000, 0x0000000785300000| Untracked 
|  84|0x0000000785400000, 0x0000000785400000, 0x0000000785500000|  0%| F|  |TAMS 0x0000000785400000, 0x0000000785400000| Untracked 
|  85|0x0000000785500000, 0x0000000785500000, 0x0000000785600000|  0%| F|  |TAMS 0x0000000785500000, 0x0000000785500000| Untracked 
|  86|0x0000000785600000, 0x0000000785600000, 0x0000000785700000|  0%| F|  |TAMS 0x0000000785600000, 0x0000000785600000| Untracked 
|  87|0x0000000785700000, 0x0000000785700000, 0x0000000785800000|  0%| F|  |TAMS 0x0000000785700000, 0x0000000785700000| Untracked 
|  88|0x0000000785800000, 0x0000000785800000, 0x0000000785900000|  0%| F|  |TAMS 0x0000000785800000, 0x0000000785800000| Untracked 
|  89|0x0000000785900000, 0x0000000785900000, 0x0000000785a00000|  0%| F|  |TAMS 0x0000000785900000, 0x0000000785900000| Untracked 
|  90|0x0000000785a00000, 0x0000000785a00000, 0x0000000785b00000|  0%| F|  |TAMS 0x0000000785a00000, 0x0000000785a00000| Untracked 
|  91|0x0000000785b00000, 0x0000000785b00000, 0x0000000785c00000|  0%| F|  |TAMS 0x0000000785b00000, 0x0000000785b00000| Untracked 
|  92|0x0000000785c00000, 0x0000000785c00000, 0x0000000785d00000|  0%| F|  |TAMS 0x0000000785c00000, 0x0000000785c00000| Untracked 
|  93|0x0000000785d00000, 0x0000000785d00000, 0x0000000785e00000|  0%| F|  |TAMS 0x0000000785d00000, 0x0000000785d00000| Untracked 
|  94|0x0000000785e00000, 0x0000000785e00000, 0x0000000785f00000|  0%| F|  |TAMS 0x0000000785e00000, 0x0000000785e00000| Untracked 
|  95|0x0000000785f00000, 0x0000000785f00000, 0x0000000786000000|  0%| F|  |TAMS 0x0000000785f00000, 0x0000000785f00000| Untracked 
|  96|0x0000000786000000, 0x0000000786000000, 0x0000000786100000|  0%| F|  |TAMS 0x0000000786000000, 0x0000000786000000| Untracked 
|  97|0x0000000786100000, 0x0000000786100000, 0x0000000786200000|  0%| F|  |TAMS 0x0000000786100000, 0x0000000786100000| Untracked 
|  98|0x0000000786200000, 0x0000000786200000, 0x0000000786300000|  0%| F|  |TAMS 0x0000000786200000, 0x0000000786200000| Untracked 
|  99|0x0000000786300000, 0x0000000786300000, 0x0000000786400000|  0%| F|  |TAMS 0x0000000786300000, 0x0000000786300000| Untracked 
| 100|0x0000000786400000, 0x0000000786400000, 0x0000000786500000|  0%| F|  |TAMS 0x0000000786400000, 0x0000000786400000| Untracked 
| 101|0x0000000786500000, 0x0000000786500000, 0x0000000786600000|  0%| F|  |TAMS 0x0000000786500000, 0x0000000786500000| Untracked 
| 102|0x0000000786600000, 0x0000000786600000, 0x0000000786700000|  0%| F|  |TAMS 0x0000000786600000, 0x0000000786600000| Untracked 
| 103|0x0000000786700000, 0x0000000786700000, 0x0000000786800000|  0%| F|  |TAMS 0x0000000786700000, 0x0000000786700000| Untracked 
| 104|0x0000000786800000, 0x0000000786800000, 0x0000000786900000|  0%| F|  |TAMS 0x0000000786800000, 0x0000000786800000| Untracked 
| 105|0x0000000786900000, 0x0000000786900000, 0x0000000786a00000|  0%| F|  |TAMS 0x0000000786900000, 0x0000000786900000| Untracked 
| 106|0x0000000786a00000, 0x0000000786a00000, 0x0000000786b00000|  0%| F|  |TAMS 0x0000000786a00000, 0x0000000786a00000| Untracked 
| 107|0x0000000786b00000, 0x0000000786b00000, 0x0000000786c00000|  0%| F|  |TAMS 0x0000000786b00000, 0x0000000786b00000| Untracked 
| 108|0x0000000786c00000, 0x0000000786c00000, 0x0000000786d00000|  0%| F|  |TAMS 0x0000000786c00000, 0x0000000786c00000| Untracked 
| 109|0x0000000786d00000, 0x0000000786d00000, 0x0000000786e00000|  0%| F|  |TAMS 0x0000000786d00000, 0x0000000786d00000| Untracked 
| 110|0x0000000786e00000, 0x0000000786e00000, 0x0000000786f00000|  0%| F|  |TAMS 0x0000000786e00000, 0x0000000786e00000| Untracked 
| 111|0x0000000786f00000, 0x0000000786f00000, 0x0000000787000000|  0%| F|  |TAMS 0x0000000786f00000, 0x0000000786f00000| Untracked 
| 112|0x0000000787000000, 0x0000000787000000, 0x0000000787100000|  0%| F|  |TAMS 0x0000000787000000, 0x0000000787000000| Untracked 
| 113|0x0000000787100000, 0x00000007871ec098, 0x0000000787200000| 92%| E|  |TAMS 0x0000000787100000, 0x0000000787100000| Complete 
| 114|0x0000000787200000, 0x0000000787300000, 0x0000000787300000|100%| E|CS|TAMS 0x0000000787200000, 0x0000000787200000| Complete 
| 115|0x0000000787300000, 0x0000000787400000, 0x0000000787400000|100%| E|  |TAMS 0x0000000787300000, 0x0000000787300000| Complete 
| 116|0x0000000787400000, 0x0000000787500000, 0x0000000787500000|100%| E|CS|TAMS 0x0000000787400000, 0x0000000787400000| Complete 
| 117|0x0000000787500000, 0x0000000787600000, 0x0000000787600000|100%| E|CS|TAMS 0x0000000787500000, 0x0000000787500000| Complete 
| 118|0x0000000787600000, 0x0000000787700000, 0x0000000787700000|100%| E|CS|TAMS 0x0000000787600000, 0x0000000787600000| Complete 
| 119|0x0000000787700000, 0x0000000787800000, 0x0000000787800000|100%| E|CS|TAMS 0x0000000787700000, 0x0000000787700000| Complete 
| 120|0x0000000787800000, 0x0000000787900000, 0x0000000787900000|100%| E|CS|TAMS 0x0000000787800000, 0x0000000787800000| Complete 
| 121|0x0000000787900000, 0x0000000787a00000, 0x0000000787a00000|100%| E|CS|TAMS 0x0000000787900000, 0x0000000787900000| Complete 
| 122|0x0000000787a00000, 0x0000000787b00000, 0x0000000787b00000|100%| E|CS|TAMS 0x0000000787a00000, 0x0000000787a00000| Complete 
| 123|0x0000000787b00000, 0x0000000787c00000, 0x0000000787c00000|100%| E|CS|TAMS 0x0000000787b00000, 0x0000000787b00000| Complete 
| 124|0x0000000787c00000, 0x0000000787d00000, 0x0000000787d00000|100%| E|CS|TAMS 0x0000000787c00000, 0x0000000787c00000| Complete 
| 125|0x0000000787d00000, 0x0000000787e00000, 0x0000000787e00000|100%| E|CS|TAMS 0x0000000787d00000, 0x0000000787d00000| Complete 
| 126|0x0000000787e00000, 0x0000000787f00000, 0x0000000787f00000|100%| E|CS|TAMS 0x0000000787e00000, 0x0000000787e00000| Complete 
| 127|0x0000000787f00000, 0x0000000788000000, 0x0000000788000000|100%| E|CS|TAMS 0x0000000787f00000, 0x0000000787f00000| Complete 
|2046|0x00000007ffe00000, 0x00000007ffe78000, 0x00000007fff00000| 46%|OA|  |TAMS 0x00000007ffe00000, 0x00000007ffe00000| Untracked 
|2047|0x00000007fff00000, 0x00000007fff80000, 0x0000000800000000| 50%|CA|  |TAMS 0x00000007fff00000, 0x00000007fff00000| Untracked 

Card table byte_map: [0x0000000103284000,0x0000000103684000] _byte_map_base: 0x00000000ff684000

Marking Bits (Prev, Next): (CMBitMap*) 0x000000014d814010, (CMBitMap*) 0x000000014d814050
 Prev Bits: [0x000000011b184000, 0x000000011d184000)
 Next Bits: [0x000000011d184000, 0x000000011f184000)

Polling page: 0x0000000102bac000

Metaspace:

Usage:
  Non-class:      3.74 MB used.
      Class:    483.17 KB used.
       Both:      4.21 MB used.

Virtual space:
  Non-class space:        8.00 MB reserved,       3.88 MB ( 48%) committed,  1 nodes.
      Class space:        1.00 GB reserved,     576.00 KB ( <1%) committed,  1 nodes.
             Both:        1.01 GB reserved,       4.44 MB ( <1%) committed. 

Chunk freelists:
   Non-Class:  2.29 MB
       Class:  3.48 MB
        Both:  5.77 MB

MaxMetaspaceSize: unlimited
CompressedClassSpaceSize: 1.00 GB
Initial GC threshold: 21.00 MB
Current GC threshold: 21.00 MB
CDS: on
MetaspaceReclaimPolicy: balanced
 - commit_granule_bytes: 65536.
 - commit_granule_words: 8192.
 - virtual_space_node_default_size: 1048576.
 - enlarge_chunks_in_place: 1.
 - new_chunks_are_fully_committed: 0.
 - uncommit_free_chunks: 1.
 - use_allocation_guard: 0.
 - handle_deallocations: 1.


Internal statistics:

num_allocs_failed_limit: 0.
num_arena_births: 84.
num_arena_deaths: 0.
num_vsnodes_births: 2.
num_vsnodes_deaths: 0.
num_space_committed: 71.
num_space_uncommitted: 0.
num_chunks_returned_to_freelist: 0.
num_chunks_taken_from_freelist: 184.
num_chunk_merges: 0.
num_chunk_splits: 120.
num_chunks_enlarged: 91.
num_purges: 0.
num_inconsistent_stats: 0.

CodeHeap 'non-profiled nmethods': size=120032Kb used=225Kb max_used=225Kb free=119806Kb
 bounds [0x0000000113c4c000, 0x0000000113ebc000, 0x000000011b184000]
CodeHeap 'profiled nmethods': size=120016Kb used=1342Kb max_used=1342Kb free=118674Kb
 bounds [0x000000010c718000, 0x000000010c988000, 0x0000000113c4c000]
CodeHeap 'non-nmethods': size=5712Kb used=1178Kb max_used=1207Kb free=4533Kb
 bounds [0x000000010c184000, 0x000000010c3f4000, 0x000000010c718000]
 total_blobs=1282 nmethods=775 adapters=424
 compilation: enabled
              stopped_count=0, restarted_count=0
 full_count=0

Compilation events (20 events):
Event: 0.284 Thread 0x000000014f02d200 nmethod 788 0x000000010c860590 code [0x000000010c860740, 0x000000010c860998]
Event: 0.284 Thread 0x000000014f02d200  789       3       java.util.Collections$UnmodifiableCollection$1::next (10 bytes)
Event: 0.284 Thread 0x000000014f02d200 nmethod 789 0x000000010c860a90 code [0x000000010c860c40, 0x000000010c860e58]
Event: 0.284 Thread 0x000000014f02d200  790       3       java.lang.invoke.MethodHandleNatives::isCallerSensitive (29 bytes)
Event: 0.284 Thread 0x000000014f02cc00 nmethod 776 0x0000000113c83090 code [0x0000000113c83240, 0x0000000113c835a0]
Event: 0.284 Thread 0x000000014f02cc00  787       4       java.lang.invoke.MemberName::getReferenceKind (12 bytes)
Event: 0.284 Thread 0x000000014f02d200 nmethod 790 0x000000010c860f10 code [0x000000010c861140, 0x000000010c8616d8]
Event: 0.284 Thread 0x000000014f02d200  792       3       java.lang.Class::descriptorString (170 bytes)
Event: 0.284 Thread 0x000000014f02cc00 nmethod 787 0x0000000113c83910 code [0x0000000113c83a80, 0x0000000113c83b20]
Event: 0.285 Thread 0x000000014f02d200 nmethod 792 0x000000010c861910 code [0x000000010c861fc0, 0x000000010c863fc8]
Event: 0.285 Thread 0x000000014f02d200  795       3       java.lang.invoke.MethodType::basicType (8 bytes)
Event: 0.285 Thread 0x000000014f02d200 nmethod 795 0x000000010c864b10 code [0x000000010c864cc0, 0x000000010c864e28]
Event: 0.285 Thread 0x000000014f02d200  794       3       jdk.internal.org.objectweb.asm.Type::<init> (26 bytes)
Event: 0.285 Thread 0x000000014f02d200 nmethod 794 0x000000010c864f10 code [0x000000010c8650c0, 0x000000010c8652e8]
Event: 0.286 Thread 0x000000014f02d200  799       3       jdk.internal.org.objectweb.asm.MethodWriter::<init> (232 bytes)
Event: 0.287 Thread 0x000000014f02d200 nmethod 799 0x000000010c865390 code [0x000000010c8656c0, 0x000000010c8665a8]
Event: 0.287 Thread 0x000000014f02d200  798       3       jdk.internal.org.objectweb.asm.ClassWriter::visitMethod (57 bytes)
Event: 0.287 Thread 0x000000014f02d200 nmethod 798 0x000000010c866b10 code [0x000000010c866cc0, 0x000000010c867098]
Event: 0.287 Thread 0x000000014f02d200  800       3       jdk.internal.org.objectweb.asm.MethodWriter::visitMaxs (60 bytes)
Event: 0.287 Thread 0x000000014f02d200 nmethod 800 0x000000010c867210 code [0x000000010c867400, 0x000000010c867748]

GC Heap History (0 events):
No events

Deoptimization events (14 events):
Event: 0.101 Thread 0x000000014f122200 Uncommon trap: trap_request=0xffffff45 fr.pc=0x0000000113c5db64 relative=0x0000000000000524
Event: 0.101 Thread 0x000000014f122200 Uncommon trap: reason=unstable_if action=reinterpret pc=0x0000000113c5db64 method=jdk.internal.module.Checks.isJavaIdentifier(Ljava/lang/String;)Z @ 4 c2
Event: 0.101 Thread 0x000000014f122200 DEOPT PACKING pc=0x0000000113c5db64 sp=0x000000016ff11b50
Event: 0.101 Thread 0x000000014f122200 DEOPT UNPACKING pc=0x000000010c1c2d1c sp=0x000000016ff11af0 mode 2
Event: 0.142 Thread 0x000000014f122200 DEOPT PACKING pc=0x000000010c7ae540 sp=0x000000016ff12810
Event: 0.142 Thread 0x000000014f122200 DEOPT UNPACKING pc=0x000000010c1c2b7c sp=0x000000016ff124c0 mode 3
Event: 0.251 Thread 0x000000014f282800 Uncommon trap: trap_request=0xffffff45 fr.pc=0x0000000113c7af24 relative=0x0000000000000164
Event: 0.251 Thread 0x000000014f282800 Uncommon trap: reason=unstable_if action=reinterpret pc=0x0000000113c7af24 method=java.lang.invoke.VarHandle.checkExactAccessMode(Ljava/lang/invoke/VarHandle$AccessDescriptor;)V @ 4 c2
Event: 0.251 Thread 0x000000014f282800 DEOPT PACKING pc=0x0000000113c7af24 sp=0x000000016d483980
Event: 0.251 Thread 0x000000014f282800 DEOPT UNPACKING pc=0x000000010c1c2d1c sp=0x000000016d4838b0 mode 2
Event: 0.281 Thread 0x000000014f282800 Uncommon trap: trap_request=0xffffff45 fr.pc=0x0000000113c7a43c relative=0x000000000000007c
Event: 0.281 Thread 0x000000014f282800 Uncommon trap: reason=unstable_if action=reinterpret pc=0x0000000113c7a43c method=jdk.internal.misc.Unsafe.convEndian(ZI)I @ 4 c2
Event: 0.281 Thread 0x000000014f282800 DEOPT PACKING pc=0x0000000113c7a43c sp=0x000000016d4821b0
Event: 0.281 Thread 0x000000014f282800 DEOPT UNPACKING pc=0x000000010c1c2d1c sp=0x000000016d4820e0 mode 2

Classes unloaded (0 events):
No events

Classes redefined (0 events):
No events

Internal exceptions (11 events):
Event: 0.037 Thread 0x000000014f008a00 Exception <a 'java/lang/NoSuchMethodError'{0x0000000787e60088}: 'void java.lang.invoke.DirectMethodHandle$Holder.invokeVirtual(java.lang.Object, java.lang.Object)'> (0x0000000787e60088) 
thrown [open/src/hotspot/share/interpreter/linkResolver.cpp, line 766]
Event: 0.064 Thread 0x000000014f119c00 Exception <a 'java/lang/NoSuchMethodError'{0x0000000787ceee90}: 'java.lang.Object java.lang.invoke.DirectMethodHandle$Holder.invokeStaticInit(java.lang.Object)'> (0x0000000787ceee90) 
thrown [open/src/hotspot/share/interpreter/linkResolver.cpp, line 766]
Event: 0.065 Thread 0x000000014f119c00 Exception <a 'java/lang/ClassNotFoundException'{0x0000000787cf9dc0}: jdk/net/ExtendedSocketOptions> (0x0000000787cf9dc0) 
thrown [open/src/hotspot/share/classfile/systemDictionary.cpp, line 256]
Event: 0.066 Thread 0x000000014f008a00 Exception <a 'java/lang/NoSuchMethodError'{0x0000000787b8c3b0}: 'void java.lang.invoke.DirectMethodHandle$Holder.invokeStatic(java.lang.Object, java.lang.Object)'> (0x0000000787b8c3b0) 
thrown [open/src/hotspot/share/interpreter/linkResolver.cpp, line 766]
Event: 0.087 Thread 0x000000014f008a00 Exception <a 'java/lang/NoSuchMethodError'{0x0000000787899b70}: 'void java.lang.invoke.DirectMethodHandle$Holder.invokeSpecial(java.lang.Object, java.lang.Object, java.lang.Object)'> (0x0000000787899b70) 
thrown [open/src/hotspot/share/interpreter/linkResolver.cpp, line 766]
Event: 0.090 Thread 0x000000014f008a00 Exception <a 'java/lang/NoSuchMethodError'{0x00000007878d5dd8}: 'void java.lang.invoke.DirectMethodHandle$Holder.invokeStatic(java.lang.Object, java.lang.Object, java.lang.Object)'> (0x00000007878d5dd8) 
thrown [open/src/hotspot/share/interpreter/linkResolver.cpp, line 766]
Event: 0.142 Thread 0x000000014f008a00 Exception <a 'java/lang/NoSuchMethodError'{0x000000078767b788}: 'int java.lang.invoke.DirectMethodHandle$Holder.invokeStaticInit(java.lang.Object, java.lang.Object, java.lang.Object)'> (0x000000078767b788) 
thrown [open/src/hotspot/share/interpreter/linkResolver.cpp, line 766]
Event: 0.271 Thread 0x000000014f282800 Exception <a 'java/lang/NoSuchMethodError'{0x000000078729a818}: 'void java.lang.invoke.DirectMethodHandle$Holder.invokeStaticInit(java.lang.Object)'> (0x000000078729a818) 
thrown [open/src/hotspot/share/interpreter/linkResolver.cpp, line 766]
Event: 0.272 Thread 0x000000014f008a00 Exception <a 'java/lang/NoSuchMethodError'{0x0000000787538f38}: 'java.lang.Object java.lang.invoke.DirectMethodHandle$Holder.newInvokeSpecial(java.lang.Object, java.lang.Object, java.lang.Object, java.lang.Object, java.lang.Object, java.lang.Object)'> (0x0000000787538f38) 
thrown [open/src/hotspot/share/interpreter/linkResolver.cpp, line 766]
Event: 0.284 Thread 0x000000014f008a00 Exception <a 'java/lang/NoSuchMethodError'{0x000000078756a078}: 'java.lang.Object java.lang.invoke.DirectMethodHandle$Holder.newInvokeSpecial(java.lang.Object, java.lang.Object, java.lang.Object, java.lang.Object, java.lang.Object)'> (0x000000078756a078) 
thrown [open/src/hotspot/share/interpreter/linkResolver.cpp, line 766]
Event: 0.286 Thread 0x000000014f2a2800 Exception <a 'java/lang/NoSuchMethodError'{0x000000078717a320}: 'void java.lang.invoke.DirectMethodHandle$Holder.invokeStatic(java.lang.Object, java.lang.Object, java.lang.Object, java.lang.Object)'> (0x000000078717a320) 
thrown [open/src/hotspot/share/interpreter/linkResolver.cpp, line 766]

VM Operations (8 events):
Event: 0.055 Executing VM operation: HandshakeAllThreads
Event: 0.055 Executing VM operation: HandshakeAllThreads done
Event: 0.055 Executing VM operation: HandshakeAllThreads
Event: 0.055 Executing VM operation: HandshakeAllThreads done
Event: 0.063 Executing VM operation: HandshakeAllThreads
Event: 0.063 Executing VM operation: HandshakeAllThreads done
Event: 0.107 Executing VM operation: ICBufferFull
Event: 0.107 Executing VM operation: ICBufferFull done

Events (20 events):
Event: 0.280 loading class jdk/internal/org/objectweb/asm/Edge
Event: 0.280 loading class jdk/internal/org/objectweb/asm/Edge done
Event: 0.281 loading class java/lang/reflect/Proxy$ProxyBuilder$1
Event: 0.281 loading class java/lang/reflect/Proxy$ProxyBuilder$1 done
Event: 0.281 loading class java/lang/annotation/Target
Event: 0.281 loading class java/lang/annotation/Target done
Event: 0.281 loading class sun/reflect/generics/repository/ClassRepository
Event: 0.281 loading class sun/reflect/generics/repository/GenericDeclRepository
Event: 0.281 loading class sun/reflect/generics/repository/AbstractRepository
Event: 0.281 loading class sun/reflect/generics/repository/AbstractRepository done
Event: 0.281 loading class sun/reflect/generics/repository/GenericDeclRepository done
Event: 0.281 loading class sun/reflect/generics/repository/ClassRepository done
Event: 0.281 loading class java/lang/Class$EnclosingMethodInfo
Event: 0.281 loading class java/lang/Class$EnclosingMethodInfo done
Event: 0.281 loading class java/lang/Class$AnnotationData
Event: 0.281 loading class java/lang/Class$AnnotationData done
Event: 0.283 loading class java/lang/StackTraceElement$HashedModules
Event: 0.283 loading class java/lang/StackTraceElement$HashedModules done
Event: 0.285 Thread 0x000000014f2a2800 Thread added: 0x000000014f2a2800
Event: 0.285 Protecting memory [0x00000001703c0000,0x00000001703cc000] with protection modes 0


Dynamic libraries:
0x0000000102aac000 	/Library/Java/JavaVirtualMachines/jdk-17.0.3.1.jdk/Contents/Home/lib/libjli.dylib
0x0000000193316000 	/usr/lib/libz.1.dylib
0x00000001933c6000 	/usr/lib/libSystem.B.dylib
0x00000001933c0000 	/usr/lib/system/libcache.dylib
0x000000019337e000 	/usr/lib/system/libcommonCrypto.dylib
0x00000001933a7000 	/usr/lib/system/libcompiler_rt.dylib
0x000000019339e000 	/usr/lib/system/libcopyfile.dylib
0x00000001886ca000 	/usr/lib/system/libcorecrypto.dylib
0x000000018876f000 	/usr/lib/system/libdispatch.dylib
0x0000000188937000 	/usr/lib/system/libdyld.dylib
0x00000001933b6000 	/usr/lib/system/libkeymgr.dylib
0x0000000193360000 	/usr/lib/system/libmacho.dylib
0x0000000192a6c000 	/usr/lib/system/libquarantine.dylib
0x00000001933b3000 	/usr/lib/system/libremovefile.dylib
0x000000018dab9000 	/usr/lib/system/libsystem_asl.dylib
0x0000000188674000 	/usr/lib/system/libsystem_blocks.dylib
0x00000001887f5000 	/usr/lib/system/libsystem_c.dylib
0x00000001933ab000 	/usr/lib/system/libsystem_collections.dylib
0x0000000191ec9000 	/usr/lib/system/libsystem_configuration.dylib
0x000000019114f000 	/usr/lib/system/libsystem_containermanager.dylib
0x00000001930ca000 	/usr/lib/system/libsystem_coreservices.dylib
0x000000018b05c000 	/usr/lib/system/libsystem_darwin.dylib
0x00000001933b7000 	/usr/lib/system/libsystem_dnssd.dylib
0x00000001887f2000 	/usr/lib/system/libsystem_featureflags.dylib
0x000000018894c000 	/usr/lib/system/libsystem_info.dylib
0x0000000193328000 	/usr/lib/system/libsystem_m.dylib
0x0000000188744000 	/usr/lib/system/libsystem_malloc.dylib
0x000000018da4a000 	/usr/lib/system/libsystem_networkextension.dylib
0x000000018b4af000 	/usr/lib/system/libsystem_notify.dylib
0x0000000199593000 	/usr/lib/system/libsystem_product_info_filter.dylib
0x0000000191ece000 	/usr/lib/system/libsystem_sandbox.dylib
0x00000001933b0000 	/usr/lib/system/libsystem_secinit.dylib
0x00000001888f4000 	/usr/lib/system/libsystem_kernel.dylib
0x0000000188944000 	/usr/lib/system/libsystem_platform.dylib
0x000000018892a000 	/usr/lib/system/libsystem_pthread.dylib
0x000000018f1ef000 	/usr/lib/system/libsystem_symptoms.dylib
0x00000001886b0000 	/usr/lib/system/libsystem_trace.dylib
0x000000019338b000 	/usr/lib/system/libunwind.dylib
0x0000000188676000 	/usr/lib/system/libxpc.dylib
0x00000001888da000 	/usr/lib/libc++abi.dylib
0x00000001887b6000 	/usr/lib/libobjc.A.dylib
0x0000000193396000 	/usr/lib/liboah.dylib
0x0000000188876000 	/usr/lib/libc++.1.dylib
0x000000019ef70000 	/System/Library/Frameworks/Cocoa.framework/Versions/A/Cocoa
0x000000018b50e000 	/System/Library/Frameworks/AppKit.framework/Versions/C/AppKit
0x000000018ea30000 	/System/Library/Frameworks/CoreData.framework/Versions/A/CoreData
0x000000018986f000 	/System/Library/Frameworks/Foundation.framework/Versions/C/Foundation
0x000000018c3c0000 	/System/Library/PrivateFrameworks/UIFoundation.framework/Versions/A/UIFoundation
0x000000019928d000 	/System/Library/PrivateFrameworks/RemoteViewServices.framework/Versions/A/RemoteViewServices
0x0000000191888000 	/System/Library/PrivateFrameworks/XCTTargetBootstrap.framework/Versions/A/XCTTargetBootstrap
0x00000001950c8000 	/System/Library/PrivateFrameworks/InternationalSupport.framework/Versions/A/InternationalSupport
0x0000000195151000 	/System/Library/PrivateFrameworks/UserActivity.framework/Versions/A/UserActivity
0x00000001945f3000 	/usr/lib/libspindump.dylib
0x000000018c630000 	/System/Library/Frameworks/UniformTypeIdentifiers.framework/Versions/A/UniformTypeIdentifiers
0x000000018fe16000 	/usr/lib/libapp_launch_measurement.dylib
0x000000018f393000 	/System/Library/PrivateFrameworks/CoreAnalytics.framework/Versions/A/CoreAnalytics
0x000000018fe19000 	/System/Library/PrivateFrameworks/CoreAutoLayout.framework/Versions/A/CoreAutoLayout
0x000000019118c000 	/System/Library/Frameworks/Metal.framework/Versions/A/Metal
0x0000000191ed9000 	/usr/lib/liblangid.dylib
0x000000019188c000 	/System/Library/PrivateFrameworks/CoreSVG.framework/Versions/A/CoreSVG
0x000000018daed000 	/System/Library/PrivateFrameworks/SkyLight.framework/Versions/A/SkyLight
0x000000018deb5000 	/System/Library/Frameworks/CoreGraphics.framework/Versions/A/CoreGraphics
0x0000000199906000 	/System/Library/Frameworks/Accelerate.framework/Versions/A/Accelerate
0x0000000194068000 	/System/Library/PrivateFrameworks/IconServices.framework/Versions/A/IconServices
0x000000019116e000 	/System/Library/Frameworks/IOSurface.framework/Versions/A/IOSurface
0x000000018f3c3000 	/usr/lib/libDiagnosticMessagesClient.dylib
0x000000019cd3e000 	/System/Library/Frameworks/ApplicationServices.framework/Versions/A/ApplicationServices
0x0000000191870000 	/System/Library/PrivateFrameworks/DFRFoundation.framework/Versions/A/DFRFoundation
0x000000018adb1000 	/usr/lib/libicucore.A.dylib
0x0000000195ec5000 	/System/Library/Frameworks/AudioToolbox.framework/Versions/A/AudioToolbox
0x00000001950d4000 	/System/Library/PrivateFrameworks/DataDetectorsCore.framework/Versions/A/DataDetectorsCore
0x00000001ab0f0000 	/System/Library/PrivateFrameworks/TextInput.framework/Versions/A/TextInput
0x000000018da64000 	/usr/lib/libMobileGestalt.dylib
0x0000000191540000 	/System/Library/Frameworks/Carbon.framework/Versions/A/Frameworks/HIToolbox.framework/Versions/A/HIToolbox
0x000000018f820000 	/System/Library/Frameworks/QuartzCore.framework/Versions/A/QuartzCore
0x000000018aa2e000 	/System/Library/Frameworks/Security.framework/Versions/A/Security
0x00000001992cd000 	/System/Library/Frameworks/Carbon.framework/Versions/A/Frameworks/SpeechRecognition.framework/Versions/A/SpeechRecognition
0x000000018fb6d000 	/System/Library/PrivateFrameworks/CoreUI.framework/Versions/A/CoreUI
0x000000018a301000 	/System/Library/Frameworks/CoreAudio.framework/Versions/A/CoreAudio
0x000000018f4b3000 	/System/Library/Frameworks/DiskArbitration.framework/Versions/A/DiskArbitration
0x00000001949db000 	/System/Library/PrivateFrameworks/MultitouchSupport.framework/Versions/A/MultitouchSupport
0x000000018da62000 	/usr/lib/libenergytrace.dylib
0x000000018b3da000 	/System/Library/Frameworks/IOKit.framework/Versions/A/IOKit
0x00000001996b4000 	/System/Library/Frameworks/CoreServices.framework/Versions/A/CoreServices
0x000000018fda6000 	/System/Library/PrivateFrameworks/PerformanceAnalysis.framework/Versions/A/PerformanceAnalysis
0x00000001e9915000 	/System/Library/Frameworks/OpenGL.framework/Versions/A/OpenGL
0x000000019298c000 	/System/Library/PrivateFrameworks/MobileKeyBag.framework/Versions/A/MobileKeyBag
0x000000018e4c5000 	/System/Library/Frameworks/ColorSync.framework/Versions/A/ColorSync
0x0000000188978000 	/System/Library/Frameworks/CoreFoundation.framework/Versions/A/CoreFoundation
0x0000000191b0d000 	/System/Library/Frameworks/CoreImage.framework/Versions/A/CoreImage
0x000000018a124000 	/System/Library/Frameworks/CoreText.framework/Versions/A/CoreText
0x00000001918bc000 	/System/Library/Frameworks/ImageIO.framework/Versions/A/ImageIO
0x00000001933cc000 	/System/Library/PrivateFrameworks/SoftLinking.framework/Versions/A/SoftLinking
0x000000018fe63000 	/usr/lib/libxml2.2.dylib
0x0000000193664000 	/usr/lib/libcompression.dylib
0x0000000195021000 	/System/Library/PrivateFrameworks/TextureIO.framework/Versions/A/TextureIO
0x0000000193d82000 	/usr/lib/libate.dylib
0x0000000193c4a000 	/usr/lib/liblzma.5.dylib
0x0000000189560000 	/System/Library/Frameworks/SystemConfiguration.framework/Versions/A/SystemConfiguration
0x00000001933c8000 	/usr/lib/libfakelink.dylib
0x000000018d592000 	/System/Library/Frameworks/CFNetwork.framework/Versions/A/CFNetwork
0x000000019350f000 	/usr/lib/libarchive.2.dylib
0x0000000191ed5000 	/System/Library/PrivateFrameworks/AppleSystemInfo.framework/Versions/A/AppleSystemInfo
0x0000000192a96000 	/usr/lib/libbsm.0.dylib
0x000000018cacf000 	/usr/lib/libnetwork.dylib
0x0000000193366000 	/usr/lib/system/libkxld.dylib
0x00000001926ae000 	/System/Library/PrivateFrameworks/IOMobileFramebuffer.framework/Versions/A/IOMobileFramebuffer
0x0000000205240000 	/usr/lib/libCoreEntitlements.dylib
0x00000001930ac000 	/System/Library/PrivateFrameworks/AppleFSCompression.framework/Versions/A/AppleFSCompression
0x0000000192a7f000 	/usr/lib/libcoretls.dylib
0x0000000193c63000 	/usr/lib/libcoretls_cfhelpers.dylib
0x000000019365f000 	/usr/lib/libpam.2.dylib
0x000000018ee17000 	/usr/lib/libsqlite3.dylib
0x0000000193ccb000 	/usr/lib/libxar.1.dylib
0x00000001930bd000 	/usr/lib/libbz2.1.0.dylib
0x00000001933cd000 	/usr/lib/libpcap.A.dylib
0x000000018f1e6000 	/usr/lib/libdns_services.dylib
0x0000000193632000 	/usr/lib/libapple_nghttp2.dylib
0x000000019340a000 	/usr/lib/libiconv.2.dylib
0x000000019335f000 	/usr/lib/libcharset.1.dylib
0x000000018fde2000 	/System/Library/Frameworks/CoreServices.framework/Versions/A/Frameworks/FSEvents.framework/Versions/A/FSEvents
0x000000018b067000 	/System/Library/Frameworks/CoreServices.framework/Versions/A/Frameworks/CarbonCore.framework/Versions/A/CarbonCore
0x000000018f416000 	/System/Library/Frameworks/CoreServices.framework/Versions/A/Frameworks/Metadata.framework/Versions/A/Metadata
0x00000001930d0000 	/System/Library/Frameworks/CoreServices.framework/Versions/A/Frameworks/OSServices.framework/Versions/A/OSServices
0x0000000193594000 	/System/Library/Frameworks/CoreServices.framework/Versions/A/Frameworks/SearchKit.framework/Versions/A/SearchKit
0x000000018f174000 	/System/Library/Frameworks/CoreServices.framework/Versions/A/Frameworks/AE.framework/Versions/A/AE
0x0000000188ebc000 	/System/Library/Frameworks/CoreServices.framework/Versions/A/Frameworks/LaunchServices.framework/Versions/A/LaunchServices
0x0000000193bf3000 	/System/Library/Frameworks/CoreServices.framework/Versions/A/Frameworks/DictionaryServices.framework/Versions/A/DictionaryServices
0x000000018fdef000 	/System/Library/Frameworks/CoreServices.framework/Versions/A/Frameworks/SharedFileList.framework/Versions/A/SharedFileList
0x0000000192a6f000 	/usr/lib/libCheckFix.dylib
0x000000018dad1000 	/System/Library/PrivateFrameworks/TCC.framework/Versions/A/TCC
0x0000000191edb000 	/System/Library/PrivateFrameworks/CoreNLP.framework/Versions/A/CoreNLP
0x000000018f3c6000 	/System/Library/PrivateFrameworks/MetadataUtilities.framework/Versions/A/MetadataUtilities
0x0000000189619000 	/usr/lib/libmecabra.dylib
0x0000000192aa7000 	/usr/lib/libmecab.dylib
0x00000001895e5000 	/usr/lib/libCRFSuite.dylib
0x0000000192b05000 	/usr/lib/libgermantok.dylib
0x000000019360b000 	/usr/lib/libThaiTokenizer.dylib
0x000000018f4bb000 	/System/Library/Frameworks/Accelerate.framework/Versions/A/Frameworks/vImage.framework/Versions/A/vImage
0x000000019968b000 	/System/Library/Frameworks/Accelerate.framework/Versions/A/Frameworks/vecLib.framework/Versions/A/vecLib
0x0000000193d0f000 	/System/Library/Frameworks/Accelerate.framework/Versions/A/Frameworks/vecLib.framework/Versions/A/libvMisc.dylib
0x00000001925b8000 	/System/Library/Frameworks/Accelerate.framework/Versions/A/Frameworks/vecLib.framework/Versions/A/libvDSP.dylib
0x000000018923f000 	/System/Library/Frameworks/Accelerate.framework/Versions/A/Frameworks/vecLib.framework/Versions/A/libBLAS.dylib
0x0000000193733000 	/System/Library/Frameworks/Accelerate.framework/Versions/A/Frameworks/vecLib.framework/Versions/A/libLAPACK.dylib
0x0000000192b08000 	/System/Library/Frameworks/Accelerate.framework/Versions/A/Frameworks/vecLib.framework/Versions/A/libLinearAlgebra.dylib
0x000000019364a000 	/System/Library/Frameworks/Accelerate.framework/Versions/A/Frameworks/vecLib.framework/Versions/A/libSparseBLAS.dylib
0x000000019372e000 	/System/Library/Frameworks/Accelerate.framework/Versions/A/Frameworks/vecLib.framework/Versions/A/libQuadrature.dylib
0x0000000191fd2000 	/System/Library/Frameworks/Accelerate.framework/Versions/A/Frameworks/vecLib.framework/Versions/A/libBNNS.dylib
0x00000001894fd000 	/System/Library/Frameworks/Accelerate.framework/Versions/A/Frameworks/vecLib.framework/Versions/A/libSparse.dylib
0x0000000191fca000 	/System/Library/PrivateFrameworks/LinguisticData.framework/Versions/A/LinguisticData
0x00000001894b3000 	/System/Library/PrivateFrameworks/Lexicon.framework/Versions/A/Lexicon
0x0000000193d07000 	/usr/lib/libChineseTokenizer.dylib
0x0000000189c5d000 	/System/Library/PrivateFrameworks/LanguageModeling.framework/Versions/A/LanguageModeling
0x000000019360d000 	/System/Library/PrivateFrameworks/AppleSauce.framework/Versions/A/AppleSauce
0x000000019269b000 	/System/Library/PrivateFrameworks/CoreEmoji.framework/Versions/A/CoreEmoji
0x00000001934fd000 	/usr/lib/libcmph.dylib
0x000000018fdc2000 	/System/Library/Frameworks/OpenDirectory.framework/Versions/A/Frameworks/CFOpenDirectory.framework/Versions/A/CFOpenDirectory
0x000000018fdb2000 	/System/Library/Frameworks/OpenDirectory.framework/Versions/A/OpenDirectory
0x0000000193c65000 	/System/Library/PrivateFrameworks/APFS.framework/Versions/A/APFS
0x00000001929c7000 	/System/Library/Frameworks/SecurityFoundation.framework/Versions/A/SecurityFoundation
0x0000000193cd9000 	/usr/lib/libutil.dylib
0x000000018b39c000 	/System/Library/PrivateFrameworks/CoreServicesStore.framework/Versions/A/CoreServicesStore
0x0000000193cdd000 	/usr/lib/libxslt.1.dylib
0x0000000192a5b000 	/System/Library/PrivateFrameworks/BackgroundTaskManagement.framework/Versions/A/BackgroundTaskManagement
0x0000000194f42000 	/System/Library/Frameworks/ImageIO.framework/Versions/A/Resources/libRadiance.dylib
0x0000000194f4b000 	/System/Library/Frameworks/ImageIO.framework/Versions/A/Resources/libJPEG.dylib
0x0000000194e9d000 	/System/Library/Frameworks/ImageIO.framework/Versions/A/Resources/libPng.dylib
0x0000000194ebf000 	/System/Library/Frameworks/ImageIO.framework/Versions/A/Resources/libTIFF.dylib
0x0000000194fa6000 	/System/Library/Frameworks/ImageIO.framework/Versions/A/Resources/libGIF.dylib
0x00000001948eb000 	/System/Library/Frameworks/ImageIO.framework/Versions/A/Resources/libJP2.dylib
0x000000019402e000 	/usr/lib/libexpat.1.dylib
0x00000001948a6000 	/System/Library/PrivateFrameworks/AppleJPEG.framework/Versions/A/AppleJPEG
0x00000001913ff000 	/System/Library/PrivateFrameworks/FontServices.framework/libFontParser.dylib
0x000000018f119000 	/System/Library/PrivateFrameworks/RunningBoardServices.framework/Versions/A/RunningBoardServices
0x000000019f5db000 	/System/Library/PrivateFrameworks/IOSurfaceAccelerator.framework/Versions/A/IOSurfaceAccelerator
0x00000001949d7000 	/System/Library/PrivateFrameworks/WatchdogClient.framework/Versions/A/WatchdogClient
0x0000000189d61000 	/System/Library/Frameworks/CoreDisplay.framework/Versions/A/CoreDisplay
0x00000001912ee000 	/System/Library/Frameworks/CoreMedia.framework/Versions/A/CoreMedia
0x0000000191182000 	/System/Library/PrivateFrameworks/IOAccelerator.framework/Versions/A/IOAccelerator
0x000000018ff50000 	/System/Library/Frameworks/CoreVideo.framework/Versions/A/CoreVideo
0x000000019365d000 	/System/Library/Frameworks/MetalPerformanceShaders.framework/Versions/A/MetalPerformanceShaders
0x0000000194a14000 	/System/Library/Frameworks/VideoToolbox.framework/Versions/A/VideoToolbox
0x000000018f05d000 	/System/Library/PrivateFrameworks/BaseBoard.framework/Versions/A/BaseBoard
0x000000018edfc000 	/System/Library/PrivateFrameworks/ProtocolBuffer.framework/Versions/A/ProtocolBuffer
0x0000000194f3d000 	/System/Library/PrivateFrameworks/GPUWrangler.framework/Versions/A/GPUWrangler
0x0000000194f1c000 	/System/Library/PrivateFrameworks/IOPresentment.framework/Versions/A/IOPresentment
0x0000000194f45000 	/System/Library/PrivateFrameworks/DSExternalDisplay.framework/Versions/A/DSExternalDisplay
0x00000001e9908000 	/System/Library/Frameworks/OpenGL.framework/Versions/A/Libraries/libCoreFSCache.dylib
0x00000001f3022000 	/System/Library/PrivateFrameworks/GPUCompiler.framework/Versions/31001/Libraries/libGPUCompilerUtils.dylib
0x0000000194fab000 	/System/Library/PrivateFrameworks/CMCaptureCore.framework/Versions/A/CMCaptureCore
0x00000001945e1000 	/System/Library/PrivateFrameworks/AppServerSupport.framework/Versions/A/AppServerSupport
0x0000000196780000 	/System/Library/PrivateFrameworks/perfdata.framework/Versions/A/perfdata
0x0000000189e81000 	/System/Library/PrivateFrameworks/AudioToolboxCore.framework/Versions/A/AudioToolboxCore
0x00000001912c6000 	/System/Library/PrivateFrameworks/caulk.framework/Versions/A/caulk
0x0000000196075000 	/usr/lib/libAudioStatistics.dylib
0x00000001a788e000 	/System/Library/PrivateFrameworks/SystemPolicy.framework/Versions/A/SystemPolicy
0x00000001962d5000 	/usr/lib/libSMC.dylib
0x000000019ee52000 	/System/Library/Frameworks/CoreMIDI.framework/Versions/A/CoreMIDI
0x0000000194e6b000 	/usr/lib/libAudioToolboxUtility.dylib
0x00000001a3d34000 	/System/Library/PrivateFrameworks/OSAServicesClient.framework/Versions/A/OSAServicesClient
0x000000019678d000 	/usr/lib/libperfcheck.dylib
0x00000001a8391000 	/usr/lib/libmis.dylib
0x00000001e9969000 	/System/Library/Frameworks/OpenGL.framework/Versions/A/Libraries/libGLU.dylib
0x00000001e9928000 	/System/Library/Frameworks/OpenGL.framework/Versions/A/Libraries/libGFXShared.dylib
0x00000001e9b12000 	/System/Library/Frameworks/OpenGL.framework/Versions/A/Libraries/libGL.dylib
0x00000001e9931000 	/System/Library/Frameworks/OpenGL.framework/Versions/A/Libraries/libGLImage.dylib
0x00000001e9925000 	/System/Library/Frameworks/OpenGL.framework/Versions/A/Libraries/libCVMSPluginSupport.dylib
0x00000001e990f000 	/System/Library/Frameworks/OpenGL.framework/Versions/A/Libraries/libCoreVMClient.dylib
0x0000000191e57000 	/System/Library/Frameworks/MetalPerformanceShaders.framework/Versions/A/Frameworks/MPSCore.framework/Versions/A/MPSCore
0x000000019301f000 	/System/Library/Frameworks/MetalPerformanceShaders.framework/Versions/A/Frameworks/MPSImage.framework/Versions/A/MPSImage
0x0000000192b1d000 	/System/Library/Frameworks/MetalPerformanceShaders.framework/Versions/A/Frameworks/MPSNeuralNetwork.framework/Versions/A/MPSNeuralNetwork
0x0000000192f5a000 	/System/Library/Frameworks/MetalPerformanceShaders.framework/Versions/A/Frameworks/MPSMatrix.framework/Versions/A/MPSMatrix
0x0000000192d35000 	/System/Library/Frameworks/MetalPerformanceShaders.framework/Versions/A/Frameworks/MPSRayIntersector.framework/Versions/A/MPSRayIntersector
0x0000000192f8b000 	/System/Library/Frameworks/MetalPerformanceShaders.framework/Versions/A/Frameworks/MPSNDArray.framework/Versions/A/MPSNDArray
0x00000001eb624000 	/System/Library/Frameworks/MetalPerformanceShaders.framework/Versions/A/Frameworks/MPSFunctions.framework/Versions/A/MPSFunctions
0x000000018911d000 	/System/Library/PrivateFrameworks/MetalTools.framework/Versions/A/MetalTools
0x0000000191ed3000 	/System/Library/PrivateFrameworks/AggregateDictionary.framework/Versions/A/AggregateDictionary
0x0000000193e14000 	/usr/lib/libIOReport.dylib
0x000000019de40000 	/System/Library/PrivateFrameworks/ASEProcessing.framework/Versions/A/ASEProcessing
0x0000000194186000 	/System/Library/PrivateFrameworks/FaceCore.framework/Versions/A/FaceCore
0x0000000194178000 	/System/Library/PrivateFrameworks/GraphVisualizer.framework/Versions/A/GraphVisualizer
0x00000001f2f39000 	/System/Library/PrivateFrameworks/FontServices.framework/Versions/A/FontServices
0x000000019459b000 	/System/Library/PrivateFrameworks/OTSVG.framework/Versions/A/OTSVG
0x000000018fb1e000 	/System/Library/Frameworks/ApplicationServices.framework/Versions/A/Frameworks/ATS.framework/Versions/A/Resources/libFontRegistry.dylib
0x00000001945ea000 	/System/Library/PrivateFrameworks/FontServices.framework/libhvf.dylib
0x00000001f2f3a000 	/System/Library/PrivateFrameworks/FontServices.framework/libXTFontStaticRegistryData.dylib
0x00000001e9cb4000 	/System/Library/Frameworks/OpenCL.framework/Versions/A/OpenCL
0x0000000193fe2000 	/System/Library/PrivateFrameworks/AppleVA.framework/Versions/A/AppleVA
0x000000019609d000 	/System/Library/Frameworks/ApplicationServices.framework/Versions/A/Frameworks/ATS.framework/Versions/A/ATS
0x000000018e5c2000 	/System/Library/Frameworks/ApplicationServices.framework/Versions/A/Frameworks/HIServices.framework/Versions/A/HIServices
0x0000000194fb5000 	/System/Library/Frameworks/ApplicationServices.framework/Versions/A/Frameworks/PrintCore.framework/Versions/A/PrintCore
0x0000000196428000 	/System/Library/Frameworks/ApplicationServices.framework/Versions/A/Frameworks/QD.framework/Versions/A/QD
0x0000000196420000 	/System/Library/Frameworks/ApplicationServices.framework/Versions/A/Frameworks/ColorSyncLegacy.framework/Versions/A/ColorSyncLegacy
0x0000000196089000 	/System/Library/Frameworks/ApplicationServices.framework/Versions/A/Frameworks/SpeechSynthesis.framework/Versions/A/SpeechSynthesis
0x0000000194f76000 	/System/Library/Frameworks/ApplicationServices.framework/Versions/A/Frameworks/ATSUI.framework/Versions/A/ATSUI
0x00000001963b5000 	/usr/lib/libcups.2.dylib
0x000000019679b000 	/System/Library/Frameworks/Kerberos.framework/Versions/A/Kerberos
0x00000001967ac000 	/System/Library/Frameworks/GSS.framework/Versions/A/GSS
0x000000019610c000 	/usr/lib/libresolv.9.dylib
0x00000001945f8000 	/System/Library/PrivateFrameworks/Heimdal.framework/Versions/A/Heimdal
0x000000019d0b4000 	/System/Library/Frameworks/Kerberos.framework/Versions/A/Libraries/libHeimdalProxy.dylib
0x000000018f1f8000 	/System/Library/Frameworks/Network.framework/Versions/A/Network
0x0000000194049000 	/usr/lib/libheimdal-asn1.dylib
0x00000001967f2000 	/System/Library/PrivateFrameworks/CommonAuth.framework/Versions/A/CommonAuth
0x0000000196003000 	/System/Library/PrivateFrameworks/AudioSession.framework/Versions/A/AudioSession
0x00000001940da000 	/System/Library/PrivateFrameworks/MediaExperience.framework/Versions/A/MediaExperience
0x0000000195e8b000 	/System/Library/PrivateFrameworks/AudioSession.framework/libSessionUtility.dylib
0x0000000196434000 	/System/Library/PrivateFrameworks/AudioResourceArbitration.framework/Versions/A/AudioResourceArbitration
0x0000000194052000 	/System/Library/PrivateFrameworks/IconFoundation.framework/Versions/A/IconFoundation
0x00000001992b9000 	/System/Library/PrivateFrameworks/SpeechRecognitionCore.framework/Versions/A/SpeechRecognitionCore
0x0000000103aa0000 	/Library/Java/JavaVirtualMachines/jdk-17.0.3.1.jdk/Contents/Home/lib/server/libjvm.dylib
0x0000000102bc0000 	/Library/Java/JavaVirtualMachines/jdk-17.0.3.1.jdk/Contents/Home/lib/libjimage.dylib
0x0000000102bec000 	/Library/Java/JavaVirtualMachines/jdk-17.0.3.1.jdk/Contents/Home/lib/libinstrument.dylib
0x0000000102c38000 	/Library/Java/JavaVirtualMachines/jdk-17.0.3.1.jdk/Contents/Home/lib/libjava.dylib
0x00000001211ec000 	/Library/Java/JavaVirtualMachines/jdk-17.0.3.1.jdk/Contents/Home/lib/libnio.dylib
0x000000012120c000 	/Library/Java/JavaVirtualMachines/jdk-17.0.3.1.jdk/Contents/Home/lib/libnet.dylib
0x0000000102c1c000 	/Library/Java/JavaVirtualMachines/jdk-17.0.3.1.jdk/Contents/Home/lib/libzip.dylib
0x0000000103a84000 	/Users/napakamolpintaprom/.openjfx/cache/17.0.1/libprism_es2.dylib
0x000000018b35f000 	/System/Library/PrivateFrameworks/CoreServicesInternal.framework/Versions/A/CoreServicesInternal
0x00000001e9b1c000 	/System/Library/Frameworks/OpenGL.framework/Versions/A/Resources/GLEngine.bundle/GLEngine
0x00000001e99a3000 	/System/Library/Frameworks/OpenGL.framework/Versions/A/Libraries/libGLProgrammability.dylib
0x000000012397c000 	/System/Library/Extensions/AppleMetalOpenGLRenderer.bundle/Contents/MacOS/AppleMetalOpenGLRenderer
0x00000001e9c8b000 	/System/Library/Frameworks/OpenGL.framework/Versions/A/Resources/GLRendererFloat.bundle/GLRendererFloat
0x00000001e9d2c000 	/System/Library/Extensions/AGXMetal13_3.bundle/Contents/MacOS/AGXMetal13_3
0x00000001a83ad000 	/System/Library/PrivateFrameworks/GPURawCounter.framework/Versions/A/GPURawCounter
0x00000001a2e82000 	/System/Library/PrivateFrameworks/IOGPU.framework/Versions/A/IOGPU
0x0000000123a14000 	/Users/napakamolpintaprom/.openjfx/cache/17.0.1/libglass.dylib
0x000000019a759000 	/System/Library/Frameworks/FileProvider.framework/Versions/A/FileProvider
0x000000018efc5000 	/System/Library/Frameworks/Accounts.framework/Versions/A/Accounts
0x000000019a8d9000 	/System/Library/PrivateFrameworks/GenerationalStorage.framework/Versions/A/GenerationalStorage
0x000000019b489000 	/System/Library/PrivateFrameworks/CoreSymbolication.framework/Versions/A/CoreSymbolication
0x000000019a4f9000 	/System/Library/PrivateFrameworks/SymptomDiagnosticReporter.framework/Versions/A/SymptomDiagnosticReporter
0x000000018c644000 	/System/Library/PrivateFrameworks/DesktopServicesPriv.framework/Versions/A/DesktopServicesPriv
0x000000018b4be000 	/usr/lib/libsandbox.1.dylib
0x000000018ffdc000 	/System/Library/PrivateFrameworks/UserManagement.framework/Versions/A/UserManagement
0x000000019b44a000 	/System/Library/PrivateFrameworks/DebugSymbols.framework/Versions/A/DebugSymbols
0x0000000196413000 	/System/Library/PrivateFrameworks/NetAuth.framework/Versions/A/NetAuth
0x0000000197311000 	/System/Library/PrivateFrameworks/Sharing.framework/Versions/A/Sharing
0x000000018ffac000 	/System/Library/PrivateFrameworks/login.framework/Versions/A/Frameworks/loginsupport.framework/Versions/A/loginsupport
0x000000019c5fa000 	/System/Library/PrivateFrameworks/Apple80211.framework/Versions/A/Apple80211
0x0000000193103000 	/System/Library/PrivateFrameworks/AuthKit.framework/Versions/A/AuthKit
0x000000019279a000 	/System/Library/PrivateFrameworks/CoreUtils.framework/Versions/A/CoreUtils
0x00000001926ba000 	/System/Library/Frameworks/CoreWLAN.framework/Versions/A/CoreWLAN
0x000000019747a000 	/System/Library/Frameworks/IOBluetooth.framework/Versions/A/IOBluetooth
0x000000019c65a000 	/System/Library/PrivateFrameworks/CoreWiFi.framework/Versions/A/CoreWiFi
0x000000019b031000 	/System/Library/PrivateFrameworks/FrontBoardServices.framework/Versions/A/FrontBoardServices
0x000000019b0c9000 	/System/Library/PrivateFrameworks/BoardServices.framework/Versions/A/BoardServices
0x00000001929b5000 	/System/Library/PrivateFrameworks/AssertionServices.framework/Versions/A/AssertionServices
0x000000019c7c8000 	/System/Library/PrivateFrameworks/BackBoardServices.framework/Versions/A/BackBoardServices
0x0000000196885000 	/System/Library/PrivateFrameworks/CorePhoneNumbers.framework/Versions/A/CorePhoneNumbers
0x000000019a629000 	/System/Library/PrivateFrameworks/DiskManagement.framework/Versions/A/DiskManagement
0x000000019a52c000 	/System/Library/PrivateFrameworks/AppleIDAuthSupport.framework/Versions/A/AppleIDAuthSupport
0x00000001ed8bd000 	/System/Library/PrivateFrameworks/AAAFoundation.framework/Versions/A/AAAFoundation
0x0000000196864000 	/System/Library/PrivateFrameworks/KeychainCircle.framework/Versions/A/KeychainCircle
0x000000019a5f5000 	/System/Library/PrivateFrameworks/MediaKit.framework/Versions/A/MediaKit
0x000000019a539000 	/System/Library/Frameworks/DiscRecording.framework/Versions/A/DiscRecording
0x0000000193f5e000 	/usr/lib/libCoreStorage.dylib
0x000000019cac2000 	/usr/lib/libcsfde.dylib
0x000000019754f000 	/System/Library/PrivateFrameworks/ProtectedCloudStorage.framework/Versions/A/ProtectedCloudStorage
0x000000019caba000 	/System/Library/PrivateFrameworks/EFILogin.framework/Versions/A/EFILogin
0x000000019a900000 	/System/Library/PrivateFrameworks/OctagonTrust.framework/Versions/A/OctagonTrust
0x00000001f21a4000 	/System/Library/PrivateFrameworks/CoreUtilsExtras.framework/Versions/A/CoreUtilsExtras
0x000000019a46b000 	/System/Library/Frameworks/CoreBluetooth.framework/Versions/A/CoreBluetooth
0x000000019d139000 	/System/Library/Frameworks/AudioUnit.framework/Versions/A/AudioUnit
0x0000000193f56000 	/usr/lib/libMatch.1.dylib
0x00000001ac614000 	/System/Library/Frameworks/Accelerate.framework/Versions/A/Frameworks/vImage.framework/Versions/A/Libraries/libCGInterfaces.dylib
0x0000000123fd0000 	/usr/lib/libobjc-trampolines.dylib
0x000000018fcaa000 	/System/Library/PrivateFrameworks/ViewBridge.framework/Versions/A/ViewBridge
0x0000000193e1d000 	/System/Library/PrivateFrameworks/CrashReporterSupport.framework/Versions/A/CrashReporterSupport
0x00000001b3f23000 	/System/Library/PrivateFrameworks/OSAnalytics.framework/Versions/A/OSAnalytics
0x00000001bf072000 	/System/Library/PrivateFrameworks/Symbolication.framework/Versions/A/Symbolication
0x00000001a836e000 	/System/Library/PrivateFrameworks/MallocStackLogging.framework/Versions/A/MallocStackLogging


VM Arguments:
jvm_args: -javaagent:/Applications/IntelliJ IDEA CE.app/Contents/lib/idea_rt.jar=62310:/Applications/IntelliJ IDEA CE.app/Contents/bin -Dfile.encoding=UTF-8 --module-path=/Users/napakamolpintaprom/.m2/repository/org/openjfx/javafx-graphics/17.0.1/javafx-graphics-17.0.1-mac-aarch64.jar:/Users/napakamolpintaprom/Desktop/project211-dingtwo/target/classes:/Users/napakamolpintaprom/.m2/repository/org/openjfx/javafx-controls/17.0.1/javafx-controls-17.0.1-mac-aarch64.jar:/Users/napakamolpintaprom/.m2/repository/org/openjfx/javafx-base/17.0.1/javafx-base-17.0.1-mac-aarch64.jar:/Users/napakamolpintaprom/.m2/repository/org/openjfx/javafx-fxml/17.0.1/javafx-fxml-17.0.1-mac-aarch64.jar -Djdk.module.main=cs.ku 
java_command: cs.ku/ku.cs.ProjectApplication
java_class_path (initial): /Users/napakamolpintaprom/.m2/repository/org/openjfx/javafx-controls/17.0.1/javafx-controls-17.0.1.jar:/Users/napakamolpintaprom/.m2/repository/org/openjfx/javafx-graphics/17.0.1/javafx-graphics-17.0.1.jar:/Users/napakamolpintaprom/.m2/repository/org/openjfx/javafx-base/17.0.1/javafx-base-17.0.1.jar:/Users/napakamolpintaprom/.m2/repository/org/openjfx/javafx-fxml/17.0.1/javafx-fxml-17.0.1.jar
Launcher Type: SUN_STANDARD

[Global flags]
     intx CICompilerCount                          = 4                                         {product} {ergonomic}
     uint ConcGCThreads                            = 2                                         {product} {ergonomic}
     uint G1ConcRefinementThreads                  = 8                                         {product} {ergonomic}
   size_t G1HeapRegionSize                         = 1048576                                   {product} {ergonomic}
    uintx GCDrainStackTargetSize                   = 64                                        {product} {ergonomic}
   size_t InitialHeapSize                          = 134217728                                 {product} {ergonomic}
   size_t MarkStackSize                            = 4194304                                   {product} {ergonomic}
   size_t MaxHeapSize                              = 2147483648                                {product} {ergonomic}
   size_t MaxNewSize                               = 1287651328                                {product} {ergonomic}
   size_t MinHeapDeltaBytes                        = 1048576                                   {product} {ergonomic}
   size_t MinHeapSize                              = 8388608                                   {product} {ergonomic}
    uintx NonNMethodCodeHeapSize                   = 5839564                                {pd product} {ergonomic}
    uintx NonProfiledCodeHeapSize                  = 122909338                              {pd product} {ergonomic}
    uintx ProfiledCodeHeapSize                     = 122909338                              {pd product} {ergonomic}
    uintx ReservedCodeCacheSize                    = 251658240                              {pd product} {ergonomic}
     bool SegmentedCodeCache                       = true                                      {product} {ergonomic}
   size_t SoftMaxHeapSize                          = 2147483648                             {manageable} {ergonomic}
     bool UseCompressedClassPointers               = true                           {product lp64_product} {ergonomic}
     bool UseCompressedOops                        = true                           {product lp64_product} {ergonomic}
     bool UseG1GC                                  = true                                      {product} {ergonomic}
     bool UseNUMA                                  = false                                     {product} {ergonomic}
     bool UseNUMAInterleaving                      = false                                     {product} {ergonomic}

Logging:
Log output configuration:
 #0: stdout all=warning uptime,level,tags
 #1: stderr all=off uptime,level,tags

Environment Variables:
PATH=/opt/homebrew/bin:/Library/Frameworks/Python.framework/Versions/3.9/bin:/usr/local/bin:/usr/bin:/bin:/usr/sbin:/sbin
SHELL=/bin/zsh
LC_CTYPE=en_US.UTF-8

Signal Handlers:
   SIGSEGV: _ZL13crash_handleriP9__siginfoPv in libjvm.dylib, mask=11100110000111110111111111111111, flags=SA_RESTART|SA_SIGINFO
    SIGBUS: _ZL13crash_handleriP9__siginfoPv in libjvm.dylib, mask=11100110000111110111111111111111, flags=SA_RESTART|SA_SIGINFO
    SIGFPE: _ZL13crash_handleriP9__siginfoPv in libjvm.dylib, mask=11100110000111110111111111111111, flags=SA_RESTART|SA_SIGINFO
   SIGPIPE: _ZL17javaSignalHandleriP9__siginfoPv in libjvm.dylib, mask=11100110000111110111111111111111, flags=SA_RESTART|SA_SIGINFO
   SIGXFSZ: _ZL17javaSignalHandleriP9__siginfoPv in libjvm.dylib, mask=11100110000111110111111111111111, flags=SA_RESTART|SA_SIGINFO
    SIGILL: _ZL13crash_handleriP9__siginfoPv in libjvm.dylib, mask=11100110000111110111111111111111, flags=SA_RESTART|SA_SIGINFO
   SIGUSR2: _ZL10SR_handleriP9__siginfoP17__darwin_ucontext in libjvm.dylib, mask=00100000000000000000000000000000, flags=SA_RESTART|SA_SIGINFO
    SIGHUP: _ZL11UserHandleriPvS_ in libjvm.dylib, mask=11100110000111110111111111111111, flags=SA_RESTART|SA_SIGINFO
    SIGINT: _ZL11UserHandleriPvS_ in libjvm.dylib, mask=11100110000111110111111111111111, flags=SA_RESTART|SA_SIGINFO
   SIGTERM: _ZL11UserHandleriPvS_ in libjvm.dylib, mask=11100110000111110111111111111111, flags=SA_RESTART|SA_SIGINFO
   SIGQUIT: _ZL11UserHandleriPvS_ in libjvm.dylib, mask=11100110000111110111111111111111, flags=SA_RESTART|SA_SIGINFO
   SIGTRAP: _ZL13crash_handleriP9__siginfoPv in libjvm.dylib, mask=11100110000111110111111111111111, flags=SA_RESTART|SA_SIGINFO


---------------  S Y S T E M  ---------------

OS:
uname: Darwin 21.1.0 Darwin Kernel Version 21.1.0: Wed Oct 13 17:33:24 PDT 2021; root:xnu-8019.41.5~1/RELEASE_ARM64_T8101 arm64
OS uptime: 8 days 11:47 hours
rlimit (soft/hard): STACK 8176k/65520k , CORE 0k/infinity , NPROC 1333/2000 , NOFILE 10240/infinity , AS infinity/infinity , CPU infinity/infinity , DATA infinity/infinity , FSIZE infinity/infinity , MEMLOCK infinity/infinity , RSS infinity/infinity
load average: 2.73 1.87 2.05

CPU: total 8 (initial active 8) 0x61:0x0:0x1b588bb3:0, fp, simd, crc, lse

Memory: 16k page, physical 8388608k(98064k free), swap 3145728k(859648k free)

vm_info: Java HotSpot(TM) 64-Bit Server VM (17.0.3.1+2-LTS-6) for bsd-aarch64 JRE (17.0.3.1+2-LTS-6), built on Apr 25 2022 20:48:14 by "mach5one" with clang Apple LLVM 12.0.0 (clang-1200.0.32.29)

END.
