#
# A fatal error has been detected by the Java Runtime Environment:
#
#  SIGBUS (0xa) at pc=0x000000010dc694f0, pid=24332, tid=35339
#
# JRE version: Java(TM) SE Runtime Environment (17.0.3.1+2) (build 17.0.3.1+2-LTS-6)
# Java VM: Java HotSpot(TM) 64-Bit Server VM (17.0.3.1+2-LTS-6, mixed mode, sharing, tiered, compressed oops, compressed class ptrs, g1 gc, bsd-aarch64)
# Problematic frame:
# v  ~StubRoutines::SafeFetchN
#
# No core dump will be written. Core dumps have been disabled. To enable core dumping, try "ulimit -c unlimited" before starting Java again
#
# If you would like to submit a bug report, please visit:
#   https://bugreport.java.com/bugreport/crash.jsp
# The crash happened outside the Java Virtual Machine in native code.
# See problematic frame for where to report the bug.
#

---------------  S U M M A R Y ------------

Command Line: -javaagent:/Applications/IntelliJ IDEA CE.app/Contents/lib/idea_rt.jar=50614:/Applications/IntelliJ IDEA CE.app/Contents/bin -Dfile.encoding=UTF-8 --module-path=/Users/napakamolpintaprom/.m2/repository/org/openjfx/javafx-fxml/17.0.1/javafx-fxml-17.0.1-mac-aarch64.jar:/Users/napakamolpintaprom/Desktop/project211-dingtwo/target/classes:/Users/napakamolpintaprom/.m2/repository/org/openjfx/javafx-base/17.0.1/javafx-base-17.0.1-mac-aarch64.jar:/Users/napakamolpintaprom/.m2/repository/org/openjfx/javafx-graphics/17.0.1/javafx-graphics-17.0.1-mac-aarch64.jar:/Users/napakamolpintaprom/.m2/repository/org/openjfx/javafx-controls/17.0.1/javafx-controls-17.0.1-mac-aarch64.jar -Djdk.module.main=cs.ku cs.ku/ku.cs.ProjectApplication

Host: "MacBookAir10,1" arm64 1 MHz, 8 cores, 8G, Darwin 21.1.0, macOS 12.0.1 (21A559)
Time: Thu Sep  8 20:50:42 2022 +07 elapsed time: 4.559343 seconds (0d 0h 0m 4s)

---------------  T H R E A D  ---------------

Current thread (0x000000014008b600):  JavaThread "InvokeLaterDispatcher" daemon [_thread_in_native, id=35339, stack(0x000000016e4c0000,0x000000016e6c3000)]

Stack: [0x000000016e4c0000,0x000000016e6c3000],  sp=0x000000016e6c27b0,  free space=2057k
Native frames: (J=compiled Java code, j=interpreted, Vv=VM code, C=native code)
v  ~StubRoutines::SafeFetchN
V  [libjvm.dylib+0x7a3f04]  _ZN10OopStorage7releaseEPKP7oopDesc+0x20
V  [libjvm.dylib+0x4b93a0]  jni_DeleteGlobalRef+0xc4
C  [libglass.dylib+0xab08]  -[GlassRunnable dealloc]+0x34
C  [Foundation+0x85e0c]  -[_NSThreadPerformInfo dealloc]+0x30
C  [Foundation+0x525e8]  -[NSObject(NSThreadPerformAdditions) performSelectorOnMainThread:withObject:waitUntilDone:]+0x88
C  0xae2e00010dc718ac
j  com.sun.glass.ui.mac.MacApplication.submitForLaterInvocation(Ljava/lang/Runnable;)V+2 javafx.graphics
j  com.sun.glass.ui.InvokeLaterDispatcher.run()V+82 javafx.graphics
v  ~StubRoutines::call_stub
V  [libjvm.dylib+0x4609f8]  _ZN9JavaCalls11call_helperEP9JavaValueRK12methodHandleP17JavaCallArgumentsP10JavaThread+0x38c
V  [libjvm.dylib+0x45fa14]  _ZN9JavaCalls12call_virtualEP9JavaValueP5KlassP6SymbolS5_P17JavaCallArgumentsP10JavaThread+0x11c
V  [libjvm.dylib+0x45fae0]  _ZN9JavaCalls12call_virtualEP9JavaValue6HandleP5KlassP6SymbolS6_P10JavaThread+0x64
V  [libjvm.dylib+0x513360]  _ZL12thread_entryP10JavaThreadS0_+0xc4
V  [libjvm.dylib+0x904598]  _ZN10JavaThread17thread_main_innerEv+0x134
V  [libjvm.dylib+0x902ec0]  _ZN6Thread8call_runEv+0x128
V  [libjvm.dylib+0x7aaac4]  _ZL19thread_native_entryP6Thread+0x158
C  [libsystem_pthread.dylib+0x74ec]  _pthread_start+0x94

Java frames: (J=compiled Java code, j=interpreted, Vv=VM code)
j  com.sun.glass.ui.mac.MacApplication._submitForLaterInvocation(Ljava/lang/Runnable;)V+0 javafx.graphics
j  com.sun.glass.ui.mac.MacApplication.submitForLaterInvocation(Ljava/lang/Runnable;)V+2 javafx.graphics
j  com.sun.glass.ui.InvokeLaterDispatcher.run()V+82 javafx.graphics
v  ~StubRoutines::call_stub

siginfo: si_signo: 10 (SIGBUS), si_code: 1 (BUS_ADRALN), si_addr: 0x000000010dc694f0

Register to memory mapping:

 x0=0x0000000127e0fe88 is a global jni handle
 x1=0x0 is NULL
 x2=0x0000000787f82308 is an oop: com.sun.glass.ui.InvokeLaterDispatcher$Future 
{0x0000000787f82308} - klass: 'com/sun/glass/ui/InvokeLaterDispatcher$Future'
 - ---- fields (total size 3 words):
 - private 'done' 'Z' @12  true
 - private final 'runnable' 'Ljava/lang/Runnable;' @16  a 'com/sun/javafx/tk/quantum/QuantumToolkit$$Lambda$85+0x0000000800c397a0'{0x000000078562d790} (f0ac5af2)
 - final synthetic 'this$0' 'Lcom/sun/glass/ui/InvokeLaterDispatcher;' @20  a 'com/sun/glass/ui/InvokeLaterDispatcher'{0x000000078562d588} (f0ac5ab1)
 x3=0x0 is NULL
 x4=0x00000000000130a8 is an unknown value
 x5=0x0 is NULL
 x6=0x0 is NULL
 x7=0x0 is NULL
 x8=0x000000010dc694ec is at begin+0 in a stub
StubRoutines::SafeFetchN [0x000000010dc694ec, 0x000000010dc694f8] (12 bytes)
 x9=0x0 is NULL
x10=0x2010000030300000 is an unknown value
x11=0x0000000000000007 is an unknown value
x12=0x0 is NULL
x13=0x0000600002fec070 points into unknown readable memory: 0x0000a70300000000 | 00 00 00 00 03 a7 00 00
x14=0x0000000000000001 is an unknown value
x15=0x00000001254f1f98: OBJC_CLASS_$_GlassRunnable+0 in /Users/napakamolpintaprom/.openjfx/cache/17.0.1/libglass.dylib at 0x00000001254ac000
x16=0x000000018bd04340: pthread_getspecific+0 in /usr/lib/system/libsystem_pthread.dylib at 0x000000018bd02000
x17=0x0000600002aff790 points into unknown readable memory: 0xfffffffffffffffe | fe ff ff ff ff ff ff ff
x18=0x0 is NULL
x19=0x0000600002af0770 points into unknown readable memory: 0x00006000003e9650 | 50 96 3e 00 00 60 00 00
x20=0x0000000127e0fc80 points into unknown readable memory: 0x00000001e56f4588 | 88 45 6f e5 01 00 00 00
x21=0x0000000127e0fe88 is a global jni handle
x22=0x000000014008b600 is a thread
x23=0x0000000000000001 is an unknown value
x24=0x0000000127e0fe40 is a global jni handle
x25=0x000000010611d628: _ZN12StubRoutines17_safefetchN_entryE+0 in /Library/Java/JavaVirtualMachines/jdk-17.0.3.1.jdk/Contents/Home/lib/server/libjvm.dylib at 0x0000000105584000
x26=0x00000001235185d0 is pointing into metadata
x27=0x0 is NULL
x28=0x000000014008b600 is a thread


Registers:
 x0=0x0000000127e0fe88  x1=0x0000000000000000  x2=0x0000000787f82308  x3=0x0000000000000000
 x4=0x00000000000130a8  x5=0x0000000000000000  x6=0x0000000000000000  x7=0x0000000000000000
 x8=0x000000010dc694ec  x9=0x0000000000000000 x10=0x2010000030300000 x11=0x0000000000000007
x12=0x0000000000000000 x13=0x0000600002fec070 x14=0x0000000000000001 x15=0x00000001254f1f98
x16=0x000000018bd04340 x17=0x0000600002aff790 x18=0x0000000000000000 x19=0x0000600002af0770
x20=0x0000000127e0fc80 x21=0x0000000127e0fe88 x22=0x000000014008b600 x23=0x0000000000000001
x24=0x0000000127e0fe40 x25=0x000000010611d628 x26=0x00000001235185d0 x27=0x0000000000000000
x28=0x000000014008b600  fp=0x000000016e6c27f0  lr=0x0000000105d26cd4  sp=0x000000016e6c27b0
pc=0x000000010dc694f0 cpsr=0x0000000060001000
Top of Stack: (sp=0x000000016e6c27b0)
0x000000016e6c27b0:   00000001235185d0 0000000000000001
0x000000016e6c27c0:   000000016e6c29a8 0000600000304380
0x000000016e6c27d0:   0000000000000000 0000000127e0fe70
0x000000016e6c27e0:   0000000127e0fe70 0000600002af0770
0x000000016e6c27f0:   000000016e6c2830 0000000105d27f04
0x000000016e6c2800:   0000000000000001 0000000127e0fe70
0x000000016e6c2810:   0000000000000000 0000000127e0fe70
0x000000016e6c2820:   0000000000000001 0000000148024600
0x000000016e6c2830:   000000016e6c2860 0000000105a3d3a0
0x000000016e6c2840:   00006000003043a0 00000001d5f319f4
0x000000016e6c2850:   0000000000000000 00006000003043a0
0x000000016e6c2860:   000000016e6c2890 00000001254b6b08
0x000000016e6c2870:   578c2471e7030067 0000000000000000
0x000000016e6c2880:   0000000000000000 000060000143f380
0x000000016e6c2890:   000000016e6c28d0 000000018cccce0c
0x000000016e6c28a0:   000000016e6c29a8 0000600000304380
0x000000016e6c28b0:   00006000003043a0 578c2471e7030067
0x000000016e6c28c0:   0000000000000000 0000000000000000
0x000000016e6c28d0:   000000016e6c2910 0a2200018cc995e8
0x000000016e6c28e0:   000000016e6c29a8 000000010dc707c0
0x000000016e6c28f0:   0000000000000000 0000000106124fe8
0x000000016e6c2900:   000000016e6c2920 000000010dc6f730
0x000000016e6c2910:   000000016e6c2980 ae2e00010dc718ac
0x000000016e6c2920:   0000000000000000 00000007852a9f98
0x000000016e6c2930:   000000016e6c2930 0000000000000000
0x000000016e6c2940:   000000016e6c29a8 00000001235185d0
0x000000016e6c2950:   000000078563d3f8 0000000000000000
0x000000016e6c2960:   0000000000000000 00000001234f7a90
0x000000016e6c2970:   0000000000000000 000000016e6c2980
0x000000016e6c2980:   000000016e6c2a00 000000010dc6dfc8
0x000000016e6c2990:   0000000000000000 0000000000000000
0x000000016e6c29a0:   0000000787f82308 000000078563d470 

Instructions: (pc=0x000000010dc694f0)
0x000000010dc693f0:   f2a0c1c9 f2c00029 6d425935 1e640886
0x000000010dc69400:   0c402d31 1e6408c7 1f5654d0 1e6c1017
0x000000010dc69410:   1f5050d0 1f504cd0 1f5048d0 1e650af6
0x000000010dc69420:   1f50d8f6 1f5694d6 1f5158f6 1e762880
0x000000010dc69430:   36000501 1e614000 14000026 2e251ca5
0x000000010dc69440:   d2943009 f2a0c1c9 f2c00029 6d425d36
0x000000010dc69450:   1e600806 0c402d32 1f5758c7 1e6c101a
0x000000010dc69460:   1f4754c7 1e650805 1f4750c7 d2866668
0x000000010dc69470:   f2a7fa68 1f474cc7 1e6608c0 1f4748c7
0x000000010dc69480:   1e6e1019 eb08007f 540000ac 1f479400
0x000000010dc69490:   1f460340 1e603b20 1400000e d2a7fd29
0x000000010dc694a0:   eb09007f 540000ac 51480069 d3607d29
0x000000010dc694b0:   9e670121 14000002 1e6a5001 1f679417
0x000000010dc694c0:   1f668742 1e613b23 1e773857 1e773860
0x000000010dc694d0:   a8c17ff3 910003bf a8c17bfd d65f03c0
0x000000010dc694e0:   b9400001 aa0103e0 d65f03c0 f9400001
0x000000010dc694f0:   aa0103e0 d65f03c0 00000000 00000000
0x000000010dc69500:   00000000 00000000 00000000 00000000
0x000000010dc69510:   00000000 00000000 00000000 00000000
0x000000010dc69520:   00000000 00000000 00000000 00000000
0x000000010dc69530:   00000000 00000000 00000000 00000000
0x000000010dc69540:   00000000 00000000 00000000 00000000
0x000000010dc69550:   00000000 00000000 00000000 00000000
0x000000010dc69560:   00000000 00000000 00000000 00000000
0x000000010dc69570:   00000000 00000000 00000000 00000000
0x000000010dc69580:   00000000 00000000 00000000 00000000
0x000000010dc69590:   00000000 00000000 00000000 00000000
0x000000010dc695a0:   00000000 00000000 00000000 00000000
0x000000010dc695b0:   00000000 00000000 00000000 00000000
0x000000010dc695c0:   00000000 00000000 00000000 00000000
0x000000010dc695d0:   00000000 00000000 00000000 00000000
0x000000010dc695e0:   00000000 00000000 00000000 00000000 


Stack slot to memory mapping:
stack at sp + 0 slots: 0x00000001235185d0 is pointing into metadata
stack at sp + 1 slots: 0x0000000000000001 is an unknown value
stack at sp + 2 slots: 0x000000016e6c29a8 is pointing into the stack for thread: 0x000000014008b600
stack at sp + 3 slots: 0x0000600000304380 points into unknown readable memory: 0x01000001e49e6081 | 81 60 9e e4 01 00 00 01
stack at sp + 4 slots: 0x0 is NULL
stack at sp + 5 slots: 0x0000000127e0fe70 is a global jni handle
stack at sp + 6 slots: 0x0000000127e0fe70 is a global jni handle
stack at sp + 7 slots: 0x0000600002af0770 points into unknown readable memory: 0x00006000003e9650 | 50 96 3e 00 00 60 00 00

StubRoutines::SafeFetchN [0x000000010dc694ec, 0x000000010dc694f8] (12 bytes)
[MachCode]
  0x000000010dc694ec: 0100 40f9 | e003 01aa | c003 5fd6 
[/MachCode]

---------------  P R O C E S S  ---------------

Threads class SMR info:
_java_thread_list=0x0000600000116780, length=20, elements={
0x0000000130011a00, 0x00000001300c1e00, 0x000000013080a400, 0x00000001300c3400,
0x000000014800ee00, 0x000000014800d600, 0x000000014800dc00, 0x000000014800e200,
0x0000000148014000, 0x0000000130811600, 0x0000000130811c00, 0x0000000130812c00,
0x0000000148022a00, 0x000000014008b600, 0x0000000148024600, 0x00000001400b6c00,
0x0000000130374a00, 0x00000001309dfe00, 0x00000001303f8c00, 0x0000000140116200
}

Java Threads: ( => current thread )
  0x0000000130011a00 JavaThread "main" [_thread_blocked, id=9987, stack(0x000000016bab8000,0x000000016bcbb000)]
  0x00000001300c1e00 JavaThread "Reference Handler" daemon [_thread_blocked, id=14851, stack(0x000000016c90c000,0x000000016cb0f000)]
  0x000000013080a400 JavaThread "Finalizer" daemon [_thread_blocked, id=15363, stack(0x000000016cb18000,0x000000016cd1b000)]
  0x00000001300c3400 JavaThread "Signal Dispatcher" daemon [_thread_blocked, id=42243, stack(0x000000016ce3c000,0x000000016d03f000)]
  0x000000014800ee00 JavaThread "Service Thread" daemon [_thread_blocked, id=23043, stack(0x000000016d048000,0x000000016d24b000)]
  0x000000014800d600 JavaThread "Monitor Deflation Thread" daemon [_thread_blocked, id=41731, stack(0x000000016d254000,0x000000016d457000)]
  0x000000014800dc00 JavaThread "C2 CompilerThread0" daemon [_thread_in_native, id=23555, stack(0x000000016d460000,0x000000016d663000)]
  0x000000014800e200 JavaThread "C1 CompilerThread0" daemon [_thread_blocked, id=23811, stack(0x000000016d66c000,0x000000016d86f000)]
  0x0000000148014000 JavaThread "Sweeper thread" daemon [_thread_blocked, id=40963, stack(0x000000016d878000,0x000000016da7b000)]
  0x0000000130811600 JavaThread "Common-Cleaner" daemon [_thread_blocked, id=24323, stack(0x000000016da84000,0x000000016dc87000)]
  0x0000000130811c00 JavaThread "Monitor Ctrl-Break" daemon [_thread_in_native, id=24579, stack(0x000000016dc90000,0x000000016de93000)]
  0x0000000130812c00 JavaThread "Notification Thread" daemon [_thread_blocked, id=40195, stack(0x000000016de9c000,0x000000016e09f000)]
  0x0000000148022a00 JavaThread "QuantumRenderer-0" daemon [_thread_blocked, id=25091, stack(0x000000016e2b4000,0x000000016e4b7000)]
=>0x000000014008b600 JavaThread "InvokeLaterDispatcher" daemon [_thread_in_native, id=35339, stack(0x000000016e4c0000,0x000000016e6c3000)]
  0x0000000148024600 JavaThread "JavaFX Application Thread" [_thread_in_native, id=259, stack(0x000000016b230000,0x000000016ba2c000)]
  0x00000001400b6c00 JavaThread "JavaFX-Launcher" [_thread_blocked, id=53011, stack(0x000000016e964000,0x000000016eb67000)]
  0x0000000130374a00 JavaThread "Prism Font Disposer" daemon [_thread_blocked, id=60423, stack(0x000000016f5ac000,0x000000016f7af000)]
  0x00000001309dfe00 JavaThread "Cleaner-0" daemon [_thread_blocked, id=68363, stack(0x000000016f7b8000,0x000000016f9bb000)]
  0x00000001303f8c00 JavaThread "Attach Listener" daemon [_thread_blocked, id=64527, stack(0x000000016f9c4000,0x000000016fbc7000)]
  0x0000000140116200 JavaThread "PulseTimer-CVDisplayLink thread" daemon [_thread_in_native, id=75283, stack(0x000000016e758000,0x000000016e7db000)]

Other Threads:
  0x0000000127e0da00 VMThread "VM Thread" [stack: 0x000000016c700000,0x000000016c903000] [id=16387]
  0x00000001310044f0 WatcherThread [stack: 0x000000016e0a8000,0x000000016e2ab000] [id=39939]
  0x0000000127e06770 GCTaskThread "GC Thread#0" [stack: 0x000000016bcc4000,0x000000016bec7000] [id=19459]
  0x0000000147e1a880 GCTaskThread "GC Thread#1" [stack: 0x000000016eb70000,0x000000016ed73000] [id=76547]
  0x0000000147e1ad00 GCTaskThread "GC Thread#2" [stack: 0x000000016ed7c000,0x000000016ef7f000] [id=57347]
  0x0000000127e29570 GCTaskThread "GC Thread#3" [stack: 0x000000016ef88000,0x000000016f18b000] [id=76291]
  0x0000000127e29c10 GCTaskThread "GC Thread#4" [stack: 0x000000016f194000,0x000000016f397000] [id=76035]
  0x0000000127e2a480 GCTaskThread "GC Thread#5" [stack: 0x000000016f3a0000,0x000000016f5a3000] [id=75523]
  0x0000000137e6a3e0 GCTaskThread "GC Thread#6" [stack: 0x000000016fbd0000,0x000000016fdd3000] [id=68619]
  0x0000000127e3c440 GCTaskThread "GC Thread#7" [stack: 0x000000016fddc000,0x000000016ffdf000] [id=72203]
  0x0000000127e06e20 ConcurrentGCThread "G1 Main Marker" [stack: 0x000000016bed0000,0x000000016c0d3000] [id=19203]
  0x0000000127e076a0 ConcurrentGCThread "G1 Conc#0" [stack: 0x000000016c0dc000,0x000000016c2df000] [id=18435]
  0x0000000127e09510 ConcurrentGCThread "G1 Refine#0" [stack: 0x000000016c2e8000,0x000000016c4eb000] [id=17667]
  0x0000000147e43900 ConcurrentGCThread "G1 Refine#1" [stack: 0x0000000290004000,0x0000000290207000] [id=67595]
  0x0000000147f082b0 ConcurrentGCThread "G1 Refine#2" [stack: 0x0000000290210000,0x0000000290413000] [id=67331]
  0x0000000127e09db0 ConcurrentGCThread "G1 Service" [stack: 0x000000016c4f4000,0x000000016c6f7000] [id=12547]

Threads with active compile tasks:
C2 CompilerThread0     4571 2637 %     4       com.sun.marlin.Renderer::_endRendering @ 1910 (2473 bytes)

VM state: not at safepoint (normal execution)

VM Mutex/Monitor currently owned by a thread: None

Heap address: 0x0000000780000000, size: 2048 MB, Compressed Oops mode: Zero based, Oop shift amount: 3

CDS archive(s) mapped at: [0x0000000800000000-0x0000000800bd8000-0x0000000800bd8000), size 12419072, SharedBaseAddress: 0x0000000800000000, ArchiveRelocationMode: 0.
Compressed class space mapped at: 0x0000000800c00000-0x0000000840c00000, reserved size: 1073741824
Narrow klass base: 0x0000000800000000, Narrow klass shift: 0, Narrow klass range: 0x100000000

GC Precious Log:
 CPUs: 8 total, 8 available
 Memory: 8192M
 Large Page Support: Disabled
 NUMA Support: Disabled
 Compressed Oops: Enabled (Zero based)
 Heap Region Size: 1M
 Heap Min Capacity: 8M
 Heap Initial Capacity: 128M
 Heap Max Capacity: 2G
 Pre-touch: Disabled
 Parallel Workers: 8
 Concurrent Workers: 2
 Concurrent Refinement Workers: 8
 Periodic GC: Disabled

Heap:
 garbage-first heap   total 133120K, used 11966K [0x0000000780000000, 0x0000000800000000)
  region size 1024K, 8 young (8192K), 6 survivors (6144K)
 Metaspace       used 17115K, committed 17344K, reserved 1064960K
  class space    used 2571K, committed 2688K, reserved 1048576K

Heap Regions: E=young(eden), S=young(survivor), O=old, HS=humongous(starts), HC=humongous(continues), CS=collection set, F=free, OA=open archive, CA=closed archive, TAMS=top-at-mark-start (previous, next)
|   0|0x0000000780000000, 0x0000000780100000, 0x0000000780100000|100%| O|  |TAMS 0x0000000780000000, 0x0000000780000000| Untracked 
|   1|0x0000000780100000, 0x0000000780100000, 0x0000000780200000|  0%| F|  |TAMS 0x0000000780100000, 0x0000000780100000| Untracked 
|   2|0x0000000780200000, 0x0000000780200000, 0x0000000780300000|  0%| F|  |TAMS 0x0000000780200000, 0x0000000780200000| Untracked 
|   3|0x0000000780300000, 0x0000000780300000, 0x0000000780400000|  0%| F|  |TAMS 0x0000000780300000, 0x0000000780300000| Untracked 
|   4|0x0000000780400000, 0x0000000780400000, 0x0000000780500000|  0%| F|  |TAMS 0x0000000780400000, 0x0000000780400000| Untracked 
|   5|0x0000000780500000, 0x0000000780500000, 0x0000000780600000|  0%| F|  |TAMS 0x0000000780500000, 0x0000000780500000| Untracked 
|   6|0x0000000780600000, 0x0000000780600000, 0x0000000780700000|  0%| F|  |TAMS 0x0000000780600000, 0x0000000780600000| Untracked 
|   7|0x0000000780700000, 0x0000000780700000, 0x0000000780800000|  0%| F|  |TAMS 0x0000000780700000, 0x0000000780700000| Untracked 
|   8|0x0000000780800000, 0x0000000780800000, 0x0000000780900000|  0%| F|  |TAMS 0x0000000780800000, 0x0000000780800000| Untracked 
|   9|0x0000000780900000, 0x0000000780900000, 0x0000000780a00000|  0%| F|  |TAMS 0x0000000780900000, 0x0000000780900000| Untracked 
|  10|0x0000000780a00000, 0x0000000780a00000, 0x0000000780b00000|  0%| F|  |TAMS 0x0000000780a00000, 0x0000000780a00000| Untracked 
|  11|0x0000000780b00000, 0x0000000780b00000, 0x0000000780c00000|  0%| F|  |TAMS 0x0000000780b00000, 0x0000000780b00000| Untracked 
|  12|0x0000000780c00000, 0x0000000780c00000, 0x0000000780d00000|  0%| F|  |TAMS 0x0000000780c00000, 0x0000000780c00000| Untracked 
|  13|0x0000000780d00000, 0x0000000780d00000, 0x0000000780e00000|  0%| F|  |TAMS 0x0000000780d00000, 0x0000000780d00000| Untracked 
|  14|0x0000000780e00000, 0x0000000780e00000, 0x0000000780f00000|  0%| F|  |TAMS 0x0000000780e00000, 0x0000000780e00000| Untracked 
|  15|0x0000000780f00000, 0x0000000780f00000, 0x0000000781000000|  0%| F|  |TAMS 0x0000000780f00000, 0x0000000780f00000| Untracked 
|  16|0x0000000781000000, 0x0000000781000000, 0x0000000781100000|  0%| F|  |TAMS 0x0000000781000000, 0x0000000781000000| Untracked 
|  17|0x0000000781100000, 0x0000000781100000, 0x0000000781200000|  0%| F|  |TAMS 0x0000000781100000, 0x0000000781100000| Untracked 
|  18|0x0000000781200000, 0x0000000781200000, 0x0000000781300000|  0%| F|  |TAMS 0x0000000781200000, 0x0000000781200000| Untracked 
|  19|0x0000000781300000, 0x0000000781300000, 0x0000000781400000|  0%| F|  |TAMS 0x0000000781300000, 0x0000000781300000| Untracked 
|  20|0x0000000781400000, 0x0000000781400000, 0x0000000781500000|  0%| F|  |TAMS 0x0000000781400000, 0x0000000781400000| Untracked 
|  21|0x0000000781500000, 0x0000000781500000, 0x0000000781600000|  0%| F|  |TAMS 0x0000000781500000, 0x0000000781500000| Untracked 
|  22|0x0000000781600000, 0x0000000781600000, 0x0000000781700000|  0%| F|  |TAMS 0x0000000781600000, 0x0000000781600000| Untracked 
|  23|0x0000000781700000, 0x0000000781700000, 0x0000000781800000|  0%| F|  |TAMS 0x0000000781700000, 0x0000000781700000| Untracked 
|  24|0x0000000781800000, 0x0000000781900000, 0x0000000781900000|100%|HS|  |TAMS 0x0000000781800000, 0x0000000781800000| Complete 
|  25|0x0000000781900000, 0x0000000781a00000, 0x0000000781a00000|100%|HC|  |TAMS 0x0000000781900000, 0x0000000781900000| Complete 
|  26|0x0000000781a00000, 0x0000000781ab7800, 0x0000000781b00000| 71%| O|  |TAMS 0x0000000781a00000, 0x0000000781a00000| Untracked 
|  27|0x0000000781b00000, 0x0000000781b00000, 0x0000000781c00000|  0%| F|  |TAMS 0x0000000781b00000, 0x0000000781b00000| Untracked 
|  28|0x0000000781c00000, 0x0000000781c00000, 0x0000000781d00000|  0%| F|  |TAMS 0x0000000781c00000, 0x0000000781c00000| Untracked 
|  29|0x0000000781d00000, 0x0000000781d00000, 0x0000000781e00000|  0%| F|  |TAMS 0x0000000781d00000, 0x0000000781d00000| Untracked 
|  30|0x0000000781e00000, 0x0000000781e00000, 0x0000000781f00000|  0%| F|  |TAMS 0x0000000781e00000, 0x0000000781e00000| Untracked 
|  31|0x0000000781f00000, 0x0000000781f00000, 0x0000000782000000|  0%| F|  |TAMS 0x0000000781f00000, 0x0000000781f00000| Untracked 
|  32|0x0000000782000000, 0x0000000782000000, 0x0000000782100000|  0%| F|  |TAMS 0x0000000782000000, 0x0000000782000000| Untracked 
|  33|0x0000000782100000, 0x0000000782100000, 0x0000000782200000|  0%| F|  |TAMS 0x0000000782100000, 0x0000000782100000| Untracked 
|  34|0x0000000782200000, 0x0000000782200000, 0x0000000782300000|  0%| F|  |TAMS 0x0000000782200000, 0x0000000782200000| Untracked 
|  35|0x0000000782300000, 0x0000000782300000, 0x0000000782400000|  0%| F|  |TAMS 0x0000000782300000, 0x0000000782300000| Untracked 
|  36|0x0000000782400000, 0x0000000782400000, 0x0000000782500000|  0%| F|  |TAMS 0x0000000782400000, 0x0000000782400000| Untracked 
|  37|0x0000000782500000, 0x0000000782500000, 0x0000000782600000|  0%| F|  |TAMS 0x0000000782500000, 0x0000000782500000| Untracked 
|  38|0x0000000782600000, 0x0000000782600000, 0x0000000782700000|  0%| F|  |TAMS 0x0000000782600000, 0x0000000782600000| Untracked 
|  39|0x0000000782700000, 0x0000000782700000, 0x0000000782800000|  0%| F|  |TAMS 0x0000000782700000, 0x0000000782700000| Untracked 
|  40|0x0000000782800000, 0x0000000782800000, 0x0000000782900000|  0%| F|  |TAMS 0x0000000782800000, 0x0000000782800000| Untracked 
|  41|0x0000000782900000, 0x0000000782900000, 0x0000000782a00000|  0%| F|  |TAMS 0x0000000782900000, 0x0000000782900000| Untracked 
|  42|0x0000000782a00000, 0x0000000782a00000, 0x0000000782b00000|  0%| F|  |TAMS 0x0000000782a00000, 0x0000000782a00000| Untracked 
|  43|0x0000000782b00000, 0x0000000782b00000, 0x0000000782c00000|  0%| F|  |TAMS 0x0000000782b00000, 0x0000000782b00000| Untracked 
|  44|0x0000000782c00000, 0x0000000782c00000, 0x0000000782d00000|  0%| F|  |TAMS 0x0000000782c00000, 0x0000000782c00000| Untracked 
|  45|0x0000000782d00000, 0x0000000782d00000, 0x0000000782e00000|  0%| F|  |TAMS 0x0000000782d00000, 0x0000000782d00000| Untracked 
|  46|0x0000000782e00000, 0x0000000782e00000, 0x0000000782f00000|  0%| F|  |TAMS 0x0000000782e00000, 0x0000000782e00000| Untracked 
|  47|0x0000000782f00000, 0x0000000782f00000, 0x0000000783000000|  0%| F|  |TAMS 0x0000000782f00000, 0x0000000782f00000| Untracked 
|  48|0x0000000783000000, 0x0000000783000000, 0x0000000783100000|  0%| F|  |TAMS 0x0000000783000000, 0x0000000783000000| Untracked 
|  49|0x0000000783100000, 0x0000000783100000, 0x0000000783200000|  0%| F|  |TAMS 0x0000000783100000, 0x0000000783100000| Untracked 
|  50|0x0000000783200000, 0x0000000783200000, 0x0000000783300000|  0%| F|  |TAMS 0x0000000783200000, 0x0000000783200000| Untracked 
|  51|0x0000000783300000, 0x0000000783300000, 0x0000000783400000|  0%| F|  |TAMS 0x0000000783300000, 0x0000000783300000| Untracked 
|  52|0x0000000783400000, 0x0000000783400000, 0x0000000783500000|  0%| F|  |TAMS 0x0000000783400000, 0x0000000783400000| Untracked 
|  53|0x0000000783500000, 0x0000000783500000, 0x0000000783600000|  0%| F|  |TAMS 0x0000000783500000, 0x0000000783500000| Untracked 
|  54|0x0000000783600000, 0x0000000783600000, 0x0000000783700000|  0%| F|  |TAMS 0x0000000783600000, 0x0000000783600000| Untracked 
|  55|0x0000000783700000, 0x0000000783700000, 0x0000000783800000|  0%| F|  |TAMS 0x0000000783700000, 0x0000000783700000| Untracked 
|  56|0x0000000783800000, 0x0000000783800000, 0x0000000783900000|  0%| F|  |TAMS 0x0000000783800000, 0x0000000783800000| Untracked 
|  57|0x0000000783900000, 0x0000000783900000, 0x0000000783a00000|  0%| F|  |TAMS 0x0000000783900000, 0x0000000783900000| Untracked 
|  58|0x0000000783a00000, 0x0000000783a00000, 0x0000000783b00000|  0%| F|  |TAMS 0x0000000783a00000, 0x0000000783a00000| Untracked 
|  59|0x0000000783b00000, 0x0000000783b00000, 0x0000000783c00000|  0%| F|  |TAMS 0x0000000783b00000, 0x0000000783b00000| Untracked 
|  60|0x0000000783c00000, 0x0000000783c00000, 0x0000000783d00000|  0%| F|  |TAMS 0x0000000783c00000, 0x0000000783c00000| Untracked 
|  61|0x0000000783d00000, 0x0000000783d00000, 0x0000000783e00000|  0%| F|  |TAMS 0x0000000783d00000, 0x0000000783d00000| Untracked 
|  62|0x0000000783e00000, 0x0000000783e00000, 0x0000000783f00000|  0%| F|  |TAMS 0x0000000783e00000, 0x0000000783e00000| Untracked 
|  63|0x0000000783f00000, 0x0000000783f00000, 0x0000000784000000|  0%| F|  |TAMS 0x0000000783f00000, 0x0000000783f00000| Untracked 
|  64|0x0000000784000000, 0x0000000784000000, 0x0000000784100000|  0%| F|  |TAMS 0x0000000784000000, 0x0000000784000000| Untracked 
|  65|0x0000000784100000, 0x0000000784100000, 0x0000000784200000|  0%| F|  |TAMS 0x0000000784100000, 0x0000000784100000| Untracked 
|  66|0x0000000784200000, 0x0000000784200000, 0x0000000784300000|  0%| F|  |TAMS 0x0000000784200000, 0x0000000784200000| Untracked 
|  67|0x0000000784300000, 0x0000000784300000, 0x0000000784400000|  0%| F|  |TAMS 0x0000000784300000, 0x0000000784300000| Untracked 
|  68|0x0000000784400000, 0x0000000784400000, 0x0000000784500000|  0%| F|  |TAMS 0x0000000784400000, 0x0000000784400000| Untracked 
|  69|0x0000000784500000, 0x0000000784500000, 0x0000000784600000|  0%| F|  |TAMS 0x0000000784500000, 0x0000000784500000| Untracked 
|  70|0x0000000784600000, 0x0000000784600000, 0x0000000784700000|  0%| F|  |TAMS 0x0000000784600000, 0x0000000784600000| Untracked 
|  71|0x0000000784700000, 0x0000000784700000, 0x0000000784800000|  0%| F|  |TAMS 0x0000000784700000, 0x0000000784700000| Untracked 
|  72|0x0000000784800000, 0x0000000784800000, 0x0000000784900000|  0%| F|  |TAMS 0x0000000784800000, 0x0000000784800000| Untracked 
|  73|0x0000000784900000, 0x0000000784900000, 0x0000000784a00000|  0%| F|  |TAMS 0x0000000784900000, 0x0000000784900000| Untracked 
|  74|0x0000000784a00000, 0x0000000784a00000, 0x0000000784b00000|  0%| F|  |TAMS 0x0000000784a00000, 0x0000000784a00000| Untracked 
|  75|0x0000000784b00000, 0x0000000784b00000, 0x0000000784c00000|  0%| F|  |TAMS 0x0000000784b00000, 0x0000000784b00000| Untracked 
|  76|0x0000000784c00000, 0x0000000784c00000, 0x0000000784d00000|  0%| F|  |TAMS 0x0000000784c00000, 0x0000000784c00000| Untracked 
|  77|0x0000000784d00000, 0x0000000784d00000, 0x0000000784e00000|  0%| F|  |TAMS 0x0000000784d00000, 0x0000000784d00000| Untracked 
|  78|0x0000000784e00000, 0x0000000784e00000, 0x0000000784f00000|  0%| F|  |TAMS 0x0000000784e00000, 0x0000000784e00000| Untracked 
|  79|0x0000000784f00000, 0x0000000784f00000, 0x0000000785000000|  0%| F|  |TAMS 0x0000000784f00000, 0x0000000784f00000| Untracked 
|  80|0x0000000785000000, 0x0000000785000000, 0x0000000785100000|  0%| F|  |TAMS 0x0000000785000000, 0x0000000785000000| Untracked 
|  81|0x0000000785100000, 0x0000000785200000, 0x0000000785200000|100%| S|CS|TAMS 0x0000000785100000, 0x0000000785100000| Complete 
|  82|0x0000000785200000, 0x0000000785300000, 0x0000000785300000|100%| S|CS|TAMS 0x0000000785200000, 0x0000000785200000| Complete 
|  83|0x0000000785300000, 0x0000000785400000, 0x0000000785400000|100%| S|CS|TAMS 0x0000000785300000, 0x0000000785300000| Complete 
|  84|0x0000000785400000, 0x0000000785500000, 0x0000000785500000|100%| S|CS|TAMS 0x0000000785400000, 0x0000000785400000| Complete 
|  85|0x0000000785500000, 0x0000000785600000, 0x0000000785600000|100%| S|CS|TAMS 0x0000000785500000, 0x0000000785500000| Complete 
|  86|0x0000000785600000, 0x0000000785700000, 0x0000000785700000|100%| S|CS|TAMS 0x0000000785600000, 0x0000000785600000| Complete 
|  87|0x0000000785700000, 0x0000000785700000, 0x0000000785800000|  0%| F|  |TAMS 0x0000000785700000, 0x0000000785700000| Untracked 
|  88|0x0000000785800000, 0x0000000785800000, 0x0000000785900000|  0%| F|  |TAMS 0x0000000785800000, 0x0000000785800000| Untracked 
|  89|0x0000000785900000, 0x0000000785900000, 0x0000000785a00000|  0%| F|  |TAMS 0x0000000785900000, 0x0000000785900000| Untracked 
|  90|0x0000000785a00000, 0x0000000785a00000, 0x0000000785b00000|  0%| F|  |TAMS 0x0000000785a00000, 0x0000000785a00000| Untracked 
|  91|0x0000000785b00000, 0x0000000785b00000, 0x0000000785c00000|  0%| F|  |TAMS 0x0000000785b00000, 0x0000000785b00000| Untracked 
|  92|0x0000000785c00000, 0x0000000785c00000, 0x0000000785d00000|  0%| F|  |TAMS 0x0000000785c00000, 0x0000000785c00000| Untracked 
|  93|0x0000000785d00000, 0x0000000785d00000, 0x0000000785e00000|  0%| F|  |TAMS 0x0000000785d00000, 0x0000000785d00000| Untracked 
|  94|0x0000000785e00000, 0x0000000785e00000, 0x0000000785f00000|  0%| F|  |TAMS 0x0000000785e00000, 0x0000000785e00000| Untracked 
|  95|0x0000000785f00000, 0x0000000785f00000, 0x0000000786000000|  0%| F|  |TAMS 0x0000000785f00000, 0x0000000785f00000| Untracked 
|  96|0x0000000786000000, 0x0000000786000000, 0x0000000786100000|  0%| F|  |TAMS 0x0000000786000000, 0x0000000786000000| Untracked 
|  97|0x0000000786100000, 0x0000000786100000, 0x0000000786200000|  0%| F|  |TAMS 0x0000000786100000, 0x0000000786100000| Untracked 
|  98|0x0000000786200000, 0x0000000786200000, 0x0000000786300000|  0%| F|  |TAMS 0x0000000786200000, 0x0000000786200000| Untracked 
|  99|0x0000000786300000, 0x0000000786300000, 0x0000000786400000|  0%| F|  |TAMS 0x0000000786300000, 0x0000000786300000| Untracked 
| 100|0x0000000786400000, 0x0000000786400000, 0x0000000786500000|  0%| F|  |TAMS 0x0000000786400000, 0x0000000786400000| Untracked 
| 101|0x0000000786500000, 0x0000000786500000, 0x0000000786600000|  0%| F|  |TAMS 0x0000000786500000, 0x0000000786500000| Untracked 
| 102|0x0000000786600000, 0x0000000786600000, 0x0000000786700000|  0%| F|  |TAMS 0x0000000786600000, 0x0000000786600000| Untracked 
| 103|0x0000000786700000, 0x0000000786700000, 0x0000000786800000|  0%| F|  |TAMS 0x0000000786700000, 0x0000000786700000| Untracked 
| 104|0x0000000786800000, 0x0000000786800000, 0x0000000786900000|  0%| F|  |TAMS 0x0000000786800000, 0x0000000786800000| Untracked 
| 105|0x0000000786900000, 0x0000000786900000, 0x0000000786a00000|  0%| F|  |TAMS 0x0000000786900000, 0x0000000786900000| Untracked 
| 106|0x0000000786a00000, 0x0000000786a00000, 0x0000000786b00000|  0%| F|  |TAMS 0x0000000786a00000, 0x0000000786a00000| Untracked 
| 107|0x0000000786b00000, 0x0000000786b00000, 0x0000000786c00000|  0%| F|  |TAMS 0x0000000786b00000, 0x0000000786b00000| Untracked 
| 108|0x0000000786c00000, 0x0000000786c00000, 0x0000000786d00000|  0%| F|  |TAMS 0x0000000786c00000, 0x0000000786c00000| Untracked 
| 109|0x0000000786d00000, 0x0000000786d00000, 0x0000000786e00000|  0%| F|  |TAMS 0x0000000786d00000, 0x0000000786d00000| Untracked 
| 110|0x0000000786e00000, 0x0000000786e00000, 0x0000000786f00000|  0%| F|  |TAMS 0x0000000786e00000, 0x0000000786e00000| Untracked 
| 111|0x0000000786f00000, 0x0000000786f00000, 0x0000000787000000|  0%| F|  |TAMS 0x0000000786f00000, 0x0000000786f00000| Untracked 
| 112|0x0000000787000000, 0x0000000787000000, 0x0000000787100000|  0%| F|  |TAMS 0x0000000787000000, 0x0000000787000000| Untracked 
| 113|0x0000000787100000, 0x0000000787100000, 0x0000000787200000|  0%| F|  |TAMS 0x0000000787100000, 0x0000000787100000| Untracked 
| 114|0x0000000787200000, 0x0000000787200000, 0x0000000787300000|  0%| F|  |TAMS 0x0000000787200000, 0x0000000787200000| Untracked 
| 115|0x0000000787300000, 0x0000000787300000, 0x0000000787400000|  0%| F|  |TAMS 0x0000000787300000, 0x0000000787300000| Untracked 
| 116|0x0000000787400000, 0x0000000787400000, 0x0000000787500000|  0%| F|  |TAMS 0x0000000787400000, 0x0000000787400000| Untracked 
| 117|0x0000000787500000, 0x0000000787500000, 0x0000000787600000|  0%| F|  |TAMS 0x0000000787500000, 0x0000000787500000| Untracked 
| 118|0x0000000787600000, 0x0000000787600000, 0x0000000787700000|  0%| F|  |TAMS 0x0000000787600000, 0x0000000787600000| Untracked 
| 119|0x0000000787700000, 0x0000000787700000, 0x0000000787800000|  0%| F|  |TAMS 0x0000000787700000, 0x0000000787700000| Untracked 
| 120|0x0000000787800000, 0x0000000787800000, 0x0000000787900000|  0%| F|  |TAMS 0x0000000787800000, 0x0000000787800000| Untracked 
| 121|0x0000000787900000, 0x0000000787900000, 0x0000000787a00000|  0%| F|  |TAMS 0x0000000787900000, 0x0000000787900000| Untracked 
| 122|0x0000000787a00000, 0x0000000787a00000, 0x0000000787b00000|  0%| F|  |TAMS 0x0000000787a00000, 0x0000000787a00000| Untracked 
| 123|0x0000000787b00000, 0x0000000787b00000, 0x0000000787c00000|  0%| F|  |TAMS 0x0000000787b00000, 0x0000000787b00000| Untracked 
| 124|0x0000000787c00000, 0x0000000787c00000, 0x0000000787d00000|  0%| F|  |TAMS 0x0000000787c00000, 0x0000000787c00000| Untracked 
| 125|0x0000000787d00000, 0x0000000787d00000, 0x0000000787e00000|  0%| F|  |TAMS 0x0000000787d00000, 0x0000000787d00000| Untracked 
| 126|0x0000000787e00000, 0x0000000787f00000, 0x0000000787f00000|100%| E|  |TAMS 0x0000000787e00000, 0x0000000787e00000| Complete 
| 127|0x0000000787f00000, 0x0000000788000000, 0x0000000788000000|100%| E|CS|TAMS 0x0000000787f00000, 0x0000000787f00000| Complete 
|2046|0x00000007ffe00000, 0x00000007ffe78000, 0x00000007fff00000| 46%|OA|  |TAMS 0x00000007ffe00000, 0x00000007ffe00000| Untracked 
|2047|0x00000007fff00000, 0x00000007fff80000, 0x0000000800000000| 50%|CA|  |TAMS 0x00000007fff00000, 0x00000007fff00000| Untracked 

Card table byte_map: [0x0000000104cdc000,0x00000001050dc000] _byte_map_base: 0x00000001010dc000

Marking Bits (Prev, Next): (CMBitMap*) 0x0000000130035010, (CMBitMap*) 0x0000000130035050
 Prev Bits: [0x000000011cc68000, 0x000000011ec68000)
 Next Bits: [0x000000011ec68000, 0x0000000120c68000)

Polling page: 0x0000000104458000

Metaspace:

Usage:
  Non-class:     14.20 MB used.
      Class:      2.51 MB used.
       Both:     16.71 MB used.

Virtual space:
  Non-class space:       16.00 MB reserved,      14.31 MB ( 89%) committed,  2 nodes.
      Class space:        1.00 GB reserved,       2.62 MB ( <1%) committed,  1 nodes.
             Both:        1.02 GB reserved,      16.94 MB (  2%) committed. 

Chunk freelists:
   Non-Class:  1.12 MB
       Class:  1.39 MB
        Both:  2.52 MB

MaxMetaspaceSize: unlimited
CompressedClassSpaceSize: 1.00 GB
Initial GC threshold: 21.00 MB
Current GC threshold: 21.00 MB
CDS: on
MetaspaceReclaimPolicy: balanced
 - commit_granule_bytes: 65536.
 - commit_granule_words: 8192.
 - virtual_space_node_default_size: 1048576.
 - enlarge_chunks_in_place: 1.
 - new_chunks_are_fully_committed: 0.
 - uncommit_free_chunks: 1.
 - use_allocation_guard: 0.
 - handle_deallocations: 1.


Internal statistics:

num_allocs_failed_limit: 0.
num_arena_births: 202.
num_arena_deaths: 0.
num_vsnodes_births: 3.
num_vsnodes_deaths: 0.
num_space_committed: 271.
num_space_uncommitted: 0.
num_chunks_returned_to_freelist: 0.
num_chunks_taken_from_freelist: 754.
num_chunk_merges: 0.
num_chunk_splits: 524.
num_chunks_enlarged: 415.
num_purges: 0.
num_inconsistent_stats: 0.

CodeHeap 'non-profiled nmethods': size=120032Kb used=934Kb max_used=934Kb free=119098Kb
 bounds [0x0000000115730000, 0x00000001159a0000, 0x000000011cc68000]
CodeHeap 'profiled nmethods': size=120016Kb used=5186Kb max_used=5186Kb free=114829Kb
 bounds [0x000000010e1fc000, 0x000000010e71c000, 0x0000000115730000]
CodeHeap 'non-nmethods': size=5712Kb used=1390Kb max_used=1468Kb free=4321Kb
 bounds [0x000000010dc68000, 0x000000010ded8000, 0x000000010e1fc000]
 total_blobs=3339 nmethods=2557 adapters=697
 compilation: enabled
              stopped_count=0, restarted_count=0
 full_count=0

Compilation events (20 events):
Event: 4.545 Thread 0x000000014800e200 2645       3       com.sun.marlin.IntArrayCache$Reference::putArray (9 bytes)
Event: 4.545 Thread 0x000000014800e200 nmethod 2645 0x000000010e705190 code [0x000000010e705340, 0x000000010e7054d8]
Event: 4.545 Thread 0x000000014800e200 2644       3       com.sun.javafx.geom.transform.AffineBase::transform2DBounds (576 bytes)
Event: 4.545 Thread 0x000000014800e200 nmethod 2644 0x000000010e705590 code [0x000000010e7058c0, 0x000000010e706828]
Event: 4.545 Thread 0x000000014800e200 2648       3       com.sun.prism.es2.GLContext::drawIndexedQuads (11 bytes)
Event: 4.545 Thread 0x000000014800e200 nmethod 2648 0x000000010e706d10 code [0x000000010e706ec0, 0x000000010e707058]
Event: 4.545 Thread 0x000000014800e200 2646       3       com.sun.prism.impl.ManagedResource::isValid (20 bytes)
Event: 4.545 Thread 0x000000014800e200 nmethod 2646 0x000000010e707110 code [0x000000010e7072c0, 0x000000010e7074a8]
Event: 4.545 Thread 0x000000014800e200 2647       1       com.sun.prism.paint.Paint::isProportional (5 bytes)
Event: 4.545 Thread 0x000000014800e200 nmethod 2647 0x0000000115819210 code [0x0000000115819380, 0x0000000115819468]
Event: 4.546 Thread 0x000000014800e200 2649       3       com.sun.javafx.sg.prism.NGGroup::clearDirty (21 bytes)
Event: 4.546 Thread 0x000000014800e200 nmethod 2649 0x000000010e707590 code [0x000000010e707780, 0x000000010e707bc8]
Event: 4.546 Thread 0x000000014800e200 2650       3       com.sun.javafx.geom.RectBounds::sortMinMax (61 bytes)
Event: 4.546 Thread 0x000000014800e200 nmethod 2650 0x000000010e707d10 code [0x000000010e707ec0, 0x000000010e7080a8]
Event: 4.546 Thread 0x000000014800e200 2651       3       com.sun.prism.impl.ManagedResource::lock (20 bytes)
Event: 4.546 Thread 0x000000014800e200 nmethod 2651 0x000000010e708190 code [0x000000010e708340, 0x000000010e7084a8]
Event: 4.547 Thread 0x000000014800e200 2652       1       com.sun.prism.impl.ManagedResource::isPermanent (5 bytes)
Event: 4.547 Thread 0x000000014800e200 nmethod 2652 0x0000000115819510 code [0x0000000115819680, 0x0000000115819768]
Event: 4.555 Thread 0x000000014800e200 2653       3       javafx.scene.input.PickResult::<init> (53 bytes)
Event: 4.555 Thread 0x000000014800e200 nmethod 2653 0x000000010e708590 code [0x000000010e7087c0, 0x000000010e709008]

GC Heap History (4 events):
Event: 0.473 GC heap before
{Heap before GC invocations=0 (full 0):
 garbage-first heap   total 133120K, used 23520K [0x0000000780000000, 0x0000000800000000)
  region size 1024K, 23 young (23552K), 0 survivors (0K)
 Metaspace       used 7587K, committed 7744K, reserved 1056768K
  class space    used 948K, committed 1024K, reserved 1048576K
}
Event: 0.477 GC heap after
{Heap after GC invocations=1 (full 0):
 garbage-first heap   total 133120K, used 4569K [0x0000000780000000, 0x0000000800000000)
  region size 1024K, 3 young (3072K), 3 survivors (3072K)
 Metaspace       used 7587K, committed 7744K, reserved 1056768K
  class space    used 948K, committed 1024K, reserved 1048576K
}
Event: 3.361 GC heap before
{Heap before GC invocations=1 (full 0):
 garbage-first heap   total 133120K, used 69081K [0x0000000780000000, 0x0000000800000000)
  region size 1024K, 41 young (41984K), 3 survivors (3072K)
 Metaspace       used 16840K, committed 17088K, reserved 1064960K
  class space    used 2560K, committed 2688K, reserved 1048576K
}
Event: 3.374 GC heap after
{Heap after GC invocations=2 (full 0):
 garbage-first heap   total 133120K, used 10942K [0x0000000780000000, 0x0000000800000000)
  region size 1024K, 6 young (6144K), 6 survivors (6144K)
 Metaspace       used 16840K, committed 17088K, reserved 1064960K
  class space    used 2560K, committed 2688K, reserved 1048576K
}

Deoptimization events (20 events):
Event: 3.380 Thread 0x0000000148022a00 DEOPT PACKING pc=0x000000010e59d638 sp=0x000000016e4b4eb0
Event: 3.380 Thread 0x0000000148022a00 DEOPT UNPACKING pc=0x000000010dca6b7c sp=0x000000016e4b4b10 mode 0
Event: 3.380 Thread 0x0000000148022a00 DEOPT PACKING pc=0x000000010e59d54c sp=0x000000016e4b4eb0
Event: 3.380 Thread 0x0000000148022a00 DEOPT UNPACKING pc=0x000000010dca6b7c sp=0x000000016e4b4b10 mode 0
Event: 3.381 Thread 0x0000000148022a00 DEOPT PACKING pc=0x000000010e59d638 sp=0x000000016e4b51c0
Event: 3.381 Thread 0x0000000148022a00 DEOPT UNPACKING pc=0x000000010dca6b7c sp=0x000000016e4b4e20 mode 0
Event: 3.381 Thread 0x0000000148022a00 DEOPT PACKING pc=0x000000010e59d638 sp=0x000000016e4b51c0
Event: 3.381 Thread 0x0000000148022a00 DEOPT UNPACKING pc=0x000000010dca6b7c sp=0x000000016e4b4e20 mode 0
Event: 3.381 Thread 0x0000000148022a00 DEOPT PACKING pc=0x000000010e59d638 sp=0x000000016e4b51c0
Event: 3.381 Thread 0x0000000148022a00 DEOPT UNPACKING pc=0x000000010dca6b7c sp=0x000000016e4b4e20 mode 0
Event: 3.813 Thread 0x0000000148022a00 DEOPT PACKING pc=0x000000010e68ded4 sp=0x000000016e4b5430
Event: 3.813 Thread 0x0000000148022a00 DEOPT UNPACKING pc=0x000000010dca6b7c sp=0x000000016e4b5050 mode 0
Event: 3.819 Thread 0x0000000148022a00 DEOPT PACKING pc=0x000000010e55c9d8 sp=0x000000016e4b3fd0
Event: 3.819 Thread 0x0000000148022a00 DEOPT UNPACKING pc=0x000000010dca6b7c sp=0x000000016e4b3b80 mode 0
Event: 4.176 Thread 0x0000000148022a00 DEOPT PACKING pc=0x000000010e55d460 sp=0x000000016e4b53f0
Event: 4.176 Thread 0x0000000148022a00 DEOPT UNPACKING pc=0x000000010dca6b7c sp=0x000000016e4b5090 mode 0
Event: 4.178 Thread 0x0000000148022a00 DEOPT PACKING pc=0x000000010e55d460 sp=0x000000016e4b42d0
Event: 4.178 Thread 0x0000000148022a00 DEOPT UNPACKING pc=0x000000010dca6b7c sp=0x000000016e4b3f70 mode 0
Event: 4.179 Thread 0x0000000148022a00 DEOPT PACKING pc=0x000000010e6ba400 sp=0x000000016e4b41a0
Event: 4.179 Thread 0x0000000148022a00 DEOPT UNPACKING pc=0x000000010dca6b7c sp=0x000000016e4b3da0 mode 0

Classes unloaded (0 events):
No events

Classes redefined (0 events):
No events

Internal exceptions (20 events):
Event: 0.524 Thread 0x0000000148024600 Exception <a 'java/lang/NoSuchMethodError'{0x0000000787934468}: 'void java.lang.invoke.DirectMethodHandle$Holder.invokeSpecial(java.lang.Object, java.lang.Object, java.lang.Object, java.lang.Object, java.lang.Object)'> (0x0000000787934468) 
thrown [open/src/hotspot/share/interpreter/linkResolver.cpp, line 766]
Event: 0.540 Thread 0x0000000148024600 Exception <a 'sun/nio/fs/UnixException'{0x000000078789c218}> (0x000000078789c218) 
thrown [open/src/hotspot/share/prims/jni.cpp, line 516]
Event: 0.626 Thread 0x0000000148024600 Exception <a 'java/io/FileNotFoundException'{0x000000078777a2f0}> (0x000000078777a2f0) 
thrown [open/src/hotspot/share/prims/jni.cpp, line 516]
Event: 0.644 Thread 0x0000000148024600 Exception <a 'java/io/FileNotFoundException'{0x000000078765cdd8}> (0x000000078765cdd8) 
thrown [open/src/hotspot/share/prims/jni.cpp, line 516]
Event: 0.753 Thread 0x0000000148024600 Implicit null exception at 0x00000001157738f8 to 0x0000000115773988
Event: 0.770 Thread 0x0000000148024600 Implicit null exception at 0x0000000115781f14 to 0x000000011578229c
Event: 0.770 Thread 0x0000000148024600 Implicit null exception at 0x000000011577ff94 to 0x0000000115780310
Event: 0.845 Thread 0x0000000148024600 Exception <a 'java/lang/ClassNotFoundException'{0x0000000786e863a8}: com/sun/javafx/scene/control/skin/resources/controls> (0x0000000786e863a8) 
thrown [open/src/hotspot/share/prims/jni.cpp, line 535]
Event: 0.845 Thread 0x0000000148024600 Exception <a 'java/lang/ClassNotFoundException'{0x0000000786e94348}: com/sun/javafx/scene/control/skin/resources/controls_en> (0x0000000786e94348) 
thrown [open/src/hotspot/share/prims/jni.cpp, line 535]
Event: 0.845 Thread 0x0000000148024600 Exception <a 'java/lang/ClassNotFoundException'{0x0000000786e952e0}: com/sun/javafx/scene/control/skin/resources/controls_en_TH> (0x0000000786e952e0) 
thrown [open/src/hotspot/share/prims/jni.cpp, line 535]
Event: 0.864 Thread 0x0000000148024600 Exception <a 'java/lang/NoSuchMethodError'{0x0000000786c42140}: 'void java.lang.invoke.DirectMethodHandle$Holder.invokeSpecial(java.lang.Object, java.lang.Object, java.lang.Object, java.lang.Object, java.lang.Object, java.lang.Object)'> (0x0000000786c42140) 
thrown [open/src/hotspot/share/interpreter/linkResolver.cpp, line 766]
Event: 0.887 Thread 0x0000000148024600 Exception <a 'java/lang/NoSuchMethodError'{0x0000000786996978}: 'java.lang.Object java.lang.invoke.DirectMethodHandle$Holder.invokeInterface(java.lang.Object, java.lang.Object, java.lang.Object)'> (0x0000000786996978) 
thrown [open/src/hotspot/share/interpreter/linkResolver.cpp, line 766]
Event: 0.887 Thread 0x0000000148024600 Exception <a 'java/lang/IncompatibleClassChangeError'{0x000000078699a300}: Found class java.lang.Object, but interface was expected> (0x000000078699a300) 
thrown [open/src/hotspot/share/interpreter/linkResolver.cpp, line 833]
Event: 0.946 Thread 0x0000000148024600 Exception <a 'java/lang/NoSuchMethodError'{0x00000007864f8068}: 'java.lang.Object java.lang.invoke.DirectMethodHandle$Holder.newInvokeSpecial(java.lang.Object, java.lang.Object, int)'> (0x00000007864f8068) 
thrown [open/src/hotspot/share/interpreter/linkResolver.cpp, line 766]
Event: 1.024 Thread 0x0000000148022a00 Exception <a 'java/lang/NoSuchMethodError'{0x0000000786266df0}: 'int java.lang.invoke.DirectMethodHandle$Holder.invokeStaticInit(java.lang.Object, java.lang.Object)'> (0x0000000786266df0) 
thrown [open/src/hotspot/share/interpreter/linkResolver.cpp, line 766]
Event: 1.027 Thread 0x0000000148024600 Exception <a 'java/lang/NoSuchMethodError'{0x0000000786363410}: 'long java.lang.invoke.DirectMethodHandle$Holder.invokeStatic(java.lang.Object, java.lang.Object, java.lang.Object)'> (0x0000000786363410) 
thrown [open/src/hotspot/share/interpreter/linkResolver.cpp, line 766]
Event: 1.027 Thread 0x0000000148024600 Exception <a 'java/lang/NoSuchMethodError'{0x0000000786366bb8}: 'long java.lang.invoke.DirectMethodHandle$Holder.invokeStaticInit(java.lang.Object, java.lang.Object, java.lang.Object)'> (0x0000000786366bb8) 
thrown [open/src/hotspot/share/interpreter/linkResolver.cpp, line 766]
Event: 1.027 Thread 0x0000000148024600 Exception <a 'java/lang/NoSuchMethodError'{0x000000078637e7c0}: 'java.lang.Object java.lang.invoke.DirectMethodHandle$Holder.newInvokeSpecial(java.lang.Object, java.lang.Object, long)'> (0x000000078637e7c0) 
thrown [open/src/hotspot/share/interpreter/linkResolver.cpp, line 766]
Event: 1.028 Thread 0x0000000148024600 Exception <a 'java/lang/NoSuchMethodError'{0x00000007862dc838}: 'java.lang.Object java.lang.invoke.Invokers$Holder.linkToTargetMethod(java.lang.Object, long, java.lang.Object)'> (0x00000007862dc838) 
thrown [open/src/hotspot/share/interpreter/linkResolver.cpp, line 766]
Event: 3.335 Thread 0x0000000148024600 Exception <a 'java/lang/NoSuchMethodError'{0x00000007858955d0}: 'int java.lang.invoke.DirectMethodHandle$Holder.invokeSpecial(java.lang.Object, java.lang.Object, int)'> (0x00000007858955d0) 
thrown [open/src/hotspot/share/interpreter/linkResolver.cpp, line 766]

VM Operations (20 events):
Event: 0.495 Executing VM operation: HandshakeAllThreads
Event: 0.495 Executing VM operation: HandshakeAllThreads done
Event: 0.623 Executing VM operation: ICBufferFull
Event: 0.623 Executing VM operation: ICBufferFull done
Event: 0.909 Executing VM operation: ICBufferFull
Event: 0.909 Executing VM operation: ICBufferFull done
Event: 1.914 Executing VM operation: Cleanup
Event: 1.914 Executing VM operation: Cleanup done
Event: 3.281 Executing VM operation: ICBufferFull
Event: 3.281 Executing VM operation: ICBufferFull done
Event: 3.281 Executing VM operation: HandshakeAllThreads
Event: 3.281 Executing VM operation: HandshakeAllThreads done
Event: 3.330 Executing VM operation: ICBufferFull
Event: 3.330 Executing VM operation: ICBufferFull done
Event: 3.361 Executing VM operation: G1CollectForAllocation
Event: 3.374 Executing VM operation: G1CollectForAllocation done
Event: 3.385 Executing VM operation: HandshakeAllThreads
Event: 3.385 Executing VM operation: HandshakeAllThreads done
Event: 4.387 Executing VM operation: Cleanup
Event: 4.387 Executing VM operation: Cleanup done

Events (20 events):
Event: 2.431 loading class sun/util/resources/TimeZoneNames_en
Event: 2.431 loading class sun/util/resources/TimeZoneNames_en done
Event: 3.280 loading class java/util/BitSet
Event: 3.280 loading class java/util/BitSet done
Event: 3.281 loading class java/util/BitSet$1BitSetSpliterator
Event: 3.281 loading class java/util/BitSet$1BitSetSpliterator done
Event: 3.281 loading class java/util/stream/IntPipeline$1
Event: 3.281 loading class java/util/stream/IntPipeline$1 done
Event: 3.281 loading class java/util/stream/IntPipeline$1$1
Event: 3.282 loading class java/util/stream/IntPipeline$1$1 done
Event: 3.384 loading class java/nio/DirectFloatBufferU
Event: 3.385 loading class java/nio/DirectFloatBufferU done
Event: 3.675 Protecting memory [0x000000016e758000,0x000000016e764000] with protection modes 3
Event: 3.675 Thread 0x000000013099bc00 Thread exited: 0x000000013099bc00
Event: 3.808 Protecting memory [0x000000016e758000,0x000000016e764000] with protection modes 0
Event: 3.808 Thread 0x0000000140116200 Thread added: 0x0000000140116200
Event: 4.458 Protecting memory [0x000000016e758000,0x000000016e764000] with protection modes 3
Event: 4.458 Thread 0x0000000140116200 Thread exited: 0x0000000140116200
Event: 4.542 Protecting memory [0x000000016e758000,0x000000016e764000] with protection modes 0
Event: 4.542 Thread 0x0000000140116200 Thread added: 0x0000000140116200


Dynamic libraries:
0x0000000104408000 	/Library/Java/JavaVirtualMachines/jdk-17.0.3.1.jdk/Contents/Home/lib/libjli.dylib
0x00000001966ee000 	/usr/lib/libz.1.dylib
0x000000019679e000 	/usr/lib/libSystem.B.dylib
0x0000000196798000 	/usr/lib/system/libcache.dylib
0x0000000196756000 	/usr/lib/system/libcommonCrypto.dylib
0x000000019677f000 	/usr/lib/system/libcompiler_rt.dylib
0x0000000196776000 	/usr/lib/system/libcopyfile.dylib
0x000000018baa2000 	/usr/lib/system/libcorecrypto.dylib
0x000000018bb47000 	/usr/lib/system/libdispatch.dylib
0x000000018bd0f000 	/usr/lib/system/libdyld.dylib
0x000000019678e000 	/usr/lib/system/libkeymgr.dylib
0x0000000196738000 	/usr/lib/system/libmacho.dylib
0x0000000195e44000 	/usr/lib/system/libquarantine.dylib
0x000000019678b000 	/usr/lib/system/libremovefile.dylib
0x0000000190e91000 	/usr/lib/system/libsystem_asl.dylib
0x000000018ba4c000 	/usr/lib/system/libsystem_blocks.dylib
0x000000018bbcd000 	/usr/lib/system/libsystem_c.dylib
0x0000000196783000 	/usr/lib/system/libsystem_collections.dylib
0x00000001952a1000 	/usr/lib/system/libsystem_configuration.dylib
0x0000000194527000 	/usr/lib/system/libsystem_containermanager.dylib
0x00000001964a2000 	/usr/lib/system/libsystem_coreservices.dylib
0x000000018e434000 	/usr/lib/system/libsystem_darwin.dylib
0x000000019678f000 	/usr/lib/system/libsystem_dnssd.dylib
0x000000018bbca000 	/usr/lib/system/libsystem_featureflags.dylib
0x000000018bd24000 	/usr/lib/system/libsystem_info.dylib
0x0000000196700000 	/usr/lib/system/libsystem_m.dylib
0x000000018bb1c000 	/usr/lib/system/libsystem_malloc.dylib
0x0000000190e22000 	/usr/lib/system/libsystem_networkextension.dylib
0x000000018e887000 	/usr/lib/system/libsystem_notify.dylib
0x000000019c96b000 	/usr/lib/system/libsystem_product_info_filter.dylib
0x00000001952a6000 	/usr/lib/system/libsystem_sandbox.dylib
0x0000000196788000 	/usr/lib/system/libsystem_secinit.dylib
0x000000018bccc000 	/usr/lib/system/libsystem_kernel.dylib
0x000000018bd1c000 	/usr/lib/system/libsystem_platform.dylib
0x000000018bd02000 	/usr/lib/system/libsystem_pthread.dylib
0x00000001925c7000 	/usr/lib/system/libsystem_symptoms.dylib
0x000000018ba88000 	/usr/lib/system/libsystem_trace.dylib
0x0000000196763000 	/usr/lib/system/libunwind.dylib
0x000000018ba4e000 	/usr/lib/system/libxpc.dylib
0x000000018bcb2000 	/usr/lib/libc++abi.dylib
0x000000018bb8e000 	/usr/lib/libobjc.A.dylib
0x000000019676e000 	/usr/lib/liboah.dylib
0x000000018bc4e000 	/usr/lib/libc++.1.dylib
0x00000001a2348000 	/System/Library/Frameworks/Cocoa.framework/Versions/A/Cocoa
0x000000018e8e6000 	/System/Library/Frameworks/AppKit.framework/Versions/C/AppKit
0x0000000191e08000 	/System/Library/Frameworks/CoreData.framework/Versions/A/CoreData
0x000000018cc47000 	/System/Library/Frameworks/Foundation.framework/Versions/C/Foundation
0x000000018f798000 	/System/Library/PrivateFrameworks/UIFoundation.framework/Versions/A/UIFoundation
0x000000019c665000 	/System/Library/PrivateFrameworks/RemoteViewServices.framework/Versions/A/RemoteViewServices
0x0000000194c60000 	/System/Library/PrivateFrameworks/XCTTargetBootstrap.framework/Versions/A/XCTTargetBootstrap
0x00000001984a0000 	/System/Library/PrivateFrameworks/InternationalSupport.framework/Versions/A/InternationalSupport
0x0000000198529000 	/System/Library/PrivateFrameworks/UserActivity.framework/Versions/A/UserActivity
0x00000001979cb000 	/usr/lib/libspindump.dylib
0x000000018fa08000 	/System/Library/Frameworks/UniformTypeIdentifiers.framework/Versions/A/UniformTypeIdentifiers
0x00000001931ee000 	/usr/lib/libapp_launch_measurement.dylib
0x000000019276b000 	/System/Library/PrivateFrameworks/CoreAnalytics.framework/Versions/A/CoreAnalytics
0x00000001931f1000 	/System/Library/PrivateFrameworks/CoreAutoLayout.framework/Versions/A/CoreAutoLayout
0x0000000194564000 	/System/Library/Frameworks/Metal.framework/Versions/A/Metal
0x00000001952b1000 	/usr/lib/liblangid.dylib
0x0000000194c64000 	/System/Library/PrivateFrameworks/CoreSVG.framework/Versions/A/CoreSVG
0x0000000190ec5000 	/System/Library/PrivateFrameworks/SkyLight.framework/Versions/A/SkyLight
0x000000019128d000 	/System/Library/Frameworks/CoreGraphics.framework/Versions/A/CoreGraphics
0x000000019ccde000 	/System/Library/Frameworks/Accelerate.framework/Versions/A/Accelerate
0x0000000197440000 	/System/Library/PrivateFrameworks/IconServices.framework/Versions/A/IconServices
0x0000000194546000 	/System/Library/Frameworks/IOSurface.framework/Versions/A/IOSurface
0x000000019279b000 	/usr/lib/libDiagnosticMessagesClient.dylib
0x00000001a0116000 	/System/Library/Frameworks/ApplicationServices.framework/Versions/A/ApplicationServices
0x0000000194c48000 	/System/Library/PrivateFrameworks/DFRFoundation.framework/Versions/A/DFRFoundation
0x000000018e189000 	/usr/lib/libicucore.A.dylib
0x000000019929d000 	/System/Library/Frameworks/AudioToolbox.framework/Versions/A/AudioToolbox
0x00000001984ac000 	/System/Library/PrivateFrameworks/DataDetectorsCore.framework/Versions/A/DataDetectorsCore
0x00000001ae4c8000 	/System/Library/PrivateFrameworks/TextInput.framework/Versions/A/TextInput
0x0000000190e3c000 	/usr/lib/libMobileGestalt.dylib
0x0000000194918000 	/System/Library/Frameworks/Carbon.framework/Versions/A/Frameworks/HIToolbox.framework/Versions/A/HIToolbox
0x0000000192bf8000 	/System/Library/Frameworks/QuartzCore.framework/Versions/A/QuartzCore
0x000000018de06000 	/System/Library/Frameworks/Security.framework/Versions/A/Security
0x000000019c6a5000 	/System/Library/Frameworks/Carbon.framework/Versions/A/Frameworks/SpeechRecognition.framework/Versions/A/SpeechRecognition
0x0000000192f45000 	/System/Library/PrivateFrameworks/CoreUI.framework/Versions/A/CoreUI
0x000000018d6d9000 	/System/Library/Frameworks/CoreAudio.framework/Versions/A/CoreAudio
0x000000019288b000 	/System/Library/Frameworks/DiskArbitration.framework/Versions/A/DiskArbitration
0x0000000197db3000 	/System/Library/PrivateFrameworks/MultitouchSupport.framework/Versions/A/MultitouchSupport
0x0000000190e3a000 	/usr/lib/libenergytrace.dylib
0x000000018e7b2000 	/System/Library/Frameworks/IOKit.framework/Versions/A/IOKit
0x000000019ca8c000 	/System/Library/Frameworks/CoreServices.framework/Versions/A/CoreServices
0x000000019317e000 	/System/Library/PrivateFrameworks/PerformanceAnalysis.framework/Versions/A/PerformanceAnalysis
0x00000001ecced000 	/System/Library/Frameworks/OpenGL.framework/Versions/A/OpenGL
0x0000000195d64000 	/System/Library/PrivateFrameworks/MobileKeyBag.framework/Versions/A/MobileKeyBag
0x000000019189d000 	/System/Library/Frameworks/ColorSync.framework/Versions/A/ColorSync
0x000000018bd50000 	/System/Library/Frameworks/CoreFoundation.framework/Versions/A/CoreFoundation
0x0000000194ee5000 	/System/Library/Frameworks/CoreImage.framework/Versions/A/CoreImage
0x000000018d4fc000 	/System/Library/Frameworks/CoreText.framework/Versions/A/CoreText
0x0000000194c94000 	/System/Library/Frameworks/ImageIO.framework/Versions/A/ImageIO
0x00000001967a4000 	/System/Library/PrivateFrameworks/SoftLinking.framework/Versions/A/SoftLinking
0x000000019323b000 	/usr/lib/libxml2.2.dylib
0x0000000196a3c000 	/usr/lib/libcompression.dylib
0x00000001983f9000 	/System/Library/PrivateFrameworks/TextureIO.framework/Versions/A/TextureIO
0x000000019715a000 	/usr/lib/libate.dylib
0x0000000197022000 	/usr/lib/liblzma.5.dylib
0x000000018c938000 	/System/Library/Frameworks/SystemConfiguration.framework/Versions/A/SystemConfiguration
0x00000001967a0000 	/usr/lib/libfakelink.dylib
0x000000019096a000 	/System/Library/Frameworks/CFNetwork.framework/Versions/A/CFNetwork
0x00000001968e7000 	/usr/lib/libarchive.2.dylib
0x00000001952ad000 	/System/Library/PrivateFrameworks/AppleSystemInfo.framework/Versions/A/AppleSystemInfo
0x0000000195e6e000 	/usr/lib/libbsm.0.dylib
0x000000018fea7000 	/usr/lib/libnetwork.dylib
0x000000019673e000 	/usr/lib/system/libkxld.dylib
0x0000000195a86000 	/System/Library/PrivateFrameworks/IOMobileFramebuffer.framework/Versions/A/IOMobileFramebuffer
0x0000000208618000 	/usr/lib/libCoreEntitlements.dylib
0x0000000196484000 	/System/Library/PrivateFrameworks/AppleFSCompression.framework/Versions/A/AppleFSCompression
0x0000000195e57000 	/usr/lib/libcoretls.dylib
0x000000019703b000 	/usr/lib/libcoretls_cfhelpers.dylib
0x0000000196a37000 	/usr/lib/libpam.2.dylib
0x00000001921ef000 	/usr/lib/libsqlite3.dylib
0x00000001970a3000 	/usr/lib/libxar.1.dylib
0x0000000196495000 	/usr/lib/libbz2.1.0.dylib
0x00000001967a5000 	/usr/lib/libpcap.A.dylib
0x00000001925be000 	/usr/lib/libdns_services.dylib
0x0000000196a0a000 	/usr/lib/libapple_nghttp2.dylib
0x00000001967e2000 	/usr/lib/libiconv.2.dylib
0x0000000196737000 	/usr/lib/libcharset.1.dylib
0x00000001931ba000 	/System/Library/Frameworks/CoreServices.framework/Versions/A/Frameworks/FSEvents.framework/Versions/A/FSEvents
0x000000018e43f000 	/System/Library/Frameworks/CoreServices.framework/Versions/A/Frameworks/CarbonCore.framework/Versions/A/CarbonCore
0x00000001927ee000 	/System/Library/Frameworks/CoreServices.framework/Versions/A/Frameworks/Metadata.framework/Versions/A/Metadata
0x00000001964a8000 	/System/Library/Frameworks/CoreServices.framework/Versions/A/Frameworks/OSServices.framework/Versions/A/OSServices
0x000000019696c000 	/System/Library/Frameworks/CoreServices.framework/Versions/A/Frameworks/SearchKit.framework/Versions/A/SearchKit
0x000000019254c000 	/System/Library/Frameworks/CoreServices.framework/Versions/A/Frameworks/AE.framework/Versions/A/AE
0x000000018c294000 	/System/Library/Frameworks/CoreServices.framework/Versions/A/Frameworks/LaunchServices.framework/Versions/A/LaunchServices
0x0000000196fcb000 	/System/Library/Frameworks/CoreServices.framework/Versions/A/Frameworks/DictionaryServices.framework/Versions/A/DictionaryServices
0x00000001931c7000 	/System/Library/Frameworks/CoreServices.framework/Versions/A/Frameworks/SharedFileList.framework/Versions/A/SharedFileList
0x0000000195e47000 	/usr/lib/libCheckFix.dylib
0x0000000190ea9000 	/System/Library/PrivateFrameworks/TCC.framework/Versions/A/TCC
0x00000001952b3000 	/System/Library/PrivateFrameworks/CoreNLP.framework/Versions/A/CoreNLP
0x000000019279e000 	/System/Library/PrivateFrameworks/MetadataUtilities.framework/Versions/A/MetadataUtilities
0x000000018c9f1000 	/usr/lib/libmecabra.dylib
0x0000000195e7f000 	/usr/lib/libmecab.dylib
0x000000018c9bd000 	/usr/lib/libCRFSuite.dylib
0x0000000195edd000 	/usr/lib/libgermantok.dylib
0x00000001969e3000 	/usr/lib/libThaiTokenizer.dylib
0x0000000192893000 	/System/Library/Frameworks/Accelerate.framework/Versions/A/Frameworks/vImage.framework/Versions/A/vImage
0x000000019ca63000 	/System/Library/Frameworks/Accelerate.framework/Versions/A/Frameworks/vecLib.framework/Versions/A/vecLib
0x00000001970e7000 	/System/Library/Frameworks/Accelerate.framework/Versions/A/Frameworks/vecLib.framework/Versions/A/libvMisc.dylib
0x0000000195990000 	/System/Library/Frameworks/Accelerate.framework/Versions/A/Frameworks/vecLib.framework/Versions/A/libvDSP.dylib
0x000000018c617000 	/System/Library/Frameworks/Accelerate.framework/Versions/A/Frameworks/vecLib.framework/Versions/A/libBLAS.dylib
0x0000000196b0b000 	/System/Library/Frameworks/Accelerate.framework/Versions/A/Frameworks/vecLib.framework/Versions/A/libLAPACK.dylib
0x0000000195ee0000 	/System/Library/Frameworks/Accelerate.framework/Versions/A/Frameworks/vecLib.framework/Versions/A/libLinearAlgebra.dylib
0x0000000196a22000 	/System/Library/Frameworks/Accelerate.framework/Versions/A/Frameworks/vecLib.framework/Versions/A/libSparseBLAS.dylib
0x0000000196b06000 	/System/Library/Frameworks/Accelerate.framework/Versions/A/Frameworks/vecLib.framework/Versions/A/libQuadrature.dylib
0x00000001953aa000 	/System/Library/Frameworks/Accelerate.framework/Versions/A/Frameworks/vecLib.framework/Versions/A/libBNNS.dylib
0x000000018c8d5000 	/System/Library/Frameworks/Accelerate.framework/Versions/A/Frameworks/vecLib.framework/Versions/A/libSparse.dylib
0x00000001953a2000 	/System/Library/PrivateFrameworks/LinguisticData.framework/Versions/A/LinguisticData
0x000000018c88b000 	/System/Library/PrivateFrameworks/Lexicon.framework/Versions/A/Lexicon
0x00000001970df000 	/usr/lib/libChineseTokenizer.dylib
0x000000018d035000 	/System/Library/PrivateFrameworks/LanguageModeling.framework/Versions/A/LanguageModeling
0x00000001969e5000 	/System/Library/PrivateFrameworks/AppleSauce.framework/Versions/A/AppleSauce
0x0000000195a73000 	/System/Library/PrivateFrameworks/CoreEmoji.framework/Versions/A/CoreEmoji
0x00000001968d5000 	/usr/lib/libcmph.dylib
0x000000019319a000 	/System/Library/Frameworks/OpenDirectory.framework/Versions/A/Frameworks/CFOpenDirectory.framework/Versions/A/CFOpenDirectory
0x000000019318a000 	/System/Library/Frameworks/OpenDirectory.framework/Versions/A/OpenDirectory
0x000000019703d000 	/System/Library/PrivateFrameworks/APFS.framework/Versions/A/APFS
0x0000000195d9f000 	/System/Library/Frameworks/SecurityFoundation.framework/Versions/A/SecurityFoundation
0x00000001970b1000 	/usr/lib/libutil.dylib
0x000000018e774000 	/System/Library/PrivateFrameworks/CoreServicesStore.framework/Versions/A/CoreServicesStore
0x00000001970b5000 	/usr/lib/libxslt.1.dylib
0x0000000195e33000 	/System/Library/PrivateFrameworks/BackgroundTaskManagement.framework/Versions/A/BackgroundTaskManagement
0x000000019831a000 	/System/Library/Frameworks/ImageIO.framework/Versions/A/Resources/libRadiance.dylib
0x0000000198323000 	/System/Library/Frameworks/ImageIO.framework/Versions/A/Resources/libJPEG.dylib
0x0000000198275000 	/System/Library/Frameworks/ImageIO.framework/Versions/A/Resources/libPng.dylib
0x0000000198297000 	/System/Library/Frameworks/ImageIO.framework/Versions/A/Resources/libTIFF.dylib
0x000000019837e000 	/System/Library/Frameworks/ImageIO.framework/Versions/A/Resources/libGIF.dylib
0x0000000197cc3000 	/System/Library/Frameworks/ImageIO.framework/Versions/A/Resources/libJP2.dylib
0x0000000197406000 	/usr/lib/libexpat.1.dylib
0x0000000197c7e000 	/System/Library/PrivateFrameworks/AppleJPEG.framework/Versions/A/AppleJPEG
0x00000001947d7000 	/System/Library/PrivateFrameworks/FontServices.framework/libFontParser.dylib
0x00000001924f1000 	/System/Library/PrivateFrameworks/RunningBoardServices.framework/Versions/A/RunningBoardServices
0x00000001a29b3000 	/System/Library/PrivateFrameworks/IOSurfaceAccelerator.framework/Versions/A/IOSurfaceAccelerator
0x0000000197daf000 	/System/Library/PrivateFrameworks/WatchdogClient.framework/Versions/A/WatchdogClient
0x000000018d139000 	/System/Library/Frameworks/CoreDisplay.framework/Versions/A/CoreDisplay
0x00000001946c6000 	/System/Library/Frameworks/CoreMedia.framework/Versions/A/CoreMedia
0x000000019455a000 	/System/Library/PrivateFrameworks/IOAccelerator.framework/Versions/A/IOAccelerator
0x0000000193328000 	/System/Library/Frameworks/CoreVideo.framework/Versions/A/CoreVideo
0x0000000196a35000 	/System/Library/Frameworks/MetalPerformanceShaders.framework/Versions/A/MetalPerformanceShaders
0x0000000197dec000 	/System/Library/Frameworks/VideoToolbox.framework/Versions/A/VideoToolbox
0x0000000192435000 	/System/Library/PrivateFrameworks/BaseBoard.framework/Versions/A/BaseBoard
0x00000001921d4000 	/System/Library/PrivateFrameworks/ProtocolBuffer.framework/Versions/A/ProtocolBuffer
0x0000000198315000 	/System/Library/PrivateFrameworks/GPUWrangler.framework/Versions/A/GPUWrangler
0x00000001982f4000 	/System/Library/PrivateFrameworks/IOPresentment.framework/Versions/A/IOPresentment
0x000000019831d000 	/System/Library/PrivateFrameworks/DSExternalDisplay.framework/Versions/A/DSExternalDisplay
0x00000001ecce0000 	/System/Library/Frameworks/OpenGL.framework/Versions/A/Libraries/libCoreFSCache.dylib
0x00000001f63fa000 	/System/Library/PrivateFrameworks/GPUCompiler.framework/Versions/31001/Libraries/libGPUCompilerUtils.dylib
0x0000000198383000 	/System/Library/PrivateFrameworks/CMCaptureCore.framework/Versions/A/CMCaptureCore
0x00000001979b9000 	/System/Library/PrivateFrameworks/AppServerSupport.framework/Versions/A/AppServerSupport
0x0000000199b58000 	/System/Library/PrivateFrameworks/perfdata.framework/Versions/A/perfdata
0x000000018d259000 	/System/Library/PrivateFrameworks/AudioToolboxCore.framework/Versions/A/AudioToolboxCore
0x000000019469e000 	/System/Library/PrivateFrameworks/caulk.framework/Versions/A/caulk
0x000000019944d000 	/usr/lib/libAudioStatistics.dylib
0x00000001aac66000 	/System/Library/PrivateFrameworks/SystemPolicy.framework/Versions/A/SystemPolicy
0x00000001996ad000 	/usr/lib/libSMC.dylib
0x00000001a222a000 	/System/Library/Frameworks/CoreMIDI.framework/Versions/A/CoreMIDI
0x0000000198243000 	/usr/lib/libAudioToolboxUtility.dylib
0x00000001a710c000 	/System/Library/PrivateFrameworks/OSAServicesClient.framework/Versions/A/OSAServicesClient
0x0000000199b65000 	/usr/lib/libperfcheck.dylib
0x00000001ab769000 	/usr/lib/libmis.dylib
0x00000001ecd41000 	/System/Library/Frameworks/OpenGL.framework/Versions/A/Libraries/libGLU.dylib
0x00000001ecd00000 	/System/Library/Frameworks/OpenGL.framework/Versions/A/Libraries/libGFXShared.dylib
0x00000001eceea000 	/System/Library/Frameworks/OpenGL.framework/Versions/A/Libraries/libGL.dylib
0x00000001ecd09000 	/System/Library/Frameworks/OpenGL.framework/Versions/A/Libraries/libGLImage.dylib
0x00000001eccfd000 	/System/Library/Frameworks/OpenGL.framework/Versions/A/Libraries/libCVMSPluginSupport.dylib
0x00000001ecce7000 	/System/Library/Frameworks/OpenGL.framework/Versions/A/Libraries/libCoreVMClient.dylib
0x000000019522f000 	/System/Library/Frameworks/MetalPerformanceShaders.framework/Versions/A/Frameworks/MPSCore.framework/Versions/A/MPSCore
0x00000001963f7000 	/System/Library/Frameworks/MetalPerformanceShaders.framework/Versions/A/Frameworks/MPSImage.framework/Versions/A/MPSImage
0x0000000195ef5000 	/System/Library/Frameworks/MetalPerformanceShaders.framework/Versions/A/Frameworks/MPSNeuralNetwork.framework/Versions/A/MPSNeuralNetwork
0x0000000196332000 	/System/Library/Frameworks/MetalPerformanceShaders.framework/Versions/A/Frameworks/MPSMatrix.framework/Versions/A/MPSMatrix
0x000000019610d000 	/System/Library/Frameworks/MetalPerformanceShaders.framework/Versions/A/Frameworks/MPSRayIntersector.framework/Versions/A/MPSRayIntersector
0x0000000196363000 	/System/Library/Frameworks/MetalPerformanceShaders.framework/Versions/A/Frameworks/MPSNDArray.framework/Versions/A/MPSNDArray
0x00000001ee9fc000 	/System/Library/Frameworks/MetalPerformanceShaders.framework/Versions/A/Frameworks/MPSFunctions.framework/Versions/A/MPSFunctions
0x000000018c4f5000 	/System/Library/PrivateFrameworks/MetalTools.framework/Versions/A/MetalTools
0x00000001952ab000 	/System/Library/PrivateFrameworks/AggregateDictionary.framework/Versions/A/AggregateDictionary
0x00000001971ec000 	/usr/lib/libIOReport.dylib
0x00000001a1218000 	/System/Library/PrivateFrameworks/ASEProcessing.framework/Versions/A/ASEProcessing
0x000000019755e000 	/System/Library/PrivateFrameworks/FaceCore.framework/Versions/A/FaceCore
0x0000000197550000 	/System/Library/PrivateFrameworks/GraphVisualizer.framework/Versions/A/GraphVisualizer
0x00000001f6311000 	/System/Library/PrivateFrameworks/FontServices.framework/Versions/A/FontServices
0x0000000197973000 	/System/Library/PrivateFrameworks/OTSVG.framework/Versions/A/OTSVG
0x0000000192ef6000 	/System/Library/Frameworks/ApplicationServices.framework/Versions/A/Frameworks/ATS.framework/Versions/A/Resources/libFontRegistry.dylib
0x00000001979c2000 	/System/Library/PrivateFrameworks/FontServices.framework/libhvf.dylib
0x00000001f6312000 	/System/Library/PrivateFrameworks/FontServices.framework/libXTFontStaticRegistryData.dylib
0x00000001ed08c000 	/System/Library/Frameworks/OpenCL.framework/Versions/A/OpenCL
0x00000001973ba000 	/System/Library/PrivateFrameworks/AppleVA.framework/Versions/A/AppleVA
0x0000000199475000 	/System/Library/Frameworks/ApplicationServices.framework/Versions/A/Frameworks/ATS.framework/Versions/A/ATS
0x000000019199a000 	/System/Library/Frameworks/ApplicationServices.framework/Versions/A/Frameworks/HIServices.framework/Versions/A/HIServices
0x000000019838d000 	/System/Library/Frameworks/ApplicationServices.framework/Versions/A/Frameworks/PrintCore.framework/Versions/A/PrintCore
0x0000000199800000 	/System/Library/Frameworks/ApplicationServices.framework/Versions/A/Frameworks/QD.framework/Versions/A/QD
0x00000001997f8000 	/System/Library/Frameworks/ApplicationServices.framework/Versions/A/Frameworks/ColorSyncLegacy.framework/Versions/A/ColorSyncLegacy
0x0000000199461000 	/System/Library/Frameworks/ApplicationServices.framework/Versions/A/Frameworks/SpeechSynthesis.framework/Versions/A/SpeechSynthesis
0x000000019834e000 	/System/Library/Frameworks/ApplicationServices.framework/Versions/A/Frameworks/ATSUI.framework/Versions/A/ATSUI
0x000000019978d000 	/usr/lib/libcups.2.dylib
0x0000000199b73000 	/System/Library/Frameworks/Kerberos.framework/Versions/A/Kerberos
0x0000000199b84000 	/System/Library/Frameworks/GSS.framework/Versions/A/GSS
0x00000001994e4000 	/usr/lib/libresolv.9.dylib
0x00000001979d0000 	/System/Library/PrivateFrameworks/Heimdal.framework/Versions/A/Heimdal
0x00000001a048c000 	/System/Library/Frameworks/Kerberos.framework/Versions/A/Libraries/libHeimdalProxy.dylib
0x00000001925d0000 	/System/Library/Frameworks/Network.framework/Versions/A/Network
0x0000000197421000 	/usr/lib/libheimdal-asn1.dylib
0x0000000199bca000 	/System/Library/PrivateFrameworks/CommonAuth.framework/Versions/A/CommonAuth
0x00000001993db000 	/System/Library/PrivateFrameworks/AudioSession.framework/Versions/A/AudioSession
0x00000001974b2000 	/System/Library/PrivateFrameworks/MediaExperience.framework/Versions/A/MediaExperience
0x0000000199263000 	/System/Library/PrivateFrameworks/AudioSession.framework/libSessionUtility.dylib
0x000000019980c000 	/System/Library/PrivateFrameworks/AudioResourceArbitration.framework/Versions/A/AudioResourceArbitration
0x000000019742a000 	/System/Library/PrivateFrameworks/IconFoundation.framework/Versions/A/IconFoundation
0x000000019c691000 	/System/Library/PrivateFrameworks/SpeechRecognitionCore.framework/Versions/A/SpeechRecognitionCore
0x0000000105584000 	/Library/Java/JavaVirtualMachines/jdk-17.0.3.1.jdk/Contents/Home/lib/server/libjvm.dylib
0x000000010446c000 	/Library/Java/JavaVirtualMachines/jdk-17.0.3.1.jdk/Contents/Home/lib/libjimage.dylib
0x0000000104498000 	/Library/Java/JavaVirtualMachines/jdk-17.0.3.1.jdk/Contents/Home/lib/libinstrument.dylib
0x0000000104690000 	/Library/Java/JavaVirtualMachines/jdk-17.0.3.1.jdk/Contents/Home/lib/libjava.dylib
0x0000000105544000 	/Library/Java/JavaVirtualMachines/jdk-17.0.3.1.jdk/Contents/Home/lib/libnio.dylib
0x0000000122c68000 	/Library/Java/JavaVirtualMachines/jdk-17.0.3.1.jdk/Contents/Home/lib/libnet.dylib
0x00000001044cc000 	/Library/Java/JavaVirtualMachines/jdk-17.0.3.1.jdk/Contents/Home/lib/libzip.dylib
0x0000000105564000 	/Users/napakamolpintaprom/.openjfx/cache/17.0.1/libprism_es2.dylib
0x000000018e737000 	/System/Library/PrivateFrameworks/CoreServicesInternal.framework/Versions/A/CoreServicesInternal
0x00000001ecef4000 	/System/Library/Frameworks/OpenGL.framework/Versions/A/Resources/GLEngine.bundle/GLEngine
0x00000001ecd7b000 	/System/Library/Frameworks/OpenGL.framework/Versions/A/Libraries/libGLProgrammability.dylib
0x000000012557c000 	/System/Library/Extensions/AppleMetalOpenGLRenderer.bundle/Contents/MacOS/AppleMetalOpenGLRenderer
0x00000001ed063000 	/System/Library/Frameworks/OpenGL.framework/Versions/A/Resources/GLRendererFloat.bundle/GLRendererFloat
0x00000001ed104000 	/System/Library/Extensions/AGXMetal13_3.bundle/Contents/MacOS/AGXMetal13_3
0x00000001ab785000 	/System/Library/PrivateFrameworks/GPURawCounter.framework/Versions/A/GPURawCounter
0x00000001a625a000 	/System/Library/PrivateFrameworks/IOGPU.framework/Versions/A/IOGPU
0x00000001254ac000 	/Users/napakamolpintaprom/.openjfx/cache/17.0.1/libglass.dylib
0x000000019db31000 	/System/Library/Frameworks/FileProvider.framework/Versions/A/FileProvider
0x000000019239d000 	/System/Library/Frameworks/Accounts.framework/Versions/A/Accounts
0x000000019dcb1000 	/System/Library/PrivateFrameworks/GenerationalStorage.framework/Versions/A/GenerationalStorage
0x000000019e861000 	/System/Library/PrivateFrameworks/CoreSymbolication.framework/Versions/A/CoreSymbolication
0x000000019d8d1000 	/System/Library/PrivateFrameworks/SymptomDiagnosticReporter.framework/Versions/A/SymptomDiagnosticReporter
0x000000018fa1c000 	/System/Library/PrivateFrameworks/DesktopServicesPriv.framework/Versions/A/DesktopServicesPriv
0x000000018e896000 	/usr/lib/libsandbox.1.dylib
0x00000001933b4000 	/System/Library/PrivateFrameworks/UserManagement.framework/Versions/A/UserManagement
0x000000019e822000 	/System/Library/PrivateFrameworks/DebugSymbols.framework/Versions/A/DebugSymbols
0x00000001997eb000 	/System/Library/PrivateFrameworks/NetAuth.framework/Versions/A/NetAuth
0x000000019a6e9000 	/System/Library/PrivateFrameworks/Sharing.framework/Versions/A/Sharing
0x0000000193384000 	/System/Library/PrivateFrameworks/login.framework/Versions/A/Frameworks/loginsupport.framework/Versions/A/loginsupport
0x000000019f9d2000 	/System/Library/PrivateFrameworks/Apple80211.framework/Versions/A/Apple80211
0x00000001964db000 	/System/Library/PrivateFrameworks/AuthKit.framework/Versions/A/AuthKit
0x0000000195b72000 	/System/Library/PrivateFrameworks/CoreUtils.framework/Versions/A/CoreUtils
0x0000000195a92000 	/System/Library/Frameworks/CoreWLAN.framework/Versions/A/CoreWLAN
0x000000019a852000 	/System/Library/Frameworks/IOBluetooth.framework/Versions/A/IOBluetooth
0x000000019fa32000 	/System/Library/PrivateFrameworks/CoreWiFi.framework/Versions/A/CoreWiFi
0x000000019e409000 	/System/Library/PrivateFrameworks/FrontBoardServices.framework/Versions/A/FrontBoardServices
0x000000019e4a1000 	/System/Library/PrivateFrameworks/BoardServices.framework/Versions/A/BoardServices
0x0000000195d8d000 	/System/Library/PrivateFrameworks/AssertionServices.framework/Versions/A/AssertionServices
0x000000019fba0000 	/System/Library/PrivateFrameworks/BackBoardServices.framework/Versions/A/BackBoardServices
0x0000000199c5d000 	/System/Library/PrivateFrameworks/CorePhoneNumbers.framework/Versions/A/CorePhoneNumbers
0x000000019da01000 	/System/Library/PrivateFrameworks/DiskManagement.framework/Versions/A/DiskManagement
0x000000019d904000 	/System/Library/PrivateFrameworks/AppleIDAuthSupport.framework/Versions/A/AppleIDAuthSupport
0x00000001f0c95000 	/System/Library/PrivateFrameworks/AAAFoundation.framework/Versions/A/AAAFoundation
0x0000000199c3c000 	/System/Library/PrivateFrameworks/KeychainCircle.framework/Versions/A/KeychainCircle
0x000000019d9cd000 	/System/Library/PrivateFrameworks/MediaKit.framework/Versions/A/MediaKit
0x000000019d911000 	/System/Library/Frameworks/DiscRecording.framework/Versions/A/DiscRecording
0x0000000197336000 	/usr/lib/libCoreStorage.dylib
0x000000019fe9a000 	/usr/lib/libcsfde.dylib
0x000000019a927000 	/System/Library/PrivateFrameworks/ProtectedCloudStorage.framework/Versions/A/ProtectedCloudStorage
0x000000019fe92000 	/System/Library/PrivateFrameworks/EFILogin.framework/Versions/A/EFILogin
0x000000019dcd8000 	/System/Library/PrivateFrameworks/OctagonTrust.framework/Versions/A/OctagonTrust
0x00000001f557c000 	/System/Library/PrivateFrameworks/CoreUtilsExtras.framework/Versions/A/CoreUtilsExtras
0x000000019d843000 	/System/Library/Frameworks/CoreBluetooth.framework/Versions/A/CoreBluetooth
0x00000001a0511000 	/System/Library/Frameworks/AudioUnit.framework/Versions/A/AudioUnit
0x000000019732e000 	/usr/lib/libMatch.1.dylib
0x00000001af9ec000 	/System/Library/Frameworks/Accelerate.framework/Versions/A/Frameworks/vImage.framework/Versions/A/Libraries/libCGInterfaces.dylib
0x00000001257ec000 	/usr/lib/libobjc-trampolines.dylib
0x0000000193082000 	/System/Library/PrivateFrameworks/ViewBridge.framework/Versions/A/ViewBridge
0x00000001971f5000 	/System/Library/PrivateFrameworks/CrashReporterSupport.framework/Versions/A/CrashReporterSupport
0x00000001b72fb000 	/System/Library/PrivateFrameworks/OSAnalytics.framework/Versions/A/OSAnalytics
0x00000001c244a000 	/System/Library/PrivateFrameworks/Symbolication.framework/Versions/A/Symbolication
0x00000001ab746000 	/System/Library/PrivateFrameworks/MallocStackLogging.framework/Versions/A/MallocStackLogging
0x0000000127cd0000 	/Users/napakamolpintaprom/.openjfx/cache/17.0.1/libjavafx_font.dylib
0x0000000131680000 	/Users/napakamolpintaprom/.openjfx/cache/17.0.1/libjavafx_iio.dylib
0x0000000197a7e000 	/System/Library/PrivateFrameworks/login.framework/Versions/A/login
0x0000000208792000 	/usr/lib/libRosetta.dylib


VM Arguments:
jvm_args: -javaagent:/Applications/IntelliJ IDEA CE.app/Contents/lib/idea_rt.jar=50614:/Applications/IntelliJ IDEA CE.app/Contents/bin -Dfile.encoding=UTF-8 --module-path=/Users/napakamolpintaprom/.m2/repository/org/openjfx/javafx-fxml/17.0.1/javafx-fxml-17.0.1-mac-aarch64.jar:/Users/napakamolpintaprom/Desktop/project211-dingtwo/target/classes:/Users/napakamolpintaprom/.m2/repository/org/openjfx/javafx-base/17.0.1/javafx-base-17.0.1-mac-aarch64.jar:/Users/napakamolpintaprom/.m2/repository/org/openjfx/javafx-graphics/17.0.1/javafx-graphics-17.0.1-mac-aarch64.jar:/Users/napakamolpintaprom/.m2/repository/org/openjfx/javafx-controls/17.0.1/javafx-controls-17.0.1-mac-aarch64.jar -Djdk.module.main=cs.ku 
java_command: cs.ku/ku.cs.ProjectApplication
java_class_path (initial): /Users/napakamolpintaprom/.m2/repository/org/openjfx/javafx-controls/17.0.1/javafx-controls-17.0.1.jar:/Users/napakamolpintaprom/.m2/repository/org/openjfx/javafx-graphics/17.0.1/javafx-graphics-17.0.1.jar:/Users/napakamolpintaprom/.m2/repository/org/openjfx/javafx-base/17.0.1/javafx-base-17.0.1.jar:/Users/napakamolpintaprom/.m2/repository/org/openjfx/javafx-fxml/17.0.1/javafx-fxml-17.0.1.jar
Launcher Type: SUN_STANDARD

[Global flags]
     intx CICompilerCount                          = 4                                         {product} {ergonomic}
     uint ConcGCThreads                            = 2                                         {product} {ergonomic}
     uint G1ConcRefinementThreads                  = 8                                         {product} {ergonomic}
   size_t G1HeapRegionSize                         = 1048576                                   {product} {ergonomic}
    uintx GCDrainStackTargetSize                   = 64                                        {product} {ergonomic}
   size_t InitialHeapSize                          = 134217728                                 {product} {ergonomic}
   size_t MarkStackSize                            = 4194304                                   {product} {ergonomic}
   size_t MaxHeapSize                              = 2147483648                                {product} {ergonomic}
   size_t MaxNewSize                               = 1287651328                                {product} {ergonomic}
   size_t MinHeapDeltaBytes                        = 1048576                                   {product} {ergonomic}
   size_t MinHeapSize                              = 8388608                                   {product} {ergonomic}
    uintx NonNMethodCodeHeapSize                   = 5839564                                {pd product} {ergonomic}
    uintx NonProfiledCodeHeapSize                  = 122909338                              {pd product} {ergonomic}
    uintx ProfiledCodeHeapSize                     = 122909338                              {pd product} {ergonomic}
    uintx ReservedCodeCacheSize                    = 251658240                              {pd product} {ergonomic}
     bool SegmentedCodeCache                       = true                                      {product} {ergonomic}
   size_t SoftMaxHeapSize                          = 2147483648                             {manageable} {ergonomic}
     bool UseCompressedClassPointers               = true                           {product lp64_product} {ergonomic}
     bool UseCompressedOops                        = true                           {product lp64_product} {ergonomic}
     bool UseG1GC                                  = true                                      {product} {ergonomic}
     bool UseNUMA                                  = false                                     {product} {ergonomic}
     bool UseNUMAInterleaving                      = false                                     {product} {ergonomic}

Logging:
Log output configuration:
 #0: stdout all=warning uptime,level,tags
 #1: stderr all=off uptime,level,tags

Environment Variables:
PATH=/opt/homebrew/bin:/Library/Frameworks/Python.framework/Versions/3.9/bin:/usr/local/bin:/usr/bin:/bin:/usr/sbin:/sbin
SHELL=/bin/zsh
LC_CTYPE=en_US.UTF-8

Signal Handlers:
   SIGSEGV: _ZL13crash_handleriP9__siginfoPv in libjvm.dylib, mask=11100110000111110111111111111111, flags=SA_RESTART|SA_SIGINFO
    SIGBUS: _ZL13crash_handleriP9__siginfoPv in libjvm.dylib, mask=11100110000111110111111111111111, flags=SA_RESTART|SA_SIGINFO
    SIGFPE: _ZL13crash_handleriP9__siginfoPv in libjvm.dylib, mask=11100110000111110111111111111111, flags=SA_RESTART|SA_SIGINFO
   SIGPIPE: _ZL17javaSignalHandleriP9__siginfoPv in libjvm.dylib, mask=11100110000111110111111111111111, flags=SA_RESTART|SA_SIGINFO
   SIGXFSZ: _ZL17javaSignalHandleriP9__siginfoPv in libjvm.dylib, mask=11100110000111110111111111111111, flags=SA_RESTART|SA_SIGINFO
    SIGILL: _ZL13crash_handleriP9__siginfoPv in libjvm.dylib, mask=11100110000111110111111111111111, flags=SA_RESTART|SA_SIGINFO
   SIGUSR2: _ZL10SR_handleriP9__siginfoP17__darwin_ucontext in libjvm.dylib, mask=00100000000000000000000000000000, flags=SA_RESTART|SA_SIGINFO
    SIGHUP: _ZL11UserHandleriPvS_ in libjvm.dylib, mask=11100110000111110111111111111111, flags=SA_RESTART|SA_SIGINFO
    SIGINT: _ZL11UserHandleriPvS_ in libjvm.dylib, mask=11100110000111110111111111111111, flags=SA_RESTART|SA_SIGINFO
   SIGTERM: _ZL11UserHandleriPvS_ in libjvm.dylib, mask=11100110000111110111111111111111, flags=SA_RESTART|SA_SIGINFO
   SIGQUIT: _ZL11UserHandleriPvS_ in libjvm.dylib, mask=11100110000111110111111111111111, flags=SA_RESTART|SA_SIGINFO
   SIGTRAP: _ZL13crash_handleriP9__siginfoPv in libjvm.dylib, mask=11100110000111110111111111111111, flags=SA_RESTART|SA_SIGINFO


---------------  S Y S T E M  ---------------

OS:
uname: Darwin 21.1.0 Darwin Kernel Version 21.1.0: Wed Oct 13 17:33:24 PDT 2021; root:xnu-8019.41.5~1/RELEASE_ARM64_T8101 arm64
OS uptime: 3 days 0:31 hours
rlimit (soft/hard): STACK 8176k/65520k , CORE 0k/infinity , NPROC 1333/2000 , NOFILE 10240/infinity , AS infinity/infinity , CPU infinity/infinity , DATA infinity/infinity , FSIZE infinity/infinity , MEMLOCK infinity/infinity , RSS infinity/infinity
load average: 1.39 1.93 2.02

CPU: total 8 (initial active 8) 0x61:0x0:0x1b588bb3:0, fp, simd, crc, lse

Memory: 16k page, physical 8388608k(85904k free), swap 2097152k(984320k free)

vm_info: Java HotSpot(TM) 64-Bit Server VM (17.0.3.1+2-LTS-6) for bsd-aarch64 JRE (17.0.3.1+2-LTS-6), built on Apr 25 2022 20:48:14 by "mach5one" with clang Apple LLVM 12.0.0 (clang-1200.0.32.29)

END.
