#
# A fatal error has been detected by the Java Runtime Environment:
#
#  SIGBUS (0xa) at pc=0x000000010dafd4f0, pid=15844, tid=34307
#
# JRE version: Java(TM) SE Runtime Environment (17.0.3.1+2) (build 17.0.3.1+2-LTS-6)
# Java VM: Java HotSpot(TM) 64-Bit Server VM (17.0.3.1+2-LTS-6, mixed mode, sharing, tiered, compressed oops, compressed class ptrs, g1 gc, bsd-aarch64)
# Problematic frame:
# v  ~StubRoutines::SafeFetchN
#
# No core dump will be written. Core dumps have been disabled. To enable core dumping, try "ulimit -c unlimited" before starting Java again
#
# If you would like to submit a bug report, please visit:
#   https://bugreport.java.com/bugreport/crash.jsp
# The crash happened outside the Java Virtual Machine in native code.
# See problematic frame for where to report the bug.
#

---------------  S U M M A R Y ------------

Command Line: -javaagent:/Applications/IntelliJ IDEA CE.app/Contents/lib/idea_rt.jar=50977:/Applications/IntelliJ IDEA CE.app/Contents/bin -Dfile.encoding=UTF-8 --module-path=/Users/napakamolpintaprom/.m2/repository/org/openjfx/javafx-fxml/17.0.1/javafx-fxml-17.0.1-mac-aarch64.jar:/Users/napakamolpintaprom/.m2/repository/org/openjfx/javafx-base/17.0.1/javafx-base-17.0.1-mac-aarch64.jar:/Users/napakamolpintaprom/.m2/repository/org/openjfx/javafx-controls/17.0.1/javafx-controls-17.0.1-mac-aarch64.jar:/Users/napakamolpintaprom/.m2/repository/org/openjfx/javafx-graphics/17.0.1/javafx-graphics-17.0.1-mac-aarch64.jar:/Users/napakamolpintaprom/Desktop/tangmo/project211-dingtwo/target/classes -Djdk.module.main=cs.ku cs.ku/ku.cs.ProjectApplication

Host: "MacBookAir10,1" arm64 1 MHz, 8 cores, 8G, Darwin 21.6.0, macOS 12.6 (21G115)
Time: Sun Oct 16 20:22:47 2022 +07 elapsed time: 3.387859 seconds (0d 0h 0m 3s)

---------------  T H R E A D  ---------------

Current thread (0x000000014d127600):  JavaThread "InvokeLaterDispatcher" daemon [_thread_in_native, id=34307, stack(0x000000016e6f4000,0x000000016e8f7000)]

Stack: [0x000000016e6f4000,0x000000016e8f7000],  sp=0x000000016e8f67b0,  free space=2057k
Native frames: (J=compiled Java code, j=interpreted, Vv=VM code, C=native code)
v  ~StubRoutines::SafeFetchN
V  [libjvm.dylib+0x7a3f04]  _ZN10OopStorage7releaseEPKP7oopDesc+0x20
V  [libjvm.dylib+0x4b93a0]  jni_DeleteGlobalRef+0xc4
C  [libglass.dylib+0xab08]  -[GlassRunnable dealloc]+0x34
C  [Foundation+0x852b8]  -[_NSThreadPerformInfo dealloc]+0x30
C  [Foundation+0x51824]  -[NSObject(NSThreadPerformAdditions) performSelectorOnMainThread:withObject:waitUntilDone:]+0x88
C  0x0d5f80010db058ac
j  com.sun.glass.ui.mac.MacApplication.submitForLaterInvocation(Ljava/lang/Runnable;)V+2 javafx.graphics
j  com.sun.glass.ui.InvokeLaterDispatcher.run()V+82 javafx.graphics
v  ~StubRoutines::call_stub
V  [libjvm.dylib+0x4609f8]  _ZN9JavaCalls11call_helperEP9JavaValueRK12methodHandleP17JavaCallArgumentsP10JavaThread+0x38c
V  [libjvm.dylib+0x45fa14]  _ZN9JavaCalls12call_virtualEP9JavaValueP5KlassP6SymbolS5_P17JavaCallArgumentsP10JavaThread+0x11c
V  [libjvm.dylib+0x45fae0]  _ZN9JavaCalls12call_virtualEP9JavaValue6HandleP5KlassP6SymbolS6_P10JavaThread+0x64
V  [libjvm.dylib+0x513360]  _ZL12thread_entryP10JavaThreadS0_+0xc4
V  [libjvm.dylib+0x904598]  _ZN10JavaThread17thread_main_innerEv+0x134
V  [libjvm.dylib+0x902ec0]  _ZN6Thread8call_runEv+0x128
V  [libjvm.dylib+0x7aaac4]  _ZL19thread_native_entryP6Thread+0x158
C  [libsystem_pthread.dylib+0x726c]  _pthread_start+0x94

Java frames: (J=compiled Java code, j=interpreted, Vv=VM code)
j  com.sun.glass.ui.mac.MacApplication._submitForLaterInvocation(Ljava/lang/Runnable;)V+0 javafx.graphics
j  com.sun.glass.ui.mac.MacApplication.submitForLaterInvocation(Ljava/lang/Runnable;)V+2 javafx.graphics
j  com.sun.glass.ui.InvokeLaterDispatcher.run()V+82 javafx.graphics
v  ~StubRoutines::call_stub

siginfo: si_signo: 10 (SIGBUS), si_code: 1 (BUS_ADRALN), si_addr: 0x000000010dafd4f0

Register to memory mapping:

 x0=0x000000013be05488 is a global jni handle
 x1=0x0 is NULL
 x2=0x00000007863e64f8 is an oop: com.sun.glass.ui.InvokeLaterDispatcher$Future 
{0x00000007863e64f8} - klass: 'com/sun/glass/ui/InvokeLaterDispatcher$Future'
 - ---- fields (total size 3 words):
 - private 'done' 'Z' @12  true
 - private final 'runnable' 'Ljava/lang/Runnable;' @16  a 'com/sun/javafx/tk/quantum/QuantumToolkit$$Lambda$85+0x0000000800c397a0'{0x000000078678fb48} (f0cf1f69)
 - final synthetic 'this$0' 'Lcom/sun/glass/ui/InvokeLaterDispatcher;' @20  a 'com/sun/glass/ui/InvokeLaterDispatcher'{0x0000000786835548} (f0d06aa9)
 x3=0x0 is NULL
 x4=0x00000000000130a8 is an unknown value
 x5=0x0 is NULL
 x6=0x0 is NULL
 x7=0x0 is NULL
 x8=0x000000010dafd4ec is at begin+0 in a stub
StubRoutines::SafeFetchN [0x000000010dafd4ec, 0x000000010dafd4f8] (12 bytes)
 x9=0x0 is NULL
x10=0x2010000030300000 is an unknown value
x11=0x0000000000000007 is an unknown value
x12=0x0000000000000005 is an unknown value
x13=0x0000600000a67940 points into unknown readable memory: 0x7859800126a0a9e8 | e8 a9 a0 26 01 80 59 78
x14=0x00000a0000000000 is an unknown value
x15=0x0000000126a45f98: OBJC_CLASS_$_GlassRunnable+0 in /Users/napakamolpintaprom/.openjfx/cache/17.0.1/libglass.dylib at 0x0000000126a00000
x16=0x00000001ad78f0fc: pthread_getspecific+0 in /usr/lib/system/libsystem_pthread.dylib at 0x00000001ad78d000
x17=0x0000600000f696c0 points into unknown readable memory: 0xfffffffffffffffe | fe ff ff ff ff ff ff ff
x18=0x0 is NULL
x19=0x0000600000f6d6c0 points into unknown readable memory: 0x0000600002669680 | 80 96 66 02 00 60 00 00
x20=0x000000013be05280 points into unknown readable memory: 0x0000000000000000 | 00 00 00 00 00 00 00 00
x21=0x000000013be05488 is a global jni handle
x22=0x000000014d127600 is a thread
x23=0x0000000000000001 is an unknown value
x24=0x000000013be05440 is a global jni handle
x25=0x0000000105fb1628: _ZN12StubRoutines17_safefetchN_entryE+0 in /Library/Java/JavaVirtualMachines/jdk-17.0.3.1.jdk/Contents/Home/lib/server/libjvm.dylib at 0x0000000105418000
x26=0x00000001231188c0 is pointing into metadata
x27=0x0 is NULL
x28=0x000000014d127600 is a thread


Registers:
 x0=0x000000013be05488  x1=0x0000000000000000  x2=0x00000007863e64f8  x3=0x0000000000000000
 x4=0x00000000000130a8  x5=0x0000000000000000  x6=0x0000000000000000  x7=0x0000000000000000
 x8=0x000000010dafd4ec  x9=0x0000000000000000 x10=0x2010000030300000 x11=0x0000000000000007
x12=0x0000000000000005 x13=0x0000600000a67940 x14=0x00000a0000000000 x15=0x0000000126a45f98
x16=0x00000001ad78f0fc x17=0x0000600000f696c0 x18=0x0000000000000000 x19=0x0000600000f6d6c0
x20=0x000000013be05280 x21=0x000000013be05488 x22=0x000000014d127600 x23=0x0000000000000001
x24=0x000000013be05440 x25=0x0000000105fb1628 x26=0x00000001231188c0 x27=0x0000000000000000
x28=0x000000014d127600  fp=0x000000016e8f67f0  lr=0x0000000105bbacd4  sp=0x000000016e8f67b0
pc=0x000000010dafd4f0 cpsr=0x0000000060001000
Top of Stack: (sp=0x000000016e8f67b0)
0x000000016e8f67b0:   00000001231188c0 0000000000000001
0x000000016e8f67c0:   000000016e8f69a8 000060000264c720
0x000000016e8f67d0:   0000000000000000 000000013be05470
0x000000016e8f67e0:   000000013be05470 0000600000f6d6c0
0x000000016e8f67f0:   000000016e8f6830 0000000105bbbf04
0x000000016e8f6800:   0000000000000001 000000013be05470
0x000000016e8f6810:   0000000000000000 000000013be05470
0x000000016e8f6820:   0000000000000001 000000014d127c00
0x000000016e8f6830:   000000016e8f6860 00000001058d13a0
0x000000016e8f6840:   000060000264c710 00000001f7ad1909
0x000000016e8f6850:   0000000000000000 000060000264c710
0x000000016e8f6860:   000000016e8f6890 0000000126a0ab08
0x000000016e8f6870:   b603e013bd0900c9 0000000000000000
0x000000016e8f6880:   0000000000000000 000060000314d4c0
0x000000016e8f6890:   000000016e8f68d0 00000001ae7652b8
0x000000016e8f68a0:   000000016e8f69a8 000060000264c720
0x000000016e8f68b0:   000060000264c710 b603e013bd0900c9
0x000000016e8f68c0:   0000000000000000 0000000000000000
0x000000016e8f68d0:   000000016e8f6910 e45b0001ae731824
0x000000016e8f68e0:   000000016e8f69a8 000000010db047c0
0x000000016e8f68f0:   0000000000000000 0000000105fb8fe8
0x000000016e8f6900:   000000016e8f6920 000000010db03730
0x000000016e8f6910:   000000016e8f6980 0d5f80010db058ac
0x000000016e8f6920:   0000000000000000 000000078669ef40
0x000000016e8f6930:   000000016e8f6930 0000000000000000
0x000000016e8f6940:   000000016e8f69a8 00000001231188c0
0x000000016e8f6950:   000000078677cec0 0000000000000000
0x000000016e8f6960:   0000000000000000 00000001230f7d98
0x000000016e8f6970:   0000000000000000 000000016e8f6980
0x000000016e8f6980:   000000016e8f6a00 000000010db01fc8
0x000000016e8f6990:   0000000000000000 0000000000000000
0x000000016e8f69a0:   00000007863e64f8 000000078677cf38 

Instructions: (pc=0x000000010dafd4f0)
0x000000010dafd3f0:   f2a0bee9 f2c00029 6d425935 1e640886
0x000000010dafd400:   0c402d31 1e6408c7 1f5654d0 1e6c1017
0x000000010dafd410:   1f5050d0 1f504cd0 1f5048d0 1e650af6
0x000000010dafd420:   1f50d8f6 1f5694d6 1f5158f6 1e762880
0x000000010dafd430:   36000501 1e614000 14000026 2e251ca5
0x000000010dafd440:   d29c3009 f2a0bee9 f2c00029 6d425d36
0x000000010dafd450:   1e600806 0c402d32 1f5758c7 1e6c101a
0x000000010dafd460:   1f4754c7 1e650805 1f4750c7 d2866668
0x000000010dafd470:   f2a7fa68 1f474cc7 1e6608c0 1f4748c7
0x000000010dafd480:   1e6e1019 eb08007f 540000ac 1f479400
0x000000010dafd490:   1f460340 1e603b20 1400000e d2a7fd29
0x000000010dafd4a0:   eb09007f 540000ac 51480069 d3607d29
0x000000010dafd4b0:   9e670121 14000002 1e6a5001 1f679417
0x000000010dafd4c0:   1f668742 1e613b23 1e773857 1e773860
0x000000010dafd4d0:   a8c17ff3 910003bf a8c17bfd d65f03c0
0x000000010dafd4e0:   b9400001 aa0103e0 d65f03c0 f9400001
0x000000010dafd4f0:   aa0103e0 d65f03c0 00000000 00000000
0x000000010dafd500:   00000000 00000000 00000000 00000000
0x000000010dafd510:   00000000 00000000 00000000 00000000
0x000000010dafd520:   00000000 00000000 00000000 00000000
0x000000010dafd530:   00000000 00000000 00000000 00000000
0x000000010dafd540:   00000000 00000000 00000000 00000000
0x000000010dafd550:   00000000 00000000 00000000 00000000
0x000000010dafd560:   00000000 00000000 00000000 00000000
0x000000010dafd570:   00000000 00000000 00000000 00000000
0x000000010dafd580:   00000000 00000000 00000000 00000000
0x000000010dafd590:   00000000 00000000 00000000 00000000
0x000000010dafd5a0:   00000000 00000000 00000000 00000000
0x000000010dafd5b0:   00000000 00000000 00000000 00000000
0x000000010dafd5c0:   00000000 00000000 00000000 00000000
0x000000010dafd5d0:   00000000 00000000 00000000 00000000
0x000000010dafd5e0:   00000000 00000000 00000000 00000000 


Stack slot to memory mapping:
stack at sp + 0 slots: 0x00000001231188c0 is pointing into metadata
stack at sp + 1 slots: 0x0000000000000001 is an unknown value
stack at sp + 2 slots: 0x000000016e8f69a8 is pointing into the stack for thread: 0x000000014d127600
stack at sp + 3 slots: 0x000060000264c720 points into unknown readable memory: 0x01000002061f2031 | 31 20 1f 06 02 00 00 01
stack at sp + 4 slots: 0x0 is NULL
stack at sp + 5 slots: 0x000000013be05470 is a global jni handle
stack at sp + 6 slots: 0x000000013be05470 is a global jni handle
stack at sp + 7 slots: 0x0000600000f6d6c0 points into unknown readable memory: 0x0000600002669680 | 80 96 66 02 00 60 00 00

StubRoutines::SafeFetchN [0x000000010dafd4ec, 0x000000010dafd4f8] (12 bytes)
[MachCode]
  0x000000010dafd4ec: 0100 40f9 | e003 01aa | c003 5fd6 
[/MachCode]

---------------  P R O C E S S  ---------------

Threads class SMR info:
_java_thread_list=0x00006000024bb820, length=20, elements={
0x000000014c00d600, 0x000000014d808800, 0x000000014d80da00, 0x000000013c808600,
0x000000013c80ae00, 0x000000014c0bc200, 0x000000014c0bc800, 0x000000014c0c0000,
0x000000014c0c8600, 0x000000013c85e600, 0x000000014d014c00, 0x000000014c820800,
0x000000013c8b6800, 0x000000014d127600, 0x000000014d127c00, 0x000000013c9cdc00,
0x000000014c1c7600, 0x000000014d192200, 0x000000013ca11a00, 0x000000013ca48a00
}

Java Threads: ( => current thread )
  0x000000014c00d600 JavaThread "main" [_thread_blocked, id=9987, stack(0x000000016bcec000,0x000000016beef000)]
  0x000000014d808800 JavaThread "Reference Handler" daemon [_thread_blocked, id=15107, stack(0x000000016cb40000,0x000000016cd43000)]
  0x000000014d80da00 JavaThread "Finalizer" daemon [_thread_blocked, id=15363, stack(0x000000016cd4c000,0x000000016cf4f000)]
  0x000000013c808600 JavaThread "Signal Dispatcher" daemon [_thread_blocked, id=22531, stack(0x000000016d070000,0x000000016d273000)]
  0x000000013c80ae00 JavaThread "Service Thread" daemon [_thread_blocked, id=23043, stack(0x000000016d27c000,0x000000016d47f000)]
  0x000000014c0bc200 JavaThread "Monitor Deflation Thread" daemon [_thread_blocked, id=41987, stack(0x000000016d488000,0x000000016d68b000)]
  0x000000014c0bc800 JavaThread "C2 CompilerThread0" daemon [_thread_blocked, id=23555, stack(0x000000016d694000,0x000000016d897000)]
  0x000000014c0c0000 JavaThread "C1 CompilerThread0" daemon [_thread_blocked, id=24067, stack(0x000000016d8a0000,0x000000016daa3000)]
  0x000000014c0c8600 JavaThread "Sweeper thread" daemon [_thread_blocked, id=24323, stack(0x000000016daac000,0x000000016dcaf000)]
  0x000000013c85e600 JavaThread "Common-Cleaner" daemon [_thread_blocked, id=40963, stack(0x000000016dcb8000,0x000000016debb000)]
  0x000000014d014c00 JavaThread "Monitor Ctrl-Break" daemon [_thread_in_native, id=24835, stack(0x000000016dec4000,0x000000016e0c7000)]
  0x000000014c820800 JavaThread "Notification Thread" daemon [_thread_blocked, id=25091, stack(0x000000016e0d0000,0x000000016e2d3000)]
  0x000000013c8b6800 JavaThread "QuantumRenderer-0" daemon [_thread_blocked, id=25347, stack(0x000000016e4e8000,0x000000016e6eb000)]
=>0x000000014d127600 JavaThread "InvokeLaterDispatcher" daemon [_thread_in_native, id=34307, stack(0x000000016e6f4000,0x000000016e8f7000)]
  0x000000014d127c00 JavaThread "JavaFX Application Thread" [_thread_in_native, id=259, stack(0x000000016b464000,0x000000016bc60000)]
  0x000000013c9cdc00 JavaThread "JavaFX-Launcher" [_thread_blocked, id=53511, stack(0x000000016eb98000,0x000000016ed9b000)]
  0x000000014c1c7600 JavaThread "PulseTimer-CVDisplayLink thread" daemon [_thread_in_native, id=52231, stack(0x000000016e900000,0x000000016e983000)]
  0x000000014d192200 JavaThread "Prism Font Disposer" daemon [_thread_blocked, id=70663, stack(0x000000016f7e0000,0x000000016f9e3000)]
  0x000000013ca11a00 JavaThread "Cleaner-0" daemon [_thread_blocked, id=66311, stack(0x000000016fa78000,0x000000016fc7b000)]
  0x000000013ca48a00 JavaThread "Attach Listener" daemon [_thread_blocked, id=74291, stack(0x000000016fc84000,0x000000016fe87000)]

Other Threads:
  0x000000014be0f200 VMThread "VM Thread" [stack: 0x000000016c934000,0x000000016cb37000] [id=14851]
  0x000000014be12c10 WatcherThread [stack: 0x000000016e2dc000,0x000000016e4df000] [id=40195]
  0x000000014be07f70 GCTaskThread "GC Thread#0" [stack: 0x000000016bef8000,0x000000016c0fb000] [id=12291]
  0x000000014e0264c0 GCTaskThread "GC Thread#1" [stack: 0x000000016eda4000,0x000000016efa7000] [id=73731]
  0x000000014e026940 GCTaskThread "GC Thread#2" [stack: 0x000000016efb0000,0x000000016f1b3000] [id=73219]
  0x000000014e026dc0 GCTaskThread "GC Thread#3" [stack: 0x000000016f1bc000,0x000000016f3bf000] [id=55555]
  0x000000014e027630 GCTaskThread "GC Thread#4" [stack: 0x000000016f3c8000,0x000000016f5cb000] [id=55811]
  0x000000014e027ea0 GCTaskThread "GC Thread#5" [stack: 0x000000016f5d4000,0x000000016f7d7000] [id=72707]
  0x000000014be08620 ConcurrentGCThread "G1 Main Marker" [stack: 0x000000016c104000,0x000000016c307000] [id=12803]
  0x000000014be08ea0 ConcurrentGCThread "G1 Conc#0" [stack: 0x000000016c310000,0x000000016c513000] [id=19715]
  0x000000014be0ad10 ConcurrentGCThread "G1 Refine#0" [stack: 0x000000016c51c000,0x000000016c71f000] [id=13827]
  0x000000014be0b5b0 ConcurrentGCThread "G1 Service" [stack: 0x000000016c728000,0x000000016c92b000] [id=14083]

Threads with active compile tasks:

VM state: not at safepoint (normal execution)

VM Mutex/Monitor currently owned by a thread: None

Heap address: 0x0000000780000000, size: 2048 MB, Compressed Oops mode: Zero based, Oop shift amount: 3

CDS archive(s) mapped at: [0x0000000800000000-0x0000000800bd8000-0x0000000800bd8000), size 12419072, SharedBaseAddress: 0x0000000800000000, ArchiveRelocationMode: 0.
Compressed class space mapped at: 0x0000000800c00000-0x0000000840c00000, reserved size: 1073741824
Narrow klass base: 0x0000000800000000, Narrow klass shift: 0, Narrow klass range: 0x100000000

GC Precious Log:
 CPUs: 8 total, 8 available
 Memory: 8192M
 Large Page Support: Disabled
 NUMA Support: Disabled
 Compressed Oops: Enabled (Zero based)
 Heap Region Size: 1M
 Heap Min Capacity: 8M
 Heap Initial Capacity: 128M
 Heap Max Capacity: 2G
 Pre-touch: Disabled
 Parallel Workers: 8
 Concurrent Workers: 2
 Concurrent Refinement Workers: 8
 Periodic GC: Disabled

Heap:
 garbage-first heap   total 133120K, used 63075K [0x0000000780000000, 0x0000000800000000)
  region size 1024K, 36 young (36864K), 3 survivors (3072K)
 Metaspace       used 15282K, committed 15488K, reserved 1064960K
  class space    used 2235K, committed 2368K, reserved 1048576K

Heap Regions: E=young(eden), S=young(survivor), O=old, HS=humongous(starts), HC=humongous(continues), CS=collection set, F=free, OA=open archive, CA=closed archive, TAMS=top-at-mark-start (previous, next)
|   0|0x0000000780000000, 0x00000007800a0e00, 0x0000000780100000| 62%| O|  |TAMS 0x0000000780000000, 0x0000000780000000| Untracked 
|   1|0x0000000780100000, 0x0000000780200000, 0x0000000780200000|100%|HS|  |TAMS 0x0000000780100000, 0x0000000780100000| Complete 
|   2|0x0000000780200000, 0x0000000780300000, 0x0000000780300000|100%|HS|  |TAMS 0x0000000780200000, 0x0000000780200000| Complete 
|   3|0x0000000780300000, 0x0000000780400000, 0x0000000780400000|100%|HC|  |TAMS 0x0000000780300000, 0x0000000780300000| Complete 
|   4|0x0000000780400000, 0x0000000780500000, 0x0000000780500000|100%|HC|  |TAMS 0x0000000780400000, 0x0000000780400000| Complete 
|   5|0x0000000780500000, 0x0000000780600000, 0x0000000780600000|100%|HC|  |TAMS 0x0000000780500000, 0x0000000780500000| Complete 
|   6|0x0000000780600000, 0x0000000780700000, 0x0000000780700000|100%|HC|  |TAMS 0x0000000780600000, 0x0000000780600000| Complete 
|   7|0x0000000780700000, 0x0000000780800000, 0x0000000780800000|100%|HC|  |TAMS 0x0000000780700000, 0x0000000780700000| Complete 
|   8|0x0000000780800000, 0x0000000780900000, 0x0000000780900000|100%|HC|  |TAMS 0x0000000780800000, 0x0000000780800000| Complete 
|   9|0x0000000780900000, 0x0000000780a00000, 0x0000000780a00000|100%|HC|  |TAMS 0x0000000780900000, 0x0000000780900000| Complete 
|  10|0x0000000780a00000, 0x0000000780b00000, 0x0000000780b00000|100%|HC|  |TAMS 0x0000000780a00000, 0x0000000780a00000| Complete 
|  11|0x0000000780b00000, 0x0000000780c00000, 0x0000000780c00000|100%|HC|  |TAMS 0x0000000780b00000, 0x0000000780b00000| Complete 
|  12|0x0000000780c00000, 0x0000000780d00000, 0x0000000780d00000|100%|HC|  |TAMS 0x0000000780c00000, 0x0000000780c00000| Complete 
|  13|0x0000000780d00000, 0x0000000780e00000, 0x0000000780e00000|100%|HC|  |TAMS 0x0000000780d00000, 0x0000000780d00000| Complete 
|  14|0x0000000780e00000, 0x0000000780f00000, 0x0000000780f00000|100%|HC|  |TAMS 0x0000000780e00000, 0x0000000780e00000| Complete 
|  15|0x0000000780f00000, 0x0000000781000000, 0x0000000781000000|100%|HC|  |TAMS 0x0000000780f00000, 0x0000000780f00000| Complete 
|  16|0x0000000781000000, 0x0000000781100000, 0x0000000781100000|100%|HC|  |TAMS 0x0000000781000000, 0x0000000781000000| Complete 
|  17|0x0000000781100000, 0x0000000781200000, 0x0000000781200000|100%|HC|  |TAMS 0x0000000781100000, 0x0000000781100000| Complete 
|  18|0x0000000781200000, 0x0000000781300000, 0x0000000781300000|100%|HC|  |TAMS 0x0000000781200000, 0x0000000781200000| Complete 
|  19|0x0000000781300000, 0x0000000781400000, 0x0000000781400000|100%|HC|  |TAMS 0x0000000781300000, 0x0000000781300000| Complete 
|  20|0x0000000781400000, 0x0000000781500000, 0x0000000781500000|100%|HC|  |TAMS 0x0000000781400000, 0x0000000781400000| Complete 
|  21|0x0000000781500000, 0x0000000781600000, 0x0000000781600000|100%|HC|  |TAMS 0x0000000781500000, 0x0000000781500000| Complete 
|  22|0x0000000781600000, 0x0000000781700000, 0x0000000781700000|100%|HC|  |TAMS 0x0000000781600000, 0x0000000781600000| Complete 
|  23|0x0000000781700000, 0x0000000781800000, 0x0000000781800000|100%|HC|  |TAMS 0x0000000781700000, 0x0000000781700000| Complete 
|  24|0x0000000781800000, 0x0000000781900000, 0x0000000781900000|100%|HS|  |TAMS 0x0000000781800000, 0x0000000781800000| Complete 
|  25|0x0000000781900000, 0x0000000781a00000, 0x0000000781a00000|100%|HC|  |TAMS 0x0000000781900000, 0x0000000781900000| Complete 
|  26|0x0000000781a00000, 0x0000000781a00000, 0x0000000781b00000|  0%| F|  |TAMS 0x0000000781a00000, 0x0000000781a00000| Untracked 
|  27|0x0000000781b00000, 0x0000000781b00000, 0x0000000781c00000|  0%| F|  |TAMS 0x0000000781b00000, 0x0000000781b00000| Untracked 
|  28|0x0000000781c00000, 0x0000000781c00000, 0x0000000781d00000|  0%| F|  |TAMS 0x0000000781c00000, 0x0000000781c00000| Untracked 
|  29|0x0000000781d00000, 0x0000000781d00000, 0x0000000781e00000|  0%| F|  |TAMS 0x0000000781d00000, 0x0000000781d00000| Untracked 
|  30|0x0000000781e00000, 0x0000000781e00000, 0x0000000781f00000|  0%| F|  |TAMS 0x0000000781e00000, 0x0000000781e00000| Untracked 
|  31|0x0000000781f00000, 0x0000000781f00000, 0x0000000782000000|  0%| F|  |TAMS 0x0000000781f00000, 0x0000000781f00000| Untracked 
|  32|0x0000000782000000, 0x0000000782000000, 0x0000000782100000|  0%| F|  |TAMS 0x0000000782000000, 0x0000000782000000| Untracked 
|  33|0x0000000782100000, 0x0000000782100000, 0x0000000782200000|  0%| F|  |TAMS 0x0000000782100000, 0x0000000782100000| Untracked 
|  34|0x0000000782200000, 0x0000000782200000, 0x0000000782300000|  0%| F|  |TAMS 0x0000000782200000, 0x0000000782200000| Untracked 
|  35|0x0000000782300000, 0x0000000782300000, 0x0000000782400000|  0%| F|  |TAMS 0x0000000782300000, 0x0000000782300000| Untracked 
|  36|0x0000000782400000, 0x0000000782400000, 0x0000000782500000|  0%| F|  |TAMS 0x0000000782400000, 0x0000000782400000| Untracked 
|  37|0x0000000782500000, 0x0000000782500000, 0x0000000782600000|  0%| F|  |TAMS 0x0000000782500000, 0x0000000782500000| Untracked 
|  38|0x0000000782600000, 0x0000000782600000, 0x0000000782700000|  0%| F|  |TAMS 0x0000000782600000, 0x0000000782600000| Untracked 
|  39|0x0000000782700000, 0x0000000782700000, 0x0000000782800000|  0%| F|  |TAMS 0x0000000782700000, 0x0000000782700000| Untracked 
|  40|0x0000000782800000, 0x0000000782800000, 0x0000000782900000|  0%| F|  |TAMS 0x0000000782800000, 0x0000000782800000| Untracked 
|  41|0x0000000782900000, 0x0000000782900000, 0x0000000782a00000|  0%| F|  |TAMS 0x0000000782900000, 0x0000000782900000| Untracked 
|  42|0x0000000782a00000, 0x0000000782a00000, 0x0000000782b00000|  0%| F|  |TAMS 0x0000000782a00000, 0x0000000782a00000| Untracked 
|  43|0x0000000782b00000, 0x0000000782b00000, 0x0000000782c00000|  0%| F|  |TAMS 0x0000000782b00000, 0x0000000782b00000| Untracked 
|  44|0x0000000782c00000, 0x0000000782c00000, 0x0000000782d00000|  0%| F|  |TAMS 0x0000000782c00000, 0x0000000782c00000| Untracked 
|  45|0x0000000782d00000, 0x0000000782d00000, 0x0000000782e00000|  0%| F|  |TAMS 0x0000000782d00000, 0x0000000782d00000| Untracked 
|  46|0x0000000782e00000, 0x0000000782e00000, 0x0000000782f00000|  0%| F|  |TAMS 0x0000000782e00000, 0x0000000782e00000| Untracked 
|  47|0x0000000782f00000, 0x0000000782f00000, 0x0000000783000000|  0%| F|  |TAMS 0x0000000782f00000, 0x0000000782f00000| Untracked 
|  48|0x0000000783000000, 0x0000000783000000, 0x0000000783100000|  0%| F|  |TAMS 0x0000000783000000, 0x0000000783000000| Untracked 
|  49|0x0000000783100000, 0x0000000783100000, 0x0000000783200000|  0%| F|  |TAMS 0x0000000783100000, 0x0000000783100000| Untracked 
|  50|0x0000000783200000, 0x0000000783200000, 0x0000000783300000|  0%| F|  |TAMS 0x0000000783200000, 0x0000000783200000| Untracked 
|  51|0x0000000783300000, 0x0000000783300000, 0x0000000783400000|  0%| F|  |TAMS 0x0000000783300000, 0x0000000783300000| Untracked 
|  52|0x0000000783400000, 0x0000000783400000, 0x0000000783500000|  0%| F|  |TAMS 0x0000000783400000, 0x0000000783400000| Untracked 
|  53|0x0000000783500000, 0x0000000783500000, 0x0000000783600000|  0%| F|  |TAMS 0x0000000783500000, 0x0000000783500000| Untracked 
|  54|0x0000000783600000, 0x0000000783600000, 0x0000000783700000|  0%| F|  |TAMS 0x0000000783600000, 0x0000000783600000| Untracked 
|  55|0x0000000783700000, 0x0000000783700000, 0x0000000783800000|  0%| F|  |TAMS 0x0000000783700000, 0x0000000783700000| Untracked 
|  56|0x0000000783800000, 0x0000000783800000, 0x0000000783900000|  0%| F|  |TAMS 0x0000000783800000, 0x0000000783800000| Untracked 
|  57|0x0000000783900000, 0x0000000783900000, 0x0000000783a00000|  0%| F|  |TAMS 0x0000000783900000, 0x0000000783900000| Untracked 
|  58|0x0000000783a00000, 0x0000000783a00000, 0x0000000783b00000|  0%| F|  |TAMS 0x0000000783a00000, 0x0000000783a00000| Untracked 
|  59|0x0000000783b00000, 0x0000000783b00000, 0x0000000783c00000|  0%| F|  |TAMS 0x0000000783b00000, 0x0000000783b00000| Untracked 
|  60|0x0000000783c00000, 0x0000000783c00000, 0x0000000783d00000|  0%| F|  |TAMS 0x0000000783c00000, 0x0000000783c00000| Untracked 
|  61|0x0000000783d00000, 0x0000000783d00000, 0x0000000783e00000|  0%| F|  |TAMS 0x0000000783d00000, 0x0000000783d00000| Untracked 
|  62|0x0000000783e00000, 0x0000000783e00000, 0x0000000783f00000|  0%| F|  |TAMS 0x0000000783e00000, 0x0000000783e00000| Untracked 
|  63|0x0000000783f00000, 0x0000000783f00000, 0x0000000784000000|  0%| F|  |TAMS 0x0000000783f00000, 0x0000000783f00000| Untracked 
|  64|0x0000000784000000, 0x0000000784000000, 0x0000000784100000|  0%| F|  |TAMS 0x0000000784000000, 0x0000000784000000| Untracked 
|  65|0x0000000784100000, 0x0000000784100000, 0x0000000784200000|  0%| F|  |TAMS 0x0000000784100000, 0x0000000784100000| Untracked 
|  66|0x0000000784200000, 0x0000000784200000, 0x0000000784300000|  0%| F|  |TAMS 0x0000000784200000, 0x0000000784200000| Untracked 
|  67|0x0000000784300000, 0x0000000784300000, 0x0000000784400000|  0%| F|  |TAMS 0x0000000784300000, 0x0000000784300000| Untracked 
|  68|0x0000000784400000, 0x0000000784400000, 0x0000000784500000|  0%| F|  |TAMS 0x0000000784400000, 0x0000000784400000| Untracked 
|  69|0x0000000784500000, 0x0000000784500000, 0x0000000784600000|  0%| F|  |TAMS 0x0000000784500000, 0x0000000784500000| Untracked 
|  70|0x0000000784600000, 0x0000000784600000, 0x0000000784700000|  0%| F|  |TAMS 0x0000000784600000, 0x0000000784600000| Untracked 
|  71|0x0000000784700000, 0x0000000784700000, 0x0000000784800000|  0%| F|  |TAMS 0x0000000784700000, 0x0000000784700000| Untracked 
|  72|0x0000000784800000, 0x0000000784800000, 0x0000000784900000|  0%| F|  |TAMS 0x0000000784800000, 0x0000000784800000| Untracked 
|  73|0x0000000784900000, 0x0000000784900000, 0x0000000784a00000|  0%| F|  |TAMS 0x0000000784900000, 0x0000000784900000| Untracked 
|  74|0x0000000784a00000, 0x0000000784a00000, 0x0000000784b00000|  0%| F|  |TAMS 0x0000000784a00000, 0x0000000784a00000| Untracked 
|  75|0x0000000784b00000, 0x0000000784b00000, 0x0000000784c00000|  0%| F|  |TAMS 0x0000000784b00000, 0x0000000784b00000| Untracked 
|  76|0x0000000784c00000, 0x0000000784c00000, 0x0000000784d00000|  0%| F|  |TAMS 0x0000000784c00000, 0x0000000784c00000| Untracked 
|  77|0x0000000784d00000, 0x0000000784d00000, 0x0000000784e00000|  0%| F|  |TAMS 0x0000000784d00000, 0x0000000784d00000| Untracked 
|  78|0x0000000784e00000, 0x0000000784e00000, 0x0000000784f00000|  0%| F|  |TAMS 0x0000000784e00000, 0x0000000784e00000| Untracked 
|  79|0x0000000784f00000, 0x0000000784f00000, 0x0000000785000000|  0%| F|  |TAMS 0x0000000784f00000, 0x0000000784f00000| Untracked 
|  80|0x0000000785000000, 0x0000000785000000, 0x0000000785100000|  0%| F|  |TAMS 0x0000000785000000, 0x0000000785000000| Untracked 
|  81|0x0000000785100000, 0x0000000785100000, 0x0000000785200000|  0%| F|  |TAMS 0x0000000785100000, 0x0000000785100000| Untracked 
|  82|0x0000000785200000, 0x0000000785200000, 0x0000000785300000|  0%| F|  |TAMS 0x0000000785200000, 0x0000000785200000| Untracked 
|  83|0x0000000785300000, 0x0000000785300000, 0x0000000785400000|  0%| F|  |TAMS 0x0000000785300000, 0x0000000785300000| Untracked 
|  84|0x0000000785400000, 0x0000000785400000, 0x0000000785500000|  0%| F|  |TAMS 0x0000000785400000, 0x0000000785400000| Untracked 
|  85|0x0000000785500000, 0x0000000785500000, 0x0000000785600000|  0%| F|  |TAMS 0x0000000785500000, 0x0000000785500000| Untracked 
|  86|0x0000000785600000, 0x0000000785600000, 0x0000000785700000|  0%| F|  |TAMS 0x0000000785600000, 0x0000000785600000| Untracked 
|  87|0x0000000785700000, 0x0000000785700000, 0x0000000785800000|  0%| F|  |TAMS 0x0000000785700000, 0x0000000785700000| Untracked 
|  88|0x0000000785800000, 0x0000000785800000, 0x0000000785900000|  0%| F|  |TAMS 0x0000000785800000, 0x0000000785800000| Untracked 
|  89|0x0000000785900000, 0x0000000785900000, 0x0000000785a00000|  0%| F|  |TAMS 0x0000000785900000, 0x0000000785900000| Untracked 
|  90|0x0000000785a00000, 0x0000000785a00000, 0x0000000785b00000|  0%| F|  |TAMS 0x0000000785a00000, 0x0000000785a00000| Untracked 
|  91|0x0000000785b00000, 0x0000000785b00000, 0x0000000785c00000|  0%| F|  |TAMS 0x0000000785b00000, 0x0000000785b00000| Untracked 
|  92|0x0000000785c00000, 0x0000000785c80800, 0x0000000785d00000| 50%| E|  |TAMS 0x0000000785c00000, 0x0000000785c00000| Complete 
|  93|0x0000000785d00000, 0x0000000785e00000, 0x0000000785e00000|100%| E|CS|TAMS 0x0000000785d00000, 0x0000000785d00000| Complete 
|  94|0x0000000785e00000, 0x0000000785f00000, 0x0000000785f00000|100%| E|CS|TAMS 0x0000000785e00000, 0x0000000785e00000| Complete 
|  95|0x0000000785f00000, 0x0000000786000000, 0x0000000786000000|100%| E|CS|TAMS 0x0000000785f00000, 0x0000000785f00000| Complete 
|  96|0x0000000786000000, 0x0000000786100000, 0x0000000786100000|100%| E|CS|TAMS 0x0000000786000000, 0x0000000786000000| Complete 
|  97|0x0000000786100000, 0x0000000786200000, 0x0000000786200000|100%| E|CS|TAMS 0x0000000786100000, 0x0000000786100000| Complete 
|  98|0x0000000786200000, 0x0000000786300000, 0x0000000786300000|100%| E|CS|TAMS 0x0000000786200000, 0x0000000786200000| Complete 
|  99|0x0000000786300000, 0x0000000786400000, 0x0000000786400000|100%| E|CS|TAMS 0x0000000786300000, 0x0000000786300000| Complete 
| 100|0x0000000786400000, 0x0000000786500000, 0x0000000786500000|100%| E|CS|TAMS 0x0000000786400000, 0x0000000786400000| Complete 
| 101|0x0000000786500000, 0x0000000786600000, 0x0000000786600000|100%| E|CS|TAMS 0x0000000786500000, 0x0000000786500000| Complete 
| 102|0x0000000786600000, 0x0000000786700000, 0x0000000786700000|100%| S|CS|TAMS 0x0000000786600000, 0x0000000786600000| Complete 
| 103|0x0000000786700000, 0x0000000786800000, 0x0000000786800000|100%| S|CS|TAMS 0x0000000786700000, 0x0000000786700000| Complete 
| 104|0x0000000786800000, 0x0000000786900000, 0x0000000786900000|100%| S|CS|TAMS 0x0000000786800000, 0x0000000786800000| Complete 
| 105|0x0000000786900000, 0x0000000786a00000, 0x0000000786a00000|100%| E|CS|TAMS 0x0000000786900000, 0x0000000786900000| Complete 
| 106|0x0000000786a00000, 0x0000000786b00000, 0x0000000786b00000|100%| E|CS|TAMS 0x0000000786a00000, 0x0000000786a00000| Complete 
| 107|0x0000000786b00000, 0x0000000786c00000, 0x0000000786c00000|100%| E|CS|TAMS 0x0000000786b00000, 0x0000000786b00000| Complete 
| 108|0x0000000786c00000, 0x0000000786d00000, 0x0000000786d00000|100%| E|CS|TAMS 0x0000000786c00000, 0x0000000786c00000| Complete 
| 109|0x0000000786d00000, 0x0000000786e00000, 0x0000000786e00000|100%| E|CS|TAMS 0x0000000786d00000, 0x0000000786d00000| Complete 
| 110|0x0000000786e00000, 0x0000000786f00000, 0x0000000786f00000|100%| E|CS|TAMS 0x0000000786e00000, 0x0000000786e00000| Complete 
| 111|0x0000000786f00000, 0x0000000787000000, 0x0000000787000000|100%| E|CS|TAMS 0x0000000786f00000, 0x0000000786f00000| Complete 
| 112|0x0000000787000000, 0x0000000787100000, 0x0000000787100000|100%| E|CS|TAMS 0x0000000787000000, 0x0000000787000000| Complete 
| 113|0x0000000787100000, 0x0000000787200000, 0x0000000787200000|100%| E|CS|TAMS 0x0000000787100000, 0x0000000787100000| Complete 
| 114|0x0000000787200000, 0x0000000787300000, 0x0000000787300000|100%| E|CS|TAMS 0x0000000787200000, 0x0000000787200000| Complete 
| 115|0x0000000787300000, 0x0000000787400000, 0x0000000787400000|100%| E|CS|TAMS 0x0000000787300000, 0x0000000787300000| Complete 
| 116|0x0000000787400000, 0x0000000787500000, 0x0000000787500000|100%| E|CS|TAMS 0x0000000787400000, 0x0000000787400000| Complete 
| 117|0x0000000787500000, 0x0000000787600000, 0x0000000787600000|100%| E|CS|TAMS 0x0000000787500000, 0x0000000787500000| Complete 
| 118|0x0000000787600000, 0x0000000787700000, 0x0000000787700000|100%| E|CS|TAMS 0x0000000787600000, 0x0000000787600000| Complete 
| 119|0x0000000787700000, 0x0000000787800000, 0x0000000787800000|100%| E|CS|TAMS 0x0000000787700000, 0x0000000787700000| Complete 
| 120|0x0000000787800000, 0x0000000787900000, 0x0000000787900000|100%| E|CS|TAMS 0x0000000787800000, 0x0000000787800000| Complete 
| 121|0x0000000787900000, 0x0000000787a00000, 0x0000000787a00000|100%| E|CS|TAMS 0x0000000787900000, 0x0000000787900000| Complete 
| 122|0x0000000787a00000, 0x0000000787b00000, 0x0000000787b00000|100%| E|CS|TAMS 0x0000000787a00000, 0x0000000787a00000| Complete 
| 123|0x0000000787b00000, 0x0000000787c00000, 0x0000000787c00000|100%| E|CS|TAMS 0x0000000787b00000, 0x0000000787b00000| Complete 
| 124|0x0000000787c00000, 0x0000000787d00000, 0x0000000787d00000|100%| E|CS|TAMS 0x0000000787c00000, 0x0000000787c00000| Complete 
| 125|0x0000000787d00000, 0x0000000787e00000, 0x0000000787e00000|100%| E|CS|TAMS 0x0000000787d00000, 0x0000000787d00000| Complete 
| 126|0x0000000787e00000, 0x0000000787f00000, 0x0000000787f00000|100%| E|CS|TAMS 0x0000000787e00000, 0x0000000787e00000| Complete 
| 127|0x0000000787f00000, 0x0000000788000000, 0x0000000788000000|100%| E|CS|TAMS 0x0000000787f00000, 0x0000000787f00000| Complete 
|2046|0x00000007ffe00000, 0x00000007ffe78000, 0x00000007fff00000| 46%|OA|  |TAMS 0x00000007ffe00000, 0x00000007ffe00000| Untracked 
|2047|0x00000007fff00000, 0x00000007fff80000, 0x0000000800000000| 50%|CA|  |TAMS 0x00000007fff00000, 0x00000007fff00000| Untracked 

Card table byte_map: [0x0000000104afc000,0x0000000104efc000] _byte_map_base: 0x0000000100efc000

Marking Bits (Prev, Next): (CMBitMap*) 0x000000014c02f410, (CMBitMap*) 0x000000014c02f450
 Prev Bits: [0x000000011cafc000, 0x000000011eafc000)
 Next Bits: [0x000000011eafc000, 0x0000000120afc000)

Polling page: 0x0000000104324000

Metaspace:

Usage:
  Non-class:     12.74 MB used.
      Class:      2.18 MB used.
       Both:     14.93 MB used.

Virtual space:
  Non-class space:       16.00 MB reserved,      12.81 MB ( 80%) committed,  2 nodes.
      Class space:        1.00 GB reserved,       2.31 MB ( <1%) committed,  1 nodes.
             Both:        1.02 GB reserved,      15.12 MB (  1%) committed. 

Chunk freelists:
   Non-Class:  2.44 MB
       Class:  1.72 MB
        Both:  4.16 MB

MaxMetaspaceSize: unlimited
CompressedClassSpaceSize: 1.00 GB
Initial GC threshold: 21.00 MB
Current GC threshold: 21.00 MB
CDS: on
MetaspaceReclaimPolicy: balanced
 - commit_granule_bytes: 65536.
 - commit_granule_words: 8192.
 - virtual_space_node_default_size: 1048576.
 - enlarge_chunks_in_place: 1.
 - new_chunks_are_fully_committed: 0.
 - uncommit_free_chunks: 1.
 - use_allocation_guard: 0.
 - handle_deallocations: 1.


Internal statistics:

num_allocs_failed_limit: 0.
num_arena_births: 174.
num_arena_deaths: 0.
num_vsnodes_births: 3.
num_vsnodes_deaths: 0.
num_space_committed: 242.
num_space_uncommitted: 0.
num_chunks_returned_to_freelist: 0.
num_chunks_taken_from_freelist: 650.
num_chunk_merges: 0.
num_chunk_splits: 451.
num_chunks_enlarged: 356.
num_purges: 0.
num_inconsistent_stats: 0.

CodeHeap 'non-profiled nmethods': size=120032Kb used=696Kb max_used=696Kb free=119335Kb
 bounds [0x00000001155c4000, 0x0000000115834000, 0x000000011cafc000]
CodeHeap 'profiled nmethods': size=120016Kb used=3967Kb max_used=3967Kb free=116048Kb
 bounds [0x000000010e090000, 0x000000010e470000, 0x00000001155c4000]
CodeHeap 'non-nmethods': size=5712Kb used=1375Kb max_used=1409Kb free=4336Kb
 bounds [0x000000010dafc000, 0x000000010dd6c000, 0x000000010e090000]
 total_blobs=2853 nmethods=2088 adapters=681
 compilation: enabled
              stopped_count=0, restarted_count=0
 full_count=0

Compilation events (20 events):
Event: 3.235 Thread 0x000000014c0c0000 2165       3       com.sun.javafx.tk.Toolkit::runPulse (26 bytes)
Event: 3.236 Thread 0x000000014c0c0000 nmethod 2165 0x000000010e469e90 code [0x000000010e46a180, 0x000000010e46ad48]
Event: 3.236 Thread 0x000000014c0c0000 2166       3       com.sun.javafx.tk.Toolkit$$Lambda$415/0x0000000800e23ab0::<init> (10 bytes)
Event: 3.236 Thread 0x000000014c0c0000 nmethod 2166 0x000000010e46b190 code [0x000000010e46b340, 0x000000010e46b528]
Event: 3.236 Thread 0x000000014c0c0000 2167       1       javafx.scene.Scene::isFocusDirty (5 bytes)
Event: 3.236 Thread 0x000000014c0c0000 nmethod 2167 0x0000000115671790 code [0x0000000115671900, 0x00000001156719e8]
Event: 3.257 Thread 0x000000014c0c0000 2168       3       javafx.scene.Node::intersects (47 bytes)
Event: 3.259 Thread 0x000000014c0c0000 nmethod 2168 0x000000010e46b610 code [0x000000010e46b8c0, 0x000000010e46c308]
Event: 3.259 Thread 0x000000014c0c0000 2169       3       javafx.scene.input.MouseEvent::<init> (208 bytes)
Event: 3.260 Thread 0x000000014c0c0000 nmethod 2169 0x000000010e46c710 code [0x000000010e46c940, 0x000000010e46d0b8]
Event: 3.260 Thread 0x000000014c0c0000 2170       3       javafx.scene.input.InputEvent::<init> (8 bytes)
Event: 3.260 Thread 0x000000014c0c0000 nmethod 2170 0x000000010e46d490 code [0x000000010e46d640, 0x000000010e46d7d8]
Event: 3.265 Thread 0x000000014c0c0000 2171       3       javafx.scene.input.MouseEvent::<init> (45 bytes)
Event: 3.265 Thread 0x000000014c0c0000 nmethod 2171 0x000000010e46d890 code [0x000000010e46da40, 0x000000010e46dc98]
Event: 3.265 Thread 0x000000014c0c0000 2172       3       javafx.scene.Node::localToScene (17 bytes)
Event: 3.266 Thread 0x000000014c0c0000 nmethod 2172 0x000000010e46de10 code [0x000000010e46dfc0, 0x000000010e46e258]
Event: 3.338 Thread 0x000000014c0c0000 2173       3       com.sun.javafx.geom.transform.Identity::inverseTransform (20 bytes)
Event: 3.338 Thread 0x000000014c0c0000 nmethod 2173 0x000000010e46e390 code [0x000000010e46e580, 0x000000010e46e9a8]
Event: 3.370 Thread 0x000000014c0c0000 2174       1       com.sun.javafx.stage.WindowEventDispatcher::getFirstDispatcher (5 bytes)
Event: 3.370 Thread 0x000000014c0c0000 nmethod 2174 0x0000000115671a90 code [0x0000000115671c00, 0x0000000115671ce8]

GC Heap History (2 events):
Event: 0.547 GC heap before
{Heap before GC invocations=0 (full 0):
 garbage-first heap   total 133120K, used 23520K [0x0000000780000000, 0x0000000800000000)
  region size 1024K, 23 young (23552K), 0 survivors (0K)
 Metaspace       used 7432K, committed 7552K, reserved 1056768K
  class space    used 908K, committed 960K, reserved 1048576K
}
Event: 0.551 GC heap after
{Heap after GC invocations=1 (full 0):
 garbage-first heap   total 133120K, used 4707K [0x0000000780000000, 0x0000000800000000)
  region size 1024K, 3 young (3072K), 3 survivors (3072K)
 Metaspace       used 7432K, committed 7552K, reserved 1056768K
  class space    used 908K, committed 960K, reserved 1048576K
}

Deoptimization events (20 events):
Event: 0.806 Thread 0x000000014d127c00 DEOPT PACKING pc=0x000000011561b068 sp=0x000000016bc5a660
Event: 0.806 Thread 0x000000014d127c00 DEOPT UNPACKING pc=0x000000010db3ad1c sp=0x000000016bc5a4e0 mode 2
Event: 0.807 Thread 0x000000014d127c00 Uncommon trap: trap_request=0xffffff45 fr.pc=0x0000000115618930 relative=0x00000000000003b0
Event: 0.807 Thread 0x000000014d127c00 Uncommon trap: reason=unstable_if action=reinterpret pc=0x0000000115618930 method=java.util.HashMap.hash(Ljava/lang/Object;)I @ 1 c2
Event: 0.807 Thread 0x000000014d127c00 DEOPT PACKING pc=0x0000000115618930 sp=0x000000016bc5a5f0
Event: 0.807 Thread 0x000000014d127c00 DEOPT UNPACKING pc=0x000000010db3ad1c sp=0x000000016bc5a4f0 mode 2
Event: 0.966 Thread 0x000000014d127c00 Uncommon trap: trap_request=0xffffff45 fr.pc=0x000000011561a574 relative=0x0000000000000134
Event: 0.966 Thread 0x000000014d127c00 Uncommon trap: reason=unstable_if action=reinterpret pc=0x000000011561a574 method=java.lang.String.indexOf(II)I @ 4 c2
Event: 0.966 Thread 0x000000014d127c00 DEOPT PACKING pc=0x000000011561a574 sp=0x000000016bc5a500
Event: 0.966 Thread 0x000000014d127c00 DEOPT UNPACKING pc=0x000000010db3ad1c sp=0x000000016bc5a420 mode 2
Event: 0.969 Thread 0x000000014d127c00 Uncommon trap: trap_request=0xffffff45 fr.pc=0x00000001155d35c4 relative=0x0000000000000104
Event: 0.969 Thread 0x000000014d127c00 Uncommon trap: reason=unstable_if action=reinterpret pc=0x00000001155d35c4 method=java.lang.StringLatin1.lastIndexOf([BI[BII)I @ 86 c2
Event: 0.969 Thread 0x000000014d127c00 DEOPT PACKING pc=0x00000001155d35c4 sp=0x000000016bc590d0
Event: 0.969 Thread 0x000000014d127c00 DEOPT UNPACKING pc=0x000000010db3ad1c sp=0x000000016bc59030 mode 2
Event: 1.989 Thread 0x000000013c8b6800 DEOPT PACKING pc=0x000000010e3dd338 sp=0x000000016e6e94d0
Event: 1.989 Thread 0x000000013c8b6800 DEOPT UNPACKING pc=0x000000010db3ab7c sp=0x000000016e6e9130 mode 0
Event: 1.989 Thread 0x000000013c8b6800 DEOPT PACKING pc=0x000000010e3dd338 sp=0x000000016e6e94d0
Event: 1.989 Thread 0x000000013c8b6800 DEOPT UNPACKING pc=0x000000010db3ab7c sp=0x000000016e6e9130 mode 0
Event: 1.989 Thread 0x000000013c8b6800 DEOPT PACKING pc=0x000000010e3dd338 sp=0x000000016e6e94d0
Event: 1.989 Thread 0x000000013c8b6800 DEOPT UNPACKING pc=0x000000010db3ab7c sp=0x000000016e6e9130 mode 0

Classes unloaded (0 events):
No events

Classes redefined (0 events):
No events

Internal exceptions (20 events):
Event: 0.554 Thread 0x000000014d127c00 Exception <a 'java/lang/NoSuchMethodError'{0x0000000787f435b8}: 'java.lang.Object java.lang.invoke.DirectMethodHandle$Holder.invokeSpecial(java.lang.Object, java.lang.Object, java.lang.Object, int, java.lang.Object)'> (0x0000000787f435b8) 
thrown [open/src/hotspot/share/interpreter/linkResolver.cpp, line 766]
Event: 0.595 Thread 0x000000014d127c00 Exception <a 'java/lang/NoSuchMethodError'{0x0000000787990c38}: 'void java.lang.invoke.DirectMethodHandle$Holder.invokeStaticInit(java.lang.Object, java.lang.Object)'> (0x0000000787990c38) 
thrown [open/src/hotspot/share/interpreter/linkResolver.cpp, line 766]
Event: 0.599 Thread 0x000000014d127c00 Exception <a 'java/lang/NoSuchMethodError'{0x0000000787814f28}: 'void java.lang.invoke.DirectMethodHandle$Holder.invokeSpecial(java.lang.Object, java.lang.Object, java.lang.Object, java.lang.Object, java.lang.Object)'> (0x0000000787814f28) 
thrown [open/src/hotspot/share/interpreter/linkResolver.cpp, line 766]
Event: 0.613 Thread 0x000000014d127c00 Exception <a 'sun/nio/fs/UnixException'{0x000000078777aea8}> (0x000000078777aea8) 
thrown [open/src/hotspot/share/prims/jni.cpp, line 516]
Event: 0.696 Thread 0x000000014d127c00 Exception <a 'java/io/FileNotFoundException'{0x00000007876528d0}> (0x00000007876528d0) 
thrown [open/src/hotspot/share/prims/jni.cpp, line 516]
Event: 0.710 Thread 0x000000014d127c00 Exception <a 'java/io/FileNotFoundException'{0x00000007876d2e78}> (0x00000007876d2e78) 
thrown [open/src/hotspot/share/prims/jni.cpp, line 516]
Event: 0.806 Thread 0x000000014d127c00 Implicit null exception at 0x000000011561ac94 to 0x000000011561b058
Event: 0.807 Thread 0x000000014d127c00 Implicit null exception at 0x00000001156185d4 to 0x0000000115618920
Event: 0.887 Thread 0x000000014d127c00 Exception <a 'java/lang/ClassNotFoundException'{0x0000000786ef5e58}: com/sun/javafx/scene/control/skin/resources/controls> (0x0000000786ef5e58) 
thrown [open/src/hotspot/share/prims/jni.cpp, line 535]
Event: 0.888 Thread 0x000000014d127c00 Exception <a 'java/lang/ClassNotFoundException'{0x0000000786d04610}: com/sun/javafx/scene/control/skin/resources/controls_en> (0x0000000786d04610) 
thrown [open/src/hotspot/share/prims/jni.cpp, line 535]
Event: 0.888 Thread 0x000000014d127c00 Exception <a 'java/lang/ClassNotFoundException'{0x0000000786d055a8}: com/sun/javafx/scene/control/skin/resources/controls_en_TH> (0x0000000786d055a8) 
thrown [open/src/hotspot/share/prims/jni.cpp, line 535]
Event: 0.904 Thread 0x000000014d127c00 Exception <a 'java/lang/NoSuchMethodError'{0x0000000786cb3870}: 'void java.lang.invoke.DirectMethodHandle$Holder.invokeSpecial(java.lang.Object, java.lang.Object, java.lang.Object, java.lang.Object, java.lang.Object, java.lang.Object)'> (0x0000000786cb3870) 
thrown [open/src/hotspot/share/interpreter/linkResolver.cpp, line 766]
Event: 0.921 Thread 0x000000014d127c00 Exception <a 'java/lang/NoSuchMethodError'{0x00000007865079c8}: 'java.lang.Object java.lang.invoke.DirectMethodHandle$Holder.invokeInterface(java.lang.Object, java.lang.Object, java.lang.Object)'> (0x00000007865079c8) 
thrown [open/src/hotspot/share/interpreter/linkResolver.cpp, line 766]
Event: 0.921 Thread 0x000000014d127c00 Exception <a 'java/lang/IncompatibleClassChangeError'{0x000000078650b350}: Found class java.lang.Object, but interface was expected> (0x000000078650b350) 
thrown [open/src/hotspot/share/interpreter/linkResolver.cpp, line 833]
Event: 0.992 Thread 0x000000014d127c00 Exception <a 'java/lang/NoSuchMethodError'{0x0000000786362b28}: 'java.lang.Object java.lang.invoke.DirectMethodHandle$Holder.newInvokeSpecial(java.lang.Object, java.lang.Object, int)'> (0x0000000786362b28) 
thrown [open/src/hotspot/share/interpreter/linkResolver.cpp, line 766]
Event: 1.050 Thread 0x000000013c8b6800 Exception <a 'java/lang/NoSuchMethodError'{0x00000007862e71f0}: 'int java.lang.invoke.DirectMethodHandle$Holder.invokeStaticInit(java.lang.Object, java.lang.Object)'> (0x00000007862e71f0) 
thrown [open/src/hotspot/share/interpreter/linkResolver.cpp, line 766]
Event: 1.056 Thread 0x000000014d127c00 Exception <a 'java/lang/NoSuchMethodError'{0x000000078624d3e0}: 'long java.lang.invoke.DirectMethodHandle$Holder.invokeStatic(java.lang.Object, java.lang.Object, java.lang.Object)'> (0x000000078624d3e0) 
thrown [open/src/hotspot/share/interpreter/linkResolver.cpp, line 766]
Event: 1.056 Thread 0x000000014d127c00 Exception <a 'java/lang/NoSuchMethodError'{0x0000000786250b88}: 'long java.lang.invoke.DirectMethodHandle$Holder.invokeStaticInit(java.lang.Object, java.lang.Object, java.lang.Object)'> (0x0000000786250b88) 
thrown [open/src/hotspot/share/interpreter/linkResolver.cpp, line 766]
Event: 1.057 Thread 0x000000014d127c00 Exception <a 'java/lang/NoSuchMethodError'{0x0000000786268790}: 'java.lang.Object java.lang.invoke.DirectMethodHandle$Holder.newInvokeSpecial(java.lang.Object, java.lang.Object, long)'> (0x0000000786268790) 
thrown [open/src/hotspot/share/interpreter/linkResolver.cpp, line 766]
Event: 1.057 Thread 0x000000014d127c00 Exception <a 'java/lang/NoSuchMethodError'{0x000000078626c058}: 'java.lang.Object java.lang.invoke.Invokers$Holder.linkToTargetMethod(java.lang.Object, long, java.lang.Object)'> (0x000000078626c058) 
thrown [open/src/hotspot/share/interpreter/linkResolver.cpp, line 766]

VM Operations (20 events):
Event: 0.067 Executing VM operation: HandshakeAllThreads
Event: 0.067 Executing VM operation: HandshakeAllThreads done
Event: 0.098 Executing VM operation: ICBufferFull
Event: 0.098 Executing VM operation: ICBufferFull done
Event: 0.539 Executing VM operation: HandshakeAllThreads
Event: 0.539 Executing VM operation: HandshakeAllThreads done
Event: 0.547 Executing VM operation: G1CollectForAllocation
Event: 0.551 Executing VM operation: G1CollectForAllocation done
Event: 0.575 Executing VM operation: HandshakeAllThreads
Event: 0.575 Executing VM operation: HandshakeAllThreads done
Event: 0.611 Executing VM operation: ICBufferFull
Event: 0.611 Executing VM operation: ICBufferFull done
Event: 0.889 Executing VM operation: ICBufferFull
Event: 0.889 Executing VM operation: ICBufferFull done
Event: 1.075 Executing VM operation: ICBufferFull
Event: 1.075 Executing VM operation: ICBufferFull done
Event: 2.166 Executing VM operation: ICBufferFull
Event: 2.167 Executing VM operation: ICBufferFull done
Event: 3.172 Executing VM operation: Cleanup
Event: 3.172 Executing VM operation: Cleanup done

Events (20 events):
Event: 1.437 loading class sun/util/locale/provider/TimeZoneNameUtility$TimeZoneNameGetter
Event: 1.437 loading class sun/util/locale/provider/TimeZoneNameUtility$TimeZoneNameGetter done
Event: 1.437 loading class sun/util/cldr/CLDRTimeZoneNameProviderImpl
Event: 1.438 loading class sun/util/locale/provider/TimeZoneNameProviderImpl
Event: 1.438 loading class sun/util/locale/provider/TimeZoneNameProviderImpl done
Event: 1.438 loading class sun/util/cldr/CLDRTimeZoneNameProviderImpl done
Event: 1.439 loading class sun/util/resources/cldr/TimeZoneNames
Event: 1.439 loading class sun/util/resources/TimeZoneNamesBundle
Event: 1.439 loading class sun/util/resources/OpenListResourceBundle
Event: 1.439 loading class sun/util/resources/OpenListResourceBundle done
Event: 1.439 loading class sun/util/resources/TimeZoneNamesBundle done
Event: 1.439 loading class sun/util/resources/cldr/TimeZoneNames done
Event: 1.439 loading class sun/util/resources/cldr/TimeZoneNames_en
Event: 1.440 loading class sun/util/resources/cldr/TimeZoneNames_en done
Event: 1.440 loading class sun/util/resources/cldr/TimeZoneNames_en_US
Event: 1.440 loading class sun/util/resources/cldr/TimeZoneNames_en_US done
Event: 1.441 loading class sun/util/resources/TimeZoneNames
Event: 1.441 loading class sun/util/resources/TimeZoneNames done
Event: 1.442 loading class sun/util/resources/TimeZoneNames_en
Event: 1.442 loading class sun/util/resources/TimeZoneNames_en done


Dynamic libraries:
0x00000001042d4000 	/Library/Java/JavaVirtualMachines/jdk-17.0.3.1.jdk/Contents/Home/lib/libjli.dylib
0x00000001b8242000 	/usr/lib/libz.1.dylib
0x00000001b82f9000 	/usr/lib/libSystem.B.dylib
0x00000001b82f3000 	/usr/lib/system/libcache.dylib
0x00000001b82b1000 	/usr/lib/system/libcommonCrypto.dylib
0x00000001b82da000 	/usr/lib/system/libcompiler_rt.dylib
0x00000001b82d1000 	/usr/lib/system/libcopyfile.dylib
0x00000001ad517000 	/usr/lib/system/libcorecrypto.dylib
0x00000001ad5cc000 	/usr/lib/system/libdispatch.dylib
0x00000001ad79a000 	/usr/lib/system/libdyld.dylib
0x00000001b82e9000 	/usr/lib/system/libkeymgr.dylib
0x00000001b828c000 	/usr/lib/system/libmacho.dylib
0x00000001b797c000 	/usr/lib/system/libquarantine.dylib
0x00000001b82e6000 	/usr/lib/system/libremovefile.dylib
0x00000001b2912000 	/usr/lib/system/libsystem_asl.dylib
0x00000001ad4b9000 	/usr/lib/system/libsystem_blocks.dylib
0x00000001ad654000 	/usr/lib/system/libsystem_c.dylib
0x00000001b82de000 	/usr/lib/system/libsystem_collections.dylib
0x00000001b6e11000 	/usr/lib/system/libsystem_configuration.dylib
0x00000001b606a000 	/usr/lib/system/libsystem_containermanager.dylib
0x00000001b7fe9000 	/usr/lib/system/libsystem_coreservices.dylib
0x00000001afecb000 	/usr/lib/system/libsystem_darwin.dylib
0x00000001b82ea000 	/usr/lib/system/libsystem_dnssd.dylib
0x00000001ad651000 	/usr/lib/system/libsystem_featureflags.dylib
0x00000001ad7af000 	/usr/lib/system/libsystem_info.dylib
0x00000001b8254000 	/usr/lib/system/libsystem_m.dylib
0x00000001ad5a1000 	/usr/lib/system/libsystem_malloc.dylib
0x00000001b28a0000 	/usr/lib/system/libsystem_networkextension.dylib
0x00000001b0324000 	/usr/lib/system/libsystem_notify.dylib
0x00000001be64d000 	/usr/lib/system/libsystem_product_info_filter.dylib
0x00000001b6e16000 	/usr/lib/system/libsystem_sandbox.dylib
0x00000001b82e3000 	/usr/lib/system/libsystem_secinit.dylib
0x00000001ad755000 	/usr/lib/system/libsystem_kernel.dylib
0x00000001ad7a7000 	/usr/lib/system/libsystem_platform.dylib
0x00000001ad78d000 	/usr/lib/system/libsystem_pthread.dylib
0x00000001b4076000 	/usr/lib/system/libsystem_symptoms.dylib
0x00000001ad4fd000 	/usr/lib/system/libsystem_trace.dylib
0x00000001b82be000 	/usr/lib/system/libunwind.dylib
0x00000001ad4bb000 	/usr/lib/system/libxpc.dylib
0x00000001ad73d000 	/usr/lib/libc++abi.dylib
0x00000001ad613000 	/usr/lib/libobjc.A.dylib
0x00000001b82c9000 	/usr/lib/liboah.dylib
0x00000001ad6d6000 	/usr/lib/libc++.1.dylib
0x00000001c417c000 	/System/Library/Frameworks/Cocoa.framework/Versions/A/Cocoa
0x00000001b0385000 	/System/Library/Frameworks/AppKit.framework/Versions/C/AppKit
0x00000001b389c000 	/System/Library/Frameworks/CoreData.framework/Versions/A/CoreData
0x00000001ae6e0000 	/System/Library/Frameworks/Foundation.framework/Versions/C/Foundation
0x00000001b123e000 	/System/Library/PrivateFrameworks/UIFoundation.framework/Versions/A/UIFoundation
0x00000001be347000 	/System/Library/PrivateFrameworks/RemoteViewServices.framework/Versions/A/RemoteViewServices
0x00000001b67b8000 	/System/Library/PrivateFrameworks/XCTTargetBootstrap.framework/Versions/A/XCTTargetBootstrap
0x00000001ba03b000 	/System/Library/PrivateFrameworks/InternationalSupport.framework/Versions/A/InternationalSupport
0x00000001ba0c4000 	/System/Library/PrivateFrameworks/UserActivity.framework/Versions/A/UserActivity
0x00000001b9530000 	/usr/lib/libspindump.dylib
0x00000001b14af000 	/System/Library/Frameworks/UniformTypeIdentifiers.framework/Versions/A/UniformTypeIdentifiers
0x00000001b4d00000 	/usr/lib/libapp_launch_measurement.dylib
0x00000001b4228000 	/System/Library/PrivateFrameworks/CoreAnalytics.framework/Versions/A/CoreAnalytics
0x00000001b4d03000 	/System/Library/PrivateFrameworks/CoreAutoLayout.framework/Versions/A/CoreAutoLayout
0x00000001b60a7000 	/System/Library/Frameworks/Metal.framework/Versions/A/Metal
0x00000001b6e21000 	/usr/lib/liblangid.dylib
0x00000001b67bd000 	/System/Library/PrivateFrameworks/CoreSVG.framework/Versions/A/CoreSVG
0x00000001b2946000 	/System/Library/PrivateFrameworks/SkyLight.framework/Versions/A/SkyLight
0x00000001b2d22000 	/System/Library/Frameworks/CoreGraphics.framework/Versions/A/CoreGraphics
0x00000001bea13000 	/System/Library/Frameworks/Accelerate.framework/Versions/A/Accelerate
0x00000001b8fa7000 	/System/Library/PrivateFrameworks/IconServices.framework/Versions/A/IconServices
0x00000001b6089000 	/System/Library/Frameworks/IOSurface.framework/Versions/A/IOSurface
0x00000001b4259000 	/usr/lib/libDiagnosticMessagesClient.dylib
0x00000001c1f19000 	/System/Library/Frameworks/ApplicationServices.framework/Versions/A/ApplicationServices
0x00000001b67a0000 	/System/Library/PrivateFrameworks/DFRFoundation.framework/Versions/A/DFRFoundation
0x00000001afc15000 	/usr/lib/libicucore.A.dylib
0x00000001baee9000 	/System/Library/Frameworks/AudioToolbox.framework/Versions/A/AudioToolbox
0x00000001ba047000 	/System/Library/PrivateFrameworks/DataDetectorsCore.framework/Versions/A/DataDetectorsCore
0x00000001d0a65000 	/System/Library/PrivateFrameworks/TextInput.framework/Versions/A/TextInput
0x00000001b28bb000 	/usr/lib/libMobileGestalt.dylib
0x00000001b646c000 	/System/Library/Frameworks/Carbon.framework/Versions/A/Frameworks/HIToolbox.framework/Versions/A/HIToolbox
0x00000001b46d9000 	/System/Library/Frameworks/QuartzCore.framework/Versions/A/QuartzCore
0x00000001af896000 	/System/Library/Frameworks/Security.framework/Versions/A/Security
0x00000001be387000 	/System/Library/Frameworks/Carbon.framework/Versions/A/Frameworks/SpeechRecognition.framework/Versions/A/SpeechRecognition
0x00000001b4a55000 	/System/Library/PrivateFrameworks/CoreUI.framework/Versions/A/CoreUI
0x00000001af172000 	/System/Library/Frameworks/CoreAudio.framework/Versions/A/CoreAudio
0x00000001b434d000 	/System/Library/Frameworks/DiskArbitration.framework/Versions/A/DiskArbitration
0x00000001b993a000 	/System/Library/PrivateFrameworks/MultitouchSupport.framework/Versions/A/MultitouchSupport
0x00000001b28b9000 	/usr/lib/libenergytrace.dylib
0x00000001b024d000 	/System/Library/Frameworks/IOKit.framework/Versions/A/IOKit
0x00000001be776000 	/System/Library/Frameworks/CoreServices.framework/Versions/A/CoreServices
0x00000001b4c90000 	/System/Library/PrivateFrameworks/PerformanceAnalysis.framework/Versions/A/PerformanceAnalysis
0x000000020ef0f000 	/System/Library/Frameworks/OpenGL.framework/Versions/A/OpenGL
0x00000001b7894000 	/System/Library/PrivateFrameworks/MobileKeyBag.framework/Versions/A/MobileKeyBag
0x00000001b3330000 	/System/Library/Frameworks/ColorSync.framework/Versions/A/ColorSync
0x00000001ad7dc000 	/System/Library/Frameworks/CoreFoundation.framework/Versions/A/CoreFoundation
0x00000001b6a3d000 	/System/Library/Frameworks/CoreImage.framework/Versions/A/CoreImage
0x00000001aef96000 	/System/Library/Frameworks/CoreText.framework/Versions/A/CoreText
0x00000001b67ed000 	/System/Library/Frameworks/ImageIO.framework/Versions/A/ImageIO
0x00000001b82ff000 	/System/Library/PrivateFrameworks/SoftLinking.framework/Versions/A/SoftLinking
0x00000001b4d4e000 	/usr/lib/libxml2.2.dylib
0x00000001b8598000 	/usr/lib/libcompression.dylib
0x00000001b9f97000 	/System/Library/PrivateFrameworks/TextureIO.framework/Versions/A/TextureIO
0x00000001b8cc0000 	/usr/lib/libate.dylib
0x00000001b8b85000 	/usr/lib/liblzma.5.dylib
0x00000001ae3d3000 	/System/Library/Frameworks/SystemConfiguration.framework/Versions/A/SystemConfiguration
0x00000001b82fb000 	/usr/lib/libfakelink.dylib
0x00000001b23eb000 	/System/Library/Frameworks/CFNetwork.framework/Versions/A/CFNetwork
0x00000001b8441000 	/usr/lib/libarchive.2.dylib
0x00000001b6e1d000 	/System/Library/PrivateFrameworks/AppleSystemInfo.framework/Versions/A/AppleSystemInfo
0x00000001b79a7000 	/usr/lib/libbsm.0.dylib
0x00000001b1958000 	/usr/lib/libnetwork.dylib
0x00000001b8295000 	/usr/lib/system/libkxld.dylib
0x00000001b75c1000 	/System/Library/PrivateFrameworks/IOMobileFramebuffer.framework/Versions/A/IOMobileFramebuffer
0x000000022d2fe000 	/usr/lib/libCoreEntitlements.dylib
0x00000001b7fcb000 	/System/Library/PrivateFrameworks/AppleFSCompression.framework/Versions/A/AppleFSCompression
0x00000001b798f000 	/usr/lib/libcoretls.dylib
0x00000001b8b9e000 	/usr/lib/libcoretls_cfhelpers.dylib
0x00000001b8593000 	/usr/lib/libpam.2.dylib
0x00000001b3c8c000 	/usr/lib/libsqlite3.dylib
0x00000001b8c07000 	/usr/lib/libxar.1.dylib
0x00000001b7fdc000 	/usr/lib/libbz2.1.0.dylib
0x00000001b8300000 	/usr/lib/libpcap.A.dylib
0x00000001b406d000 	/usr/lib/libdns_services.dylib
0x00000001b8566000 	/usr/lib/libapple_nghttp2.dylib
0x00000001b833d000 	/usr/lib/libiconv.2.dylib
0x00000001b828b000 	/usr/lib/libcharset.1.dylib
0x00000001b4ccc000 	/System/Library/Frameworks/CoreServices.framework/Versions/A/Frameworks/FSEvents.framework/Versions/A/FSEvents
0x00000001afed6000 	/System/Library/Frameworks/CoreServices.framework/Versions/A/Frameworks/CarbonCore.framework/Versions/A/CarbonCore
0x00000001b42ad000 	/System/Library/Frameworks/CoreServices.framework/Versions/A/Frameworks/Metadata.framework/Versions/A/Metadata
0x00000001b7fef000 	/System/Library/Frameworks/CoreServices.framework/Versions/A/Frameworks/OSServices.framework/Versions/A/OSServices
0x00000001b84c7000 	/System/Library/Frameworks/CoreServices.framework/Versions/A/Frameworks/SearchKit.framework/Versions/A/SearchKit
0x00000001b3ffb000 	/System/Library/Frameworks/CoreServices.framework/Versions/A/Frameworks/AE.framework/Versions/A/AE
0x00000001add23000 	/System/Library/Frameworks/CoreServices.framework/Versions/A/Frameworks/LaunchServices.framework/Versions/A/LaunchServices
0x00000001b8b2e000 	/System/Library/Frameworks/CoreServices.framework/Versions/A/Frameworks/DictionaryServices.framework/Versions/A/DictionaryServices
0x00000001b4cd9000 	/System/Library/Frameworks/CoreServices.framework/Versions/A/Frameworks/SharedFileList.framework/Versions/A/SharedFileList
0x00000001b797f000 	/usr/lib/libCheckFix.dylib
0x00000001b292a000 	/System/Library/PrivateFrameworks/TCC.framework/Versions/A/TCC
0x00000001b6e23000 	/System/Library/PrivateFrameworks/CoreNLP.framework/Versions/A/CoreNLP
0x00000001b425c000 	/System/Library/PrivateFrameworks/MetadataUtilities.framework/Versions/A/MetadataUtilities
0x00000001ae48d000 	/usr/lib/libmecabra.dylib
0x00000001b79b8000 	/usr/lib/libmecab.dylib
0x00000001ae459000 	/usr/lib/libCRFSuite.dylib
0x00000001b7a15000 	/usr/lib/libgermantok.dylib
0x00000001b853f000 	/usr/lib/libThaiTokenizer.dylib
0x00000001b4355000 	/System/Library/Frameworks/Accelerate.framework/Versions/A/Frameworks/vImage.framework/Versions/A/vImage
0x00000001be74d000 	/System/Library/Frameworks/Accelerate.framework/Versions/A/Frameworks/vecLib.framework/Versions/A/vecLib
0x00000001b8c4c000 	/System/Library/Frameworks/Accelerate.framework/Versions/A/Frameworks/vecLib.framework/Versions/A/libvMisc.dylib
0x00000001b74c8000 	/System/Library/Frameworks/Accelerate.framework/Versions/A/Frameworks/vecLib.framework/Versions/A/libvDSP.dylib
0x00000001ae0ae000 	/System/Library/Frameworks/Accelerate.framework/Versions/A/Frameworks/vecLib.framework/Versions/A/libBLAS.dylib
0x00000001b8669000 	/System/Library/Frameworks/Accelerate.framework/Versions/A/Frameworks/vecLib.framework/Versions/A/libLAPACK.dylib
0x00000001b7a18000 	/System/Library/Frameworks/Accelerate.framework/Versions/A/Frameworks/vecLib.framework/Versions/A/libLinearAlgebra.dylib
0x00000001b857e000 	/System/Library/Frameworks/Accelerate.framework/Versions/A/Frameworks/vecLib.framework/Versions/A/libSparseBLAS.dylib
0x00000001b8664000 	/System/Library/Frameworks/Accelerate.framework/Versions/A/Frameworks/vecLib.framework/Versions/A/libQuadrature.dylib
0x00000001b6f1c000 	/System/Library/Frameworks/Accelerate.framework/Versions/A/Frameworks/vecLib.framework/Versions/A/libBNNS.dylib
0x00000001ae36c000 	/System/Library/Frameworks/Accelerate.framework/Versions/A/Frameworks/vecLib.framework/Versions/A/libSparse.dylib
0x00000001b6f14000 	/System/Library/PrivateFrameworks/LinguisticData.framework/Versions/A/LinguisticData
0x00000001ae324000 	/System/Library/PrivateFrameworks/Lexicon.framework/Versions/A/Lexicon
0x00000001b8c44000 	/usr/lib/libChineseTokenizer.dylib
0x00000001aead2000 	/System/Library/PrivateFrameworks/LanguageModeling.framework/Versions/A/LanguageModeling
0x00000001b8541000 	/System/Library/PrivateFrameworks/AppleSauce.framework/Versions/A/AppleSauce
0x00000001b75ae000 	/System/Library/PrivateFrameworks/CoreEmoji.framework/Versions/A/CoreEmoji
0x00000001b842f000 	/usr/lib/libcmph.dylib
0x00000001b4cac000 	/System/Library/Frameworks/OpenDirectory.framework/Versions/A/Frameworks/CFOpenDirectory.framework/Versions/A/CFOpenDirectory
0x00000001b4c9c000 	/System/Library/Frameworks/OpenDirectory.framework/Versions/A/OpenDirectory
0x00000001b8ba0000 	/System/Library/PrivateFrameworks/APFS.framework/Versions/A/APFS
0x00000001b78cf000 	/System/Library/Frameworks/SecurityFoundation.framework/Versions/A/SecurityFoundation
0x00000001b8c16000 	/usr/lib/libutil.dylib
0x00000001b020f000 	/System/Library/PrivateFrameworks/CoreServicesStore.framework/Versions/A/CoreServicesStore
0x00000001b8c1a000 	/usr/lib/libxslt.1.dylib
0x00000001b7963000 	/System/Library/PrivateFrameworks/BackgroundTaskManagement.framework/Versions/A/BackgroundTaskManagement
0x00000001b9eb8000 	/System/Library/Frameworks/ImageIO.framework/Versions/A/Resources/libRadiance.dylib
0x00000001b9ec1000 	/System/Library/Frameworks/ImageIO.framework/Versions/A/Resources/libJPEG.dylib
0x00000001b9e12000 	/System/Library/Frameworks/ImageIO.framework/Versions/A/Resources/libPng.dylib
0x00000001b9e34000 	/System/Library/Frameworks/ImageIO.framework/Versions/A/Resources/libTIFF.dylib
0x00000001b9f1c000 	/System/Library/Frameworks/ImageIO.framework/Versions/A/Resources/libGIF.dylib
0x00000001b984a000 	/System/Library/Frameworks/ImageIO.framework/Versions/A/Resources/libJP2.dylib
0x00000001b8f6c000 	/usr/lib/libexpat.1.dylib
0x00000001b9805000 	/System/Library/PrivateFrameworks/AppleJPEG.framework/Versions/A/AppleJPEG
0x00000001b6328000 	/System/Library/PrivateFrameworks/FontServices.framework/libFontParser.dylib
0x00000001b3fa0000 	/System/Library/PrivateFrameworks/RunningBoardServices.framework/Versions/A/RunningBoardServices
0x00000001c4853000 	/System/Library/PrivateFrameworks/IOSurfaceAccelerator.framework/Versions/A/IOSurfaceAccelerator
0x00000001b9936000 	/System/Library/PrivateFrameworks/WatchdogClient.framework/Versions/A/WatchdogClient
0x00000001aebd2000 	/System/Library/Frameworks/CoreDisplay.framework/Versions/A/CoreDisplay
0x00000001b6212000 	/System/Library/Frameworks/CoreMedia.framework/Versions/A/CoreMedia
0x00000001b609d000 	/System/Library/PrivateFrameworks/IOAccelerator.framework/Versions/A/IOAccelerator
0x00000001b4e3c000 	/System/Library/Frameworks/CoreVideo.framework/Versions/A/CoreVideo
0x00000001b8591000 	/System/Library/Frameworks/MetalPerformanceShaders.framework/Versions/A/MetalPerformanceShaders
0x00000001b9975000 	/System/Library/Frameworks/VideoToolbox.framework/Versions/A/VideoToolbox
0x00000001b3ee4000 	/System/Library/PrivateFrameworks/BaseBoard.framework/Versions/A/BaseBoard
0x00000001b3c72000 	/System/Library/PrivateFrameworks/ProtocolBuffer.framework/Versions/A/ProtocolBuffer
0x00000001b9eb3000 	/System/Library/PrivateFrameworks/GPUWrangler.framework/Versions/A/GPUWrangler
0x00000001b9e93000 	/System/Library/PrivateFrameworks/IOPresentment.framework/Versions/A/IOPresentment
0x00000001b9ebb000 	/System/Library/PrivateFrameworks/DSExternalDisplay.framework/Versions/A/DSExternalDisplay
0x000000020ef02000 	/System/Library/Frameworks/OpenGL.framework/Versions/A/Libraries/libCoreFSCache.dylib
0x0000000219dcc000 	/System/Library/PrivateFrameworks/GPUCompiler.framework/Versions/31001/Libraries/libGPUCompilerUtils.dylib
0x00000001b9f21000 	/System/Library/PrivateFrameworks/CMCaptureCore.framework/Versions/A/CMCaptureCore
0x00000001b951d000 	/System/Library/PrivateFrameworks/AppServerSupport.framework/Versions/A/AppServerSupport
0x00000001bb7a7000 	/System/Library/PrivateFrameworks/perfdata.framework/Versions/A/perfdata
0x00000001aecf2000 	/System/Library/PrivateFrameworks/AudioToolboxCore.framework/Versions/A/AudioToolboxCore
0x00000001b61eb000 	/System/Library/PrivateFrameworks/caulk.framework/Versions/A/caulk
0x00000001bb09c000 	/usr/lib/libAudioStatistics.dylib
0x00000001cd0b8000 	/System/Library/PrivateFrameworks/SystemPolicy.framework/Versions/A/SystemPolicy
0x00000001bb308000 	/usr/lib/libSMC.dylib
0x00000001c405a000 	/System/Library/Frameworks/CoreMIDI.framework/Versions/A/CoreMIDI
0x00000001b9de0000 	/usr/lib/libAudioToolboxUtility.dylib
0x00000001c921b000 	/System/Library/PrivateFrameworks/OSAServicesClient.framework/Versions/A/OSAServicesClient
0x00000001bb7b4000 	/usr/lib/libperfcheck.dylib
0x00000001cdbd7000 	/usr/lib/libmis.dylib
0x000000020ef64000 	/System/Library/Frameworks/OpenGL.framework/Versions/A/Libraries/libGLU.dylib
0x000000020ef23000 	/System/Library/Frameworks/OpenGL.framework/Versions/A/Libraries/libGFXShared.dylib
0x000000020f110000 	/System/Library/Frameworks/OpenGL.framework/Versions/A/Libraries/libGL.dylib
0x000000020ef2c000 	/System/Library/Frameworks/OpenGL.framework/Versions/A/Libraries/libGLImage.dylib
0x000000020ef20000 	/System/Library/Frameworks/OpenGL.framework/Versions/A/Libraries/libCVMSPluginSupport.dylib
0x000000020ef09000 	/System/Library/Frameworks/OpenGL.framework/Versions/A/Libraries/libCoreVMClient.dylib
0x00000001b6d9d000 	/System/Library/Frameworks/MetalPerformanceShaders.framework/Versions/A/Frameworks/MPSCore.framework/Versions/A/MPSCore
0x00000001b7f3e000 	/System/Library/Frameworks/MetalPerformanceShaders.framework/Versions/A/Frameworks/MPSImage.framework/Versions/A/MPSImage
0x00000001b7a2d000 	/System/Library/Frameworks/MetalPerformanceShaders.framework/Versions/A/Frameworks/MPSNeuralNetwork.framework/Versions/A/MPSNeuralNetwork
0x00000001b7e66000 	/System/Library/Frameworks/MetalPerformanceShaders.framework/Versions/A/Frameworks/MPSMatrix.framework/Versions/A/MPSMatrix
0x00000001b7c3f000 	/System/Library/Frameworks/MetalPerformanceShaders.framework/Versions/A/Frameworks/MPSRayIntersector.framework/Versions/A/MPSRayIntersector
0x00000001b7e97000 	/System/Library/Frameworks/MetalPerformanceShaders.framework/Versions/A/Frameworks/MPSNDArray.framework/Versions/A/MPSNDArray
0x0000000211a0b000 	/System/Library/Frameworks/MetalPerformanceShaders.framework/Versions/A/Frameworks/MPSFunctions.framework/Versions/A/MPSFunctions
0x00000001adf84000 	/System/Library/PrivateFrameworks/MetalTools.framework/Versions/A/MetalTools
0x00000001b6e1b000 	/System/Library/PrivateFrameworks/AggregateDictionary.framework/Versions/A/AggregateDictionary
0x00000001b8d51000 	/usr/lib/libIOReport.dylib
0x00000001c3073000 	/System/Library/PrivateFrameworks/ASEProcessing.framework/Versions/A/ASEProcessing
0x00000001b90c6000 	/System/Library/PrivateFrameworks/FaceCore.framework/Versions/A/FaceCore
0x00000001b90b8000 	/System/Library/PrivateFrameworks/GraphVisualizer.framework/Versions/A/GraphVisualizer
0x0000000219ce3000 	/System/Library/PrivateFrameworks/FontServices.framework/Versions/A/FontServices
0x00000001b94d9000 	/System/Library/PrivateFrameworks/OTSVG.framework/Versions/A/OTSVG
0x00000001b4a05000 	/System/Library/Frameworks/ApplicationServices.framework/Versions/A/Frameworks/ATS.framework/Versions/A/Resources/libFontRegistry.dylib
0x00000001b9526000 	/System/Library/PrivateFrameworks/FontServices.framework/libhvf.dylib
0x0000000219ce4000 	/System/Library/PrivateFrameworks/FontServices.framework/libXTFontStaticRegistryData.dylib
0x000000020f2b1000 	/System/Library/Frameworks/OpenCL.framework/Versions/A/OpenCL
0x00000001b8f20000 	/System/Library/PrivateFrameworks/AppleVA.framework/Versions/A/AppleVA
0x00000001bb0c4000 	/System/Library/Frameworks/ApplicationServices.framework/Versions/A/Frameworks/ATS.framework/Versions/A/ATS
0x00000001b342f000 	/System/Library/Frameworks/ApplicationServices.framework/Versions/A/Frameworks/HIServices.framework/Versions/A/HIServices
0x00000001b9f2b000 	/System/Library/Frameworks/ApplicationServices.framework/Versions/A/Frameworks/PrintCore.framework/Versions/A/PrintCore
0x00000001bb45b000 	/System/Library/Frameworks/ApplicationServices.framework/Versions/A/Frameworks/QD.framework/Versions/A/QD
0x00000001bb453000 	/System/Library/Frameworks/ApplicationServices.framework/Versions/A/Frameworks/ColorSyncLegacy.framework/Versions/A/ColorSyncLegacy
0x00000001bb0b0000 	/System/Library/Frameworks/ApplicationServices.framework/Versions/A/Frameworks/SpeechSynthesis.framework/Versions/A/SpeechSynthesis
0x00000001b9eec000 	/System/Library/Frameworks/ApplicationServices.framework/Versions/A/Frameworks/ATSUI.framework/Versions/A/ATSUI
0x00000001bb3e8000 	/usr/lib/libcups.2.dylib
0x00000001bb7c2000 	/System/Library/Frameworks/Kerberos.framework/Versions/A/Kerberos
0x00000001bb7d3000 	/System/Library/Frameworks/GSS.framework/Versions/A/GSS
0x00000001bb134000 	/usr/lib/libresolv.9.dylib
0x00000001b9535000 	/System/Library/PrivateFrameworks/Heimdal.framework/Versions/A/Heimdal
0x00000001c22a9000 	/System/Library/Frameworks/Kerberos.framework/Versions/A/Libraries/libHeimdalProxy.dylib
0x00000001b407f000 	/System/Library/Frameworks/Network.framework/Versions/A/Network
0x00000001b8f87000 	/usr/lib/libheimdal-asn1.dylib
0x00000001bb823000 	/System/Library/PrivateFrameworks/CommonAuth.framework/Versions/A/CommonAuth
0x00000001bb02a000 	/System/Library/PrivateFrameworks/AudioSession.framework/Versions/A/AudioSession
0x00000001b9019000 	/System/Library/PrivateFrameworks/MediaExperience.framework/Versions/A/MediaExperience
0x00000001baeaf000 	/System/Library/PrivateFrameworks/AudioSession.framework/libSessionUtility.dylib
0x00000001bb467000 	/System/Library/PrivateFrameworks/AudioResourceArbitration.framework/Versions/A/AudioResourceArbitration
0x00000001bf62a000 	/System/Library/PrivateFrameworks/PowerLog.framework/Versions/A/PowerLog
0x00000001b8f91000 	/System/Library/PrivateFrameworks/IconFoundation.framework/Versions/A/IconFoundation
0x00000001be373000 	/System/Library/PrivateFrameworks/SpeechRecognitionCore.framework/Versions/A/SpeechRecognitionCore
0x0000000105418000 	/Library/Java/JavaVirtualMachines/jdk-17.0.3.1.jdk/Contents/Home/lib/server/libjvm.dylib
0x0000000104338000 	/Library/Java/JavaVirtualMachines/jdk-17.0.3.1.jdk/Contents/Home/lib/libjimage.dylib
0x0000000104364000 	/Library/Java/JavaVirtualMachines/jdk-17.0.3.1.jdk/Contents/Home/lib/libinstrument.dylib
0x00000001043b0000 	/Library/Java/JavaVirtualMachines/jdk-17.0.3.1.jdk/Contents/Home/lib/libjava.dylib
0x0000000104424000 	/Library/Java/JavaVirtualMachines/jdk-17.0.3.1.jdk/Contents/Home/lib/libnio.dylib
0x0000000104444000 	/Library/Java/JavaVirtualMachines/jdk-17.0.3.1.jdk/Contents/Home/lib/libnet.dylib
0x0000000104398000 	/Library/Java/JavaVirtualMachines/jdk-17.0.3.1.jdk/Contents/Home/lib/libzip.dylib
0x0000000105364000 	/Users/napakamolpintaprom/.openjfx/cache/17.0.1/libprism_es2.dylib
0x00000001b01d2000 	/System/Library/PrivateFrameworks/CoreServicesInternal.framework/Versions/A/CoreServicesInternal
0x000000020f11a000 	/System/Library/Frameworks/OpenGL.framework/Versions/A/Resources/GLEngine.bundle/GLEngine
0x000000020efa2000 	/System/Library/Frameworks/OpenGL.framework/Versions/A/Libraries/libGLProgrammability.dylib
0x0000000125754000 	/System/Library/Extensions/AppleMetalOpenGLRenderer.bundle/Contents/MacOS/AppleMetalOpenGLRenderer
0x000000020f289000 	/System/Library/Frameworks/OpenGL.framework/Versions/A/Resources/GLRendererFloat.bundle/GLRendererFloat
0x000000020f389000 	/System/Library/Extensions/AGXMetal13_3.bundle/Contents/MacOS/AGXMetal13_3
0x00000001cdbf3000 	/System/Library/PrivateFrameworks/GPURawCounter.framework/Versions/A/GPURawCounter
0x00000001c8384000 	/System/Library/PrivateFrameworks/IOGPU.framework/Versions/A/IOGPU
0x0000000126a00000 	/Users/napakamolpintaprom/.openjfx/cache/17.0.1/libglass.dylib
0x00000001bf882000 	/System/Library/Frameworks/FileProvider.framework/Versions/A/FileProvider
0x00000001b3e4c000 	/System/Library/Frameworks/Accounts.framework/Versions/A/Accounts
0x00000001bfa06000 	/System/Library/PrivateFrameworks/GenerationalStorage.framework/Versions/A/GenerationalStorage
0x00000001c05c9000 	/System/Library/PrivateFrameworks/CoreSymbolication.framework/Versions/A/CoreSymbolication
0x00000001bf61e000 	/System/Library/PrivateFrameworks/SymptomDiagnosticReporter.framework/Versions/A/SymptomDiagnosticReporter
0x00000001b14c3000 	/System/Library/PrivateFrameworks/DesktopServicesPriv.framework/Versions/A/DesktopServicesPriv
0x00000001b0334000 	/usr/lib/libsandbox.1.dylib
0x00000001b4eca000 	/System/Library/PrivateFrameworks/UserManagement.framework/Versions/A/UserManagement
0x00000001c0586000 	/System/Library/PrivateFrameworks/DebugSymbols.framework/Versions/A/DebugSymbols
0x00000001bb446000 	/System/Library/PrivateFrameworks/NetAuth.framework/Versions/A/NetAuth
0x00000001bc364000 	/System/Library/PrivateFrameworks/Sharing.framework/Versions/A/Sharing
0x00000001b4e9a000 	/System/Library/PrivateFrameworks/login.framework/Versions/A/Frameworks/loginsupport.framework/Versions/A/loginsupport
0x00000001c17bd000 	/System/Library/PrivateFrameworks/Apple80211.framework/Versions/A/Apple80211
0x00000001b8022000 	/System/Library/PrivateFrameworks/AuthKit.framework/Versions/A/AuthKit
0x00000001b76aa000 	/System/Library/PrivateFrameworks/CoreUtils.framework/Versions/A/CoreUtils
0x00000001b75cd000 	/System/Library/Frameworks/CoreWLAN.framework/Versions/A/CoreWLAN
0x00000001bc4d4000 	/System/Library/Frameworks/IOBluetooth.framework/Versions/A/IOBluetooth
0x00000001c181d000 	/System/Library/PrivateFrameworks/CoreWiFi.framework/Versions/A/CoreWiFi
0x00000001c0166000 	/System/Library/PrivateFrameworks/FrontBoardServices.framework/Versions/A/FrontBoardServices
0x00000001c01fe000 	/System/Library/PrivateFrameworks/BoardServices.framework/Versions/A/BoardServices
0x00000001b78bd000 	/System/Library/PrivateFrameworks/AssertionServices.framework/Versions/A/AssertionServices
0x00000001c199a000 	/System/Library/PrivateFrameworks/BackBoardServices.framework/Versions/A/BackBoardServices
0x00000001bb8ba000 	/System/Library/PrivateFrameworks/CorePhoneNumbers.framework/Versions/A/CorePhoneNumbers
0x00000001bb161000 	/System/Library/PrivateFrameworks/MultiverseSupport.framework/Versions/A/MultiverseSupport
0x00000001c1c1c000 	/System/Library/PrivateFrameworks/RemoteServiceDiscovery.framework/Versions/A/RemoteServiceDiscovery
0x00000001bf74e000 	/System/Library/PrivateFrameworks/DiskManagement.framework/Versions/A/DiskManagement
0x00000001bf651000 	/System/Library/PrivateFrameworks/AppleIDAuthSupport.framework/Versions/A/AppleIDAuthSupport
0x0000000214248000 	/System/Library/PrivateFrameworks/AAAFoundation.framework/Versions/A/AAAFoundation
0x00000001bb899000 	/System/Library/PrivateFrameworks/KeychainCircle.framework/Versions/A/KeychainCircle
0x00000001c1c2c000 	/System/Library/PrivateFrameworks/RemoteXPC.framework/Versions/A/RemoteXPC
0x00000001bf71a000 	/System/Library/PrivateFrameworks/MediaKit.framework/Versions/A/MediaKit
0x00000001bf65e000 	/System/Library/Frameworks/DiscRecording.framework/Versions/A/DiscRecording
0x00000001b8e9c000 	/usr/lib/libCoreStorage.dylib
0x00000001c1c98000 	/usr/lib/libcsfde.dylib
0x00000001bc5a9000 	/System/Library/PrivateFrameworks/ProtectedCloudStorage.framework/Versions/A/ProtectedCloudStorage
0x00000001c1c90000 	/System/Library/PrivateFrameworks/EFILogin.framework/Versions/A/EFILogin
0x00000001bfa2d000 	/System/Library/PrivateFrameworks/OctagonTrust.framework/Versions/A/OctagonTrust
0x0000000218e6a000 	/System/Library/PrivateFrameworks/CoreUtilsExtras.framework/Versions/A/CoreUtilsExtras
0x00000001bf583000 	/System/Library/Frameworks/CoreBluetooth.framework/Versions/A/CoreBluetooth
0x00000001c232e000 	/System/Library/Frameworks/AudioUnit.framework/Versions/A/AudioUnit
0x00000001b8e94000 	/usr/lib/libMatch.1.dylib
0x00000001d20db000 	/System/Library/Frameworks/Accelerate.framework/Versions/A/Frameworks/vImage.framework/Versions/A/Libraries/libCGInterfaces.dylib
0x0000000127fc4000 	/usr/lib/libobjc-trampolines.dylib
0x00000001b4b94000 	/System/Library/PrivateFrameworks/ViewBridge.framework/Versions/A/ViewBridge
0x000000022d45b000 	/usr/lib/libRosetta.dylib
0x000000012a000000 	/Users/napakamolpintaprom/.openjfx/cache/17.0.1/libjavafx_font.dylib
0x000000012a06c000 	/Users/napakamolpintaprom/.openjfx/cache/17.0.1/libjavafx_iio.dylib
0x00000001b95f8000 	/System/Library/PrivateFrameworks/login.framework/Versions/A/login
0x00000001bea9c000 	/System/Library/PrivateFrameworks/SystemAdministration.framework/Versions/A/SystemAdministration
0x00000001ba132000 	/System/Library/Frameworks/MediaToolbox.framework/Versions/A/MediaToolbox
0x00000001be33b000 	/System/Library/Frameworks/DirectoryService.framework/Versions/A/DirectoryService
0x00000001c1b24000 	/System/Library/PrivateFrameworks/DiskImages.framework/Versions/A/DiskImages
0x00000001b796e000 	/System/Library/Frameworks/ServiceManagement.framework/Versions/A/ServiceManagement
0x00000001c1d0e000 	/System/Library/PrivateFrameworks/LoginUIKit.framework/Versions/A/Frameworks/LoginUICore.framework/Versions/A/LoginUICore
0x00000001b97ae000 	/usr/lib/libodfde.dylib
0x00000001bf84e000 	/System/Library/PrivateFrameworks/CoreAVCHD.framework/Versions/A/CoreAVCHD
0x00000001bea5e000 	/System/Library/Frameworks/MediaAccessibility.framework/Versions/A/MediaAccessibility
0x00000001bf84a000 	/System/Library/PrivateFrameworks/Mangrove.framework/Versions/A/Mangrove
0x00000001bea6b000 	/System/Library/PrivateFrameworks/AlgosScoreFramework.framework/Versions/A/AlgosScoreFramework
0x0000000215f4d000 	/System/Library/PrivateFrameworks/CMPhoto.framework/Versions/A/CMPhoto
0x00000001bf83e000 	/System/Library/PrivateFrameworks/CoreAUC.framework/Versions/A/CoreAUC
0x00000001c1ca4000 	/usr/lib/libcurl.4.dylib
0x000000022d803000 	/usr/lib/libcrypto.46.dylib
0x000000022dcac000 	/usr/lib/libssl.48.dylib
0x00000001c19ba000 	/System/Library/Frameworks/LDAP.framework/Versions/A/LDAP
0x00000001c19f6000 	/System/Library/PrivateFrameworks/TrustEvaluationAgent.framework/Versions/A/TrustEvaluationAgent
0x00000001bb14d000 	/usr/lib/libsasl2.2.dylib
0x00000001bea91000 	/System/Library/PrivateFrameworks/CoreDaemon.framework/Versions/B/CoreDaemon
0x00000001bea8b000 	/System/Library/PrivateFrameworks/AppleSRP.framework/Versions/A/AppleSRP


VM Arguments:
jvm_args: -javaagent:/Applications/IntelliJ IDEA CE.app/Contents/lib/idea_rt.jar=50977:/Applications/IntelliJ IDEA CE.app/Contents/bin -Dfile.encoding=UTF-8 --module-path=/Users/napakamolpintaprom/.m2/repository/org/openjfx/javafx-fxml/17.0.1/javafx-fxml-17.0.1-mac-aarch64.jar:/Users/napakamolpintaprom/.m2/repository/org/openjfx/javafx-base/17.0.1/javafx-base-17.0.1-mac-aarch64.jar:/Users/napakamolpintaprom/.m2/repository/org/openjfx/javafx-controls/17.0.1/javafx-controls-17.0.1-mac-aarch64.jar:/Users/napakamolpintaprom/.m2/repository/org/openjfx/javafx-graphics/17.0.1/javafx-graphics-17.0.1-mac-aarch64.jar:/Users/napakamolpintaprom/Desktop/tangmo/project211-dingtwo/target/classes -Djdk.module.main=cs.ku 
java_command: cs.ku/ku.cs.ProjectApplication
java_class_path (initial): /Users/napakamolpintaprom/.m2/repository/org/openjfx/javafx-controls/17.0.1/javafx-controls-17.0.1.jar:/Users/napakamolpintaprom/.m2/repository/org/openjfx/javafx-graphics/17.0.1/javafx-graphics-17.0.1.jar:/Users/napakamolpintaprom/.m2/repository/org/openjfx/javafx-base/17.0.1/javafx-base-17.0.1.jar:/Users/napakamolpintaprom/.m2/repository/org/openjfx/javafx-fxml/17.0.1/javafx-fxml-17.0.1.jar
Launcher Type: SUN_STANDARD

[Global flags]
     intx CICompilerCount                          = 4                                         {product} {ergonomic}
     uint ConcGCThreads                            = 2                                         {product} {ergonomic}
     uint G1ConcRefinementThreads                  = 8                                         {product} {ergonomic}
   size_t G1HeapRegionSize                         = 1048576                                   {product} {ergonomic}
    uintx GCDrainStackTargetSize                   = 64                                        {product} {ergonomic}
   size_t InitialHeapSize                          = 134217728                                 {product} {ergonomic}
   size_t MarkStackSize                            = 4194304                                   {product} {ergonomic}
   size_t MaxHeapSize                              = 2147483648                                {product} {ergonomic}
   size_t MaxNewSize                               = 1287651328                                {product} {ergonomic}
   size_t MinHeapDeltaBytes                        = 1048576                                   {product} {ergonomic}
   size_t MinHeapSize                              = 8388608                                   {product} {ergonomic}
    uintx NonNMethodCodeHeapSize                   = 5839564                                {pd product} {ergonomic}
    uintx NonProfiledCodeHeapSize                  = 122909338                              {pd product} {ergonomic}
    uintx ProfiledCodeHeapSize                     = 122909338                              {pd product} {ergonomic}
    uintx ReservedCodeCacheSize                    = 251658240                              {pd product} {ergonomic}
     bool SegmentedCodeCache                       = true                                      {product} {ergonomic}
   size_t SoftMaxHeapSize                          = 2147483648                             {manageable} {ergonomic}
     bool UseCompressedClassPointers               = true                           {product lp64_product} {ergonomic}
     bool UseCompressedOops                        = true                           {product lp64_product} {ergonomic}
     bool UseG1GC                                  = true                                      {product} {ergonomic}
     bool UseNUMA                                  = false                                     {product} {ergonomic}
     bool UseNUMAInterleaving                      = false                                     {product} {ergonomic}

Logging:
Log output configuration:
 #0: stdout all=warning uptime,level,tags
 #1: stderr all=off uptime,level,tags

Environment Variables:
PATH=/opt/homebrew/bin:/Library/Frameworks/Python.framework/Versions/3.9/bin:/usr/local/bin:/usr/bin:/bin:/usr/sbin:/sbin:/Applications/VMware Fusion Tech Preview.app/Contents/Public
SHELL=/bin/zsh
LC_CTYPE=en_US.UTF-8

Signal Handlers:
   SIGSEGV: _ZL13crash_handleriP9__siginfoPv in libjvm.dylib, mask=11100110000111110111111111111111, flags=SA_RESTART|SA_SIGINFO
    SIGBUS: _ZL13crash_handleriP9__siginfoPv in libjvm.dylib, mask=11100110000111110111111111111111, flags=SA_RESTART|SA_SIGINFO
    SIGFPE: _ZL13crash_handleriP9__siginfoPv in libjvm.dylib, mask=11100110000111110111111111111111, flags=SA_RESTART|SA_SIGINFO
   SIGPIPE: _ZL17javaSignalHandleriP9__siginfoPv in libjvm.dylib, mask=11100110000111110111111111111111, flags=SA_RESTART|SA_SIGINFO
   SIGXFSZ: _ZL17javaSignalHandleriP9__siginfoPv in libjvm.dylib, mask=11100110000111110111111111111111, flags=SA_RESTART|SA_SIGINFO
    SIGILL: _ZL13crash_handleriP9__siginfoPv in libjvm.dylib, mask=11100110000111110111111111111111, flags=SA_RESTART|SA_SIGINFO
   SIGUSR2: _ZL10SR_handleriP9__siginfoP17__darwin_ucontext in libjvm.dylib, mask=00100000000000000000000000000000, flags=SA_RESTART|SA_SIGINFO
    SIGHUP: _ZL11UserHandleriPvS_ in libjvm.dylib, mask=11100110000111110111111111111111, flags=SA_RESTART|SA_SIGINFO
    SIGINT: _ZL11UserHandleriPvS_ in libjvm.dylib, mask=11100110000111110111111111111111, flags=SA_RESTART|SA_SIGINFO
   SIGTERM: _ZL11UserHandleriPvS_ in libjvm.dylib, mask=11100110000111110111111111111111, flags=SA_RESTART|SA_SIGINFO
   SIGQUIT: _ZL11UserHandleriPvS_ in libjvm.dylib, mask=11100110000111110111111111111111, flags=SA_RESTART|SA_SIGINFO
   SIGTRAP: _ZL13crash_handleriP9__siginfoPv in libjvm.dylib, mask=11100110000111110111111111111111, flags=SA_RESTART|SA_SIGINFO


---------------  S Y S T E M  ---------------

OS:
uname: Darwin 21.6.0 Darwin Kernel Version 21.6.0: Mon Aug 22 20:20:05 PDT 2022; root:xnu-8020.140.49~2/RELEASE_ARM64_T8101 arm64
OS uptime: 5 days 9:26 hours
rlimit (soft/hard): STACK 8176k/65520k , CORE 0k/infinity , NPROC 1333/2000 , NOFILE 10240/infinity , AS infinity/infinity , CPU infinity/infinity , DATA infinity/infinity , FSIZE infinity/infinity , MEMLOCK infinity/infinity , RSS infinity/infinity
load average: 1.66 1.69 1.58

CPU: total 8 (initial active 8) 0x61:0x0:0x1b588bb3:0, fp, simd, crc, lse

Memory: 16k page, physical 8388608k(108592k free), swap 2097152k(1569152k free)

vm_info: Java HotSpot(TM) 64-Bit Server VM (17.0.3.1+2-LTS-6) for bsd-aarch64 JRE (17.0.3.1+2-LTS-6), built on Apr 25 2022 20:48:14 by "mach5one" with clang Apple LLVM 12.0.0 (clang-1200.0.32.29)

END.
